[0.078s] DEBUG:colcon:Command line arguments: ['/usr/bin/colcon', 'build']
[0.078s] DEBUG:colcon:Parsed command line arguments: Namespace(log_base=None, log_level=None, verb_name='build', build_base='build', install_base='install', merge_install=False, symlink_install=False, test_result_base=None, continue_on_error=False, executor='parallel', parallel_workers=16, event_handlers=None, ignore_user_meta=False, metas=['./colcon.meta'], base_paths=['.'], packages_ignore=None, packages_ignore_regex=None, paths=None, packages_up_to=None, packages_up_to_regex=None, packages_above=None, packages_above_and_dependencies=None, packages_above_depth=None, packages_select_by_dep=None, packages_skip_by_dep=None, packages_skip_up_to=None, packages_select_build_failed=False, packages_skip_build_finished=False, packages_select_test_failures=False, packages_skip_test_passed=False, packages_select=None, packages_skip=None, packages_select_regex=None, packages_skip_regex=None, packages_start=None, packages_end=None, allow_overriding=[], cmake_args=None, cmake_target=None, cmake_target_skip_unavailable=False, cmake_clean_cache=False, cmake_clean_first=False, cmake_force_configure=False, ament_cmake_args=None, catkin_cmake_args=None, catkin_skip_building_tests=False, verb_parser=<colcon_defaults.argument_parser.defaults.DefaultArgumentsDecorator object at 0x79650a72e740>, verb_extension=<colcon_core.verb.build.BuildVerb object at 0x79650a72e1d0>, main=<bound method BuildVerb.main of <colcon_core.verb.build.BuildVerb object at 0x79650a72e1d0>>)
[0.106s] Level 1:colcon.colcon_core.package_discovery:discover_packages(colcon_meta) check parameters
[0.106s] Level 1:colcon.colcon_core.package_discovery:discover_packages(recursive) check parameters
[0.106s] Level 1:colcon.colcon_core.package_discovery:discover_packages(ignore) check parameters
[0.106s] Level 1:colcon.colcon_core.package_discovery:discover_packages(path) check parameters
[0.106s] Level 1:colcon.colcon_core.package_discovery:discover_packages(colcon_meta) discover
[0.106s] Level 1:colcon.colcon_core.package_discovery:discover_packages(recursive) discover
[0.106s] INFO:colcon.colcon_core.package_discovery:Crawling recursively for packages in '/home/vedh/workspaces/lawd_ws'
[0.107s] Level 1:colcon.colcon_core.package_identification:_identify(.) by extensions ['ignore', 'ignore_ament_install']
[0.107s] Level 1:colcon.colcon_core.package_identification:_identify(.) by extension 'ignore'
[0.107s] Level 1:colcon.colcon_core.package_identification:_identify(.) by extension 'ignore_ament_install'
[0.107s] Level 1:colcon.colcon_core.package_identification:_identify(.) by extensions ['colcon_pkg']
[0.107s] Level 1:colcon.colcon_core.package_identification:_identify(.) by extension 'colcon_pkg'
[0.107s] Level 1:colcon.colcon_core.package_identification:_identify(.) by extensions ['colcon_meta']
[0.107s] Level 1:colcon.colcon_core.package_identification:_identify(.) by extension 'colcon_meta'
[0.107s] Level 1:colcon.colcon_core.package_identification:_identify(.) by extensions ['ros']
[0.107s] Level 1:colcon.colcon_core.package_identification:_identify(.) by extension 'ros'
[0.117s] Level 1:colcon.colcon_core.package_identification:_identify(.) by extensions ['cmake', 'python']
[0.118s] Level 1:colcon.colcon_core.package_identification:_identify(.) by extension 'cmake'
[0.118s] Level 1:colcon.colcon_core.package_identification:_identify(.) by extension 'python'
[0.118s] Level 1:colcon.colcon_core.package_identification:_identify(.) by extensions ['python_setup_py']
[0.118s] Level 1:colcon.colcon_core.package_identification:_identify(.) by extension 'python_setup_py'
[0.118s] Level 1:colcon.colcon_core.package_identification:_identify(build) by extensions ['ignore', 'ignore_ament_install']
[0.118s] Level 1:colcon.colcon_core.package_identification:_identify(build) by extension 'ignore'
[0.118s] Level 1:colcon.colcon_core.package_identification:_identify(build) ignored
[0.118s] Level 1:colcon.colcon_core.package_identification:_identify(install) by extensions ['ignore', 'ignore_ament_install']
[0.118s] Level 1:colcon.colcon_core.package_identification:_identify(install) by extension 'ignore'
[0.118s] Level 1:colcon.colcon_core.package_identification:_identify(install) ignored
[0.118s] Level 1:colcon.colcon_core.package_identification:_identify(log) by extensions ['ignore', 'ignore_ament_install']
[0.118s] Level 1:colcon.colcon_core.package_identification:_identify(log) by extension 'ignore'
[0.118s] Level 1:colcon.colcon_core.package_identification:_identify(log) ignored
[0.118s] Level 1:colcon.colcon_core.package_identification:_identify(src) by extensions ['ignore', 'ignore_ament_install']
[0.118s] Level 1:colcon.colcon_core.package_identification:_identify(src) by extension 'ignore'
[0.118s] Level 1:colcon.colcon_core.package_identification:_identify(src) by extension 'ignore_ament_install'
[0.118s] Level 1:colcon.colcon_core.package_identification:_identify(src) by extensions ['colcon_pkg']
[0.118s] Level 1:colcon.colcon_core.package_identification:_identify(src) by extension 'colcon_pkg'
[0.118s] Level 1:colcon.colcon_core.package_identification:_identify(src) by extensions ['colcon_meta']
[0.118s] Level 1:colcon.colcon_core.package_identification:_identify(src) by extension 'colcon_meta'
[0.118s] Level 1:colcon.colcon_core.package_identification:_identify(src) by extensions ['ros']
[0.118s] Level 1:colcon.colcon_core.package_identification:_identify(src) by extension 'ros'
[0.119s] Level 1:colcon.colcon_core.package_identification:_identify(src) by extensions ['cmake', 'python']
[0.119s] Level 1:colcon.colcon_core.package_identification:_identify(src) by extension 'cmake'
[0.119s] Level 1:colcon.colcon_core.package_identification:_identify(src) by extension 'python'
[0.119s] Level 1:colcon.colcon_core.package_identification:_identify(src) by extensions ['python_setup_py']
[0.119s] Level 1:colcon.colcon_core.package_identification:_identify(src) by extension 'python_setup_py'
[0.119s] Level 1:colcon.colcon_core.package_identification:_identify(src/gazebo_plugins) by extensions ['ignore', 'ignore_ament_install']
[0.119s] Level 1:colcon.colcon_core.package_identification:_identify(src/gazebo_plugins) by extension 'ignore'
[0.119s] Level 1:colcon.colcon_core.package_identification:_identify(src/gazebo_plugins) by extension 'ignore_ament_install'
[0.119s] Level 1:colcon.colcon_core.package_identification:_identify(src/gazebo_plugins) by extensions ['colcon_pkg']
[0.119s] Level 1:colcon.colcon_core.package_identification:_identify(src/gazebo_plugins) by extension 'colcon_pkg'
[0.119s] Level 1:colcon.colcon_core.package_identification:_identify(src/gazebo_plugins) by extensions ['colcon_meta']
[0.119s] Level 1:colcon.colcon_core.package_identification:_identify(src/gazebo_plugins) by extension 'colcon_meta'
[0.119s] Level 1:colcon.colcon_core.package_identification:_identify(src/gazebo_plugins) by extensions ['ros']
[0.119s] Level 1:colcon.colcon_core.package_identification:_identify(src/gazebo_plugins) by extension 'ros'
[0.119s] Level 1:colcon.colcon_core.package_identification:_identify(src/gazebo_plugins) by extensions ['cmake', 'python']
[0.119s] Level 1:colcon.colcon_core.package_identification:_identify(src/gazebo_plugins) by extension 'cmake'
[0.119s] Level 1:colcon.colcon_core.package_identification:_identify(src/gazebo_plugins) by extension 'python'
[0.119s] Level 1:colcon.colcon_core.package_identification:_identify(src/gazebo_plugins) by extensions ['python_setup_py']
[0.119s] Level 1:colcon.colcon_core.package_identification:_identify(src/gazebo_plugins) by extension 'python_setup_py'
[0.119s] Level 1:colcon.colcon_core.package_identification:_identify(src/gazebo_plugins/lift_drag_plugin) by extensions ['ignore', 'ignore_ament_install']
[0.119s] Level 1:colcon.colcon_core.package_identification:_identify(src/gazebo_plugins/lift_drag_plugin) by extension 'ignore'
[0.119s] Level 1:colcon.colcon_core.package_identification:_identify(src/gazebo_plugins/lift_drag_plugin) by extension 'ignore_ament_install'
[0.119s] Level 1:colcon.colcon_core.package_identification:_identify(src/gazebo_plugins/lift_drag_plugin) by extensions ['colcon_pkg']
[0.119s] Level 1:colcon.colcon_core.package_identification:_identify(src/gazebo_plugins/lift_drag_plugin) by extension 'colcon_pkg'
[0.119s] Level 1:colcon.colcon_core.package_identification:_identify(src/gazebo_plugins/lift_drag_plugin) by extensions ['colcon_meta']
[0.119s] Level 1:colcon.colcon_core.package_identification:_identify(src/gazebo_plugins/lift_drag_plugin) by extension 'colcon_meta'
[0.119s] Level 1:colcon.colcon_core.package_identification:_identify(src/gazebo_plugins/lift_drag_plugin) by extensions ['ros']
[0.119s] Level 1:colcon.colcon_core.package_identification:_identify(src/gazebo_plugins/lift_drag_plugin) by extension 'ros'
[0.119s] Level 1:colcon.colcon_core.package_identification:_identify(src/gazebo_plugins/lift_drag_plugin) by extensions ['cmake', 'python']
[0.119s] Level 1:colcon.colcon_core.package_identification:_identify(src/gazebo_plugins/lift_drag_plugin) by extension 'cmake'
[0.119s] Level 1:colcon.colcon_core.package_identification:_identify(src/gazebo_plugins/lift_drag_plugin) by extension 'python'
[0.119s] Level 1:colcon.colcon_core.package_identification:_identify(src/gazebo_plugins/lift_drag_plugin) by extensions ['python_setup_py']
[0.119s] Level 1:colcon.colcon_core.package_identification:_identify(src/gazebo_plugins/lift_drag_plugin) by extension 'python_setup_py'
[0.119s] Level 1:colcon.colcon_core.package_identification:_identify(src/gazebo_plugins/lift_drag_plugin/inlcude) by extensions ['ignore', 'ignore_ament_install']
[0.120s] Level 1:colcon.colcon_core.package_identification:_identify(src/gazebo_plugins/lift_drag_plugin/inlcude) by extension 'ignore'
[0.120s] Level 1:colcon.colcon_core.package_identification:_identify(src/gazebo_plugins/lift_drag_plugin/inlcude) by extension 'ignore_ament_install'
[0.120s] Level 1:colcon.colcon_core.package_identification:_identify(src/gazebo_plugins/lift_drag_plugin/inlcude) by extensions ['colcon_pkg']
[0.120s] Level 1:colcon.colcon_core.package_identification:_identify(src/gazebo_plugins/lift_drag_plugin/inlcude) by extension 'colcon_pkg'
[0.120s] Level 1:colcon.colcon_core.package_identification:_identify(src/gazebo_plugins/lift_drag_plugin/inlcude) by extensions ['colcon_meta']
[0.120s] Level 1:colcon.colcon_core.package_identification:_identify(src/gazebo_plugins/lift_drag_plugin/inlcude) by extension 'colcon_meta'
[0.120s] Level 1:colcon.colcon_core.package_identification:_identify(src/gazebo_plugins/lift_drag_plugin/inlcude) by extensions ['ros']
[0.120s] Level 1:colcon.colcon_core.package_identification:_identify(src/gazebo_plugins/lift_drag_plugin/inlcude) by extension 'ros'
[0.120s] Level 1:colcon.colcon_core.package_identification:_identify(src/gazebo_plugins/lift_drag_plugin/inlcude) by extensions ['cmake', 'python']
[0.120s] Level 1:colcon.colcon_core.package_identification:_identify(src/gazebo_plugins/lift_drag_plugin/inlcude) by extension 'cmake'
[0.120s] Level 1:colcon.colcon_core.package_identification:_identify(src/gazebo_plugins/lift_drag_plugin/inlcude) by extension 'python'
[0.120s] Level 1:colcon.colcon_core.package_identification:_identify(src/gazebo_plugins/lift_drag_plugin/inlcude) by extensions ['python_setup_py']
[0.120s] Level 1:colcon.colcon_core.package_identification:_identify(src/gazebo_plugins/lift_drag_plugin/inlcude) by extension 'python_setup_py'
[0.120s] Level 1:colcon.colcon_core.package_identification:_identify(src/gazebo_plugins/lift_drag_plugin/launch) by extensions ['ignore', 'ignore_ament_install']
[0.120s] Level 1:colcon.colcon_core.package_identification:_identify(src/gazebo_plugins/lift_drag_plugin/launch) by extension 'ignore'
[0.120s] Level 1:colcon.colcon_core.package_identification:_identify(src/gazebo_plugins/lift_drag_plugin/launch) by extension 'ignore_ament_install'
[0.120s] Level 1:colcon.colcon_core.package_identification:_identify(src/gazebo_plugins/lift_drag_plugin/launch) by extensions ['colcon_pkg']
[0.120s] Level 1:colcon.colcon_core.package_identification:_identify(src/gazebo_plugins/lift_drag_plugin/launch) by extension 'colcon_pkg'
[0.120s] Level 1:colcon.colcon_core.package_identification:_identify(src/gazebo_plugins/lift_drag_plugin/launch) by extensions ['colcon_meta']
[0.120s] Level 1:colcon.colcon_core.package_identification:_identify(src/gazebo_plugins/lift_drag_plugin/launch) by extension 'colcon_meta'
[0.120s] Level 1:colcon.colcon_core.package_identification:_identify(src/gazebo_plugins/lift_drag_plugin/launch) by extensions ['ros']
[0.120s] Level 1:colcon.colcon_core.package_identification:_identify(src/gazebo_plugins/lift_drag_plugin/launch) by extension 'ros'
[0.120s] Level 1:colcon.colcon_core.package_identification:_identify(src/gazebo_plugins/lift_drag_plugin/launch) by extensions ['cmake', 'python']
[0.120s] Level 1:colcon.colcon_core.package_identification:_identify(src/gazebo_plugins/lift_drag_plugin/launch) by extension 'cmake'
[0.120s] Level 1:colcon.colcon_core.package_identification:_identify(src/gazebo_plugins/lift_drag_plugin/launch) by extension 'python'
[0.120s] Level 1:colcon.colcon_core.package_identification:_identify(src/gazebo_plugins/lift_drag_plugin/launch) by extensions ['python_setup_py']
[0.120s] Level 1:colcon.colcon_core.package_identification:_identify(src/gazebo_plugins/lift_drag_plugin/launch) by extension 'python_setup_py'
[0.120s] Level 1:colcon.colcon_core.package_identification:_identify(src/gazebo_plugins/lift_drag_plugin/models) by extensions ['ignore', 'ignore_ament_install']
[0.120s] Level 1:colcon.colcon_core.package_identification:_identify(src/gazebo_plugins/lift_drag_plugin/models) by extension 'ignore'
[0.120s] Level 1:colcon.colcon_core.package_identification:_identify(src/gazebo_plugins/lift_drag_plugin/models) by extension 'ignore_ament_install'
[0.120s] Level 1:colcon.colcon_core.package_identification:_identify(src/gazebo_plugins/lift_drag_plugin/models) by extensions ['colcon_pkg']
[0.121s] Level 1:colcon.colcon_core.package_identification:_identify(src/gazebo_plugins/lift_drag_plugin/models) by extension 'colcon_pkg'
[0.121s] Level 1:colcon.colcon_core.package_identification:_identify(src/gazebo_plugins/lift_drag_plugin/models) by extensions ['colcon_meta']
[0.121s] Level 1:colcon.colcon_core.package_identification:_identify(src/gazebo_plugins/lift_drag_plugin/models) by extension 'colcon_meta'
[0.121s] Level 1:colcon.colcon_core.package_identification:_identify(src/gazebo_plugins/lift_drag_plugin/models) by extensions ['ros']
[0.121s] Level 1:colcon.colcon_core.package_identification:_identify(src/gazebo_plugins/lift_drag_plugin/models) by extension 'ros'
[0.121s] Level 1:colcon.colcon_core.package_identification:_identify(src/gazebo_plugins/lift_drag_plugin/models) by extensions ['cmake', 'python']
[0.121s] Level 1:colcon.colcon_core.package_identification:_identify(src/gazebo_plugins/lift_drag_plugin/models) by extension 'cmake'
[0.121s] Level 1:colcon.colcon_core.package_identification:_identify(src/gazebo_plugins/lift_drag_plugin/models) by extension 'python'
[0.121s] Level 1:colcon.colcon_core.package_identification:_identify(src/gazebo_plugins/lift_drag_plugin/models) by extensions ['python_setup_py']
[0.121s] Level 1:colcon.colcon_core.package_identification:_identify(src/gazebo_plugins/lift_drag_plugin/models) by extension 'python_setup_py'
[0.121s] Level 1:colcon.colcon_core.package_identification:_identify(src/gazebo_plugins/lift_drag_plugin/src) by extensions ['ignore', 'ignore_ament_install']
[0.121s] Level 1:colcon.colcon_core.package_identification:_identify(src/gazebo_plugins/lift_drag_plugin/src) by extension 'ignore'
[0.121s] Level 1:colcon.colcon_core.package_identification:_identify(src/gazebo_plugins/lift_drag_plugin/src) by extension 'ignore_ament_install'
[0.121s] Level 1:colcon.colcon_core.package_identification:_identify(src/gazebo_plugins/lift_drag_plugin/src) by extensions ['colcon_pkg']
[0.121s] Level 1:colcon.colcon_core.package_identification:_identify(src/gazebo_plugins/lift_drag_plugin/src) by extension 'colcon_pkg'
[0.121s] Level 1:colcon.colcon_core.package_identification:_identify(src/gazebo_plugins/lift_drag_plugin/src) by extensions ['colcon_meta']
[0.121s] Level 1:colcon.colcon_core.package_identification:_identify(src/gazebo_plugins/lift_drag_plugin/src) by extension 'colcon_meta'
[0.121s] Level 1:colcon.colcon_core.package_identification:_identify(src/gazebo_plugins/lift_drag_plugin/src) by extensions ['ros']
[0.121s] Level 1:colcon.colcon_core.package_identification:_identify(src/gazebo_plugins/lift_drag_plugin/src) by extension 'ros'
[0.121s] Level 1:colcon.colcon_core.package_identification:_identify(src/gazebo_plugins/lift_drag_plugin/src) by extensions ['cmake', 'python']
[0.121s] Level 1:colcon.colcon_core.package_identification:_identify(src/gazebo_plugins/lift_drag_plugin/src) by extension 'cmake'
[0.121s] Level 1:colcon.colcon_core.package_identification:_identify(src/gazebo_plugins/lift_drag_plugin/src) by extension 'python'
[0.121s] Level 1:colcon.colcon_core.package_identification:_identify(src/gazebo_plugins/lift_drag_plugin/src) by extensions ['python_setup_py']
[0.121s] Level 1:colcon.colcon_core.package_identification:_identify(src/gazebo_plugins/lift_drag_plugin/src) by extension 'python_setup_py'
[0.121s] Level 1:colcon.colcon_core.package_identification:_identify(src/gazebo_plugins/lift_drag_plugin/worlds) by extensions ['ignore', 'ignore_ament_install']
[0.121s] Level 1:colcon.colcon_core.package_identification:_identify(src/gazebo_plugins/lift_drag_plugin/worlds) by extension 'ignore'
[0.121s] Level 1:colcon.colcon_core.package_identification:_identify(src/gazebo_plugins/lift_drag_plugin/worlds) by extension 'ignore_ament_install'
[0.121s] Level 1:colcon.colcon_core.package_identification:_identify(src/gazebo_plugins/lift_drag_plugin/worlds) by extensions ['colcon_pkg']
[0.121s] Level 1:colcon.colcon_core.package_identification:_identify(src/gazebo_plugins/lift_drag_plugin/worlds) by extension 'colcon_pkg'
[0.121s] Level 1:colcon.colcon_core.package_identification:_identify(src/gazebo_plugins/lift_drag_plugin/worlds) by extensions ['colcon_meta']
[0.121s] Level 1:colcon.colcon_core.package_identification:_identify(src/gazebo_plugins/lift_drag_plugin/worlds) by extension 'colcon_meta'
[0.122s] Level 1:colcon.colcon_core.package_identification:_identify(src/gazebo_plugins/lift_drag_plugin/worlds) by extensions ['ros']
[0.122s] Level 1:colcon.colcon_core.package_identification:_identify(src/gazebo_plugins/lift_drag_plugin/worlds) by extension 'ros'
[0.122s] Level 1:colcon.colcon_core.package_identification:_identify(src/gazebo_plugins/lift_drag_plugin/worlds) by extensions ['cmake', 'python']
[0.122s] Level 1:colcon.colcon_core.package_identification:_identify(src/gazebo_plugins/lift_drag_plugin/worlds) by extension 'cmake'
[0.122s] Level 1:colcon.colcon_core.package_identification:_identify(src/gazebo_plugins/lift_drag_plugin/worlds) by extension 'python'
[0.122s] Level 1:colcon.colcon_core.package_identification:_identify(src/gazebo_plugins/lift_drag_plugin/worlds) by extensions ['python_setup_py']
[0.122s] Level 1:colcon.colcon_core.package_identification:_identify(src/gazebo_plugins/lift_drag_plugin/worlds) by extension 'python_setup_py'
[0.122s] Level 1:colcon.colcon_core.package_identification:_identify(src/lawd_ctrl) by extensions ['ignore', 'ignore_ament_install']
[0.122s] Level 1:colcon.colcon_core.package_identification:_identify(src/lawd_ctrl) by extension 'ignore'
[0.122s] Level 1:colcon.colcon_core.package_identification:_identify(src/lawd_ctrl) by extension 'ignore_ament_install'
[0.122s] Level 1:colcon.colcon_core.package_identification:_identify(src/lawd_ctrl) by extensions ['colcon_pkg']
[0.122s] Level 1:colcon.colcon_core.package_identification:_identify(src/lawd_ctrl) by extension 'colcon_pkg'
[0.122s] Level 1:colcon.colcon_core.package_identification:_identify(src/lawd_ctrl) by extensions ['colcon_meta']
[0.122s] Level 1:colcon.colcon_core.package_identification:_identify(src/lawd_ctrl) by extension 'colcon_meta'
[0.122s] Level 1:colcon.colcon_core.package_identification:_identify(src/lawd_ctrl) by extensions ['ros']
[0.122s] Level 1:colcon.colcon_core.package_identification:_identify(src/lawd_ctrl) by extension 'ros'
[0.124s] DEBUG:colcon.colcon_core.package_identification:Package 'src/lawd_ctrl' with type 'ros.ament_cmake' and name 'lawd_ctrl'
[0.124s] Level 1:colcon.colcon_core.package_identification:_identify(src/lawd_description) by extensions ['ignore', 'ignore_ament_install']
[0.124s] Level 1:colcon.colcon_core.package_identification:_identify(src/lawd_description) by extension 'ignore'
[0.124s] Level 1:colcon.colcon_core.package_identification:_identify(src/lawd_description) by extension 'ignore_ament_install'
[0.124s] Level 1:colcon.colcon_core.package_identification:_identify(src/lawd_description) by extensions ['colcon_pkg']
[0.124s] Level 1:colcon.colcon_core.package_identification:_identify(src/lawd_description) by extension 'colcon_pkg'
[0.124s] Level 1:colcon.colcon_core.package_identification:_identify(src/lawd_description) by extensions ['colcon_meta']
[0.124s] Level 1:colcon.colcon_core.package_identification:_identify(src/lawd_description) by extension 'colcon_meta'
[0.124s] Level 1:colcon.colcon_core.package_identification:_identify(src/lawd_description) by extensions ['ros']
[0.124s] Level 1:colcon.colcon_core.package_identification:_identify(src/lawd_description) by extension 'ros'
[0.125s] DEBUG:colcon.colcon_core.package_identification:Package 'src/lawd_description' with type 'ros.ament_cmake' and name 'lawd_description'
[0.125s] Level 1:colcon.colcon_core.package_identification:_identify(src/lawd_msgs) by extensions ['ignore', 'ignore_ament_install']
[0.125s] Level 1:colcon.colcon_core.package_identification:_identify(src/lawd_msgs) by extension 'ignore'
[0.125s] Level 1:colcon.colcon_core.package_identification:_identify(src/lawd_msgs) by extension 'ignore_ament_install'
[0.125s] Level 1:colcon.colcon_core.package_identification:_identify(src/lawd_msgs) by extensions ['colcon_pkg']
[0.125s] Level 1:colcon.colcon_core.package_identification:_identify(src/lawd_msgs) by extension 'colcon_pkg'
[0.125s] Level 1:colcon.colcon_core.package_identification:_identify(src/lawd_msgs) by extensions ['colcon_meta']
[0.125s] Level 1:colcon.colcon_core.package_identification:_identify(src/lawd_msgs) by extension 'colcon_meta'
[0.125s] Level 1:colcon.colcon_core.package_identification:_identify(src/lawd_msgs) by extensions ['ros']
[0.125s] Level 1:colcon.colcon_core.package_identification:_identify(src/lawd_msgs) by extension 'ros'
[0.125s] DEBUG:colcon.colcon_core.package_identification:Package 'src/lawd_msgs' with type 'ros.ament_cmake' and name 'lawd_msgs'
[0.126s] Level 1:colcon.colcon_core.package_identification:_identify(src/lawd_teleop) by extensions ['ignore', 'ignore_ament_install']
[0.126s] Level 1:colcon.colcon_core.package_identification:_identify(src/lawd_teleop) by extension 'ignore'
[0.126s] Level 1:colcon.colcon_core.package_identification:_identify(src/lawd_teleop) by extension 'ignore_ament_install'
[0.126s] Level 1:colcon.colcon_core.package_identification:_identify(src/lawd_teleop) by extensions ['colcon_pkg']
[0.126s] Level 1:colcon.colcon_core.package_identification:_identify(src/lawd_teleop) by extension 'colcon_pkg'
[0.126s] Level 1:colcon.colcon_core.package_identification:_identify(src/lawd_teleop) by extensions ['colcon_meta']
[0.126s] Level 1:colcon.colcon_core.package_identification:_identify(src/lawd_teleop) by extension 'colcon_meta'
[0.126s] Level 1:colcon.colcon_core.package_identification:_identify(src/lawd_teleop) by extensions ['ros']
[0.126s] Level 1:colcon.colcon_core.package_identification:_identify(src/lawd_teleop) by extension 'ros'
[0.126s] DEBUG:colcon.colcon_core.package_identification:Package 'src/lawd_teleop' with type 'ros.ament_cmake' and name 'lawd_teleop'
[0.126s] Level 1:colcon.colcon_core.package_discovery:discover_packages(recursive) using defaults
[0.126s] Level 1:colcon.colcon_core.package_discovery:discover_packages(ignore) discover
[0.126s] Level 1:colcon.colcon_core.package_discovery:discover_packages(ignore) using defaults
[0.126s] Level 1:colcon.colcon_core.package_discovery:discover_packages(path) discover
[0.126s] Level 1:colcon.colcon_core.package_discovery:discover_packages(path) using defaults
[0.145s] Level 1:colcon.colcon_core.package_discovery:discover_packages(prefix_path) check parameters
[0.145s] Level 1:colcon.colcon_core.package_discovery:discover_packages(prefix_path) discover
[0.148s] DEBUG:colcon.colcon_installed_package_information.package_discovery:Found 56 installed packages in /home/vedh/control_ws/install
[0.149s] DEBUG:colcon.colcon_installed_package_information.package_discovery:Found 1 installed packages in /home/vedh/workspaces/articulated_ws/install
[0.149s] DEBUG:colcon.colcon_installed_package_information.package_discovery:Found 2 installed packages in /home/vedh/workspaces/demo_lawd_ws/install
[0.150s] DEBUG:colcon.colcon_installed_package_information.package_discovery:Found 414 installed packages in /opt/ros/humble
[0.153s] Level 1:colcon.colcon_core.package_discovery:discover_packages(prefix_path) using defaults
[0.191s] Level 5:colcon.colcon_core.verb:set package 'lawd_ctrl' build argument 'cmake_args' from command line to 'None'
[0.192s] Level 5:colcon.colcon_core.verb:set package 'lawd_ctrl' build argument 'cmake_target' from command line to 'None'
[0.192s] Level 5:colcon.colcon_core.verb:set package 'lawd_ctrl' build argument 'cmake_target_skip_unavailable' from command line to 'False'
[0.192s] Level 5:colcon.colcon_core.verb:set package 'lawd_ctrl' build argument 'cmake_clean_cache' from command line to 'False'
[0.192s] Level 5:colcon.colcon_core.verb:set package 'lawd_ctrl' build argument 'cmake_clean_first' from command line to 'False'
[0.192s] Level 5:colcon.colcon_core.verb:set package 'lawd_ctrl' build argument 'cmake_force_configure' from command line to 'False'
[0.192s] Level 5:colcon.colcon_core.verb:set package 'lawd_ctrl' build argument 'ament_cmake_args' from command line to 'None'
[0.192s] Level 5:colcon.colcon_core.verb:set package 'lawd_ctrl' build argument 'catkin_cmake_args' from command line to 'None'
[0.192s] Level 5:colcon.colcon_core.verb:set package 'lawd_ctrl' build argument 'catkin_skip_building_tests' from command line to 'False'
[0.192s] DEBUG:colcon.colcon_core.verb:Building package 'lawd_ctrl' with the following arguments: {'ament_cmake_args': None, 'build_base': '/home/vedh/workspaces/lawd_ws/build/lawd_ctrl', 'catkin_cmake_args': None, 'catkin_skip_building_tests': False, 'cmake_args': None, 'cmake_clean_cache': False, 'cmake_clean_first': False, 'cmake_force_configure': False, 'cmake_target': None, 'cmake_target_skip_unavailable': False, 'install_base': '/home/vedh/workspaces/lawd_ws/install/lawd_ctrl', 'merge_install': False, 'path': '/home/vedh/workspaces/lawd_ws/src/lawd_ctrl', 'symlink_install': False, 'test_result_base': None}
[0.192s] Level 5:colcon.colcon_core.verb:set package 'lawd_description' build argument 'cmake_args' from command line to 'None'
[0.192s] Level 5:colcon.colcon_core.verb:set package 'lawd_description' build argument 'cmake_target' from command line to 'None'
[0.192s] Level 5:colcon.colcon_core.verb:set package 'lawd_description' build argument 'cmake_target_skip_unavailable' from command line to 'False'
[0.192s] Level 5:colcon.colcon_core.verb:set package 'lawd_description' build argument 'cmake_clean_cache' from command line to 'False'
[0.192s] Level 5:colcon.colcon_core.verb:set package 'lawd_description' build argument 'cmake_clean_first' from command line to 'False'
[0.192s] Level 5:colcon.colcon_core.verb:set package 'lawd_description' build argument 'cmake_force_configure' from command line to 'False'
[0.192s] Level 5:colcon.colcon_core.verb:set package 'lawd_description' build argument 'ament_cmake_args' from command line to 'None'
[0.192s] Level 5:colcon.colcon_core.verb:set package 'lawd_description' build argument 'catkin_cmake_args' from command line to 'None'
[0.192s] Level 5:colcon.colcon_core.verb:set package 'lawd_description' build argument 'catkin_skip_building_tests' from command line to 'False'
[0.192s] DEBUG:colcon.colcon_core.verb:Building package 'lawd_description' with the following arguments: {'ament_cmake_args': None, 'build_base': '/home/vedh/workspaces/lawd_ws/build/lawd_description', 'catkin_cmake_args': None, 'catkin_skip_building_tests': False, 'cmake_args': None, 'cmake_clean_cache': False, 'cmake_clean_first': False, 'cmake_force_configure': False, 'cmake_target': None, 'cmake_target_skip_unavailable': False, 'install_base': '/home/vedh/workspaces/lawd_ws/install/lawd_description', 'merge_install': False, 'path': '/home/vedh/workspaces/lawd_ws/src/lawd_description', 'symlink_install': False, 'test_result_base': None}
[0.192s] Level 5:colcon.colcon_core.verb:set package 'lawd_msgs' build argument 'cmake_args' from command line to 'None'
[0.192s] Level 5:colcon.colcon_core.verb:set package 'lawd_msgs' build argument 'cmake_target' from command line to 'None'
[0.192s] Level 5:colcon.colcon_core.verb:set package 'lawd_msgs' build argument 'cmake_target_skip_unavailable' from command line to 'False'
[0.192s] Level 5:colcon.colcon_core.verb:set package 'lawd_msgs' build argument 'cmake_clean_cache' from command line to 'False'
[0.192s] Level 5:colcon.colcon_core.verb:set package 'lawd_msgs' build argument 'cmake_clean_first' from command line to 'False'
[0.192s] Level 5:colcon.colcon_core.verb:set package 'lawd_msgs' build argument 'cmake_force_configure' from command line to 'False'
[0.192s] Level 5:colcon.colcon_core.verb:set package 'lawd_msgs' build argument 'ament_cmake_args' from command line to 'None'
[0.192s] Level 5:colcon.colcon_core.verb:set package 'lawd_msgs' build argument 'catkin_cmake_args' from command line to 'None'
[0.192s] Level 5:colcon.colcon_core.verb:set package 'lawd_msgs' build argument 'catkin_skip_building_tests' from command line to 'False'
[0.192s] DEBUG:colcon.colcon_core.verb:Building package 'lawd_msgs' with the following arguments: {'ament_cmake_args': None, 'build_base': '/home/vedh/workspaces/lawd_ws/build/lawd_msgs', 'catkin_cmake_args': None, 'catkin_skip_building_tests': False, 'cmake_args': None, 'cmake_clean_cache': False, 'cmake_clean_first': False, 'cmake_force_configure': False, 'cmake_target': None, 'cmake_target_skip_unavailable': False, 'install_base': '/home/vedh/workspaces/lawd_ws/install/lawd_msgs', 'merge_install': False, 'path': '/home/vedh/workspaces/lawd_ws/src/lawd_msgs', 'symlink_install': False, 'test_result_base': None}
[0.193s] Level 5:colcon.colcon_core.verb:set package 'lawd_teleop' build argument 'cmake_args' from command line to 'None'
[0.193s] Level 5:colcon.colcon_core.verb:set package 'lawd_teleop' build argument 'cmake_target' from command line to 'None'
[0.193s] Level 5:colcon.colcon_core.verb:set package 'lawd_teleop' build argument 'cmake_target_skip_unavailable' from command line to 'False'
[0.193s] Level 5:colcon.colcon_core.verb:set package 'lawd_teleop' build argument 'cmake_clean_cache' from command line to 'False'
[0.193s] Level 5:colcon.colcon_core.verb:set package 'lawd_teleop' build argument 'cmake_clean_first' from command line to 'False'
[0.193s] Level 5:colcon.colcon_core.verb:set package 'lawd_teleop' build argument 'cmake_force_configure' from command line to 'False'
[0.193s] Level 5:colcon.colcon_core.verb:set package 'lawd_teleop' build argument 'ament_cmake_args' from command line to 'None'
[0.193s] Level 5:colcon.colcon_core.verb:set package 'lawd_teleop' build argument 'catkin_cmake_args' from command line to 'None'
[0.193s] Level 5:colcon.colcon_core.verb:set package 'lawd_teleop' build argument 'catkin_skip_building_tests' from command line to 'False'
[0.193s] DEBUG:colcon.colcon_core.verb:Building package 'lawd_teleop' with the following arguments: {'ament_cmake_args': None, 'build_base': '/home/vedh/workspaces/lawd_ws/build/lawd_teleop', 'catkin_cmake_args': None, 'catkin_skip_building_tests': False, 'cmake_args': None, 'cmake_clean_cache': False, 'cmake_clean_first': False, 'cmake_force_configure': False, 'cmake_target': None, 'cmake_target_skip_unavailable': False, 'install_base': '/home/vedh/workspaces/lawd_ws/install/lawd_teleop', 'merge_install': False, 'path': '/home/vedh/workspaces/lawd_ws/src/lawd_teleop', 'symlink_install': False, 'test_result_base': None}
[0.193s] INFO:colcon.colcon_core.executor:Executing jobs using 'parallel' executor
[0.194s] DEBUG:colcon.colcon_parallel_executor.executor.parallel:run_until_complete
[0.194s] INFO:colcon.colcon_ros.task.ament_cmake.build:Building ROS package in '/home/vedh/workspaces/lawd_ws/src/lawd_ctrl' with build type 'ament_cmake'
[0.194s] INFO:colcon.colcon_cmake.task.cmake.build:Building CMake package in '/home/vedh/workspaces/lawd_ws/src/lawd_ctrl'
[0.196s] INFO:colcon.colcon_core.plugin_system:Skipping extension 'colcon_core.shell.bat': Not used on non-Windows systems
[0.196s] INFO:colcon.colcon_core.shell:Skip shell extension 'powershell' for command environment: Not usable outside of PowerShell
[0.196s] DEBUG:colcon.colcon_core.shell:Skip shell extension 'dsv' for command environment
[0.202s] INFO:colcon.colcon_ros.task.ament_cmake.build:Building ROS package in '/home/vedh/workspaces/lawd_ws/src/lawd_description' with build type 'ament_cmake'
[0.202s] INFO:colcon.colcon_cmake.task.cmake.build:Building CMake package in '/home/vedh/workspaces/lawd_ws/src/lawd_description'
[0.202s] INFO:colcon.colcon_core.shell:Skip shell extension 'powershell' for command environment: Not usable outside of PowerShell
[0.202s] DEBUG:colcon.colcon_core.shell:Skip shell extension 'dsv' for command environment
[0.209s] INFO:colcon.colcon_ros.task.ament_cmake.build:Building ROS package in '/home/vedh/workspaces/lawd_ws/src/lawd_msgs' with build type 'ament_cmake'
[0.209s] INFO:colcon.colcon_cmake.task.cmake.build:Building CMake package in '/home/vedh/workspaces/lawd_ws/src/lawd_msgs'
[0.210s] INFO:colcon.colcon_core.shell:Skip shell extension 'powershell' for command environment: Not usable outside of PowerShell
[0.210s] DEBUG:colcon.colcon_core.shell:Skip shell extension 'dsv' for command environment
[0.216s] INFO:colcon.colcon_ros.task.ament_cmake.build:Building ROS package in '/home/vedh/workspaces/lawd_ws/src/lawd_teleop' with build type 'ament_cmake'
[0.216s] INFO:colcon.colcon_cmake.task.cmake.build:Building CMake package in '/home/vedh/workspaces/lawd_ws/src/lawd_teleop'
[0.216s] INFO:colcon.colcon_core.shell:Skip shell extension 'powershell' for command environment: Not usable outside of PowerShell
[0.216s] DEBUG:colcon.colcon_core.shell:Skip shell extension 'dsv' for command environment
[0.238s] DEBUG:colcon.colcon_core.event_handler.log_command:Invoking command in '/home/vedh/workspaces/lawd_ws/build/lawd_ctrl': CMAKE_PREFIX_PATH=${CMAKE_PREFIX_PATH}:/home/vedh/control_ws/install/rqt_joint_trajectory_controller:/home/vedh/control_ws/install/rqt_controller_manager:/home/vedh/control_ws/install/ros2controlcli:/home/vedh/control_ws/install/ros2_controllers_test_nodes:/home/vedh/workspaces/demo_lawd_ws/install/demo_lawd_description:/opt/ros/humble /usr/bin/cmake --build /home/vedh/workspaces/lawd_ws/build/lawd_ctrl -- -j16 -l16
[0.242s] DEBUG:colcon.colcon_core.event_handler.log_command:Invoking command in '/home/vedh/workspaces/lawd_ws/build/lawd_description': CMAKE_PREFIX_PATH=${CMAKE_PREFIX_PATH}:/home/vedh/control_ws/install/rqt_joint_trajectory_controller:/home/vedh/control_ws/install/rqt_controller_manager:/home/vedh/control_ws/install/ros2controlcli:/home/vedh/control_ws/install/ros2_controllers_test_nodes:/home/vedh/workspaces/demo_lawd_ws/install/demo_lawd_description:/opt/ros/humble /usr/bin/cmake --build /home/vedh/workspaces/lawd_ws/build/lawd_description -- -j16 -l16
[0.247s] DEBUG:colcon.colcon_core.event_handler.log_command:Invoking command in '/home/vedh/workspaces/lawd_ws/build/lawd_msgs': CMAKE_PREFIX_PATH=${CMAKE_PREFIX_PATH}:/home/vedh/control_ws/install/rqt_joint_trajectory_controller:/home/vedh/control_ws/install/rqt_controller_manager:/home/vedh/control_ws/install/ros2controlcli:/home/vedh/control_ws/install/ros2_controllers_test_nodes:/home/vedh/workspaces/demo_lawd_ws/install/demo_lawd_description:/opt/ros/humble /usr/bin/cmake --build /home/vedh/workspaces/lawd_ws/build/lawd_msgs -- -j16 -l16
[0.250s] DEBUG:colcon.colcon_core.event_handler.log_command:Invoking command in '/home/vedh/workspaces/lawd_ws/build/lawd_teleop': CMAKE_PREFIX_PATH=${CMAKE_PREFIX_PATH}:/home/vedh/control_ws/install/rqt_joint_trajectory_controller:/home/vedh/control_ws/install/rqt_controller_manager:/home/vedh/control_ws/install/ros2controlcli:/home/vedh/control_ws/install/ros2_controllers_test_nodes:/home/vedh/workspaces/demo_lawd_ws/install/demo_lawd_description:/opt/ros/humble /usr/bin/cmake --build /home/vedh/workspaces/lawd_ws/build/lawd_teleop -- -j16 -l16
[0.302s] DEBUG:colcon.colcon_core.event_handler.log_command:Invoked command in '/home/vedh/workspaces/lawd_ws/build/lawd_ctrl' returned '0': CMAKE_PREFIX_PATH=${CMAKE_PREFIX_PATH}:/home/vedh/control_ws/install/rqt_joint_trajectory_controller:/home/vedh/control_ws/install/rqt_controller_manager:/home/vedh/control_ws/install/ros2controlcli:/home/vedh/control_ws/install/ros2_controllers_test_nodes:/home/vedh/workspaces/demo_lawd_ws/install/demo_lawd_description:/opt/ros/humble /usr/bin/cmake --build /home/vedh/workspaces/lawd_ws/build/lawd_ctrl -- -j16 -l16
[0.304s] DEBUG:colcon.colcon_core.event_handler.log_command:Invoked command in '/home/vedh/workspaces/lawd_ws/build/lawd_description' returned '0': CMAKE_PREFIX_PATH=${CMAKE_PREFIX_PATH}:/home/vedh/control_ws/install/rqt_joint_trajectory_controller:/home/vedh/control_ws/install/rqt_controller_manager:/home/vedh/control_ws/install/ros2controlcli:/home/vedh/control_ws/install/ros2_controllers_test_nodes:/home/vedh/workspaces/demo_lawd_ws/install/demo_lawd_description:/opt/ros/humble /usr/bin/cmake --build /home/vedh/workspaces/lawd_ws/build/lawd_description -- -j16 -l16
[0.315s] DEBUG:colcon.colcon_core.event_handler.log_command:Invoked command in '/home/vedh/workspaces/lawd_ws/build/lawd_teleop' returned '0': CMAKE_PREFIX_PATH=${CMAKE_PREFIX_PATH}:/home/vedh/control_ws/install/rqt_joint_trajectory_controller:/home/vedh/control_ws/install/rqt_controller_manager:/home/vedh/control_ws/install/ros2controlcli:/home/vedh/control_ws/install/ros2_controllers_test_nodes:/home/vedh/workspaces/demo_lawd_ws/install/demo_lawd_description:/opt/ros/humble /usr/bin/cmake --build /home/vedh/workspaces/lawd_ws/build/lawd_teleop -- -j16 -l16
[0.387s] DEBUG:colcon.colcon_core.event_handler.log_command:Invoking command in '/home/vedh/workspaces/lawd_ws/build/lawd_ctrl': CMAKE_PREFIX_PATH=${CMAKE_PREFIX_PATH}:/home/vedh/control_ws/install/rqt_joint_trajectory_controller:/home/vedh/control_ws/install/rqt_controller_manager:/home/vedh/control_ws/install/ros2controlcli:/home/vedh/control_ws/install/ros2_controllers_test_nodes:/home/vedh/workspaces/demo_lawd_ws/install/demo_lawd_description:/opt/ros/humble /usr/bin/cmake --install /home/vedh/workspaces/lawd_ws/build/lawd_ctrl
[0.390s] DEBUG:colcon.colcon_core.event_handler.log_command:Invoking command in '/home/vedh/workspaces/lawd_ws/build/lawd_description': CMAKE_PREFIX_PATH=${CMAKE_PREFIX_PATH}:/home/vedh/control_ws/install/rqt_joint_trajectory_controller:/home/vedh/control_ws/install/rqt_controller_manager:/home/vedh/control_ws/install/ros2controlcli:/home/vedh/control_ws/install/ros2_controllers_test_nodes:/home/vedh/workspaces/demo_lawd_ws/install/demo_lawd_description:/opt/ros/humble /usr/bin/cmake --install /home/vedh/workspaces/lawd_ws/build/lawd_description
[0.396s] DEBUG:colcon.colcon_core.event_handler.log_command:Invoking command in '/home/vedh/workspaces/lawd_ws/build/lawd_teleop': CMAKE_PREFIX_PATH=${CMAKE_PREFIX_PATH}:/home/vedh/control_ws/install/rqt_joint_trajectory_controller:/home/vedh/control_ws/install/rqt_controller_manager:/home/vedh/control_ws/install/ros2controlcli:/home/vedh/control_ws/install/ros2_controllers_test_nodes:/home/vedh/workspaces/demo_lawd_ws/install/demo_lawd_description:/opt/ros/humble /usr/bin/cmake --install /home/vedh/workspaces/lawd_ws/build/lawd_teleop
[0.408s] Level 1:colcon.colcon_core.environment:create_environment_scripts_only(lawd_ctrl)
[0.412s] DEBUG:colcon.colcon_core.event_handler.log_command:Invoked command in '/home/vedh/workspaces/lawd_ws/build/lawd_ctrl' returned '0': CMAKE_PREFIX_PATH=${CMAKE_PREFIX_PATH}:/home/vedh/control_ws/install/rqt_joint_trajectory_controller:/home/vedh/control_ws/install/rqt_controller_manager:/home/vedh/control_ws/install/ros2controlcli:/home/vedh/control_ws/install/ros2_controllers_test_nodes:/home/vedh/workspaces/demo_lawd_ws/install/demo_lawd_description:/opt/ros/humble /usr/bin/cmake --install /home/vedh/workspaces/lawd_ws/build/lawd_ctrl
[0.414s] Level 1:colcon.colcon_core.environment:checking '/home/vedh/workspaces/lawd_ws/install/lawd_ctrl' for CMake module files
[0.415s] Level 1:colcon.colcon_core.environment:checking '/home/vedh/workspaces/lawd_ws/install/lawd_ctrl' for CMake config files
[0.415s] Level 1:colcon.colcon_core.shell:create_environment_hook('lawd_ctrl', 'cmake_prefix_path')
[0.415s] INFO:colcon.colcon_core.shell:Creating environment hook '/home/vedh/workspaces/lawd_ws/install/lawd_ctrl/share/lawd_ctrl/hook/cmake_prefix_path.ps1'
[0.416s] INFO:colcon.colcon_core.shell:Creating environment descriptor '/home/vedh/workspaces/lawd_ws/install/lawd_ctrl/share/lawd_ctrl/hook/cmake_prefix_path.dsv'
[0.416s] INFO:colcon.colcon_core.shell:Creating environment hook '/home/vedh/workspaces/lawd_ws/install/lawd_ctrl/share/lawd_ctrl/hook/cmake_prefix_path.sh'
[0.417s] Level 1:colcon.colcon_core.environment:checking '/home/vedh/workspaces/lawd_ws/install/lawd_ctrl/bin'
[0.417s] Level 1:colcon.colcon_core.environment:checking '/home/vedh/workspaces/lawd_ws/install/lawd_ctrl/lib/pkgconfig/lawd_ctrl.pc'
[0.417s] Level 1:colcon.colcon_core.environment:checking '/home/vedh/workspaces/lawd_ws/install/lawd_ctrl/lib/python3.10/site-packages'
[0.418s] Level 1:colcon.colcon_core.environment:checking '/home/vedh/workspaces/lawd_ws/install/lawd_ctrl/bin'
[0.418s] INFO:colcon.colcon_core.shell:Creating package script '/home/vedh/workspaces/lawd_ws/install/lawd_ctrl/share/lawd_ctrl/package.ps1'
[0.418s] INFO:colcon.colcon_core.shell:Creating package descriptor '/home/vedh/workspaces/lawd_ws/install/lawd_ctrl/share/lawd_ctrl/package.dsv'
[0.419s] INFO:colcon.colcon_core.shell:Creating package script '/home/vedh/workspaces/lawd_ws/install/lawd_ctrl/share/lawd_ctrl/package.sh'
[0.419s] INFO:colcon.colcon_core.shell:Creating package script '/home/vedh/workspaces/lawd_ws/install/lawd_ctrl/share/lawd_ctrl/package.bash'
[0.420s] INFO:colcon.colcon_core.shell:Creating package script '/home/vedh/workspaces/lawd_ws/install/lawd_ctrl/share/lawd_ctrl/package.zsh'
[0.421s] Level 1:colcon.colcon_core.environment:create_file_with_runtime_dependencies(/home/vedh/workspaces/lawd_ws/install/lawd_ctrl/share/colcon-core/packages/lawd_ctrl)
[0.422s] Level 1:colcon.colcon_core.environment:create_environment_scripts_only(lawd_description)
[0.423s] Level 1:colcon.colcon_core.environment:checking '/home/vedh/workspaces/lawd_ws/install/lawd_description' for CMake module files
[0.424s] DEBUG:colcon.colcon_core.event_handler.log_command:Invoked command in '/home/vedh/workspaces/lawd_ws/build/lawd_description' returned '0': CMAKE_PREFIX_PATH=${CMAKE_PREFIX_PATH}:/home/vedh/control_ws/install/rqt_joint_trajectory_controller:/home/vedh/control_ws/install/rqt_controller_manager:/home/vedh/control_ws/install/ros2controlcli:/home/vedh/control_ws/install/ros2_controllers_test_nodes:/home/vedh/workspaces/demo_lawd_ws/install/demo_lawd_description:/opt/ros/humble /usr/bin/cmake --install /home/vedh/workspaces/lawd_ws/build/lawd_description
[0.424s] Level 1:colcon.colcon_core.environment:checking '/home/vedh/workspaces/lawd_ws/install/lawd_description' for CMake config files
[0.425s] Level 1:colcon.colcon_core.shell:create_environment_hook('lawd_description', 'cmake_prefix_path')
[0.425s] INFO:colcon.colcon_core.shell:Creating environment hook '/home/vedh/workspaces/lawd_ws/install/lawd_description/share/lawd_description/hook/cmake_prefix_path.ps1'
[0.426s] INFO:colcon.colcon_core.shell:Creating environment descriptor '/home/vedh/workspaces/lawd_ws/install/lawd_description/share/lawd_description/hook/cmake_prefix_path.dsv'
[0.426s] INFO:colcon.colcon_core.shell:Creating environment hook '/home/vedh/workspaces/lawd_ws/install/lawd_description/share/lawd_description/hook/cmake_prefix_path.sh'
[0.426s] Level 1:colcon.colcon_core.environment:checking '/home/vedh/workspaces/lawd_ws/install/lawd_description/bin'
[0.427s] Level 1:colcon.colcon_core.environment:checking '/home/vedh/workspaces/lawd_ws/install/lawd_description/lib/pkgconfig/lawd_description.pc'
[0.427s] Level 1:colcon.colcon_core.environment:checking '/home/vedh/workspaces/lawd_ws/install/lawd_description/lib/python3.10/site-packages'
[0.427s] Level 1:colcon.colcon_core.environment:checking '/home/vedh/workspaces/lawd_ws/install/lawd_description/bin'
[0.427s] INFO:colcon.colcon_core.shell:Creating package script '/home/vedh/workspaces/lawd_ws/install/lawd_description/share/lawd_description/package.ps1'
[0.428s] INFO:colcon.colcon_core.shell:Creating package descriptor '/home/vedh/workspaces/lawd_ws/install/lawd_description/share/lawd_description/package.dsv'
[0.428s] INFO:colcon.colcon_core.shell:Creating package script '/home/vedh/workspaces/lawd_ws/install/lawd_description/share/lawd_description/package.sh'
[0.428s] INFO:colcon.colcon_core.shell:Creating package script '/home/vedh/workspaces/lawd_ws/install/lawd_description/share/lawd_description/package.bash'
[0.429s] INFO:colcon.colcon_core.shell:Creating package script '/home/vedh/workspaces/lawd_ws/install/lawd_description/share/lawd_description/package.zsh'
[0.429s] Level 1:colcon.colcon_core.environment:create_file_with_runtime_dependencies(/home/vedh/workspaces/lawd_ws/install/lawd_description/share/colcon-core/packages/lawd_description)
[0.431s] Level 1:colcon.colcon_core.environment:create_environment_scripts_only(lawd_teleop)
[0.431s] Level 1:colcon.colcon_core.environment:checking '/home/vedh/workspaces/lawd_ws/install/lawd_teleop' for CMake module files
[0.432s] DEBUG:colcon.colcon_core.event_handler.log_command:Invoked command in '/home/vedh/workspaces/lawd_ws/build/lawd_teleop' returned '0': CMAKE_PREFIX_PATH=${CMAKE_PREFIX_PATH}:/home/vedh/control_ws/install/rqt_joint_trajectory_controller:/home/vedh/control_ws/install/rqt_controller_manager:/home/vedh/control_ws/install/ros2controlcli:/home/vedh/control_ws/install/ros2_controllers_test_nodes:/home/vedh/workspaces/demo_lawd_ws/install/demo_lawd_description:/opt/ros/humble /usr/bin/cmake --install /home/vedh/workspaces/lawd_ws/build/lawd_teleop
[0.432s] Level 1:colcon.colcon_core.environment:checking '/home/vedh/workspaces/lawd_ws/install/lawd_teleop' for CMake config files
[0.432s] Level 1:colcon.colcon_core.shell:create_environment_hook('lawd_teleop', 'cmake_prefix_path')
[0.433s] INFO:colcon.colcon_core.shell:Creating environment hook '/home/vedh/workspaces/lawd_ws/install/lawd_teleop/share/lawd_teleop/hook/cmake_prefix_path.ps1'
[0.433s] INFO:colcon.colcon_core.shell:Creating environment descriptor '/home/vedh/workspaces/lawd_ws/install/lawd_teleop/share/lawd_teleop/hook/cmake_prefix_path.dsv'
[0.433s] INFO:colcon.colcon_core.shell:Creating environment hook '/home/vedh/workspaces/lawd_ws/install/lawd_teleop/share/lawd_teleop/hook/cmake_prefix_path.sh'
[0.434s] Level 1:colcon.colcon_core.environment:checking '/home/vedh/workspaces/lawd_ws/install/lawd_teleop/bin'
[0.434s] Level 1:colcon.colcon_core.environment:checking '/home/vedh/workspaces/lawd_ws/install/lawd_teleop/lib/pkgconfig/lawd_teleop.pc'
[0.434s] Level 1:colcon.colcon_core.environment:checking '/home/vedh/workspaces/lawd_ws/install/lawd_teleop/lib/python3.10/site-packages'
[0.434s] Level 1:colcon.colcon_core.environment:checking '/home/vedh/workspaces/lawd_ws/install/lawd_teleop/bin'
[0.435s] INFO:colcon.colcon_core.shell:Creating package script '/home/vedh/workspaces/lawd_ws/install/lawd_teleop/share/lawd_teleop/package.ps1'
[0.435s] INFO:colcon.colcon_core.shell:Creating package descriptor '/home/vedh/workspaces/lawd_ws/install/lawd_teleop/share/lawd_teleop/package.dsv'
[0.436s] INFO:colcon.colcon_core.shell:Creating package script '/home/vedh/workspaces/lawd_ws/install/lawd_teleop/share/lawd_teleop/package.sh'
[0.436s] INFO:colcon.colcon_core.shell:Creating package script '/home/vedh/workspaces/lawd_ws/install/lawd_teleop/share/lawd_teleop/package.bash'
[0.436s] INFO:colcon.colcon_core.shell:Creating package script '/home/vedh/workspaces/lawd_ws/install/lawd_teleop/share/lawd_teleop/package.zsh'
[0.437s] Level 1:colcon.colcon_core.environment:create_file_with_runtime_dependencies(/home/vedh/workspaces/lawd_ws/install/lawd_teleop/share/colcon-core/packages/lawd_teleop)
[0.480s] Level 1:colcon.colcon_core.environment:create_environment_scripts_only(lawd_ctrl)
[0.480s] Level 1:colcon.colcon_core.environment:checking '/home/vedh/workspaces/lawd_ws/install/lawd_ctrl' for CMake module files
[0.481s] Level 1:colcon.colcon_core.environment:checking '/home/vedh/workspaces/lawd_ws/install/lawd_ctrl' for CMake config files
[0.481s] Level 1:colcon.colcon_core.shell:create_environment_hook('lawd_ctrl', 'cmake_prefix_path')
[0.481s] INFO:colcon.colcon_core.shell:Creating environment hook '/home/vedh/workspaces/lawd_ws/install/lawd_ctrl/share/lawd_ctrl/hook/cmake_prefix_path.ps1'
[0.482s] INFO:colcon.colcon_core.shell:Creating environment descriptor '/home/vedh/workspaces/lawd_ws/install/lawd_ctrl/share/lawd_ctrl/hook/cmake_prefix_path.dsv'
[0.482s] INFO:colcon.colcon_core.shell:Creating environment hook '/home/vedh/workspaces/lawd_ws/install/lawd_ctrl/share/lawd_ctrl/hook/cmake_prefix_path.sh'
[0.482s] Level 1:colcon.colcon_core.environment:checking '/home/vedh/workspaces/lawd_ws/install/lawd_ctrl/bin'
[0.482s] Level 1:colcon.colcon_core.environment:checking '/home/vedh/workspaces/lawd_ws/install/lawd_ctrl/lib/pkgconfig/lawd_ctrl.pc'
[0.483s] Level 1:colcon.colcon_core.environment:checking '/home/vedh/workspaces/lawd_ws/install/lawd_ctrl/lib/python3.10/site-packages'
[0.483s] Level 1:colcon.colcon_core.environment:checking '/home/vedh/workspaces/lawd_ws/install/lawd_ctrl/bin'
[0.483s] INFO:colcon.colcon_core.shell:Creating package script '/home/vedh/workspaces/lawd_ws/install/lawd_ctrl/share/lawd_ctrl/package.ps1'
[0.484s] INFO:colcon.colcon_core.shell:Creating package descriptor '/home/vedh/workspaces/lawd_ws/install/lawd_ctrl/share/lawd_ctrl/package.dsv'
[0.484s] INFO:colcon.colcon_core.shell:Creating package script '/home/vedh/workspaces/lawd_ws/install/lawd_ctrl/share/lawd_ctrl/package.sh'
[0.484s] INFO:colcon.colcon_core.shell:Creating package script '/home/vedh/workspaces/lawd_ws/install/lawd_ctrl/share/lawd_ctrl/package.bash'
[0.485s] INFO:colcon.colcon_core.shell:Creating package script '/home/vedh/workspaces/lawd_ws/install/lawd_ctrl/share/lawd_ctrl/package.zsh'
[0.486s] Level 1:colcon.colcon_core.environment:create_file_with_runtime_dependencies(/home/vedh/workspaces/lawd_ws/install/lawd_ctrl/share/colcon-core/packages/lawd_ctrl)
[0.487s] Level 1:colcon.colcon_core.environment:create_environment_scripts_only(lawd_description)
[0.487s] Level 1:colcon.colcon_core.environment:checking '/home/vedh/workspaces/lawd_ws/install/lawd_description' for CMake module files
[0.488s] Level 1:colcon.colcon_core.environment:checking '/home/vedh/workspaces/lawd_ws/install/lawd_description' for CMake config files
[0.488s] Level 1:colcon.colcon_core.shell:create_environment_hook('lawd_description', 'cmake_prefix_path')
[0.488s] INFO:colcon.colcon_core.shell:Creating environment hook '/home/vedh/workspaces/lawd_ws/install/lawd_description/share/lawd_description/hook/cmake_prefix_path.ps1'
[0.488s] INFO:colcon.colcon_core.shell:Creating environment descriptor '/home/vedh/workspaces/lawd_ws/install/lawd_description/share/lawd_description/hook/cmake_prefix_path.dsv'
[0.489s] INFO:colcon.colcon_core.shell:Creating environment hook '/home/vedh/workspaces/lawd_ws/install/lawd_description/share/lawd_description/hook/cmake_prefix_path.sh'
[0.489s] Level 1:colcon.colcon_core.environment:checking '/home/vedh/workspaces/lawd_ws/install/lawd_description/bin'
[0.489s] Level 1:colcon.colcon_core.environment:checking '/home/vedh/workspaces/lawd_ws/install/lawd_description/lib/pkgconfig/lawd_description.pc'
[0.489s] Level 1:colcon.colcon_core.environment:checking '/home/vedh/workspaces/lawd_ws/install/lawd_description/lib/python3.10/site-packages'
[0.490s] Level 1:colcon.colcon_core.environment:checking '/home/vedh/workspaces/lawd_ws/install/lawd_description/bin'
[0.490s] INFO:colcon.colcon_core.shell:Creating package script '/home/vedh/workspaces/lawd_ws/install/lawd_description/share/lawd_description/package.ps1'
[0.490s] INFO:colcon.colcon_core.shell:Creating package descriptor '/home/vedh/workspaces/lawd_ws/install/lawd_description/share/lawd_description/package.dsv'
[0.491s] INFO:colcon.colcon_core.shell:Creating package script '/home/vedh/workspaces/lawd_ws/install/lawd_description/share/lawd_description/package.sh'
[0.491s] INFO:colcon.colcon_core.shell:Creating package script '/home/vedh/workspaces/lawd_ws/install/lawd_description/share/lawd_description/package.bash'
[0.491s] INFO:colcon.colcon_core.shell:Creating package script '/home/vedh/workspaces/lawd_ws/install/lawd_description/share/lawd_description/package.zsh'
[0.492s] Level 1:colcon.colcon_core.environment:create_file_with_runtime_dependencies(/home/vedh/workspaces/lawd_ws/install/lawd_description/share/colcon-core/packages/lawd_description)
[0.499s] Level 1:colcon.colcon_core.environment:create_environment_scripts_only(lawd_teleop)
[0.500s] Level 1:colcon.colcon_core.environment:checking '/home/vedh/workspaces/lawd_ws/install/lawd_teleop' for CMake module files
[0.500s] Level 1:colcon.colcon_core.environment:checking '/home/vedh/workspaces/lawd_ws/install/lawd_teleop' for CMake config files
[0.501s] Level 1:colcon.colcon_core.shell:create_environment_hook('lawd_teleop', 'cmake_prefix_path')
[0.501s] INFO:colcon.colcon_core.shell:Creating environment hook '/home/vedh/workspaces/lawd_ws/install/lawd_teleop/share/lawd_teleop/hook/cmake_prefix_path.ps1'
[0.501s] INFO:colcon.colcon_core.shell:Creating environment descriptor '/home/vedh/workspaces/lawd_ws/install/lawd_teleop/share/lawd_teleop/hook/cmake_prefix_path.dsv'
[0.502s] INFO:colcon.colcon_core.shell:Creating environment hook '/home/vedh/workspaces/lawd_ws/install/lawd_teleop/share/lawd_teleop/hook/cmake_prefix_path.sh'
[0.502s] Level 1:colcon.colcon_core.environment:checking '/home/vedh/workspaces/lawd_ws/install/lawd_teleop/bin'
[0.502s] Level 1:colcon.colcon_core.environment:checking '/home/vedh/workspaces/lawd_ws/install/lawd_teleop/lib/pkgconfig/lawd_teleop.pc'
[0.502s] Level 1:colcon.colcon_core.environment:checking '/home/vedh/workspaces/lawd_ws/install/lawd_teleop/lib/python3.10/site-packages'
[0.503s] Level 1:colcon.colcon_core.environment:checking '/home/vedh/workspaces/lawd_ws/install/lawd_teleop/bin'
[0.503s] INFO:colcon.colcon_core.shell:Creating package script '/home/vedh/workspaces/lawd_ws/install/lawd_teleop/share/lawd_teleop/package.ps1'
[0.503s] INFO:colcon.colcon_core.shell:Creating package descriptor '/home/vedh/workspaces/lawd_ws/install/lawd_teleop/share/lawd_teleop/package.dsv'
[0.504s] INFO:colcon.colcon_core.shell:Creating package script '/home/vedh/workspaces/lawd_ws/install/lawd_teleop/share/lawd_teleop/package.sh'
[0.504s] INFO:colcon.colcon_core.shell:Creating package script '/home/vedh/workspaces/lawd_ws/install/lawd_teleop/share/lawd_teleop/package.bash'
[0.505s] INFO:colcon.colcon_core.shell:Creating package script '/home/vedh/workspaces/lawd_ws/install/lawd_teleop/share/lawd_teleop/package.zsh'
[0.505s] Level 1:colcon.colcon_core.environment:create_file_with_runtime_dependencies(/home/vedh/workspaces/lawd_ws/install/lawd_teleop/share/colcon-core/packages/lawd_teleop)
[0.705s] DEBUG:colcon.colcon_core.event_handler.log_command:Invoked command in '/home/vedh/workspaces/lawd_ws/build/lawd_msgs' returned '0': CMAKE_PREFIX_PATH=${CMAKE_PREFIX_PATH}:/home/vedh/control_ws/install/rqt_joint_trajectory_controller:/home/vedh/control_ws/install/rqt_controller_manager:/home/vedh/control_ws/install/ros2controlcli:/home/vedh/control_ws/install/ros2_controllers_test_nodes:/home/vedh/workspaces/demo_lawd_ws/install/demo_lawd_description:/opt/ros/humble /usr/bin/cmake --build /home/vedh/workspaces/lawd_ws/build/lawd_msgs -- -j16 -l16
[1.177s] DEBUG:colcon.colcon_core.event_handler.log_command:Invoking command in '/home/vedh/workspaces/lawd_ws/build/lawd_msgs': CMAKE_PREFIX_PATH=${CMAKE_PREFIX_PATH}:/home/vedh/control_ws/install/rqt_joint_trajectory_controller:/home/vedh/control_ws/install/rqt_controller_manager:/home/vedh/control_ws/install/ros2controlcli:/home/vedh/control_ws/install/ros2_controllers_test_nodes:/home/vedh/workspaces/demo_lawd_ws/install/demo_lawd_description:/opt/ros/humble /usr/bin/cmake --install /home/vedh/workspaces/lawd_ws/build/lawd_msgs
[1.242s] Level 1:colcon.colcon_core.environment:create_environment_scripts_only(lawd_msgs)
[1.242s] Level 1:colcon.colcon_core.environment:checking '/home/vedh/workspaces/lawd_ws/install/lawd_msgs' for CMake module files
[1.242s] DEBUG:colcon.colcon_core.event_handler.log_command:Invoked command in '/home/vedh/workspaces/lawd_ws/build/lawd_msgs' returned '0': CMAKE_PREFIX_PATH=${CMAKE_PREFIX_PATH}:/home/vedh/control_ws/install/rqt_joint_trajectory_controller:/home/vedh/control_ws/install/rqt_controller_manager:/home/vedh/control_ws/install/ros2controlcli:/home/vedh/control_ws/install/ros2_controllers_test_nodes:/home/vedh/workspaces/demo_lawd_ws/install/demo_lawd_description:/opt/ros/humble /usr/bin/cmake --install /home/vedh/workspaces/lawd_ws/build/lawd_msgs
[1.243s] Level 1:colcon.colcon_core.environment:checking '/home/vedh/workspaces/lawd_ws/install/lawd_msgs' for CMake config files
[1.243s] Level 1:colcon.colcon_core.shell:create_environment_hook('lawd_msgs', 'cmake_prefix_path')
[1.243s] INFO:colcon.colcon_core.shell:Creating environment hook '/home/vedh/workspaces/lawd_ws/install/lawd_msgs/share/lawd_msgs/hook/cmake_prefix_path.ps1'
[1.244s] INFO:colcon.colcon_core.shell:Creating environment descriptor '/home/vedh/workspaces/lawd_ws/install/lawd_msgs/share/lawd_msgs/hook/cmake_prefix_path.dsv'
[1.244s] INFO:colcon.colcon_core.shell:Creating environment hook '/home/vedh/workspaces/lawd_ws/install/lawd_msgs/share/lawd_msgs/hook/cmake_prefix_path.sh'
[1.244s] Level 1:colcon.colcon_core.environment:checking '/home/vedh/workspaces/lawd_ws/install/lawd_msgs/lib'
[1.245s] Level 1:colcon.colcon_core.shell:create_environment_hook('lawd_msgs', 'ld_library_path_lib')
[1.245s] INFO:colcon.colcon_core.shell:Creating environment hook '/home/vedh/workspaces/lawd_ws/install/lawd_msgs/share/lawd_msgs/hook/ld_library_path_lib.ps1'
[1.245s] INFO:colcon.colcon_core.shell:Creating environment descriptor '/home/vedh/workspaces/lawd_ws/install/lawd_msgs/share/lawd_msgs/hook/ld_library_path_lib.dsv'
[1.245s] INFO:colcon.colcon_core.shell:Creating environment hook '/home/vedh/workspaces/lawd_ws/install/lawd_msgs/share/lawd_msgs/hook/ld_library_path_lib.sh'
[1.246s] Level 1:colcon.colcon_core.environment:checking '/home/vedh/workspaces/lawd_ws/install/lawd_msgs/bin'
[1.246s] Level 1:colcon.colcon_core.environment:checking '/home/vedh/workspaces/lawd_ws/install/lawd_msgs/lib/pkgconfig/lawd_msgs.pc'
[1.246s] Level 1:colcon.colcon_core.environment:checking '/home/vedh/workspaces/lawd_ws/install/lawd_msgs/lib/python3.10/site-packages'
[1.246s] Level 1:colcon.colcon_core.environment:checking '/home/vedh/workspaces/lawd_ws/install/lawd_msgs/bin'
[1.246s] INFO:colcon.colcon_core.shell:Creating package script '/home/vedh/workspaces/lawd_ws/install/lawd_msgs/share/lawd_msgs/package.ps1'
[1.246s] INFO:colcon.colcon_core.shell:Creating package descriptor '/home/vedh/workspaces/lawd_ws/install/lawd_msgs/share/lawd_msgs/package.dsv'
[1.247s] INFO:colcon.colcon_core.shell:Creating package script '/home/vedh/workspaces/lawd_ws/install/lawd_msgs/share/lawd_msgs/package.sh'
[1.247s] INFO:colcon.colcon_core.shell:Creating package script '/home/vedh/workspaces/lawd_ws/install/lawd_msgs/share/lawd_msgs/package.bash'
[1.247s] INFO:colcon.colcon_core.shell:Creating package script '/home/vedh/workspaces/lawd_ws/install/lawd_msgs/share/lawd_msgs/package.zsh'
[1.247s] Level 1:colcon.colcon_core.environment:create_file_with_runtime_dependencies(/home/vedh/workspaces/lawd_ws/install/lawd_msgs/share/colcon-core/packages/lawd_msgs)
[1.722s] Level 1:colcon.colcon_core.environment:create_environment_scripts_only(lawd_msgs)
[1.722s] Level 1:colcon.colcon_core.environment:checking '/home/vedh/workspaces/lawd_ws/install/lawd_msgs' for CMake module files
[1.723s] Level 1:colcon.colcon_core.environment:checking '/home/vedh/workspaces/lawd_ws/install/lawd_msgs' for CMake config files
[1.724s] Level 1:colcon.colcon_core.shell:create_environment_hook('lawd_msgs', 'cmake_prefix_path')
[1.725s] INFO:colcon.colcon_core.shell:Creating environment hook '/home/vedh/workspaces/lawd_ws/install/lawd_msgs/share/lawd_msgs/hook/cmake_prefix_path.ps1'
[1.725s] INFO:colcon.colcon_core.shell:Creating environment descriptor '/home/vedh/workspaces/lawd_ws/install/lawd_msgs/share/lawd_msgs/hook/cmake_prefix_path.dsv'
[1.726s] INFO:colcon.colcon_core.shell:Creating environment hook '/home/vedh/workspaces/lawd_ws/install/lawd_msgs/share/lawd_msgs/hook/cmake_prefix_path.sh'
[1.727s] Level 1:colcon.colcon_core.environment:checking '/home/vedh/workspaces/lawd_ws/install/lawd_msgs/lib'
[1.727s] Level 1:colcon.colcon_core.shell:create_environment_hook('lawd_msgs', 'ld_library_path_lib')
[1.727s] INFO:colcon.colcon_core.shell:Creating environment hook '/home/vedh/workspaces/lawd_ws/install/lawd_msgs/share/lawd_msgs/hook/ld_library_path_lib.ps1'
[1.728s] INFO:colcon.colcon_core.shell:Creating environment descriptor '/home/vedh/workspaces/lawd_ws/install/lawd_msgs/share/lawd_msgs/hook/ld_library_path_lib.dsv'
[1.728s] INFO:colcon.colcon_core.shell:Creating environment hook '/home/vedh/workspaces/lawd_ws/install/lawd_msgs/share/lawd_msgs/hook/ld_library_path_lib.sh'
[1.728s] Level 1:colcon.colcon_core.environment:checking '/home/vedh/workspaces/lawd_ws/install/lawd_msgs/bin'
[1.729s] Level 1:colcon.colcon_core.environment:checking '/home/vedh/workspaces/lawd_ws/install/lawd_msgs/lib/pkgconfig/lawd_msgs.pc'
[1.729s] Level 1:colcon.colcon_core.environment:checking '/home/vedh/workspaces/lawd_ws/install/lawd_msgs/lib/python3.10/site-packages'
[1.729s] Level 1:colcon.colcon_core.environment:checking '/home/vedh/workspaces/lawd_ws/install/lawd_msgs/bin'
[1.730s] INFO:colcon.colcon_core.shell:Creating package script '/home/vedh/workspaces/lawd_ws/install/lawd_msgs/share/lawd_msgs/package.ps1'
[1.730s] INFO:colcon.colcon_core.shell:Creating package descriptor '/home/vedh/workspaces/lawd_ws/install/lawd_msgs/share/lawd_msgs/package.dsv'
[1.731s] INFO:colcon.colcon_core.shell:Creating package script '/home/vedh/workspaces/lawd_ws/install/lawd_msgs/share/lawd_msgs/package.sh'
[1.731s] INFO:colcon.colcon_core.shell:Creating package script '/home/vedh/workspaces/lawd_ws/install/lawd_msgs/share/lawd_msgs/package.bash'
[1.732s] INFO:colcon.colcon_core.shell:Creating package script '/home/vedh/workspaces/lawd_ws/install/lawd_msgs/share/lawd_msgs/package.zsh'
[1.732s] Level 1:colcon.colcon_core.environment:create_file_with_runtime_dependencies(/home/vedh/workspaces/lawd_ws/install/lawd_msgs/share/colcon-core/packages/lawd_msgs)
[1.732s] DEBUG:colcon.colcon_parallel_executor.executor.parallel:closing loop
[1.732s] DEBUG:colcon.colcon_parallel_executor.executor.parallel:loop closed
[1.732s] DEBUG:colcon.colcon_parallel_executor.executor.parallel:run_until_complete finished with '0'
[1.733s] DEBUG:colcon.colcon_core.event_reactor:joining thread
[1.741s] INFO:colcon.colcon_core.plugin_system:Skipping extension 'colcon_notification.desktop_notification.terminal_notifier': Not used on non-Darwin systems
[1.741s] INFO:colcon.colcon_core.plugin_system:Skipping extension 'colcon_notification.desktop_notification.win32': Not used on non-Windows systems
[1.741s] INFO:colcon.colcon_notification.desktop_notification:Sending desktop notification using 'notify2'
[1.752s] DEBUG:colcon.colcon_core.event_reactor:joined thread
[1.752s] INFO:colcon.colcon_core.shell:Creating prefix script '/home/vedh/workspaces/lawd_ws/install/local_setup.ps1'
[1.753s] INFO:colcon.colcon_core.shell:Creating prefix util module '/home/vedh/workspaces/lawd_ws/install/_local_setup_util_ps1.py'
[1.754s] INFO:colcon.colcon_core.shell:Creating prefix chain script '/home/vedh/workspaces/lawd_ws/install/setup.ps1'
[1.757s] INFO:colcon.colcon_core.shell:Creating prefix script '/home/vedh/workspaces/lawd_ws/install/local_setup.sh'
[1.757s] INFO:colcon.colcon_core.shell:Creating prefix util module '/home/vedh/workspaces/lawd_ws/install/_local_setup_util_sh.py'
[1.758s] INFO:colcon.colcon_core.shell:Creating prefix chain script '/home/vedh/workspaces/lawd_ws/install/setup.sh'
[1.760s] INFO:colcon.colcon_core.shell:Creating prefix script '/home/vedh/workspaces/lawd_ws/install/local_setup.bash'
[1.760s] INFO:colcon.colcon_core.shell:Creating prefix chain script '/home/vedh/workspaces/lawd_ws/install/setup.bash'
[1.763s] INFO:colcon.colcon_core.shell:Creating prefix script '/home/vedh/workspaces/lawd_ws/install/local_setup.zsh'
[1.763s] INFO:colcon.colcon_core.shell:Creating prefix chain script '/home/vedh/workspaces/lawd_ws/install/setup.zsh'
