[0.064s] DEBUG:colcon:Command line arguments: ['/usr/bin/colcon', 'build']
[0.064s] DEBUG:colcon:Parsed command line arguments: Namespace(log_base=None, log_level=None, verb_name='build', build_base='build', install_base='install', merge_install=False, symlink_install=False, test_result_base=None, continue_on_error=False, executor='parallel', parallel_workers=16, event_handlers=None, ignore_user_meta=False, metas=['./colcon.meta'], base_paths=['.'], packages_ignore=None, packages_ignore_regex=None, paths=None, packages_up_to=None, packages_up_to_regex=None, packages_above=None, packages_above_and_dependencies=None, packages_above_depth=None, packages_select_by_dep=None, packages_skip_by_dep=None, packages_skip_up_to=None, packages_select_build_failed=False, packages_skip_build_finished=False, packages_select_test_failures=False, packages_skip_test_passed=False, packages_select=None, packages_skip=None, packages_select_regex=None, packages_skip_regex=None, packages_start=None, packages_end=None, allow_overriding=[], cmake_args=None, cmake_target=None, cmake_target_skip_unavailable=False, cmake_clean_cache=False, cmake_clean_first=False, cmake_force_configure=False, ament_cmake_args=None, catkin_cmake_args=None, catkin_skip_building_tests=False, verb_parser=<colcon_defaults.argument_parser.defaults.DefaultArgumentsDecorator object at 0x7ef51523a8c0>, verb_extension=<colcon_core.verb.build.BuildVerb object at 0x7ef51523a350>, main=<bound method BuildVerb.main of <colcon_core.verb.build.BuildVerb object at 0x7ef51523a350>>)
[0.093s] Level 1:colcon.colcon_core.package_discovery:discover_packages(colcon_meta) check parameters
[0.093s] Level 1:colcon.colcon_core.package_discovery:discover_packages(recursive) check parameters
[0.093s] Level 1:colcon.colcon_core.package_discovery:discover_packages(ignore) check parameters
[0.093s] Level 1:colcon.colcon_core.package_discovery:discover_packages(path) check parameters
[0.093s] Level 1:colcon.colcon_core.package_discovery:discover_packages(colcon_meta) discover
[0.093s] Level 1:colcon.colcon_core.package_discovery:discover_packages(recursive) discover
[0.093s] INFO:colcon.colcon_core.package_discovery:Crawling recursively for packages in '/home/vedh/workspaces/lawd_ws'
[0.093s] Level 1:colcon.colcon_core.package_identification:_identify(.) by extensions ['ignore', 'ignore_ament_install']
[0.093s] Level 1:colcon.colcon_core.package_identification:_identify(.) by extension 'ignore'
[0.093s] Level 1:colcon.colcon_core.package_identification:_identify(.) by extension 'ignore_ament_install'
[0.094s] Level 1:colcon.colcon_core.package_identification:_identify(.) by extensions ['colcon_pkg']
[0.094s] Level 1:colcon.colcon_core.package_identification:_identify(.) by extension 'colcon_pkg'
[0.094s] Level 1:colcon.colcon_core.package_identification:_identify(.) by extensions ['colcon_meta']
[0.094s] Level 1:colcon.colcon_core.package_identification:_identify(.) by extension 'colcon_meta'
[0.094s] Level 1:colcon.colcon_core.package_identification:_identify(.) by extensions ['ros']
[0.094s] Level 1:colcon.colcon_core.package_identification:_identify(.) by extension 'ros'
[0.103s] Level 1:colcon.colcon_core.package_identification:_identify(.) by extensions ['cmake', 'python']
[0.103s] Level 1:colcon.colcon_core.package_identification:_identify(.) by extension 'cmake'
[0.103s] Level 1:colcon.colcon_core.package_identification:_identify(.) by extension 'python'
[0.103s] Level 1:colcon.colcon_core.package_identification:_identify(.) by extensions ['python_setup_py']
[0.103s] Level 1:colcon.colcon_core.package_identification:_identify(.) by extension 'python_setup_py'
[0.103s] Level 1:colcon.colcon_core.package_identification:_identify(build) by extensions ['ignore', 'ignore_ament_install']
[0.103s] Level 1:colcon.colcon_core.package_identification:_identify(build) by extension 'ignore'
[0.103s] Level 1:colcon.colcon_core.package_identification:_identify(build) ignored
[0.103s] Level 1:colcon.colcon_core.package_identification:_identify(install) by extensions ['ignore', 'ignore_ament_install']
[0.103s] Level 1:colcon.colcon_core.package_identification:_identify(install) by extension 'ignore'
[0.103s] Level 1:colcon.colcon_core.package_identification:_identify(install) ignored
[0.103s] Level 1:colcon.colcon_core.package_identification:_identify(log) by extensions ['ignore', 'ignore_ament_install']
[0.103s] Level 1:colcon.colcon_core.package_identification:_identify(log) by extension 'ignore'
[0.103s] Level 1:colcon.colcon_core.package_identification:_identify(log) ignored
[0.103s] Level 1:colcon.colcon_core.package_identification:_identify(src) by extensions ['ignore', 'ignore_ament_install']
[0.103s] Level 1:colcon.colcon_core.package_identification:_identify(src) by extension 'ignore'
[0.103s] Level 1:colcon.colcon_core.package_identification:_identify(src) by extension 'ignore_ament_install'
[0.103s] Level 1:colcon.colcon_core.package_identification:_identify(src) by extensions ['colcon_pkg']
[0.103s] Level 1:colcon.colcon_core.package_identification:_identify(src) by extension 'colcon_pkg'
[0.103s] Level 1:colcon.colcon_core.package_identification:_identify(src) by extensions ['colcon_meta']
[0.103s] Level 1:colcon.colcon_core.package_identification:_identify(src) by extension 'colcon_meta'
[0.103s] Level 1:colcon.colcon_core.package_identification:_identify(src) by extensions ['ros']
[0.103s] Level 1:colcon.colcon_core.package_identification:_identify(src) by extension 'ros'
[0.104s] Level 1:colcon.colcon_core.package_identification:_identify(src) by extensions ['cmake', 'python']
[0.104s] Level 1:colcon.colcon_core.package_identification:_identify(src) by extension 'cmake'
[0.104s] Level 1:colcon.colcon_core.package_identification:_identify(src) by extension 'python'
[0.104s] Level 1:colcon.colcon_core.package_identification:_identify(src) by extensions ['python_setup_py']
[0.104s] Level 1:colcon.colcon_core.package_identification:_identify(src) by extension 'python_setup_py'
[0.104s] Level 1:colcon.colcon_core.package_identification:_identify(src/lawd_ctrl) by extensions ['ignore', 'ignore_ament_install']
[0.104s] Level 1:colcon.colcon_core.package_identification:_identify(src/lawd_ctrl) by extension 'ignore'
[0.104s] Level 1:colcon.colcon_core.package_identification:_identify(src/lawd_ctrl) by extension 'ignore_ament_install'
[0.104s] Level 1:colcon.colcon_core.package_identification:_identify(src/lawd_ctrl) by extensions ['colcon_pkg']
[0.104s] Level 1:colcon.colcon_core.package_identification:_identify(src/lawd_ctrl) by extension 'colcon_pkg'
[0.104s] Level 1:colcon.colcon_core.package_identification:_identify(src/lawd_ctrl) by extensions ['colcon_meta']
[0.104s] Level 1:colcon.colcon_core.package_identification:_identify(src/lawd_ctrl) by extension 'colcon_meta'
[0.104s] Level 1:colcon.colcon_core.package_identification:_identify(src/lawd_ctrl) by extensions ['ros']
[0.104s] Level 1:colcon.colcon_core.package_identification:_identify(src/lawd_ctrl) by extension 'ros'
[0.105s] DEBUG:colcon.colcon_core.package_identification:Package 'src/lawd_ctrl' with type 'ros.ament_cmake' and name 'lawd_ctrl'
[0.105s] Level 1:colcon.colcon_core.package_identification:_identify(src/lawd_description) by extensions ['ignore', 'ignore_ament_install']
[0.106s] Level 1:colcon.colcon_core.package_identification:_identify(src/lawd_description) by extension 'ignore'
[0.106s] Level 1:colcon.colcon_core.package_identification:_identify(src/lawd_description) by extension 'ignore_ament_install'
[0.106s] Level 1:colcon.colcon_core.package_identification:_identify(src/lawd_description) by extensions ['colcon_pkg']
[0.106s] Level 1:colcon.colcon_core.package_identification:_identify(src/lawd_description) by extension 'colcon_pkg'
[0.106s] Level 1:colcon.colcon_core.package_identification:_identify(src/lawd_description) by extensions ['colcon_meta']
[0.106s] Level 1:colcon.colcon_core.package_identification:_identify(src/lawd_description) by extension 'colcon_meta'
[0.106s] Level 1:colcon.colcon_core.package_identification:_identify(src/lawd_description) by extensions ['ros']
[0.106s] Level 1:colcon.colcon_core.package_identification:_identify(src/lawd_description) by extension 'ros'
[0.106s] DEBUG:colcon.colcon_core.package_identification:Package 'src/lawd_description' with type 'ros.ament_cmake' and name 'lawd_description'
[0.106s] Level 1:colcon.colcon_core.package_identification:_identify(src/lawd_msgs) by extensions ['ignore', 'ignore_ament_install']
[0.107s] Level 1:colcon.colcon_core.package_identification:_identify(src/lawd_msgs) by extension 'ignore'
[0.107s] Level 1:colcon.colcon_core.package_identification:_identify(src/lawd_msgs) by extension 'ignore_ament_install'
[0.107s] Level 1:colcon.colcon_core.package_identification:_identify(src/lawd_msgs) by extensions ['colcon_pkg']
[0.107s] Level 1:colcon.colcon_core.package_identification:_identify(src/lawd_msgs) by extension 'colcon_pkg'
[0.107s] Level 1:colcon.colcon_core.package_identification:_identify(src/lawd_msgs) by extensions ['colcon_meta']
[0.107s] Level 1:colcon.colcon_core.package_identification:_identify(src/lawd_msgs) by extension 'colcon_meta'
[0.107s] Level 1:colcon.colcon_core.package_identification:_identify(src/lawd_msgs) by extensions ['ros']
[0.107s] Level 1:colcon.colcon_core.package_identification:_identify(src/lawd_msgs) by extension 'ros'
[0.107s] DEBUG:colcon.colcon_core.package_identification:Package 'src/lawd_msgs' with type 'ros.ament_cmake' and name 'lawd_msgs'
[0.107s] Level 1:colcon.colcon_core.package_identification:_identify(src/lawd_teleop) by extensions ['ignore', 'ignore_ament_install']
[0.107s] Level 1:colcon.colcon_core.package_identification:_identify(src/lawd_teleop) by extension 'ignore'
[0.107s] Level 1:colcon.colcon_core.package_identification:_identify(src/lawd_teleop) by extension 'ignore_ament_install'
[0.107s] Level 1:colcon.colcon_core.package_identification:_identify(src/lawd_teleop) by extensions ['colcon_pkg']
[0.107s] Level 1:colcon.colcon_core.package_identification:_identify(src/lawd_teleop) by extension 'colcon_pkg'
[0.107s] Level 1:colcon.colcon_core.package_identification:_identify(src/lawd_teleop) by extensions ['colcon_meta']
[0.107s] Level 1:colcon.colcon_core.package_identification:_identify(src/lawd_teleop) by extension 'colcon_meta'
[0.107s] Level 1:colcon.colcon_core.package_identification:_identify(src/lawd_teleop) by extensions ['ros']
[0.107s] Level 1:colcon.colcon_core.package_identification:_identify(src/lawd_teleop) by extension 'ros'
[0.108s] DEBUG:colcon.colcon_core.package_identification:Package 'src/lawd_teleop' with type 'ros.ament_cmake' and name 'lawd_teleop'
[0.108s] Level 1:colcon.colcon_core.package_discovery:discover_packages(recursive) using defaults
[0.108s] Level 1:colcon.colcon_core.package_discovery:discover_packages(ignore) discover
[0.108s] Level 1:colcon.colcon_core.package_discovery:discover_packages(ignore) using defaults
[0.108s] Level 1:colcon.colcon_core.package_discovery:discover_packages(path) discover
[0.108s] Level 1:colcon.colcon_core.package_discovery:discover_packages(path) using defaults
[0.121s] Level 1:colcon.colcon_core.package_discovery:discover_packages(prefix_path) check parameters
[0.121s] Level 1:colcon.colcon_core.package_discovery:discover_packages(prefix_path) discover
[0.123s] DEBUG:colcon.colcon_installed_package_information.package_discovery:Found 56 installed packages in /home/vedh/control_ws/install
[0.124s] DEBUG:colcon.colcon_installed_package_information.package_discovery:Found 1 installed packages in /home/vedh/workspaces/articulated_ws/install
[0.124s] DEBUG:colcon.colcon_installed_package_information.package_discovery:Found 2 installed packages in /home/vedh/workspaces/demo_lawd_ws/install
[0.125s] DEBUG:colcon.colcon_installed_package_information.package_discovery:Found 414 installed packages in /opt/ros/humble
[0.127s] Level 1:colcon.colcon_core.package_discovery:discover_packages(prefix_path) using defaults
[0.159s] Level 5:colcon.colcon_core.verb:set package 'lawd_ctrl' build argument 'cmake_args' from command line to 'None'
[0.159s] Level 5:colcon.colcon_core.verb:set package 'lawd_ctrl' build argument 'cmake_target' from command line to 'None'
[0.159s] Level 5:colcon.colcon_core.verb:set package 'lawd_ctrl' build argument 'cmake_target_skip_unavailable' from command line to 'False'
[0.159s] Level 5:colcon.colcon_core.verb:set package 'lawd_ctrl' build argument 'cmake_clean_cache' from command line to 'False'
[0.159s] Level 5:colcon.colcon_core.verb:set package 'lawd_ctrl' build argument 'cmake_clean_first' from command line to 'False'
[0.159s] Level 5:colcon.colcon_core.verb:set package 'lawd_ctrl' build argument 'cmake_force_configure' from command line to 'False'
[0.159s] Level 5:colcon.colcon_core.verb:set package 'lawd_ctrl' build argument 'ament_cmake_args' from command line to 'None'
[0.159s] Level 5:colcon.colcon_core.verb:set package 'lawd_ctrl' build argument 'catkin_cmake_args' from command line to 'None'
[0.159s] Level 5:colcon.colcon_core.verb:set package 'lawd_ctrl' build argument 'catkin_skip_building_tests' from command line to 'False'
[0.159s] DEBUG:colcon.colcon_core.verb:Building package 'lawd_ctrl' with the following arguments: {'ament_cmake_args': None, 'build_base': '/home/vedh/workspaces/lawd_ws/build/lawd_ctrl', 'catkin_cmake_args': None, 'catkin_skip_building_tests': False, 'cmake_args': None, 'cmake_clean_cache': False, 'cmake_clean_first': False, 'cmake_force_configure': False, 'cmake_target': None, 'cmake_target_skip_unavailable': False, 'install_base': '/home/vedh/workspaces/lawd_ws/install/lawd_ctrl', 'merge_install': False, 'path': '/home/vedh/workspaces/lawd_ws/src/lawd_ctrl', 'symlink_install': False, 'test_result_base': None}
[0.160s] Level 5:colcon.colcon_core.verb:set package 'lawd_description' build argument 'cmake_args' from command line to 'None'
[0.160s] Level 5:colcon.colcon_core.verb:set package 'lawd_description' build argument 'cmake_target' from command line to 'None'
[0.160s] Level 5:colcon.colcon_core.verb:set package 'lawd_description' build argument 'cmake_target_skip_unavailable' from command line to 'False'
[0.160s] Level 5:colcon.colcon_core.verb:set package 'lawd_description' build argument 'cmake_clean_cache' from command line to 'False'
[0.160s] Level 5:colcon.colcon_core.verb:set package 'lawd_description' build argument 'cmake_clean_first' from command line to 'False'
[0.160s] Level 5:colcon.colcon_core.verb:set package 'lawd_description' build argument 'cmake_force_configure' from command line to 'False'
[0.160s] Level 5:colcon.colcon_core.verb:set package 'lawd_description' build argument 'ament_cmake_args' from command line to 'None'
[0.160s] Level 5:colcon.colcon_core.verb:set package 'lawd_description' build argument 'catkin_cmake_args' from command line to 'None'
[0.160s] Level 5:colcon.colcon_core.verb:set package 'lawd_description' build argument 'catkin_skip_building_tests' from command line to 'False'
[0.160s] DEBUG:colcon.colcon_core.verb:Building package 'lawd_description' with the following arguments: {'ament_cmake_args': None, 'build_base': '/home/vedh/workspaces/lawd_ws/build/lawd_description', 'catkin_cmake_args': None, 'catkin_skip_building_tests': False, 'cmake_args': None, 'cmake_clean_cache': False, 'cmake_clean_first': False, 'cmake_force_configure': False, 'cmake_target': None, 'cmake_target_skip_unavailable': False, 'install_base': '/home/vedh/workspaces/lawd_ws/install/lawd_description', 'merge_install': False, 'path': '/home/vedh/workspaces/lawd_ws/src/lawd_description', 'symlink_install': False, 'test_result_base': None}
[0.160s] Level 5:colcon.colcon_core.verb:set package 'lawd_msgs' build argument 'cmake_args' from command line to 'None'
[0.160s] Level 5:colcon.colcon_core.verb:set package 'lawd_msgs' build argument 'cmake_target' from command line to 'None'
[0.160s] Level 5:colcon.colcon_core.verb:set package 'lawd_msgs' build argument 'cmake_target_skip_unavailable' from command line to 'False'
[0.160s] Level 5:colcon.colcon_core.verb:set package 'lawd_msgs' build argument 'cmake_clean_cache' from command line to 'False'
[0.160s] Level 5:colcon.colcon_core.verb:set package 'lawd_msgs' build argument 'cmake_clean_first' from command line to 'False'
[0.160s] Level 5:colcon.colcon_core.verb:set package 'lawd_msgs' build argument 'cmake_force_configure' from command line to 'False'
[0.160s] Level 5:colcon.colcon_core.verb:set package 'lawd_msgs' build argument 'ament_cmake_args' from command line to 'None'
[0.160s] Level 5:colcon.colcon_core.verb:set package 'lawd_msgs' build argument 'catkin_cmake_args' from command line to 'None'
[0.160s] Level 5:colcon.colcon_core.verb:set package 'lawd_msgs' build argument 'catkin_skip_building_tests' from command line to 'False'
[0.160s] DEBUG:colcon.colcon_core.verb:Building package 'lawd_msgs' with the following arguments: {'ament_cmake_args': None, 'build_base': '/home/vedh/workspaces/lawd_ws/build/lawd_msgs', 'catkin_cmake_args': None, 'catkin_skip_building_tests': False, 'cmake_args': None, 'cmake_clean_cache': False, 'cmake_clean_first': False, 'cmake_force_configure': False, 'cmake_target': None, 'cmake_target_skip_unavailable': False, 'install_base': '/home/vedh/workspaces/lawd_ws/install/lawd_msgs', 'merge_install': False, 'path': '/home/vedh/workspaces/lawd_ws/src/lawd_msgs', 'symlink_install': False, 'test_result_base': None}
[0.160s] Level 5:colcon.colcon_core.verb:set package 'lawd_teleop' build argument 'cmake_args' from command line to 'None'
[0.160s] Level 5:colcon.colcon_core.verb:set package 'lawd_teleop' build argument 'cmake_target' from command line to 'None'
[0.160s] Level 5:colcon.colcon_core.verb:set package 'lawd_teleop' build argument 'cmake_target_skip_unavailable' from command line to 'False'
[0.160s] Level 5:colcon.colcon_core.verb:set package 'lawd_teleop' build argument 'cmake_clean_cache' from command line to 'False'
[0.160s] Level 5:colcon.colcon_core.verb:set package 'lawd_teleop' build argument 'cmake_clean_first' from command line to 'False'
[0.160s] Level 5:colcon.colcon_core.verb:set package 'lawd_teleop' build argument 'cmake_force_configure' from command line to 'False'
[0.160s] Level 5:colcon.colcon_core.verb:set package 'lawd_teleop' build argument 'ament_cmake_args' from command line to 'None'
[0.160s] Level 5:colcon.colcon_core.verb:set package 'lawd_teleop' build argument 'catkin_cmake_args' from command line to 'None'
[0.160s] Level 5:colcon.colcon_core.verb:set package 'lawd_teleop' build argument 'catkin_skip_building_tests' from command line to 'False'
[0.160s] DEBUG:colcon.colcon_core.verb:Building package 'lawd_teleop' with the following arguments: {'ament_cmake_args': None, 'build_base': '/home/vedh/workspaces/lawd_ws/build/lawd_teleop', 'catkin_cmake_args': None, 'catkin_skip_building_tests': False, 'cmake_args': None, 'cmake_clean_cache': False, 'cmake_clean_first': False, 'cmake_force_configure': False, 'cmake_target': None, 'cmake_target_skip_unavailable': False, 'install_base': '/home/vedh/workspaces/lawd_ws/install/lawd_teleop', 'merge_install': False, 'path': '/home/vedh/workspaces/lawd_ws/src/lawd_teleop', 'symlink_install': False, 'test_result_base': None}
[0.160s] INFO:colcon.colcon_core.executor:Executing jobs using 'parallel' executor
[0.161s] DEBUG:colcon.colcon_parallel_executor.executor.parallel:run_until_complete
[0.161s] INFO:colcon.colcon_ros.task.ament_cmake.build:Building ROS package in '/home/vedh/workspaces/lawd_ws/src/lawd_ctrl' with build type 'ament_cmake'
[0.161s] INFO:colcon.colcon_cmake.task.cmake.build:Building CMake package in '/home/vedh/workspaces/lawd_ws/src/lawd_ctrl'
[0.162s] INFO:colcon.colcon_core.plugin_system:Skipping extension 'colcon_core.shell.bat': Not used on non-Windows systems
[0.162s] INFO:colcon.colcon_core.shell:Skip shell extension 'powershell' for command environment: Not usable outside of PowerShell
[0.162s] DEBUG:colcon.colcon_core.shell:Skip shell extension 'dsv' for command environment
[0.167s] INFO:colcon.colcon_ros.task.ament_cmake.build:Building ROS package in '/home/vedh/workspaces/lawd_ws/src/lawd_description' with build type 'ament_cmake'
[0.167s] INFO:colcon.colcon_cmake.task.cmake.build:Building CMake package in '/home/vedh/workspaces/lawd_ws/src/lawd_description'
[0.167s] INFO:colcon.colcon_core.shell:Skip shell extension 'powershell' for command environment: Not usable outside of PowerShell
[0.167s] DEBUG:colcon.colcon_core.shell:Skip shell extension 'dsv' for command environment
[0.171s] INFO:colcon.colcon_ros.task.ament_cmake.build:Building ROS package in '/home/vedh/workspaces/lawd_ws/src/lawd_msgs' with build type 'ament_cmake'
[0.171s] INFO:colcon.colcon_cmake.task.cmake.build:Building CMake package in '/home/vedh/workspaces/lawd_ws/src/lawd_msgs'
[0.172s] INFO:colcon.colcon_core.shell:Skip shell extension 'powershell' for command environment: Not usable outside of PowerShell
[0.172s] DEBUG:colcon.colcon_core.shell:Skip shell extension 'dsv' for command environment
[0.176s] INFO:colcon.colcon_ros.task.ament_cmake.build:Building ROS package in '/home/vedh/workspaces/lawd_ws/src/lawd_teleop' with build type 'ament_cmake'
[0.176s] INFO:colcon.colcon_cmake.task.cmake.build:Building CMake package in '/home/vedh/workspaces/lawd_ws/src/lawd_teleop'
[0.176s] INFO:colcon.colcon_core.shell:Skip shell extension 'powershell' for command environment: Not usable outside of PowerShell
[0.176s] DEBUG:colcon.colcon_core.shell:Skip shell extension 'dsv' for command environment
[0.189s] DEBUG:colcon.colcon_core.event_handler.log_command:Invoking command in '/home/vedh/workspaces/lawd_ws/build/lawd_ctrl': CMAKE_PREFIX_PATH=${CMAKE_PREFIX_PATH}:/home/vedh/control_ws/install/rqt_joint_trajectory_controller:/home/vedh/control_ws/install/rqt_controller_manager:/home/vedh/control_ws/install/ros2controlcli:/home/vedh/control_ws/install/ros2_controllers_test_nodes:/home/vedh/workspaces/demo_lawd_ws/install/demo_lawd_description:/opt/ros/humble /usr/bin/cmake --build /home/vedh/workspaces/lawd_ws/build/lawd_ctrl -- -j16 -l16
[0.191s] DEBUG:colcon.colcon_core.event_handler.log_command:Invoking command in '/home/vedh/workspaces/lawd_ws/build/lawd_description': CMAKE_PREFIX_PATH=${CMAKE_PREFIX_PATH}:/home/vedh/control_ws/install/rqt_joint_trajectory_controller:/home/vedh/control_ws/install/rqt_controller_manager:/home/vedh/control_ws/install/ros2controlcli:/home/vedh/control_ws/install/ros2_controllers_test_nodes:/home/vedh/workspaces/demo_lawd_ws/install/demo_lawd_description:/opt/ros/humble /usr/bin/cmake --build /home/vedh/workspaces/lawd_ws/build/lawd_description -- -j16 -l16
[0.194s] DEBUG:colcon.colcon_core.event_handler.log_command:Invoking command in '/home/vedh/workspaces/lawd_ws/build/lawd_msgs': CMAKE_PREFIX_PATH=${CMAKE_PREFIX_PATH}:/home/vedh/control_ws/install/rqt_joint_trajectory_controller:/home/vedh/control_ws/install/rqt_controller_manager:/home/vedh/control_ws/install/ros2controlcli:/home/vedh/control_ws/install/ros2_controllers_test_nodes:/home/vedh/workspaces/demo_lawd_ws/install/demo_lawd_description:/opt/ros/humble /usr/bin/cmake --build /home/vedh/workspaces/lawd_ws/build/lawd_msgs -- -j16 -l16
[0.197s] DEBUG:colcon.colcon_core.event_handler.log_command:Invoking command in '/home/vedh/workspaces/lawd_ws/build/lawd_teleop': CMAKE_PREFIX_PATH=${CMAKE_PREFIX_PATH}:/home/vedh/control_ws/install/rqt_joint_trajectory_controller:/home/vedh/control_ws/install/rqt_controller_manager:/home/vedh/control_ws/install/ros2controlcli:/home/vedh/control_ws/install/ros2_controllers_test_nodes:/home/vedh/workspaces/demo_lawd_ws/install/demo_lawd_description:/opt/ros/humble /usr/bin/cmake --build /home/vedh/workspaces/lawd_ws/build/lawd_teleop -- -j16 -l16
[0.230s] DEBUG:colcon.colcon_core.event_handler.log_command:Invoked command in '/home/vedh/workspaces/lawd_ws/build/lawd_ctrl' returned '0': CMAKE_PREFIX_PATH=${CMAKE_PREFIX_PATH}:/home/vedh/control_ws/install/rqt_joint_trajectory_controller:/home/vedh/control_ws/install/rqt_controller_manager:/home/vedh/control_ws/install/ros2controlcli:/home/vedh/control_ws/install/ros2_controllers_test_nodes:/home/vedh/workspaces/demo_lawd_ws/install/demo_lawd_description:/opt/ros/humble /usr/bin/cmake --build /home/vedh/workspaces/lawd_ws/build/lawd_ctrl -- -j16 -l16
[0.240s] DEBUG:colcon.colcon_core.event_handler.log_command:Invoked command in '/home/vedh/workspaces/lawd_ws/build/lawd_description' returned '0': CMAKE_PREFIX_PATH=${CMAKE_PREFIX_PATH}:/home/vedh/control_ws/install/rqt_joint_trajectory_controller:/home/vedh/control_ws/install/rqt_controller_manager:/home/vedh/control_ws/install/ros2controlcli:/home/vedh/control_ws/install/ros2_controllers_test_nodes:/home/vedh/workspaces/demo_lawd_ws/install/demo_lawd_description:/opt/ros/humble /usr/bin/cmake --build /home/vedh/workspaces/lawd_ws/build/lawd_description -- -j16 -l16
[0.241s] DEBUG:colcon.colcon_core.event_handler.log_command:Invoked command in '/home/vedh/workspaces/lawd_ws/build/lawd_teleop' returned '0': CMAKE_PREFIX_PATH=${CMAKE_PREFIX_PATH}:/home/vedh/control_ws/install/rqt_joint_trajectory_controller:/home/vedh/control_ws/install/rqt_controller_manager:/home/vedh/control_ws/install/ros2controlcli:/home/vedh/control_ws/install/ros2_controllers_test_nodes:/home/vedh/workspaces/demo_lawd_ws/install/demo_lawd_description:/opt/ros/humble /usr/bin/cmake --build /home/vedh/workspaces/lawd_ws/build/lawd_teleop -- -j16 -l16
[0.274s] DEBUG:colcon.colcon_core.event_handler.log_command:Invoking command in '/home/vedh/workspaces/lawd_ws/build/lawd_ctrl': CMAKE_PREFIX_PATH=${CMAKE_PREFIX_PATH}:/home/vedh/control_ws/install/rqt_joint_trajectory_controller:/home/vedh/control_ws/install/rqt_controller_manager:/home/vedh/control_ws/install/ros2controlcli:/home/vedh/control_ws/install/ros2_controllers_test_nodes:/home/vedh/workspaces/demo_lawd_ws/install/demo_lawd_description:/opt/ros/humble /usr/bin/cmake --install /home/vedh/workspaces/lawd_ws/build/lawd_ctrl
[0.278s] DEBUG:colcon.colcon_core.event_handler.log_command:Invoking command in '/home/vedh/workspaces/lawd_ws/build/lawd_description': CMAKE_PREFIX_PATH=${CMAKE_PREFIX_PATH}:/home/vedh/control_ws/install/rqt_joint_trajectory_controller:/home/vedh/control_ws/install/rqt_controller_manager:/home/vedh/control_ws/install/ros2controlcli:/home/vedh/control_ws/install/ros2_controllers_test_nodes:/home/vedh/workspaces/demo_lawd_ws/install/demo_lawd_description:/opt/ros/humble /usr/bin/cmake --install /home/vedh/workspaces/lawd_ws/build/lawd_description
[0.279s] DEBUG:colcon.colcon_core.event_handler.log_command:Invoking command in '/home/vedh/workspaces/lawd_ws/build/lawd_teleop': CMAKE_PREFIX_PATH=${CMAKE_PREFIX_PATH}:/home/vedh/control_ws/install/rqt_joint_trajectory_controller:/home/vedh/control_ws/install/rqt_controller_manager:/home/vedh/control_ws/install/ros2controlcli:/home/vedh/control_ws/install/ros2_controllers_test_nodes:/home/vedh/workspaces/demo_lawd_ws/install/demo_lawd_description:/opt/ros/humble /usr/bin/cmake --install /home/vedh/workspaces/lawd_ws/build/lawd_teleop
[0.288s] Level 1:colcon.colcon_core.environment:create_environment_scripts_only(lawd_ctrl)
[0.289s] DEBUG:colcon.colcon_core.event_handler.log_command:Invoked command in '/home/vedh/workspaces/lawd_ws/build/lawd_ctrl' returned '0': CMAKE_PREFIX_PATH=${CMAKE_PREFIX_PATH}:/home/vedh/control_ws/install/rqt_joint_trajectory_controller:/home/vedh/control_ws/install/rqt_controller_manager:/home/vedh/control_ws/install/ros2controlcli:/home/vedh/control_ws/install/ros2_controllers_test_nodes:/home/vedh/workspaces/demo_lawd_ws/install/demo_lawd_description:/opt/ros/humble /usr/bin/cmake --install /home/vedh/workspaces/lawd_ws/build/lawd_ctrl
[0.297s] Level 1:colcon.colcon_core.environment:checking '/home/vedh/workspaces/lawd_ws/install/lawd_ctrl' for CMake module files
[0.297s] Level 1:colcon.colcon_core.environment:checking '/home/vedh/workspaces/lawd_ws/install/lawd_ctrl' for CMake config files
[0.297s] Level 1:colcon.colcon_core.shell:create_environment_hook('lawd_ctrl', 'cmake_prefix_path')
[0.297s] INFO:colcon.colcon_core.shell:Creating environment hook '/home/vedh/workspaces/lawd_ws/install/lawd_ctrl/share/lawd_ctrl/hook/cmake_prefix_path.ps1'
[0.298s] INFO:colcon.colcon_core.shell:Creating environment descriptor '/home/vedh/workspaces/lawd_ws/install/lawd_ctrl/share/lawd_ctrl/hook/cmake_prefix_path.dsv'
[0.298s] INFO:colcon.colcon_core.shell:Creating environment hook '/home/vedh/workspaces/lawd_ws/install/lawd_ctrl/share/lawd_ctrl/hook/cmake_prefix_path.sh'
[0.299s] Level 1:colcon.colcon_core.environment:checking '/home/vedh/workspaces/lawd_ws/install/lawd_ctrl/bin'
[0.299s] Level 1:colcon.colcon_core.environment:checking '/home/vedh/workspaces/lawd_ws/install/lawd_ctrl/lib/pkgconfig/lawd_ctrl.pc'
[0.299s] Level 1:colcon.colcon_core.environment:checking '/home/vedh/workspaces/lawd_ws/install/lawd_ctrl/lib/python3.10/site-packages'
[0.299s] Level 1:colcon.colcon_core.environment:checking '/home/vedh/workspaces/lawd_ws/install/lawd_ctrl/bin'
[0.299s] INFO:colcon.colcon_core.shell:Creating package script '/home/vedh/workspaces/lawd_ws/install/lawd_ctrl/share/lawd_ctrl/package.ps1'
[0.300s] INFO:colcon.colcon_core.shell:Creating package descriptor '/home/vedh/workspaces/lawd_ws/install/lawd_ctrl/share/lawd_ctrl/package.dsv'
[0.300s] INFO:colcon.colcon_core.shell:Creating package script '/home/vedh/workspaces/lawd_ws/install/lawd_ctrl/share/lawd_ctrl/package.sh'
[0.300s] INFO:colcon.colcon_core.shell:Creating package script '/home/vedh/workspaces/lawd_ws/install/lawd_ctrl/share/lawd_ctrl/package.bash'
[0.301s] INFO:colcon.colcon_core.shell:Creating package script '/home/vedh/workspaces/lawd_ws/install/lawd_ctrl/share/lawd_ctrl/package.zsh'
[0.301s] Level 1:colcon.colcon_core.environment:create_file_with_runtime_dependencies(/home/vedh/workspaces/lawd_ws/install/lawd_ctrl/share/colcon-core/packages/lawd_ctrl)
[0.303s] Level 1:colcon.colcon_core.environment:create_environment_scripts_only(lawd_teleop)
[0.303s] Level 1:colcon.colcon_core.environment:checking '/home/vedh/workspaces/lawd_ws/install/lawd_teleop' for CMake module files
[0.303s] DEBUG:colcon.colcon_core.event_handler.log_command:Invoked command in '/home/vedh/workspaces/lawd_ws/build/lawd_teleop' returned '0': CMAKE_PREFIX_PATH=${CMAKE_PREFIX_PATH}:/home/vedh/control_ws/install/rqt_joint_trajectory_controller:/home/vedh/control_ws/install/rqt_controller_manager:/home/vedh/control_ws/install/ros2controlcli:/home/vedh/control_ws/install/ros2_controllers_test_nodes:/home/vedh/workspaces/demo_lawd_ws/install/demo_lawd_description:/opt/ros/humble /usr/bin/cmake --install /home/vedh/workspaces/lawd_ws/build/lawd_teleop
[0.303s] Level 1:colcon.colcon_core.environment:checking '/home/vedh/workspaces/lawd_ws/install/lawd_teleop' for CMake config files
[0.304s] Level 1:colcon.colcon_core.shell:create_environment_hook('lawd_teleop', 'cmake_prefix_path')
[0.304s] INFO:colcon.colcon_core.shell:Creating environment hook '/home/vedh/workspaces/lawd_ws/install/lawd_teleop/share/lawd_teleop/hook/cmake_prefix_path.ps1'
[0.304s] INFO:colcon.colcon_core.shell:Creating environment descriptor '/home/vedh/workspaces/lawd_ws/install/lawd_teleop/share/lawd_teleop/hook/cmake_prefix_path.dsv'
[0.304s] INFO:colcon.colcon_core.shell:Creating environment hook '/home/vedh/workspaces/lawd_ws/install/lawd_teleop/share/lawd_teleop/hook/cmake_prefix_path.sh'
[0.305s] Level 1:colcon.colcon_core.environment:checking '/home/vedh/workspaces/lawd_ws/install/lawd_teleop/bin'
[0.305s] Level 1:colcon.colcon_core.environment:checking '/home/vedh/workspaces/lawd_ws/install/lawd_teleop/lib/pkgconfig/lawd_teleop.pc'
[0.305s] Level 1:colcon.colcon_core.environment:checking '/home/vedh/workspaces/lawd_ws/install/lawd_teleop/lib/python3.10/site-packages'
[0.305s] Level 1:colcon.colcon_core.environment:checking '/home/vedh/workspaces/lawd_ws/install/lawd_teleop/bin'
[0.305s] INFO:colcon.colcon_core.shell:Creating package script '/home/vedh/workspaces/lawd_ws/install/lawd_teleop/share/lawd_teleop/package.ps1'
[0.305s] INFO:colcon.colcon_core.shell:Creating package descriptor '/home/vedh/workspaces/lawd_ws/install/lawd_teleop/share/lawd_teleop/package.dsv'
[0.306s] INFO:colcon.colcon_core.shell:Creating package script '/home/vedh/workspaces/lawd_ws/install/lawd_teleop/share/lawd_teleop/package.sh'
[0.306s] INFO:colcon.colcon_core.shell:Creating package script '/home/vedh/workspaces/lawd_ws/install/lawd_teleop/share/lawd_teleop/package.bash'
[0.306s] INFO:colcon.colcon_core.shell:Creating package script '/home/vedh/workspaces/lawd_ws/install/lawd_teleop/share/lawd_teleop/package.zsh'
[0.306s] Level 1:colcon.colcon_core.environment:create_file_with_runtime_dependencies(/home/vedh/workspaces/lawd_ws/install/lawd_teleop/share/colcon-core/packages/lawd_teleop)
[0.307s] Level 1:colcon.colcon_core.environment:create_environment_scripts_only(lawd_description)
[0.307s] Level 1:colcon.colcon_core.environment:checking '/home/vedh/workspaces/lawd_ws/install/lawd_description' for CMake module files
[0.307s] DEBUG:colcon.colcon_core.event_handler.log_command:Invoked command in '/home/vedh/workspaces/lawd_ws/build/lawd_description' returned '0': CMAKE_PREFIX_PATH=${CMAKE_PREFIX_PATH}:/home/vedh/control_ws/install/rqt_joint_trajectory_controller:/home/vedh/control_ws/install/rqt_controller_manager:/home/vedh/control_ws/install/ros2controlcli:/home/vedh/control_ws/install/ros2_controllers_test_nodes:/home/vedh/workspaces/demo_lawd_ws/install/demo_lawd_description:/opt/ros/humble /usr/bin/cmake --install /home/vedh/workspaces/lawd_ws/build/lawd_description
[0.307s] Level 1:colcon.colcon_core.environment:checking '/home/vedh/workspaces/lawd_ws/install/lawd_description' for CMake config files
[0.308s] Level 1:colcon.colcon_core.shell:create_environment_hook('lawd_description', 'cmake_prefix_path')
[0.308s] INFO:colcon.colcon_core.shell:Creating environment hook '/home/vedh/workspaces/lawd_ws/install/lawd_description/share/lawd_description/hook/cmake_prefix_path.ps1'
[0.308s] INFO:colcon.colcon_core.shell:Creating environment descriptor '/home/vedh/workspaces/lawd_ws/install/lawd_description/share/lawd_description/hook/cmake_prefix_path.dsv'
[0.308s] INFO:colcon.colcon_core.shell:Creating environment hook '/home/vedh/workspaces/lawd_ws/install/lawd_description/share/lawd_description/hook/cmake_prefix_path.sh'
[0.309s] Level 1:colcon.colcon_core.environment:checking '/home/vedh/workspaces/lawd_ws/install/lawd_description/bin'
[0.309s] Level 1:colcon.colcon_core.environment:checking '/home/vedh/workspaces/lawd_ws/install/lawd_description/lib/pkgconfig/lawd_description.pc'
[0.309s] Level 1:colcon.colcon_core.environment:checking '/home/vedh/workspaces/lawd_ws/install/lawd_description/lib/python3.10/site-packages'
[0.309s] Level 1:colcon.colcon_core.environment:checking '/home/vedh/workspaces/lawd_ws/install/lawd_description/bin'
[0.309s] INFO:colcon.colcon_core.shell:Creating package script '/home/vedh/workspaces/lawd_ws/install/lawd_description/share/lawd_description/package.ps1'
[0.309s] INFO:colcon.colcon_core.shell:Creating package descriptor '/home/vedh/workspaces/lawd_ws/install/lawd_description/share/lawd_description/package.dsv'
[0.310s] INFO:colcon.colcon_core.shell:Creating package script '/home/vedh/workspaces/lawd_ws/install/lawd_description/share/lawd_description/package.sh'
[0.310s] INFO:colcon.colcon_core.shell:Creating package script '/home/vedh/workspaces/lawd_ws/install/lawd_description/share/lawd_description/package.bash'
[0.310s] INFO:colcon.colcon_core.shell:Creating package script '/home/vedh/workspaces/lawd_ws/install/lawd_description/share/lawd_description/package.zsh'
[0.310s] Level 1:colcon.colcon_core.environment:create_file_with_runtime_dependencies(/home/vedh/workspaces/lawd_ws/install/lawd_description/share/colcon-core/packages/lawd_description)
[0.335s] Level 1:colcon.colcon_core.environment:create_environment_scripts_only(lawd_ctrl)
[0.335s] Level 1:colcon.colcon_core.environment:checking '/home/vedh/workspaces/lawd_ws/install/lawd_ctrl' for CMake module files
[0.335s] Level 1:colcon.colcon_core.environment:checking '/home/vedh/workspaces/lawd_ws/install/lawd_ctrl' for CMake config files
[0.335s] Level 1:colcon.colcon_core.shell:create_environment_hook('lawd_ctrl', 'cmake_prefix_path')
[0.335s] INFO:colcon.colcon_core.shell:Creating environment hook '/home/vedh/workspaces/lawd_ws/install/lawd_ctrl/share/lawd_ctrl/hook/cmake_prefix_path.ps1'
[0.336s] INFO:colcon.colcon_core.shell:Creating environment descriptor '/home/vedh/workspaces/lawd_ws/install/lawd_ctrl/share/lawd_ctrl/hook/cmake_prefix_path.dsv'
[0.336s] INFO:colcon.colcon_core.shell:Creating environment hook '/home/vedh/workspaces/lawd_ws/install/lawd_ctrl/share/lawd_ctrl/hook/cmake_prefix_path.sh'
[0.336s] Level 1:colcon.colcon_core.environment:checking '/home/vedh/workspaces/lawd_ws/install/lawd_ctrl/bin'
[0.336s] Level 1:colcon.colcon_core.environment:checking '/home/vedh/workspaces/lawd_ws/install/lawd_ctrl/lib/pkgconfig/lawd_ctrl.pc'
[0.336s] Level 1:colcon.colcon_core.environment:checking '/home/vedh/workspaces/lawd_ws/install/lawd_ctrl/lib/python3.10/site-packages'
[0.337s] Level 1:colcon.colcon_core.environment:checking '/home/vedh/workspaces/lawd_ws/install/lawd_ctrl/bin'
[0.337s] INFO:colcon.colcon_core.shell:Creating package script '/home/vedh/workspaces/lawd_ws/install/lawd_ctrl/share/lawd_ctrl/package.ps1'
[0.337s] INFO:colcon.colcon_core.shell:Creating package descriptor '/home/vedh/workspaces/lawd_ws/install/lawd_ctrl/share/lawd_ctrl/package.dsv'
[0.337s] INFO:colcon.colcon_core.shell:Creating package script '/home/vedh/workspaces/lawd_ws/install/lawd_ctrl/share/lawd_ctrl/package.sh'
[0.337s] INFO:colcon.colcon_core.shell:Creating package script '/home/vedh/workspaces/lawd_ws/install/lawd_ctrl/share/lawd_ctrl/package.bash'
[0.338s] INFO:colcon.colcon_core.shell:Creating package script '/home/vedh/workspaces/lawd_ws/install/lawd_ctrl/share/lawd_ctrl/package.zsh'
[0.338s] Level 1:colcon.colcon_core.environment:create_file_with_runtime_dependencies(/home/vedh/workspaces/lawd_ws/install/lawd_ctrl/share/colcon-core/packages/lawd_ctrl)
[0.339s] Level 1:colcon.colcon_core.environment:create_environment_scripts_only(lawd_teleop)
[0.339s] Level 1:colcon.colcon_core.environment:checking '/home/vedh/workspaces/lawd_ws/install/lawd_teleop' for CMake module files
[0.339s] Level 1:colcon.colcon_core.environment:checking '/home/vedh/workspaces/lawd_ws/install/lawd_teleop' for CMake config files
[0.339s] Level 1:colcon.colcon_core.shell:create_environment_hook('lawd_teleop', 'cmake_prefix_path')
[0.339s] INFO:colcon.colcon_core.shell:Creating environment hook '/home/vedh/workspaces/lawd_ws/install/lawd_teleop/share/lawd_teleop/hook/cmake_prefix_path.ps1'
[0.340s] INFO:colcon.colcon_core.shell:Creating environment descriptor '/home/vedh/workspaces/lawd_ws/install/lawd_teleop/share/lawd_teleop/hook/cmake_prefix_path.dsv'
[0.340s] INFO:colcon.colcon_core.shell:Creating environment hook '/home/vedh/workspaces/lawd_ws/install/lawd_teleop/share/lawd_teleop/hook/cmake_prefix_path.sh'
[0.340s] Level 1:colcon.colcon_core.environment:checking '/home/vedh/workspaces/lawd_ws/install/lawd_teleop/bin'
[0.340s] Level 1:colcon.colcon_core.environment:checking '/home/vedh/workspaces/lawd_ws/install/lawd_teleop/lib/pkgconfig/lawd_teleop.pc'
[0.340s] Level 1:colcon.colcon_core.environment:checking '/home/vedh/workspaces/lawd_ws/install/lawd_teleop/lib/python3.10/site-packages'
[0.340s] Level 1:colcon.colcon_core.environment:checking '/home/vedh/workspaces/lawd_ws/install/lawd_teleop/bin'
[0.341s] INFO:colcon.colcon_core.shell:Creating package script '/home/vedh/workspaces/lawd_ws/install/lawd_teleop/share/lawd_teleop/package.ps1'
[0.341s] INFO:colcon.colcon_core.shell:Creating package descriptor '/home/vedh/workspaces/lawd_ws/install/lawd_teleop/share/lawd_teleop/package.dsv'
[0.341s] INFO:colcon.colcon_core.shell:Creating package script '/home/vedh/workspaces/lawd_ws/install/lawd_teleop/share/lawd_teleop/package.sh'
[0.341s] INFO:colcon.colcon_core.shell:Creating package script '/home/vedh/workspaces/lawd_ws/install/lawd_teleop/share/lawd_teleop/package.bash'
[0.342s] INFO:colcon.colcon_core.shell:Creating package script '/home/vedh/workspaces/lawd_ws/install/lawd_teleop/share/lawd_teleop/package.zsh'
[0.342s] Level 1:colcon.colcon_core.environment:create_file_with_runtime_dependencies(/home/vedh/workspaces/lawd_ws/install/lawd_teleop/share/colcon-core/packages/lawd_teleop)
[0.343s] Level 1:colcon.colcon_core.environment:create_environment_scripts_only(lawd_description)
[0.343s] Level 1:colcon.colcon_core.environment:checking '/home/vedh/workspaces/lawd_ws/install/lawd_description' for CMake module files
[0.343s] Level 1:colcon.colcon_core.environment:checking '/home/vedh/workspaces/lawd_ws/install/lawd_description' for CMake config files
[0.343s] Level 1:colcon.colcon_core.shell:create_environment_hook('lawd_description', 'cmake_prefix_path')
[0.343s] INFO:colcon.colcon_core.shell:Creating environment hook '/home/vedh/workspaces/lawd_ws/install/lawd_description/share/lawd_description/hook/cmake_prefix_path.ps1'
[0.344s] INFO:colcon.colcon_core.shell:Creating environment descriptor '/home/vedh/workspaces/lawd_ws/install/lawd_description/share/lawd_description/hook/cmake_prefix_path.dsv'
[0.344s] INFO:colcon.colcon_core.shell:Creating environment hook '/home/vedh/workspaces/lawd_ws/install/lawd_description/share/lawd_description/hook/cmake_prefix_path.sh'
[0.344s] Level 1:colcon.colcon_core.environment:checking '/home/vedh/workspaces/lawd_ws/install/lawd_description/bin'
[0.344s] Level 1:colcon.colcon_core.environment:checking '/home/vedh/workspaces/lawd_ws/install/lawd_description/lib/pkgconfig/lawd_description.pc'
[0.344s] Level 1:colcon.colcon_core.environment:checking '/home/vedh/workspaces/lawd_ws/install/lawd_description/lib/python3.10/site-packages'
[0.344s] Level 1:colcon.colcon_core.environment:checking '/home/vedh/workspaces/lawd_ws/install/lawd_description/bin'
[0.344s] INFO:colcon.colcon_core.shell:Creating package script '/home/vedh/workspaces/lawd_ws/install/lawd_description/share/lawd_description/package.ps1'
[0.345s] INFO:colcon.colcon_core.shell:Creating package descriptor '/home/vedh/workspaces/lawd_ws/install/lawd_description/share/lawd_description/package.dsv'
[0.345s] INFO:colcon.colcon_core.shell:Creating package script '/home/vedh/workspaces/lawd_ws/install/lawd_description/share/lawd_description/package.sh'
[0.345s] INFO:colcon.colcon_core.shell:Creating package script '/home/vedh/workspaces/lawd_ws/install/lawd_description/share/lawd_description/package.bash'
[0.345s] INFO:colcon.colcon_core.shell:Creating package script '/home/vedh/workspaces/lawd_ws/install/lawd_description/share/lawd_description/package.zsh'
[0.346s] Level 1:colcon.colcon_core.environment:create_file_with_runtime_dependencies(/home/vedh/workspaces/lawd_ws/install/lawd_description/share/colcon-core/packages/lawd_description)
[0.499s] DEBUG:colcon.colcon_core.event_handler.log_command:Invoked command in '/home/vedh/workspaces/lawd_ws/build/lawd_msgs' returned '0': CMAKE_PREFIX_PATH=${CMAKE_PREFIX_PATH}:/home/vedh/control_ws/install/rqt_joint_trajectory_controller:/home/vedh/control_ws/install/rqt_controller_manager:/home/vedh/control_ws/install/ros2controlcli:/home/vedh/control_ws/install/ros2_controllers_test_nodes:/home/vedh/workspaces/demo_lawd_ws/install/demo_lawd_description:/opt/ros/humble /usr/bin/cmake --build /home/vedh/workspaces/lawd_ws/build/lawd_msgs -- -j16 -l16
[0.914s] DEBUG:colcon.colcon_core.event_handler.log_command:Invoking command in '/home/vedh/workspaces/lawd_ws/build/lawd_msgs': CMAKE_PREFIX_PATH=${CMAKE_PREFIX_PATH}:/home/vedh/control_ws/install/rqt_joint_trajectory_controller:/home/vedh/control_ws/install/rqt_controller_manager:/home/vedh/control_ws/install/ros2controlcli:/home/vedh/control_ws/install/ros2_controllers_test_nodes:/home/vedh/workspaces/demo_lawd_ws/install/demo_lawd_description:/opt/ros/humble /usr/bin/cmake --install /home/vedh/workspaces/lawd_ws/build/lawd_msgs
[0.970s] Level 1:colcon.colcon_core.environment:create_environment_scripts_only(lawd_msgs)
[0.970s] Level 1:colcon.colcon_core.environment:checking '/home/vedh/workspaces/lawd_ws/install/lawd_msgs' for CMake module files
[0.971s] DEBUG:colcon.colcon_core.event_handler.log_command:Invoked command in '/home/vedh/workspaces/lawd_ws/build/lawd_msgs' returned '0': CMAKE_PREFIX_PATH=${CMAKE_PREFIX_PATH}:/home/vedh/control_ws/install/rqt_joint_trajectory_controller:/home/vedh/control_ws/install/rqt_controller_manager:/home/vedh/control_ws/install/ros2controlcli:/home/vedh/control_ws/install/ros2_controllers_test_nodes:/home/vedh/workspaces/demo_lawd_ws/install/demo_lawd_description:/opt/ros/humble /usr/bin/cmake --install /home/vedh/workspaces/lawd_ws/build/lawd_msgs
[0.971s] Level 1:colcon.colcon_core.environment:checking '/home/vedh/workspaces/lawd_ws/install/lawd_msgs' for CMake config files
[0.972s] Level 1:colcon.colcon_core.shell:create_environment_hook('lawd_msgs', 'cmake_prefix_path')
[0.972s] INFO:colcon.colcon_core.shell:Creating environment hook '/home/vedh/workspaces/lawd_ws/install/lawd_msgs/share/lawd_msgs/hook/cmake_prefix_path.ps1'
[0.972s] INFO:colcon.colcon_core.shell:Creating environment descriptor '/home/vedh/workspaces/lawd_ws/install/lawd_msgs/share/lawd_msgs/hook/cmake_prefix_path.dsv'
[0.972s] INFO:colcon.colcon_core.shell:Creating environment hook '/home/vedh/workspaces/lawd_ws/install/lawd_msgs/share/lawd_msgs/hook/cmake_prefix_path.sh'
[0.973s] Level 1:colcon.colcon_core.environment:checking '/home/vedh/workspaces/lawd_ws/install/lawd_msgs/lib'
[0.973s] Level 1:colcon.colcon_core.shell:create_environment_hook('lawd_msgs', 'ld_library_path_lib')
[0.973s] INFO:colcon.colcon_core.shell:Creating environment hook '/home/vedh/workspaces/lawd_ws/install/lawd_msgs/share/lawd_msgs/hook/ld_library_path_lib.ps1'
[0.973s] INFO:colcon.colcon_core.shell:Creating environment descriptor '/home/vedh/workspaces/lawd_ws/install/lawd_msgs/share/lawd_msgs/hook/ld_library_path_lib.dsv'
[0.973s] INFO:colcon.colcon_core.shell:Creating environment hook '/home/vedh/workspaces/lawd_ws/install/lawd_msgs/share/lawd_msgs/hook/ld_library_path_lib.sh'
[0.973s] Level 1:colcon.colcon_core.environment:checking '/home/vedh/workspaces/lawd_ws/install/lawd_msgs/bin'
[0.974s] Level 1:colcon.colcon_core.environment:checking '/home/vedh/workspaces/lawd_ws/install/lawd_msgs/lib/pkgconfig/lawd_msgs.pc'
[0.974s] Level 1:colcon.colcon_core.environment:checking '/home/vedh/workspaces/lawd_ws/install/lawd_msgs/lib/python3.10/site-packages'
[0.974s] Level 1:colcon.colcon_core.environment:checking '/home/vedh/workspaces/lawd_ws/install/lawd_msgs/bin'
[0.974s] INFO:colcon.colcon_core.shell:Creating package script '/home/vedh/workspaces/lawd_ws/install/lawd_msgs/share/lawd_msgs/package.ps1'
[0.974s] INFO:colcon.colcon_core.shell:Creating package descriptor '/home/vedh/workspaces/lawd_ws/install/lawd_msgs/share/lawd_msgs/package.dsv'
[0.974s] INFO:colcon.colcon_core.shell:Creating package script '/home/vedh/workspaces/lawd_ws/install/lawd_msgs/share/lawd_msgs/package.sh'
[0.975s] INFO:colcon.colcon_core.shell:Creating package script '/home/vedh/workspaces/lawd_ws/install/lawd_msgs/share/lawd_msgs/package.bash'
[0.975s] INFO:colcon.colcon_core.shell:Creating package script '/home/vedh/workspaces/lawd_ws/install/lawd_msgs/share/lawd_msgs/package.zsh'
[0.975s] Level 1:colcon.colcon_core.environment:create_file_with_runtime_dependencies(/home/vedh/workspaces/lawd_ws/install/lawd_msgs/share/colcon-core/packages/lawd_msgs)
[1.447s] Level 1:colcon.colcon_core.environment:create_environment_scripts_only(lawd_msgs)
[1.447s] Level 1:colcon.colcon_core.environment:checking '/home/vedh/workspaces/lawd_ws/install/lawd_msgs' for CMake module files
[1.448s] Level 1:colcon.colcon_core.environment:checking '/home/vedh/workspaces/lawd_ws/install/lawd_msgs' for CMake config files
[1.449s] Level 1:colcon.colcon_core.shell:create_environment_hook('lawd_msgs', 'cmake_prefix_path')
[1.449s] INFO:colcon.colcon_core.shell:Creating environment hook '/home/vedh/workspaces/lawd_ws/install/lawd_msgs/share/lawd_msgs/hook/cmake_prefix_path.ps1'
[1.450s] INFO:colcon.colcon_core.shell:Creating environment descriptor '/home/vedh/workspaces/lawd_ws/install/lawd_msgs/share/lawd_msgs/hook/cmake_prefix_path.dsv'
[1.451s] INFO:colcon.colcon_core.shell:Creating environment hook '/home/vedh/workspaces/lawd_ws/install/lawd_msgs/share/lawd_msgs/hook/cmake_prefix_path.sh'
[1.451s] Level 1:colcon.colcon_core.environment:checking '/home/vedh/workspaces/lawd_ws/install/lawd_msgs/lib'
[1.451s] Level 1:colcon.colcon_core.shell:create_environment_hook('lawd_msgs', 'ld_library_path_lib')
[1.451s] INFO:colcon.colcon_core.shell:Creating environment hook '/home/vedh/workspaces/lawd_ws/install/lawd_msgs/share/lawd_msgs/hook/ld_library_path_lib.ps1'
[1.452s] INFO:colcon.colcon_core.shell:Creating environment descriptor '/home/vedh/workspaces/lawd_ws/install/lawd_msgs/share/lawd_msgs/hook/ld_library_path_lib.dsv'
[1.452s] INFO:colcon.colcon_core.shell:Creating environment hook '/home/vedh/workspaces/lawd_ws/install/lawd_msgs/share/lawd_msgs/hook/ld_library_path_lib.sh'
[1.452s] Level 1:colcon.colcon_core.environment:checking '/home/vedh/workspaces/lawd_ws/install/lawd_msgs/bin'
[1.452s] Level 1:colcon.colcon_core.environment:checking '/home/vedh/workspaces/lawd_ws/install/lawd_msgs/lib/pkgconfig/lawd_msgs.pc'
[1.452s] Level 1:colcon.colcon_core.environment:checking '/home/vedh/workspaces/lawd_ws/install/lawd_msgs/lib/python3.10/site-packages'
[1.452s] Level 1:colcon.colcon_core.environment:checking '/home/vedh/workspaces/lawd_ws/install/lawd_msgs/bin'
[1.452s] INFO:colcon.colcon_core.shell:Creating package script '/home/vedh/workspaces/lawd_ws/install/lawd_msgs/share/lawd_msgs/package.ps1'
[1.453s] INFO:colcon.colcon_core.shell:Creating package descriptor '/home/vedh/workspaces/lawd_ws/install/lawd_msgs/share/lawd_msgs/package.dsv'
[1.453s] INFO:colcon.colcon_core.shell:Creating package script '/home/vedh/workspaces/lawd_ws/install/lawd_msgs/share/lawd_msgs/package.sh'
[1.453s] INFO:colcon.colcon_core.shell:Creating package script '/home/vedh/workspaces/lawd_ws/install/lawd_msgs/share/lawd_msgs/package.bash'
[1.453s] INFO:colcon.colcon_core.shell:Creating package script '/home/vedh/workspaces/lawd_ws/install/lawd_msgs/share/lawd_msgs/package.zsh'
[1.453s] Level 1:colcon.colcon_core.environment:create_file_with_runtime_dependencies(/home/vedh/workspaces/lawd_ws/install/lawd_msgs/share/colcon-core/packages/lawd_msgs)
[1.454s] DEBUG:colcon.colcon_parallel_executor.executor.parallel:closing loop
[1.454s] DEBUG:colcon.colcon_parallel_executor.executor.parallel:loop closed
[1.454s] DEBUG:colcon.colcon_parallel_executor.executor.parallel:run_until_complete finished with '0'
[1.454s] DEBUG:colcon.colcon_core.event_reactor:joining thread
[1.460s] INFO:colcon.colcon_core.plugin_system:Skipping extension 'colcon_notification.desktop_notification.terminal_notifier': Not used on non-Darwin systems
[1.460s] INFO:colcon.colcon_core.plugin_system:Skipping extension 'colcon_notification.desktop_notification.win32': Not used on non-Windows systems
[1.460s] INFO:colcon.colcon_notification.desktop_notification:Sending desktop notification using 'notify2'
[1.483s] DEBUG:colcon.colcon_core.event_reactor:joined thread
[1.484s] INFO:colcon.colcon_core.shell:Creating prefix script '/home/vedh/workspaces/lawd_ws/install/local_setup.ps1'
[1.485s] INFO:colcon.colcon_core.shell:Creating prefix util module '/home/vedh/workspaces/lawd_ws/install/_local_setup_util_ps1.py'
[1.486s] INFO:colcon.colcon_core.shell:Creating prefix chain script '/home/vedh/workspaces/lawd_ws/install/setup.ps1'
[1.488s] INFO:colcon.colcon_core.shell:Creating prefix script '/home/vedh/workspaces/lawd_ws/install/local_setup.sh'
[1.488s] INFO:colcon.colcon_core.shell:Creating prefix util module '/home/vedh/workspaces/lawd_ws/install/_local_setup_util_sh.py'
[1.489s] INFO:colcon.colcon_core.shell:Creating prefix chain script '/home/vedh/workspaces/lawd_ws/install/setup.sh'
[1.491s] INFO:colcon.colcon_core.shell:Creating prefix script '/home/vedh/workspaces/lawd_ws/install/local_setup.bash'
[1.491s] INFO:colcon.colcon_core.shell:Creating prefix chain script '/home/vedh/workspaces/lawd_ws/install/setup.bash'
[1.492s] INFO:colcon.colcon_core.shell:Creating prefix script '/home/vedh/workspaces/lawd_ws/install/local_setup.zsh'
[1.493s] INFO:colcon.colcon_core.shell:Creating prefix chain script '/home/vedh/workspaces/lawd_ws/install/setup.zsh'
