[0.037s] Invoking command in '/home/vedh/workspaces/lawd_ws/build/lawd_msgs': CMAKE_PREFIX_PATH=${CMAKE_PREFIX_PATH}:/home/vedh/control_ws/install/rqt_joint_trajectory_controller:/home/vedh/control_ws/install/rqt_controller_manager:/home/vedh/control_ws/install/ros2controlcli:/home/vedh/control_ws/install/ros2_controllers_test_nodes:/home/vedh/workspaces/demo_lawd_ws/install/demo_lawd_description:/opt/ros/humble /usr/bin/cmake --build /home/vedh/workspaces/lawd_ws/build/lawd_msgs -- -j16 -l16
[0.126s] [ 10%] Built target hyperdog_msgs__rosidl_generator_c
[0.126s] [ 12%] Built target hyperdog_msgs__cpp
[0.144s] [ 12%] Built target ament_cmake_python_copy_lawd_msgs
[0.176s] [ 23%] Built target hyperdog_msgs__rosidl_typesupport_introspection_cpp
[0.177s] [ 34%] Built target hyperdog_msgs__rosidl_typesupport_fastrtps_c
[0.181s] [ 44%] Built target hyperdog_msgs__rosidl_typesupport_c
[0.183s] [ 55%] Built target hyperdog_msgs__rosidl_typesupport_introspection_c
[0.193s] [ 65%] Built target hyperdog_msgs__rosidl_typesupport_cpp
[0.203s] [ 76%] Built target hyperdog_msgs__rosidl_typesupport_fastrtps_cpp
[0.242s] [ 76%] Built target hyperdog_msgs
[0.284s] [ 78%] Built target hyperdog_msgs__py
[0.326s] [ 87%] Built target hyperdog_msgs__rosidl_generator_py
[0.366s] [ 91%] Built target lawd_msgs__rosidl_typesupport_fastrtps_c__pyext
[0.366s] [ 97%] Built target lawd_msgs__rosidl_typesupport_introspection_c__pyext
[0.367s] [100%] Built target lawd_msgs__rosidl_typesupport_c__pyext
[0.406s] running egg_info
[0.421s] writing lawd_msgs.egg-info/PKG-INFO
[0.421s] writing dependency_links to lawd_msgs.egg-info/dependency_links.txt
[0.421s] writing top-level names to lawd_msgs.egg-info/top_level.txt
[0.457s] reading manifest file 'lawd_msgs.egg-info/SOURCES.txt'
[0.458s] writing manifest file 'lawd_msgs.egg-info/SOURCES.txt'
[0.483s] [100%] Built target ament_cmake_python_build_lawd_msgs_egg
[0.497s] Invoked command in '/home/vedh/workspaces/lawd_ws/build/lawd_msgs' returned '0': CMAKE_PREFIX_PATH=${CMAKE_PREFIX_PATH}:/home/vedh/control_ws/install/rqt_joint_trajectory_controller:/home/vedh/control_ws/install/rqt_controller_manager:/home/vedh/control_ws/install/ros2controlcli:/home/vedh/control_ws/install/ros2_controllers_test_nodes:/home/vedh/workspaces/demo_lawd_ws/install/demo_lawd_description:/opt/ros/humble /usr/bin/cmake --build /home/vedh/workspaces/lawd_ws/build/lawd_msgs -- -j16 -l16
[0.995s] Invoking command in '/home/vedh/workspaces/lawd_ws/build/lawd_msgs': CMAKE_PREFIX_PATH=${CMAKE_PREFIX_PATH}:/home/vedh/control_ws/install/rqt_joint_trajectory_controller:/home/vedh/control_ws/install/rqt_controller_manager:/home/vedh/control_ws/install/ros2controlcli:/home/vedh/control_ws/install/ros2_controllers_test_nodes:/home/vedh/workspaces/demo_lawd_ws/install/demo_lawd_description:/opt/ros/humble /usr/bin/cmake --install /home/vedh/workspaces/lawd_ws/build/lawd_msgs
[1.015s] -- Install configuration: ""
[1.016s] -- Up-to-date: /home/vedh/workspaces/lawd_ws/install/lawd_msgs/share/ament_index/resource_index/rosidl_interfaces/lawd_msgs
[1.016s] -- Up-to-date: /home/vedh/workspaces/lawd_ws/install/lawd_msgs/include/lawd_msgs/lawd_msgs
[1.016s] -- Up-to-date: /home/vedh/workspaces/lawd_ws/install/lawd_msgs/include/lawd_msgs/lawd_msgs/msg
[1.016s] -- Up-to-date: /home/vedh/workspaces/lawd_ws/install/lawd_msgs/include/lawd_msgs/lawd_msgs/msg/limits.h
[1.016s] -- Up-to-date: /home/vedh/workspaces/lawd_ws/install/lawd_msgs/include/lawd_msgs/lawd_msgs/msg/geometry.h
[1.016s] -- Up-to-date: /home/vedh/workspaces/lawd_ws/install/lawd_msgs/include/lawd_msgs/lawd_msgs/msg/rosidl_generator_c__visibility_control.h
[1.017s] -- Up-to-date: /home/vedh/workspaces/lawd_ws/install/lawd_msgs/include/lawd_msgs/lawd_msgs/msg/joy_ctrl_cmds.h
[1.017s] -- Up-to-date: /home/vedh/workspaces/lawd_ws/install/lawd_msgs/include/lawd_msgs/lawd_msgs/msg/detail
[1.017s] -- Up-to-date: /home/vedh/workspaces/lawd_ws/install/lawd_msgs/include/lawd_msgs/lawd_msgs/msg/detail/limits__functions.h
[1.017s] -- Up-to-date: /home/vedh/workspaces/lawd_ws/install/lawd_msgs/include/lawd_msgs/lawd_msgs/msg/detail/joy_ctrl_cmds__functions.h
[1.017s] -- Up-to-date: /home/vedh/workspaces/lawd_ws/install/lawd_msgs/include/lawd_msgs/lawd_msgs/msg/detail/geometry__struct.h
[1.017s] -- Up-to-date: /home/vedh/workspaces/lawd_ws/install/lawd_msgs/include/lawd_msgs/lawd_msgs/msg/detail/limits__functions.c
[1.017s] -- Up-to-date: /home/vedh/workspaces/lawd_ws/install/lawd_msgs/include/lawd_msgs/lawd_msgs/msg/detail/geometry__functions.c
[1.017s] -- Up-to-date: /home/vedh/workspaces/lawd_ws/install/lawd_msgs/include/lawd_msgs/lawd_msgs/msg/detail/joy_ctrl_cmds__struct.h
[1.017s] -- Up-to-date: /home/vedh/workspaces/lawd_ws/install/lawd_msgs/include/lawd_msgs/lawd_msgs/msg/detail/joy_ctrl_cmds__type_support.h
[1.017s] -- Up-to-date: /home/vedh/workspaces/lawd_ws/install/lawd_msgs/include/lawd_msgs/lawd_msgs/msg/detail/limits__struct.h
[1.017s] -- Up-to-date: /home/vedh/workspaces/lawd_ws/install/lawd_msgs/include/lawd_msgs/lawd_msgs/msg/detail/geometry__functions.h
[1.017s] -- Up-to-date: /home/vedh/workspaces/lawd_ws/install/lawd_msgs/include/lawd_msgs/lawd_msgs/msg/detail/joy_ctrl_cmds__functions.c
[1.017s] -- Up-to-date: /home/vedh/workspaces/lawd_ws/install/lawd_msgs/include/lawd_msgs/lawd_msgs/msg/detail/limits__type_support.h
[1.018s] -- Up-to-date: /home/vedh/workspaces/lawd_ws/install/lawd_msgs/include/lawd_msgs/lawd_msgs/msg/detail/geometry__type_support.h
[1.018s] -- Up-to-date: /home/vedh/workspaces/lawd_ws/install/lawd_msgs/share/lawd_msgs/environment/library_path.sh
[1.018s] -- Up-to-date: /home/vedh/workspaces/lawd_ws/install/lawd_msgs/share/lawd_msgs/environment/library_path.dsv
[1.018s] -- Up-to-date: /home/vedh/workspaces/lawd_ws/install/lawd_msgs/lib/libhyperdog_msgs__rosidl_generator_c.so
[1.018s] -- Up-to-date: /home/vedh/workspaces/lawd_ws/install/lawd_msgs/include/lawd_msgs/lawd_msgs
[1.018s] -- Up-to-date: /home/vedh/workspaces/lawd_ws/install/lawd_msgs/include/lawd_msgs/lawd_msgs/msg
[1.018s] -- Up-to-date: /home/vedh/workspaces/lawd_ws/install/lawd_msgs/include/lawd_msgs/lawd_msgs/msg/rosidl_typesupport_fastrtps_c__visibility_control.h
[1.018s] -- Up-to-date: /home/vedh/workspaces/lawd_ws/install/lawd_msgs/include/lawd_msgs/lawd_msgs/msg/detail
[1.018s] -- Up-to-date: /home/vedh/workspaces/lawd_ws/install/lawd_msgs/include/lawd_msgs/lawd_msgs/msg/detail/limits__rosidl_typesupport_fastrtps_c.h
[1.018s] -- Up-to-date: /home/vedh/workspaces/lawd_ws/install/lawd_msgs/include/lawd_msgs/lawd_msgs/msg/detail/geometry__rosidl_typesupport_fastrtps_c.h
[1.018s] -- Up-to-date: /home/vedh/workspaces/lawd_ws/install/lawd_msgs/include/lawd_msgs/lawd_msgs/msg/detail/joy_ctrl_cmds__rosidl_typesupport_fastrtps_c.h
[1.018s] -- Up-to-date: /home/vedh/workspaces/lawd_ws/install/lawd_msgs/lib/libhyperdog_msgs__rosidl_typesupport_fastrtps_c.so
[1.018s] -- Up-to-date: /home/vedh/workspaces/lawd_ws/install/lawd_msgs/include/lawd_msgs/lawd_msgs
[1.019s] -- Up-to-date: /home/vedh/workspaces/lawd_ws/install/lawd_msgs/include/lawd_msgs/lawd_msgs/msg
[1.019s] -- Up-to-date: /home/vedh/workspaces/lawd_ws/install/lawd_msgs/include/lawd_msgs/lawd_msgs/msg/detail
[1.019s] -- Up-to-date: /home/vedh/workspaces/lawd_ws/install/lawd_msgs/include/lawd_msgs/lawd_msgs/msg/detail/limits__struct.hpp
[1.019s] -- Up-to-date: /home/vedh/workspaces/lawd_ws/install/lawd_msgs/include/lawd_msgs/lawd_msgs/msg/detail/joy_ctrl_cmds__struct.hpp
[1.019s] -- Up-to-date: /home/vedh/workspaces/lawd_ws/install/lawd_msgs/include/lawd_msgs/lawd_msgs/msg/detail/geometry__traits.hpp
[1.019s] -- Up-to-date: /home/vedh/workspaces/lawd_ws/install/lawd_msgs/include/lawd_msgs/lawd_msgs/msg/detail/limits__traits.hpp
[1.019s] -- Up-to-date: /home/vedh/workspaces/lawd_ws/install/lawd_msgs/include/lawd_msgs/lawd_msgs/msg/detail/joy_ctrl_cmds__builder.hpp
[1.019s] -- Up-to-date: /home/vedh/workspaces/lawd_ws/install/lawd_msgs/include/lawd_msgs/lawd_msgs/msg/detail/geometry__builder.hpp
[1.019s] -- Up-to-date: /home/vedh/workspaces/lawd_ws/install/lawd_msgs/include/lawd_msgs/lawd_msgs/msg/detail/geometry__struct.hpp
[1.019s] -- Up-to-date: /home/vedh/workspaces/lawd_ws/install/lawd_msgs/include/lawd_msgs/lawd_msgs/msg/detail/limits__builder.hpp
[1.019s] -- Up-to-date: /home/vedh/workspaces/lawd_ws/install/lawd_msgs/include/lawd_msgs/lawd_msgs/msg/detail/joy_ctrl_cmds__traits.hpp
[1.019s] -- Up-to-date: /home/vedh/workspaces/lawd_ws/install/lawd_msgs/include/lawd_msgs/lawd_msgs/msg/limits.hpp
[1.019s] -- Up-to-date: /home/vedh/workspaces/lawd_ws/install/lawd_msgs/include/lawd_msgs/lawd_msgs/msg/joy_ctrl_cmds.hpp
[1.019s] -- Up-to-date: /home/vedh/workspaces/lawd_ws/install/lawd_msgs/include/lawd_msgs/lawd_msgs/msg/geometry.hpp
[1.020s] -- Up-to-date: /home/vedh/workspaces/lawd_ws/install/lawd_msgs/include/lawd_msgs/lawd_msgs
[1.020s] -- Up-to-date: /home/vedh/workspaces/lawd_ws/install/lawd_msgs/include/lawd_msgs/lawd_msgs/msg
[1.020s] -- Up-to-date: /home/vedh/workspaces/lawd_ws/install/lawd_msgs/include/lawd_msgs/lawd_msgs/msg/detail
[1.020s] -- Up-to-date: /home/vedh/workspaces/lawd_ws/install/lawd_msgs/include/lawd_msgs/lawd_msgs/msg/detail/dds_fastrtps
[1.020s] -- Up-to-date: /home/vedh/workspaces/lawd_ws/install/lawd_msgs/include/lawd_msgs/lawd_msgs/msg/detail/joy_ctrl_cmds__rosidl_typesupport_fastrtps_cpp.hpp
[1.020s] -- Up-to-date: /home/vedh/workspaces/lawd_ws/install/lawd_msgs/include/lawd_msgs/lawd_msgs/msg/detail/limits__rosidl_typesupport_fastrtps_cpp.hpp
[1.020s] -- Up-to-date: /home/vedh/workspaces/lawd_ws/install/lawd_msgs/include/lawd_msgs/lawd_msgs/msg/detail/geometry__rosidl_typesupport_fastrtps_cpp.hpp
[1.020s] -- Up-to-date: /home/vedh/workspaces/lawd_ws/install/lawd_msgs/include/lawd_msgs/lawd_msgs/msg/rosidl_typesupport_fastrtps_cpp__visibility_control.h
[1.020s] -- Up-to-date: /home/vedh/workspaces/lawd_ws/install/lawd_msgs/lib/libhyperdog_msgs__rosidl_typesupport_fastrtps_cpp.so
[1.020s] -- Up-to-date: /home/vedh/workspaces/lawd_ws/install/lawd_msgs/include/lawd_msgs/lawd_msgs
[1.020s] -- Up-to-date: /home/vedh/workspaces/lawd_ws/install/lawd_msgs/include/lawd_msgs/lawd_msgs/msg
[1.020s] -- Up-to-date: /home/vedh/workspaces/lawd_ws/install/lawd_msgs/include/lawd_msgs/lawd_msgs/msg/detail
[1.020s] -- Up-to-date: /home/vedh/workspaces/lawd_ws/install/lawd_msgs/include/lawd_msgs/lawd_msgs/msg/detail/geometry__rosidl_typesupport_introspection_c.h
[1.020s] -- Up-to-date: /home/vedh/workspaces/lawd_ws/install/lawd_msgs/include/lawd_msgs/lawd_msgs/msg/detail/limits__type_support.c
[1.020s] -- Up-to-date: /home/vedh/workspaces/lawd_ws/install/lawd_msgs/include/lawd_msgs/lawd_msgs/msg/detail/limits__rosidl_typesupport_introspection_c.h
[1.020s] -- Up-to-date: /home/vedh/workspaces/lawd_ws/install/lawd_msgs/include/lawd_msgs/lawd_msgs/msg/detail/joy_ctrl_cmds__rosidl_typesupport_introspection_c.h
[1.020s] -- Up-to-date: /home/vedh/workspaces/lawd_ws/install/lawd_msgs/include/lawd_msgs/lawd_msgs/msg/detail/geometry__type_support.c
[1.021s] -- Up-to-date: /home/vedh/workspaces/lawd_ws/install/lawd_msgs/include/lawd_msgs/lawd_msgs/msg/detail/joy_ctrl_cmds__type_support.c
[1.021s] -- Up-to-date: /home/vedh/workspaces/lawd_ws/install/lawd_msgs/include/lawd_msgs/lawd_msgs/msg/rosidl_typesupport_introspection_c__visibility_control.h
[1.021s] -- Up-to-date: /home/vedh/workspaces/lawd_ws/install/lawd_msgs/lib/libhyperdog_msgs__rosidl_typesupport_introspection_c.so
[1.021s] -- Up-to-date: /home/vedh/workspaces/lawd_ws/install/lawd_msgs/lib/libhyperdog_msgs__rosidl_typesupport_c.so
[1.021s] -- Up-to-date: /home/vedh/workspaces/lawd_ws/install/lawd_msgs/include/lawd_msgs/lawd_msgs
[1.021s] -- Up-to-date: /home/vedh/workspaces/lawd_ws/install/lawd_msgs/include/lawd_msgs/lawd_msgs/msg
[1.021s] -- Up-to-date: /home/vedh/workspaces/lawd_ws/install/lawd_msgs/include/lawd_msgs/lawd_msgs/msg/detail
[1.021s] -- Up-to-date: /home/vedh/workspaces/lawd_ws/install/lawd_msgs/include/lawd_msgs/lawd_msgs/msg/detail/geometry__type_support.cpp
[1.021s] -- Up-to-date: /home/vedh/workspaces/lawd_ws/install/lawd_msgs/include/lawd_msgs/lawd_msgs/msg/detail/joy_ctrl_cmds__rosidl_typesupport_introspection_cpp.hpp
[1.021s] -- Up-to-date: /home/vedh/workspaces/lawd_ws/install/lawd_msgs/include/lawd_msgs/lawd_msgs/msg/detail/joy_ctrl_cmds__type_support.cpp
[1.021s] -- Up-to-date: /home/vedh/workspaces/lawd_ws/install/lawd_msgs/include/lawd_msgs/lawd_msgs/msg/detail/limits__type_support.cpp
[1.021s] -- Up-to-date: /home/vedh/workspaces/lawd_ws/install/lawd_msgs/include/lawd_msgs/lawd_msgs/msg/detail/limits__rosidl_typesupport_introspection_cpp.hpp
[1.021s] -- Up-to-date: /home/vedh/workspaces/lawd_ws/install/lawd_msgs/include/lawd_msgs/lawd_msgs/msg/detail/geometry__rosidl_typesupport_introspection_cpp.hpp
[1.021s] -- Up-to-date: /home/vedh/workspaces/lawd_ws/install/lawd_msgs/lib/libhyperdog_msgs__rosidl_typesupport_introspection_cpp.so
[1.021s] -- Up-to-date: /home/vedh/workspaces/lawd_ws/install/lawd_msgs/lib/libhyperdog_msgs__rosidl_typesupport_cpp.so
[1.021s] -- Up-to-date: /home/vedh/workspaces/lawd_ws/install/lawd_msgs/share/lawd_msgs/environment/pythonpath.sh
[1.021s] -- Up-to-date: /home/vedh/workspaces/lawd_ws/install/lawd_msgs/share/lawd_msgs/environment/pythonpath.dsv
[1.021s] -- Up-to-date: /home/vedh/workspaces/lawd_ws/install/lawd_msgs/local/lib/python3.10/dist-packages/lawd_msgs-0.0.0-py3.10.egg-info
[1.021s] -- Installing: /home/vedh/workspaces/lawd_ws/install/lawd_msgs/local/lib/python3.10/dist-packages/lawd_msgs-0.0.0-py3.10.egg-info/top_level.txt
[1.021s] -- Installing: /home/vedh/workspaces/lawd_ws/install/lawd_msgs/local/lib/python3.10/dist-packages/lawd_msgs-0.0.0-py3.10.egg-info/SOURCES.txt
[1.021s] -- Installing: /home/vedh/workspaces/lawd_ws/install/lawd_msgs/local/lib/python3.10/dist-packages/lawd_msgs-0.0.0-py3.10.egg-info/dependency_links.txt
[1.022s] -- Installing: /home/vedh/workspaces/lawd_ws/install/lawd_msgs/local/lib/python3.10/dist-packages/lawd_msgs-0.0.0-py3.10.egg-info/PKG-INFO
[1.022s] -- Up-to-date: /home/vedh/workspaces/lawd_ws/install/lawd_msgs/local/lib/python3.10/dist-packages/lawd_msgs
[1.022s] -- Up-to-date: /home/vedh/workspaces/lawd_ws/install/lawd_msgs/local/lib/python3.10/dist-packages/lawd_msgs/lawd_msgs_s__rosidl_typesupport_c.cpython-310-x86_64-linux-gnu.so
[1.022s] -- Up-to-date: /home/vedh/workspaces/lawd_ws/install/lawd_msgs/local/lib/python3.10/dist-packages/lawd_msgs/__init__.py
[1.022s] -- Up-to-date: /home/vedh/workspaces/lawd_ws/install/lawd_msgs/local/lib/python3.10/dist-packages/lawd_msgs/_lawd_msgs_s.ep.rosidl_typesupport_fastrtps_c.c
[1.022s] -- Up-to-date: /home/vedh/workspaces/lawd_ws/install/lawd_msgs/local/lib/python3.10/dist-packages/lawd_msgs/_lawd_msgs_s.ep.rosidl_typesupport_c.c
[1.022s] -- Up-to-date: /home/vedh/workspaces/lawd_ws/install/lawd_msgs/local/lib/python3.10/dist-packages/lawd_msgs/lawd_msgs_s__rosidl_typesupport_introspection_c.cpython-310-x86_64-linux-gnu.so
[1.022s] -- Up-to-date: /home/vedh/workspaces/lawd_ws/install/lawd_msgs/local/lib/python3.10/dist-packages/lawd_msgs/lawd_msgs_s__rosidl_typesupport_fastrtps_c.cpython-310-x86_64-linux-gnu.so
[1.022s] -- Up-to-date: /home/vedh/workspaces/lawd_ws/install/lawd_msgs/local/lib/python3.10/dist-packages/lawd_msgs/_lawd_msgs_s.ep.rosidl_typesupport_introspection_c.c
[1.022s] -- Up-to-date: /home/vedh/workspaces/lawd_ws/install/lawd_msgs/local/lib/python3.10/dist-packages/lawd_msgs/libhyperdog_msgs__rosidl_generator_py.so
[1.022s] -- Up-to-date: /home/vedh/workspaces/lawd_ws/install/lawd_msgs/local/lib/python3.10/dist-packages/lawd_msgs/msg
[1.022s] -- Up-to-date: /home/vedh/workspaces/lawd_ws/install/lawd_msgs/local/lib/python3.10/dist-packages/lawd_msgs/msg/__init__.py
[1.022s] -- Up-to-date: /home/vedh/workspaces/lawd_ws/install/lawd_msgs/local/lib/python3.10/dist-packages/lawd_msgs/msg/_limits.py
[1.022s] -- Up-to-date: /home/vedh/workspaces/lawd_ws/install/lawd_msgs/local/lib/python3.10/dist-packages/lawd_msgs/msg/_geometry.py
[1.022s] -- Up-to-date: /home/vedh/workspaces/lawd_ws/install/lawd_msgs/local/lib/python3.10/dist-packages/lawd_msgs/msg/_joy_ctrl_cmds_s.c
[1.022s] -- Up-to-date: /home/vedh/workspaces/lawd_ws/install/lawd_msgs/local/lib/python3.10/dist-packages/lawd_msgs/msg/_geometry_s.c
[1.022s] -- Up-to-date: /home/vedh/workspaces/lawd_ws/install/lawd_msgs/local/lib/python3.10/dist-packages/lawd_msgs/msg/_joy_ctrl_cmds.py
[1.022s] -- Up-to-date: /home/vedh/workspaces/lawd_ws/install/lawd_msgs/local/lib/python3.10/dist-packages/lawd_msgs/msg/_limits_s.c
[1.052s] Listing '/home/vedh/workspaces/lawd_ws/install/lawd_msgs/local/lib/python3.10/dist-packages/lawd_msgs'...
[1.052s] Listing '/home/vedh/workspaces/lawd_ws/install/lawd_msgs/local/lib/python3.10/dist-packages/lawd_msgs/msg'...
[1.055s] -- Up-to-date: /home/vedh/workspaces/lawd_ws/install/lawd_msgs/local/lib/python3.10/dist-packages/lawd_msgs/lawd_msgs_s__rosidl_typesupport_fastrtps_c.cpython-310-x86_64-linux-gnu.so
[1.056s] -- Up-to-date: /home/vedh/workspaces/lawd_ws/install/lawd_msgs/local/lib/python3.10/dist-packages/lawd_msgs/lawd_msgs_s__rosidl_typesupport_introspection_c.cpython-310-x86_64-linux-gnu.so
[1.056s] -- Up-to-date: /home/vedh/workspaces/lawd_ws/install/lawd_msgs/local/lib/python3.10/dist-packages/lawd_msgs/lawd_msgs_s__rosidl_typesupport_c.cpython-310-x86_64-linux-gnu.so
[1.056s] -- Up-to-date: /home/vedh/workspaces/lawd_ws/install/lawd_msgs/lib/libhyperdog_msgs__rosidl_generator_py.so
[1.056s] -- Up-to-date: /home/vedh/workspaces/lawd_ws/install/lawd_msgs/share/lawd_msgs/msg/JoyCtrlCmds.idl
[1.056s] -- Up-to-date: /home/vedh/workspaces/lawd_ws/install/lawd_msgs/share/lawd_msgs/msg/Limits.idl
[1.056s] -- Up-to-date: /home/vedh/workspaces/lawd_ws/install/lawd_msgs/share/lawd_msgs/msg/Geometry.idl
[1.056s] -- Up-to-date: /home/vedh/workspaces/lawd_ws/install/lawd_msgs/share/lawd_msgs/msg/JoyCtrlCmds.msg
[1.056s] -- Up-to-date: /home/vedh/workspaces/lawd_ws/install/lawd_msgs/share/lawd_msgs/msg/Limits.msg
[1.056s] -- Up-to-date: /home/vedh/workspaces/lawd_ws/install/lawd_msgs/share/lawd_msgs/msg/Geometry.msg
[1.057s] -- Up-to-date: /home/vedh/workspaces/lawd_ws/install/lawd_msgs/share/ament_index/resource_index/package_run_dependencies/lawd_msgs
[1.057s] -- Up-to-date: /home/vedh/workspaces/lawd_ws/install/lawd_msgs/share/ament_index/resource_index/parent_prefix_path/lawd_msgs
[1.057s] -- Up-to-date: /home/vedh/workspaces/lawd_ws/install/lawd_msgs/share/lawd_msgs/environment/ament_prefix_path.sh
[1.057s] -- Up-to-date: /home/vedh/workspaces/lawd_ws/install/lawd_msgs/share/lawd_msgs/environment/ament_prefix_path.dsv
[1.057s] -- Up-to-date: /home/vedh/workspaces/lawd_ws/install/lawd_msgs/share/lawd_msgs/environment/path.sh
[1.057s] -- Up-to-date: /home/vedh/workspaces/lawd_ws/install/lawd_msgs/share/lawd_msgs/environment/path.dsv
[1.057s] -- Up-to-date: /home/vedh/workspaces/lawd_ws/install/lawd_msgs/share/lawd_msgs/local_setup.bash
[1.057s] -- Up-to-date: /home/vedh/workspaces/lawd_ws/install/lawd_msgs/share/lawd_msgs/local_setup.sh
[1.057s] -- Up-to-date: /home/vedh/workspaces/lawd_ws/install/lawd_msgs/share/lawd_msgs/local_setup.zsh
[1.057s] -- Up-to-date: /home/vedh/workspaces/lawd_ws/install/lawd_msgs/share/lawd_msgs/local_setup.dsv
[1.057s] -- Installing: /home/vedh/workspaces/lawd_ws/install/lawd_msgs/share/lawd_msgs/package.dsv
[1.057s] -- Up-to-date: /home/vedh/workspaces/lawd_ws/install/lawd_msgs/share/ament_index/resource_index/packages/lawd_msgs
[1.057s] -- Up-to-date: /home/vedh/workspaces/lawd_ws/install/lawd_msgs/share/lawd_msgs/cmake/export_hyperdog_msgs__rosidl_generator_cExport.cmake
[1.057s] -- Up-to-date: /home/vedh/workspaces/lawd_ws/install/lawd_msgs/share/lawd_msgs/cmake/export_hyperdog_msgs__rosidl_generator_cExport-noconfig.cmake
[1.057s] -- Up-to-date: /home/vedh/workspaces/lawd_ws/install/lawd_msgs/share/lawd_msgs/cmake/export_hyperdog_msgs__rosidl_typesupport_fastrtps_cExport.cmake
[1.057s] -- Up-to-date: /home/vedh/workspaces/lawd_ws/install/lawd_msgs/share/lawd_msgs/cmake/export_hyperdog_msgs__rosidl_typesupport_fastrtps_cExport-noconfig.cmake
[1.058s] -- Up-to-date: /home/vedh/workspaces/lawd_ws/install/lawd_msgs/share/lawd_msgs/cmake/export_hyperdog_msgs__rosidl_generator_cppExport.cmake
[1.058s] -- Up-to-date: /home/vedh/workspaces/lawd_ws/install/lawd_msgs/share/lawd_msgs/cmake/export_hyperdog_msgs__rosidl_typesupport_fastrtps_cppExport.cmake
[1.058s] -- Up-to-date: /home/vedh/workspaces/lawd_ws/install/lawd_msgs/share/lawd_msgs/cmake/export_hyperdog_msgs__rosidl_typesupport_fastrtps_cppExport-noconfig.cmake
[1.058s] -- Up-to-date: /home/vedh/workspaces/lawd_ws/install/lawd_msgs/share/lawd_msgs/cmake/hyperdog_msgs__rosidl_typesupport_introspection_cExport.cmake
[1.058s] -- Up-to-date: /home/vedh/workspaces/lawd_ws/install/lawd_msgs/share/lawd_msgs/cmake/hyperdog_msgs__rosidl_typesupport_introspection_cExport-noconfig.cmake
[1.058s] -- Up-to-date: /home/vedh/workspaces/lawd_ws/install/lawd_msgs/share/lawd_msgs/cmake/hyperdog_msgs__rosidl_typesupport_cExport.cmake
[1.058s] -- Up-to-date: /home/vedh/workspaces/lawd_ws/install/lawd_msgs/share/lawd_msgs/cmake/hyperdog_msgs__rosidl_typesupport_cExport-noconfig.cmake
[1.058s] -- Up-to-date: /home/vedh/workspaces/lawd_ws/install/lawd_msgs/share/lawd_msgs/cmake/hyperdog_msgs__rosidl_typesupport_introspection_cppExport.cmake
[1.058s] -- Up-to-date: /home/vedh/workspaces/lawd_ws/install/lawd_msgs/share/lawd_msgs/cmake/hyperdog_msgs__rosidl_typesupport_introspection_cppExport-noconfig.cmake
[1.058s] -- Up-to-date: /home/vedh/workspaces/lawd_ws/install/lawd_msgs/share/lawd_msgs/cmake/hyperdog_msgs__rosidl_typesupport_cppExport.cmake
[1.058s] -- Up-to-date: /home/vedh/workspaces/lawd_ws/install/lawd_msgs/share/lawd_msgs/cmake/hyperdog_msgs__rosidl_typesupport_cppExport-noconfig.cmake
[1.058s] -- Up-to-date: /home/vedh/workspaces/lawd_ws/install/lawd_msgs/share/lawd_msgs/cmake/export_hyperdog_msgs__rosidl_generator_pyExport.cmake
[1.058s] -- Up-to-date: /home/vedh/workspaces/lawd_ws/install/lawd_msgs/share/lawd_msgs/cmake/export_hyperdog_msgs__rosidl_generator_pyExport-noconfig.cmake
[1.058s] -- Up-to-date: /home/vedh/workspaces/lawd_ws/install/lawd_msgs/share/lawd_msgs/cmake/rosidl_cmake-extras.cmake
[1.058s] -- Up-to-date: /home/vedh/workspaces/lawd_ws/install/lawd_msgs/share/lawd_msgs/cmake/ament_cmake_export_dependencies-extras.cmake
[1.058s] -- Up-to-date: /home/vedh/workspaces/lawd_ws/install/lawd_msgs/share/lawd_msgs/cmake/ament_cmake_export_include_directories-extras.cmake
[1.058s] -- Up-to-date: /home/vedh/workspaces/lawd_ws/install/lawd_msgs/share/lawd_msgs/cmake/ament_cmake_export_libraries-extras.cmake
[1.059s] -- Up-to-date: /home/vedh/workspaces/lawd_ws/install/lawd_msgs/share/lawd_msgs/cmake/ament_cmake_export_targets-extras.cmake
[1.059s] -- Up-to-date: /home/vedh/workspaces/lawd_ws/install/lawd_msgs/share/lawd_msgs/cmake/rosidl_cmake_export_typesupport_targets-extras.cmake
[1.059s] -- Up-to-date: /home/vedh/workspaces/lawd_ws/install/lawd_msgs/share/lawd_msgs/cmake/rosidl_cmake_export_typesupport_libraries-extras.cmake
[1.059s] -- Up-to-date: /home/vedh/workspaces/lawd_ws/install/lawd_msgs/share/lawd_msgs/cmake/lawd_msgsConfig.cmake
[1.059s] -- Up-to-date: /home/vedh/workspaces/lawd_ws/install/lawd_msgs/share/lawd_msgs/cmake/lawd_msgsConfig-version.cmake
[1.059s] -- Up-to-date: /home/vedh/workspaces/lawd_ws/install/lawd_msgs/share/lawd_msgs/package.xml
[1.061s] Invoked command in '/home/vedh/workspaces/lawd_ws/build/lawd_msgs' returned '0': CMAKE_PREFIX_PATH=${CMAKE_PREFIX_PATH}:/home/vedh/control_ws/install/rqt_joint_trajectory_controller:/home/vedh/control_ws/install/rqt_controller_manager:/home/vedh/control_ws/install/ros2controlcli:/home/vedh/control_ws/install/ros2_controllers_test_nodes:/home/vedh/workspaces/demo_lawd_ws/install/demo_lawd_description:/opt/ros/humble /usr/bin/cmake --install /home/vedh/workspaces/lawd_ws/build/lawd_msgs
