[0.035s] Invoking command in '/home/vedh/workspaces/lawd_ws/build/lawd_msgs': CMAKE_PREFIX_PATH=${CMAKE_PREFIX_PATH}:/home/vedh/control_ws/install/rqt_joint_trajectory_controller:/home/vedh/control_ws/install/rqt_controller_manager:/home/vedh/control_ws/install/ros2controlcli:/home/vedh/control_ws/install/ros2_controllers_test_nodes:/home/vedh/workspaces/demo_lawd_ws/install/demo_lawd_description:/opt/ros/humble /usr/bin/cmake --build /home/vedh/workspaces/lawd_ws/build/lawd_msgs -- -j16 -l16
[0.158s] [  2%] Built target hyperdog_msgs__cpp
[0.167s] [ 12%] Built target hyperdog_msgs__rosidl_generator_c
[0.179s] [ 12%] Built target ament_cmake_python_copy_lawd_msgs
[0.216s] [ 23%] Built target hyperdog_msgs__rosidl_typesupport_cpp
[0.217s] [ 34%] Built target hyperdog_msgs__rosidl_typesupport_fastrtps_cpp
[0.221s] [ 44%] Built target hyperdog_msgs__rosidl_typesupport_introspection_cpp
[0.222s] [ 55%] Built target hyperdog_msgs__rosidl_typesupport_introspection_c
[0.224s] [ 65%] Built target hyperdog_msgs__rosidl_typesupport_c
[0.225s] [ 76%] Built target hyperdog_msgs__rosidl_typesupport_fastrtps_c
[0.266s] [ 76%] Built target hyperdog_msgs
[0.310s] [ 78%] Built target hyperdog_msgs__py
[0.353s] [ 87%] Built target hyperdog_msgs__rosidl_generator_py
[0.395s] [100%] Built target lawd_msgs__rosidl_typesupport_introspection_c__pyext
[0.395s] [100%] Built target lawd_msgs__rosidl_typesupport_fastrtps_c__pyext
[0.395s] [100%] Built target lawd_msgs__rosidl_typesupport_c__pyext
[0.438s] running egg_info
[0.451s] writing lawd_msgs.egg-info/PKG-INFO
[0.451s] writing dependency_links to lawd_msgs.egg-info/dependency_links.txt
[0.451s] writing top-level names to lawd_msgs.egg-info/top_level.txt
[0.487s] reading manifest file 'lawd_msgs.egg-info/SOURCES.txt'
[0.487s] writing manifest file 'lawd_msgs.egg-info/SOURCES.txt'
[0.514s] [100%] Built target ament_cmake_python_build_lawd_msgs_egg
[0.529s] Invoked command in '/home/vedh/workspaces/lawd_ws/build/lawd_msgs' returned '0': CMAKE_PREFIX_PATH=${CMAKE_PREFIX_PATH}:/home/vedh/control_ws/install/rqt_joint_trajectory_controller:/home/vedh/control_ws/install/rqt_controller_manager:/home/vedh/control_ws/install/ros2controlcli:/home/vedh/control_ws/install/ros2_controllers_test_nodes:/home/vedh/workspaces/demo_lawd_ws/install/demo_lawd_description:/opt/ros/humble /usr/bin/cmake --build /home/vedh/workspaces/lawd_ws/build/lawd_msgs -- -j16 -l16
[1.005s] Invoking command in '/home/vedh/workspaces/lawd_ws/build/lawd_msgs': CMAKE_PREFIX_PATH=${CMAKE_PREFIX_PATH}:/home/vedh/control_ws/install/rqt_joint_trajectory_controller:/home/vedh/control_ws/install/rqt_controller_manager:/home/vedh/control_ws/install/ros2controlcli:/home/vedh/control_ws/install/ros2_controllers_test_nodes:/home/vedh/workspaces/demo_lawd_ws/install/demo_lawd_description:/opt/ros/humble /usr/bin/cmake --install /home/vedh/workspaces/lawd_ws/build/lawd_msgs
[1.030s] -- Install configuration: ""
[1.031s] -- Up-to-date: /home/vedh/workspaces/lawd_ws/install/lawd_msgs/share/ament_index/resource_index/rosidl_interfaces/lawd_msgs
[1.032s] -- Up-to-date: /home/vedh/workspaces/lawd_ws/install/lawd_msgs/include/lawd_msgs/lawd_msgs
[1.032s] -- Up-to-date: /home/vedh/workspaces/lawd_ws/install/lawd_msgs/include/lawd_msgs/lawd_msgs/msg
[1.032s] -- Up-to-date: /home/vedh/workspaces/lawd_ws/install/lawd_msgs/include/lawd_msgs/lawd_msgs/msg/limits.h
[1.032s] -- Up-to-date: /home/vedh/workspaces/lawd_ws/install/lawd_msgs/include/lawd_msgs/lawd_msgs/msg/geometry.h
[1.032s] -- Up-to-date: /home/vedh/workspaces/lawd_ws/install/lawd_msgs/include/lawd_msgs/lawd_msgs/msg/rosidl_generator_c__visibility_control.h
[1.032s] -- Up-to-date: /home/vedh/workspaces/lawd_ws/install/lawd_msgs/include/lawd_msgs/lawd_msgs/msg/joy_ctrl_cmds.h
[1.032s] -- Up-to-date: /home/vedh/workspaces/lawd_ws/install/lawd_msgs/include/lawd_msgs/lawd_msgs/msg/detail
[1.033s] -- Up-to-date: /home/vedh/workspaces/lawd_ws/install/lawd_msgs/include/lawd_msgs/lawd_msgs/msg/detail/limits__functions.h
[1.033s] -- Up-to-date: /home/vedh/workspaces/lawd_ws/install/lawd_msgs/include/lawd_msgs/lawd_msgs/msg/detail/joy_ctrl_cmds__functions.h
[1.033s] -- Up-to-date: /home/vedh/workspaces/lawd_ws/install/lawd_msgs/include/lawd_msgs/lawd_msgs/msg/detail/geometry__struct.h
[1.033s] -- Up-to-date: /home/vedh/workspaces/lawd_ws/install/lawd_msgs/include/lawd_msgs/lawd_msgs/msg/detail/limits__functions.c
[1.033s] -- Up-to-date: /home/vedh/workspaces/lawd_ws/install/lawd_msgs/include/lawd_msgs/lawd_msgs/msg/detail/geometry__functions.c
[1.033s] -- Up-to-date: /home/vedh/workspaces/lawd_ws/install/lawd_msgs/include/lawd_msgs/lawd_msgs/msg/detail/joy_ctrl_cmds__struct.h
[1.033s] -- Up-to-date: /home/vedh/workspaces/lawd_ws/install/lawd_msgs/include/lawd_msgs/lawd_msgs/msg/detail/joy_ctrl_cmds__type_support.h
[1.033s] -- Up-to-date: /home/vedh/workspaces/lawd_ws/install/lawd_msgs/include/lawd_msgs/lawd_msgs/msg/detail/limits__struct.h
[1.033s] -- Up-to-date: /home/vedh/workspaces/lawd_ws/install/lawd_msgs/include/lawd_msgs/lawd_msgs/msg/detail/geometry__functions.h
[1.034s] -- Up-to-date: /home/vedh/workspaces/lawd_ws/install/lawd_msgs/include/lawd_msgs/lawd_msgs/msg/detail/joy_ctrl_cmds__functions.c
[1.034s] -- Up-to-date: /home/vedh/workspaces/lawd_ws/install/lawd_msgs/include/lawd_msgs/lawd_msgs/msg/detail/limits__type_support.h
[1.034s] -- Up-to-date: /home/vedh/workspaces/lawd_ws/install/lawd_msgs/include/lawd_msgs/lawd_msgs/msg/detail/geometry__type_support.h
[1.034s] -- Up-to-date: /home/vedh/workspaces/lawd_ws/install/lawd_msgs/share/lawd_msgs/environment/library_path.sh
[1.034s] -- Up-to-date: /home/vedh/workspaces/lawd_ws/install/lawd_msgs/share/lawd_msgs/environment/library_path.dsv
[1.034s] -- Up-to-date: /home/vedh/workspaces/lawd_ws/install/lawd_msgs/lib/libhyperdog_msgs__rosidl_generator_c.so
[1.034s] -- Up-to-date: /home/vedh/workspaces/lawd_ws/install/lawd_msgs/include/lawd_msgs/lawd_msgs
[1.034s] -- Up-to-date: /home/vedh/workspaces/lawd_ws/install/lawd_msgs/include/lawd_msgs/lawd_msgs/msg
[1.034s] -- Up-to-date: /home/vedh/workspaces/lawd_ws/install/lawd_msgs/include/lawd_msgs/lawd_msgs/msg/rosidl_typesupport_fastrtps_c__visibility_control.h
[1.034s] -- Up-to-date: /home/vedh/workspaces/lawd_ws/install/lawd_msgs/include/lawd_msgs/lawd_msgs/msg/detail
[1.034s] -- Up-to-date: /home/vedh/workspaces/lawd_ws/install/lawd_msgs/include/lawd_msgs/lawd_msgs/msg/detail/limits__rosidl_typesupport_fastrtps_c.h
[1.034s] -- Up-to-date: /home/vedh/workspaces/lawd_ws/install/lawd_msgs/include/lawd_msgs/lawd_msgs/msg/detail/geometry__rosidl_typesupport_fastrtps_c.h
[1.034s] -- Up-to-date: /home/vedh/workspaces/lawd_ws/install/lawd_msgs/include/lawd_msgs/lawd_msgs/msg/detail/joy_ctrl_cmds__rosidl_typesupport_fastrtps_c.h
[1.035s] -- Up-to-date: /home/vedh/workspaces/lawd_ws/install/lawd_msgs/lib/libhyperdog_msgs__rosidl_typesupport_fastrtps_c.so
[1.035s] -- Up-to-date: /home/vedh/workspaces/lawd_ws/install/lawd_msgs/include/lawd_msgs/lawd_msgs
[1.035s] -- Up-to-date: /home/vedh/workspaces/lawd_ws/install/lawd_msgs/include/lawd_msgs/lawd_msgs/msg
[1.035s] -- Up-to-date: /home/vedh/workspaces/lawd_ws/install/lawd_msgs/include/lawd_msgs/lawd_msgs/msg/detail
[1.035s] -- Up-to-date: /home/vedh/workspaces/lawd_ws/install/lawd_msgs/include/lawd_msgs/lawd_msgs/msg/detail/limits__struct.hpp
[1.035s] -- Up-to-date: /home/vedh/workspaces/lawd_ws/install/lawd_msgs/include/lawd_msgs/lawd_msgs/msg/detail/joy_ctrl_cmds__struct.hpp
[1.035s] -- Up-to-date: /home/vedh/workspaces/lawd_ws/install/lawd_msgs/include/lawd_msgs/lawd_msgs/msg/detail/geometry__traits.hpp
[1.035s] -- Up-to-date: /home/vedh/workspaces/lawd_ws/install/lawd_msgs/include/lawd_msgs/lawd_msgs/msg/detail/limits__traits.hpp
[1.035s] -- Up-to-date: /home/vedh/workspaces/lawd_ws/install/lawd_msgs/include/lawd_msgs/lawd_msgs/msg/detail/joy_ctrl_cmds__builder.hpp
[1.035s] -- Up-to-date: /home/vedh/workspaces/lawd_ws/install/lawd_msgs/include/lawd_msgs/lawd_msgs/msg/detail/geometry__builder.hpp
[1.035s] -- Up-to-date: /home/vedh/workspaces/lawd_ws/install/lawd_msgs/include/lawd_msgs/lawd_msgs/msg/detail/geometry__struct.hpp
[1.036s] -- Up-to-date: /home/vedh/workspaces/lawd_ws/install/lawd_msgs/include/lawd_msgs/lawd_msgs/msg/detail/limits__builder.hpp
[1.036s] -- Up-to-date: /home/vedh/workspaces/lawd_ws/install/lawd_msgs/include/lawd_msgs/lawd_msgs/msg/detail/joy_ctrl_cmds__traits.hpp
[1.036s] -- Up-to-date: /home/vedh/workspaces/lawd_ws/install/lawd_msgs/include/lawd_msgs/lawd_msgs/msg/limits.hpp
[1.036s] -- Up-to-date: /home/vedh/workspaces/lawd_ws/install/lawd_msgs/include/lawd_msgs/lawd_msgs/msg/joy_ctrl_cmds.hpp
[1.036s] -- Up-to-date: /home/vedh/workspaces/lawd_ws/install/lawd_msgs/include/lawd_msgs/lawd_msgs/msg/geometry.hpp
[1.036s] -- Up-to-date: /home/vedh/workspaces/lawd_ws/install/lawd_msgs/include/lawd_msgs/lawd_msgs
[1.036s] -- Up-to-date: /home/vedh/workspaces/lawd_ws/install/lawd_msgs/include/lawd_msgs/lawd_msgs/msg
[1.036s] -- Up-to-date: /home/vedh/workspaces/lawd_ws/install/lawd_msgs/include/lawd_msgs/lawd_msgs/msg/detail
[1.036s] -- Up-to-date: /home/vedh/workspaces/lawd_ws/install/lawd_msgs/include/lawd_msgs/lawd_msgs/msg/detail/dds_fastrtps
[1.036s] -- Up-to-date: /home/vedh/workspaces/lawd_ws/install/lawd_msgs/include/lawd_msgs/lawd_msgs/msg/detail/joy_ctrl_cmds__rosidl_typesupport_fastrtps_cpp.hpp
[1.036s] -- Up-to-date: /home/vedh/workspaces/lawd_ws/install/lawd_msgs/include/lawd_msgs/lawd_msgs/msg/detail/limits__rosidl_typesupport_fastrtps_cpp.hpp
[1.036s] -- Up-to-date: /home/vedh/workspaces/lawd_ws/install/lawd_msgs/include/lawd_msgs/lawd_msgs/msg/detail/geometry__rosidl_typesupport_fastrtps_cpp.hpp
[1.036s] -- Up-to-date: /home/vedh/workspaces/lawd_ws/install/lawd_msgs/include/lawd_msgs/lawd_msgs/msg/rosidl_typesupport_fastrtps_cpp__visibility_control.h
[1.037s] -- Up-to-date: /home/vedh/workspaces/lawd_ws/install/lawd_msgs/lib/libhyperdog_msgs__rosidl_typesupport_fastrtps_cpp.so
[1.037s] -- Up-to-date: /home/vedh/workspaces/lawd_ws/install/lawd_msgs/include/lawd_msgs/lawd_msgs
[1.037s] -- Up-to-date: /home/vedh/workspaces/lawd_ws/install/lawd_msgs/include/lawd_msgs/lawd_msgs/msg
[1.037s] -- Up-to-date: /home/vedh/workspaces/lawd_ws/install/lawd_msgs/include/lawd_msgs/lawd_msgs/msg/detail
[1.037s] -- Up-to-date: /home/vedh/workspaces/lawd_ws/install/lawd_msgs/include/lawd_msgs/lawd_msgs/msg/detail/geometry__rosidl_typesupport_introspection_c.h
[1.037s] -- Up-to-date: /home/vedh/workspaces/lawd_ws/install/lawd_msgs/include/lawd_msgs/lawd_msgs/msg/detail/limits__type_support.c
[1.037s] -- Up-to-date: /home/vedh/workspaces/lawd_ws/install/lawd_msgs/include/lawd_msgs/lawd_msgs/msg/detail/limits__rosidl_typesupport_introspection_c.h
[1.037s] -- Up-to-date: /home/vedh/workspaces/lawd_ws/install/lawd_msgs/include/lawd_msgs/lawd_msgs/msg/detail/joy_ctrl_cmds__rosidl_typesupport_introspection_c.h
[1.037s] -- Up-to-date: /home/vedh/workspaces/lawd_ws/install/lawd_msgs/include/lawd_msgs/lawd_msgs/msg/detail/geometry__type_support.c
[1.037s] -- Up-to-date: /home/vedh/workspaces/lawd_ws/install/lawd_msgs/include/lawd_msgs/lawd_msgs/msg/detail/joy_ctrl_cmds__type_support.c
[1.037s] -- Up-to-date: /home/vedh/workspaces/lawd_ws/install/lawd_msgs/include/lawd_msgs/lawd_msgs/msg/rosidl_typesupport_introspection_c__visibility_control.h
[1.037s] -- Up-to-date: /home/vedh/workspaces/lawd_ws/install/lawd_msgs/lib/libhyperdog_msgs__rosidl_typesupport_introspection_c.so
[1.037s] -- Up-to-date: /home/vedh/workspaces/lawd_ws/install/lawd_msgs/lib/libhyperdog_msgs__rosidl_typesupport_c.so
[1.037s] -- Up-to-date: /home/vedh/workspaces/lawd_ws/install/lawd_msgs/include/lawd_msgs/lawd_msgs
[1.038s] -- Up-to-date: /home/vedh/workspaces/lawd_ws/install/lawd_msgs/include/lawd_msgs/lawd_msgs/msg
[1.038s] -- Up-to-date: /home/vedh/workspaces/lawd_ws/install/lawd_msgs/include/lawd_msgs/lawd_msgs/msg/detail
[1.038s] -- Up-to-date: /home/vedh/workspaces/lawd_ws/install/lawd_msgs/include/lawd_msgs/lawd_msgs/msg/detail/geometry__type_support.cpp
[1.038s] -- Up-to-date: /home/vedh/workspaces/lawd_ws/install/lawd_msgs/include/lawd_msgs/lawd_msgs/msg/detail/joy_ctrl_cmds__rosidl_typesupport_introspection_cpp.hpp
[1.038s] -- Up-to-date: /home/vedh/workspaces/lawd_ws/install/lawd_msgs/include/lawd_msgs/lawd_msgs/msg/detail/joy_ctrl_cmds__type_support.cpp
[1.038s] -- Up-to-date: /home/vedh/workspaces/lawd_ws/install/lawd_msgs/include/lawd_msgs/lawd_msgs/msg/detail/limits__type_support.cpp
[1.038s] -- Up-to-date: /home/vedh/workspaces/lawd_ws/install/lawd_msgs/include/lawd_msgs/lawd_msgs/msg/detail/limits__rosidl_typesupport_introspection_cpp.hpp
[1.038s] -- Up-to-date: /home/vedh/workspaces/lawd_ws/install/lawd_msgs/include/lawd_msgs/lawd_msgs/msg/detail/geometry__rosidl_typesupport_introspection_cpp.hpp
[1.038s] -- Up-to-date: /home/vedh/workspaces/lawd_ws/install/lawd_msgs/lib/libhyperdog_msgs__rosidl_typesupport_introspection_cpp.so
[1.038s] -- Up-to-date: /home/vedh/workspaces/lawd_ws/install/lawd_msgs/lib/libhyperdog_msgs__rosidl_typesupport_cpp.so
[1.038s] -- Up-to-date: /home/vedh/workspaces/lawd_ws/install/lawd_msgs/share/lawd_msgs/environment/pythonpath.sh
[1.038s] -- Up-to-date: /home/vedh/workspaces/lawd_ws/install/lawd_msgs/share/lawd_msgs/environment/pythonpath.dsv
[1.038s] -- Up-to-date: /home/vedh/workspaces/lawd_ws/install/lawd_msgs/local/lib/python3.10/dist-packages/lawd_msgs-0.0.0-py3.10.egg-info
[1.038s] -- Installing: /home/vedh/workspaces/lawd_ws/install/lawd_msgs/local/lib/python3.10/dist-packages/lawd_msgs-0.0.0-py3.10.egg-info/top_level.txt
[1.038s] -- Installing: /home/vedh/workspaces/lawd_ws/install/lawd_msgs/local/lib/python3.10/dist-packages/lawd_msgs-0.0.0-py3.10.egg-info/SOURCES.txt
[1.038s] -- Installing: /home/vedh/workspaces/lawd_ws/install/lawd_msgs/local/lib/python3.10/dist-packages/lawd_msgs-0.0.0-py3.10.egg-info/dependency_links.txt
[1.039s] -- Installing: /home/vedh/workspaces/lawd_ws/install/lawd_msgs/local/lib/python3.10/dist-packages/lawd_msgs-0.0.0-py3.10.egg-info/PKG-INFO
[1.039s] -- Up-to-date: /home/vedh/workspaces/lawd_ws/install/lawd_msgs/local/lib/python3.10/dist-packages/lawd_msgs
[1.039s] -- Up-to-date: /home/vedh/workspaces/lawd_ws/install/lawd_msgs/local/lib/python3.10/dist-packages/lawd_msgs/lawd_msgs_s__rosidl_typesupport_c.cpython-310-x86_64-linux-gnu.so
[1.039s] -- Up-to-date: /home/vedh/workspaces/lawd_ws/install/lawd_msgs/local/lib/python3.10/dist-packages/lawd_msgs/__init__.py
[1.039s] -- Up-to-date: /home/vedh/workspaces/lawd_ws/install/lawd_msgs/local/lib/python3.10/dist-packages/lawd_msgs/_lawd_msgs_s.ep.rosidl_typesupport_fastrtps_c.c
[1.039s] -- Up-to-date: /home/vedh/workspaces/lawd_ws/install/lawd_msgs/local/lib/python3.10/dist-packages/lawd_msgs/_lawd_msgs_s.ep.rosidl_typesupport_c.c
[1.039s] -- Up-to-date: /home/vedh/workspaces/lawd_ws/install/lawd_msgs/local/lib/python3.10/dist-packages/lawd_msgs/lawd_msgs_s__rosidl_typesupport_introspection_c.cpython-310-x86_64-linux-gnu.so
[1.039s] -- Up-to-date: /home/vedh/workspaces/lawd_ws/install/lawd_msgs/local/lib/python3.10/dist-packages/lawd_msgs/lawd_msgs_s__rosidl_typesupport_fastrtps_c.cpython-310-x86_64-linux-gnu.so
[1.039s] -- Up-to-date: /home/vedh/workspaces/lawd_ws/install/lawd_msgs/local/lib/python3.10/dist-packages/lawd_msgs/_lawd_msgs_s.ep.rosidl_typesupport_introspection_c.c
[1.039s] -- Up-to-date: /home/vedh/workspaces/lawd_ws/install/lawd_msgs/local/lib/python3.10/dist-packages/lawd_msgs/libhyperdog_msgs__rosidl_generator_py.so
[1.039s] -- Up-to-date: /home/vedh/workspaces/lawd_ws/install/lawd_msgs/local/lib/python3.10/dist-packages/lawd_msgs/msg
[1.039s] -- Up-to-date: /home/vedh/workspaces/lawd_ws/install/lawd_msgs/local/lib/python3.10/dist-packages/lawd_msgs/msg/__init__.py
[1.039s] -- Up-to-date: /home/vedh/workspaces/lawd_ws/install/lawd_msgs/local/lib/python3.10/dist-packages/lawd_msgs/msg/_limits.py
[1.039s] -- Up-to-date: /home/vedh/workspaces/lawd_ws/install/lawd_msgs/local/lib/python3.10/dist-packages/lawd_msgs/msg/_geometry.py
[1.039s] -- Up-to-date: /home/vedh/workspaces/lawd_ws/install/lawd_msgs/local/lib/python3.10/dist-packages/lawd_msgs/msg/_joy_ctrl_cmds_s.c
[1.039s] -- Up-to-date: /home/vedh/workspaces/lawd_ws/install/lawd_msgs/local/lib/python3.10/dist-packages/lawd_msgs/msg/_geometry_s.c
[1.039s] -- Up-to-date: /home/vedh/workspaces/lawd_ws/install/lawd_msgs/local/lib/python3.10/dist-packages/lawd_msgs/msg/_joy_ctrl_cmds.py
[1.040s] -- Up-to-date: /home/vedh/workspaces/lawd_ws/install/lawd_msgs/local/lib/python3.10/dist-packages/lawd_msgs/msg/_limits_s.c
[1.069s] Listing '/home/vedh/workspaces/lawd_ws/install/lawd_msgs/local/lib/python3.10/dist-packages/lawd_msgs'...
[1.069s] Listing '/home/vedh/workspaces/lawd_ws/install/lawd_msgs/local/lib/python3.10/dist-packages/lawd_msgs/msg'...
[1.073s] -- Up-to-date: /home/vedh/workspaces/lawd_ws/install/lawd_msgs/local/lib/python3.10/dist-packages/lawd_msgs/lawd_msgs_s__rosidl_typesupport_fastrtps_c.cpython-310-x86_64-linux-gnu.so
[1.074s] -- Up-to-date: /home/vedh/workspaces/lawd_ws/install/lawd_msgs/local/lib/python3.10/dist-packages/lawd_msgs/lawd_msgs_s__rosidl_typesupport_introspection_c.cpython-310-x86_64-linux-gnu.so
[1.074s] -- Up-to-date: /home/vedh/workspaces/lawd_ws/install/lawd_msgs/local/lib/python3.10/dist-packages/lawd_msgs/lawd_msgs_s__rosidl_typesupport_c.cpython-310-x86_64-linux-gnu.so
[1.074s] -- Up-to-date: /home/vedh/workspaces/lawd_ws/install/lawd_msgs/lib/libhyperdog_msgs__rosidl_generator_py.so
[1.074s] -- Up-to-date: /home/vedh/workspaces/lawd_ws/install/lawd_msgs/share/lawd_msgs/msg/JoyCtrlCmds.idl
[1.074s] -- Up-to-date: /home/vedh/workspaces/lawd_ws/install/lawd_msgs/share/lawd_msgs/msg/Limits.idl
[1.074s] -- Up-to-date: /home/vedh/workspaces/lawd_ws/install/lawd_msgs/share/lawd_msgs/msg/Geometry.idl
[1.074s] -- Up-to-date: /home/vedh/workspaces/lawd_ws/install/lawd_msgs/share/lawd_msgs/msg/JoyCtrlCmds.msg
[1.074s] -- Up-to-date: /home/vedh/workspaces/lawd_ws/install/lawd_msgs/share/lawd_msgs/msg/Limits.msg
[1.075s] -- Up-to-date: /home/vedh/workspaces/lawd_ws/install/lawd_msgs/share/lawd_msgs/msg/Geometry.msg
[1.075s] -- Up-to-date: /home/vedh/workspaces/lawd_ws/install/lawd_msgs/share/ament_index/resource_index/package_run_dependencies/lawd_msgs
[1.075s] -- Up-to-date: /home/vedh/workspaces/lawd_ws/install/lawd_msgs/share/ament_index/resource_index/parent_prefix_path/lawd_msgs
[1.075s] -- Up-to-date: /home/vedh/workspaces/lawd_ws/install/lawd_msgs/share/lawd_msgs/environment/ament_prefix_path.sh
[1.075s] -- Up-to-date: /home/vedh/workspaces/lawd_ws/install/lawd_msgs/share/lawd_msgs/environment/ament_prefix_path.dsv
[1.075s] -- Up-to-date: /home/vedh/workspaces/lawd_ws/install/lawd_msgs/share/lawd_msgs/environment/path.sh
[1.075s] -- Up-to-date: /home/vedh/workspaces/lawd_ws/install/lawd_msgs/share/lawd_msgs/environment/path.dsv
[1.075s] -- Up-to-date: /home/vedh/workspaces/lawd_ws/install/lawd_msgs/share/lawd_msgs/local_setup.bash
[1.075s] -- Up-to-date: /home/vedh/workspaces/lawd_ws/install/lawd_msgs/share/lawd_msgs/local_setup.sh
[1.075s] -- Up-to-date: /home/vedh/workspaces/lawd_ws/install/lawd_msgs/share/lawd_msgs/local_setup.zsh
[1.075s] -- Up-to-date: /home/vedh/workspaces/lawd_ws/install/lawd_msgs/share/lawd_msgs/local_setup.dsv
[1.076s] -- Installing: /home/vedh/workspaces/lawd_ws/install/lawd_msgs/share/lawd_msgs/package.dsv
[1.076s] -- Up-to-date: /home/vedh/workspaces/lawd_ws/install/lawd_msgs/share/ament_index/resource_index/packages/lawd_msgs
[1.076s] -- Up-to-date: /home/vedh/workspaces/lawd_ws/install/lawd_msgs/share/lawd_msgs/cmake/export_hyperdog_msgs__rosidl_generator_cExport.cmake
[1.076s] -- Up-to-date: /home/vedh/workspaces/lawd_ws/install/lawd_msgs/share/lawd_msgs/cmake/export_hyperdog_msgs__rosidl_generator_cExport-noconfig.cmake
[1.076s] -- Up-to-date: /home/vedh/workspaces/lawd_ws/install/lawd_msgs/share/lawd_msgs/cmake/export_hyperdog_msgs__rosidl_typesupport_fastrtps_cExport.cmake
[1.077s] -- Up-to-date: /home/vedh/workspaces/lawd_ws/install/lawd_msgs/share/lawd_msgs/cmake/export_hyperdog_msgs__rosidl_typesupport_fastrtps_cExport-noconfig.cmake
[1.077s] -- Up-to-date: /home/vedh/workspaces/lawd_ws/install/lawd_msgs/share/lawd_msgs/cmake/export_hyperdog_msgs__rosidl_generator_cppExport.cmake
[1.077s] -- Up-to-date: /home/vedh/workspaces/lawd_ws/install/lawd_msgs/share/lawd_msgs/cmake/export_hyperdog_msgs__rosidl_typesupport_fastrtps_cppExport.cmake
[1.077s] -- Up-to-date: /home/vedh/workspaces/lawd_ws/install/lawd_msgs/share/lawd_msgs/cmake/export_hyperdog_msgs__rosidl_typesupport_fastrtps_cppExport-noconfig.cmake
[1.077s] -- Up-to-date: /home/vedh/workspaces/lawd_ws/install/lawd_msgs/share/lawd_msgs/cmake/hyperdog_msgs__rosidl_typesupport_introspection_cExport.cmake
[1.077s] -- Up-to-date: /home/vedh/workspaces/lawd_ws/install/lawd_msgs/share/lawd_msgs/cmake/hyperdog_msgs__rosidl_typesupport_introspection_cExport-noconfig.cmake
[1.077s] -- Up-to-date: /home/vedh/workspaces/lawd_ws/install/lawd_msgs/share/lawd_msgs/cmake/hyperdog_msgs__rosidl_typesupport_cExport.cmake
[1.077s] -- Up-to-date: /home/vedh/workspaces/lawd_ws/install/lawd_msgs/share/lawd_msgs/cmake/hyperdog_msgs__rosidl_typesupport_cExport-noconfig.cmake
[1.078s] -- Up-to-date: /home/vedh/workspaces/lawd_ws/install/lawd_msgs/share/lawd_msgs/cmake/hyperdog_msgs__rosidl_typesupport_introspection_cppExport.cmake
[1.078s] -- Up-to-date: /home/vedh/workspaces/lawd_ws/install/lawd_msgs/share/lawd_msgs/cmake/hyperdog_msgs__rosidl_typesupport_introspection_cppExport-noconfig.cmake
[1.078s] -- Up-to-date: /home/vedh/workspaces/lawd_ws/install/lawd_msgs/share/lawd_msgs/cmake/hyperdog_msgs__rosidl_typesupport_cppExport.cmake
[1.078s] -- Up-to-date: /home/vedh/workspaces/lawd_ws/install/lawd_msgs/share/lawd_msgs/cmake/hyperdog_msgs__rosidl_typesupport_cppExport-noconfig.cmake
[1.078s] -- Up-to-date: /home/vedh/workspaces/lawd_ws/install/lawd_msgs/share/lawd_msgs/cmake/export_hyperdog_msgs__rosidl_generator_pyExport.cmake
[1.078s] -- Up-to-date: /home/vedh/workspaces/lawd_ws/install/lawd_msgs/share/lawd_msgs/cmake/export_hyperdog_msgs__rosidl_generator_pyExport-noconfig.cmake
[1.078s] -- Up-to-date: /home/vedh/workspaces/lawd_ws/install/lawd_msgs/share/lawd_msgs/cmake/rosidl_cmake-extras.cmake
[1.078s] -- Up-to-date: /home/vedh/workspaces/lawd_ws/install/lawd_msgs/share/lawd_msgs/cmake/ament_cmake_export_dependencies-extras.cmake
[1.078s] -- Up-to-date: /home/vedh/workspaces/lawd_ws/install/lawd_msgs/share/lawd_msgs/cmake/ament_cmake_export_include_directories-extras.cmake
[1.078s] -- Up-to-date: /home/vedh/workspaces/lawd_ws/install/lawd_msgs/share/lawd_msgs/cmake/ament_cmake_export_libraries-extras.cmake
[1.078s] -- Up-to-date: /home/vedh/workspaces/lawd_ws/install/lawd_msgs/share/lawd_msgs/cmake/ament_cmake_export_targets-extras.cmake
[1.078s] -- Up-to-date: /home/vedh/workspaces/lawd_ws/install/lawd_msgs/share/lawd_msgs/cmake/rosidl_cmake_export_typesupport_targets-extras.cmake
[1.079s] -- Up-to-date: /home/vedh/workspaces/lawd_ws/install/lawd_msgs/share/lawd_msgs/cmake/rosidl_cmake_export_typesupport_libraries-extras.cmake
[1.079s] -- Up-to-date: /home/vedh/workspaces/lawd_ws/install/lawd_msgs/share/lawd_msgs/cmake/lawd_msgsConfig.cmake
[1.079s] -- Up-to-date: /home/vedh/workspaces/lawd_ws/install/lawd_msgs/share/lawd_msgs/cmake/lawd_msgsConfig-version.cmake
[1.079s] -- Up-to-date: /home/vedh/workspaces/lawd_ws/install/lawd_msgs/share/lawd_msgs/package.xml
[1.081s] Invoked command in '/home/vedh/workspaces/lawd_ws/build/lawd_msgs' returned '0': CMAKE_PREFIX_PATH=${CMAKE_PREFIX_PATH}:/home/vedh/control_ws/install/rqt_joint_trajectory_controller:/home/vedh/control_ws/install/rqt_controller_manager:/home/vedh/control_ws/install/ros2controlcli:/home/vedh/control_ws/install/ros2_controllers_test_nodes:/home/vedh/workspaces/demo_lawd_ws/install/demo_lawd_description:/opt/ros/humble /usr/bin/cmake --install /home/vedh/workspaces/lawd_ws/build/lawd_msgs
