[0.076s] DEBUG:colcon:Command line arguments: ['/usr/bin/colcon', 'build']
[0.076s] DEBUG:colcon:Parsed command line arguments: Namespace(log_base=None, log_level=None, verb_name='build', build_base='build', install_base='install', merge_install=False, symlink_install=False, test_result_base=None, continue_on_error=False, executor='parallel', parallel_workers=16, event_handlers=None, ignore_user_meta=False, metas=['./colcon.meta'], base_paths=['.'], packages_ignore=None, packages_ignore_regex=None, paths=None, packages_up_to=None, packages_up_to_regex=None, packages_above=None, packages_above_and_dependencies=None, packages_above_depth=None, packages_select_by_dep=None, packages_skip_by_dep=None, packages_skip_up_to=None, packages_select_build_failed=False, packages_skip_build_finished=False, packages_select_test_failures=False, packages_skip_test_passed=False, packages_select=None, packages_skip=None, packages_select_regex=None, packages_skip_regex=None, packages_start=None, packages_end=None, allow_overriding=[], cmake_args=None, cmake_target=None, cmake_target_skip_unavailable=False, cmake_clean_cache=False, cmake_clean_first=False, cmake_force_configure=False, ament_cmake_args=None, catkin_cmake_args=None, catkin_skip_building_tests=False, verb_parser=<colcon_defaults.argument_parser.defaults.DefaultArgumentsDecorator object at 0x76b82a9468c0>, verb_extension=<colcon_core.verb.build.BuildVerb object at 0x76b82a946350>, main=<bound method BuildVerb.main of <colcon_core.verb.build.BuildVerb object at 0x76b82a946350>>)
[0.110s] Level 1:colcon.colcon_core.package_discovery:discover_packages(colcon_meta) check parameters
[0.110s] Level 1:colcon.colcon_core.package_discovery:discover_packages(recursive) check parameters
[0.110s] Level 1:colcon.colcon_core.package_discovery:discover_packages(ignore) check parameters
[0.110s] Level 1:colcon.colcon_core.package_discovery:discover_packages(path) check parameters
[0.110s] Level 1:colcon.colcon_core.package_discovery:discover_packages(colcon_meta) discover
[0.110s] Level 1:colcon.colcon_core.package_discovery:discover_packages(recursive) discover
[0.110s] INFO:colcon.colcon_core.package_discovery:Crawling recursively for packages in '/home/vedh/workspaces/lawd_ws'
[0.110s] Level 1:colcon.colcon_core.package_identification:_identify(.) by extensions ['ignore', 'ignore_ament_install']
[0.110s] Level 1:colcon.colcon_core.package_identification:_identify(.) by extension 'ignore'
[0.110s] Level 1:colcon.colcon_core.package_identification:_identify(.) by extension 'ignore_ament_install'
[0.110s] Level 1:colcon.colcon_core.package_identification:_identify(.) by extensions ['colcon_pkg']
[0.111s] Level 1:colcon.colcon_core.package_identification:_identify(.) by extension 'colcon_pkg'
[0.111s] Level 1:colcon.colcon_core.package_identification:_identify(.) by extensions ['colcon_meta']
[0.111s] Level 1:colcon.colcon_core.package_identification:_identify(.) by extension 'colcon_meta'
[0.111s] Level 1:colcon.colcon_core.package_identification:_identify(.) by extensions ['ros']
[0.111s] Level 1:colcon.colcon_core.package_identification:_identify(.) by extension 'ros'
[0.121s] Level 1:colcon.colcon_core.package_identification:_identify(.) by extensions ['cmake', 'python']
[0.121s] Level 1:colcon.colcon_core.package_identification:_identify(.) by extension 'cmake'
[0.121s] Level 1:colcon.colcon_core.package_identification:_identify(.) by extension 'python'
[0.121s] Level 1:colcon.colcon_core.package_identification:_identify(.) by extensions ['python_setup_py']
[0.121s] Level 1:colcon.colcon_core.package_identification:_identify(.) by extension 'python_setup_py'
[0.122s] Level 1:colcon.colcon_core.package_identification:_identify(build) by extensions ['ignore', 'ignore_ament_install']
[0.122s] Level 1:colcon.colcon_core.package_identification:_identify(build) by extension 'ignore'
[0.122s] Level 1:colcon.colcon_core.package_identification:_identify(build) ignored
[0.122s] Level 1:colcon.colcon_core.package_identification:_identify(install) by extensions ['ignore', 'ignore_ament_install']
[0.122s] Level 1:colcon.colcon_core.package_identification:_identify(install) by extension 'ignore'
[0.122s] Level 1:colcon.colcon_core.package_identification:_identify(install) ignored
[0.122s] Level 1:colcon.colcon_core.package_identification:_identify(log) by extensions ['ignore', 'ignore_ament_install']
[0.122s] Level 1:colcon.colcon_core.package_identification:_identify(log) by extension 'ignore'
[0.122s] Level 1:colcon.colcon_core.package_identification:_identify(log) ignored
[0.122s] Level 1:colcon.colcon_core.package_identification:_identify(src) by extensions ['ignore', 'ignore_ament_install']
[0.122s] Level 1:colcon.colcon_core.package_identification:_identify(src) by extension 'ignore'
[0.122s] Level 1:colcon.colcon_core.package_identification:_identify(src) by extension 'ignore_ament_install'
[0.122s] Level 1:colcon.colcon_core.package_identification:_identify(src) by extensions ['colcon_pkg']
[0.122s] Level 1:colcon.colcon_core.package_identification:_identify(src) by extension 'colcon_pkg'
[0.122s] Level 1:colcon.colcon_core.package_identification:_identify(src) by extensions ['colcon_meta']
[0.122s] Level 1:colcon.colcon_core.package_identification:_identify(src) by extension 'colcon_meta'
[0.122s] Level 1:colcon.colcon_core.package_identification:_identify(src) by extensions ['ros']
[0.122s] Level 1:colcon.colcon_core.package_identification:_identify(src) by extension 'ros'
[0.122s] Level 1:colcon.colcon_core.package_identification:_identify(src) by extensions ['cmake', 'python']
[0.122s] Level 1:colcon.colcon_core.package_identification:_identify(src) by extension 'cmake'
[0.122s] Level 1:colcon.colcon_core.package_identification:_identify(src) by extension 'python'
[0.122s] Level 1:colcon.colcon_core.package_identification:_identify(src) by extensions ['python_setup_py']
[0.122s] Level 1:colcon.colcon_core.package_identification:_identify(src) by extension 'python_setup_py'
[0.123s] Level 1:colcon.colcon_core.package_identification:_identify(src/lawd_ctrl) by extensions ['ignore', 'ignore_ament_install']
[0.123s] Level 1:colcon.colcon_core.package_identification:_identify(src/lawd_ctrl) by extension 'ignore'
[0.123s] Level 1:colcon.colcon_core.package_identification:_identify(src/lawd_ctrl) by extension 'ignore_ament_install'
[0.123s] Level 1:colcon.colcon_core.package_identification:_identify(src/lawd_ctrl) by extensions ['colcon_pkg']
[0.123s] Level 1:colcon.colcon_core.package_identification:_identify(src/lawd_ctrl) by extension 'colcon_pkg'
[0.123s] Level 1:colcon.colcon_core.package_identification:_identify(src/lawd_ctrl) by extensions ['colcon_meta']
[0.123s] Level 1:colcon.colcon_core.package_identification:_identify(src/lawd_ctrl) by extension 'colcon_meta'
[0.123s] Level 1:colcon.colcon_core.package_identification:_identify(src/lawd_ctrl) by extensions ['ros']
[0.123s] Level 1:colcon.colcon_core.package_identification:_identify(src/lawd_ctrl) by extension 'ros'
[0.125s] DEBUG:colcon.colcon_core.package_identification:Package 'src/lawd_ctrl' with type 'ros.ament_cmake' and name 'lawd_ctrl'
[0.125s] Level 1:colcon.colcon_core.package_identification:_identify(src/lawd_description) by extensions ['ignore', 'ignore_ament_install']
[0.125s] Level 1:colcon.colcon_core.package_identification:_identify(src/lawd_description) by extension 'ignore'
[0.125s] Level 1:colcon.colcon_core.package_identification:_identify(src/lawd_description) by extension 'ignore_ament_install'
[0.125s] Level 1:colcon.colcon_core.package_identification:_identify(src/lawd_description) by extensions ['colcon_pkg']
[0.125s] Level 1:colcon.colcon_core.package_identification:_identify(src/lawd_description) by extension 'colcon_pkg'
[0.125s] Level 1:colcon.colcon_core.package_identification:_identify(src/lawd_description) by extensions ['colcon_meta']
[0.125s] Level 1:colcon.colcon_core.package_identification:_identify(src/lawd_description) by extension 'colcon_meta'
[0.125s] Level 1:colcon.colcon_core.package_identification:_identify(src/lawd_description) by extensions ['ros']
[0.125s] Level 1:colcon.colcon_core.package_identification:_identify(src/lawd_description) by extension 'ros'
[0.126s] DEBUG:colcon.colcon_core.package_identification:Package 'src/lawd_description' with type 'ros.ament_cmake' and name 'lawd_description'
[0.126s] Level 1:colcon.colcon_core.package_identification:_identify(src/lawd_msgs) by extensions ['ignore', 'ignore_ament_install']
[0.126s] Level 1:colcon.colcon_core.package_identification:_identify(src/lawd_msgs) by extension 'ignore'
[0.126s] Level 1:colcon.colcon_core.package_identification:_identify(src/lawd_msgs) by extension 'ignore_ament_install'
[0.126s] Level 1:colcon.colcon_core.package_identification:_identify(src/lawd_msgs) by extensions ['colcon_pkg']
[0.126s] Level 1:colcon.colcon_core.package_identification:_identify(src/lawd_msgs) by extension 'colcon_pkg'
[0.126s] Level 1:colcon.colcon_core.package_identification:_identify(src/lawd_msgs) by extensions ['colcon_meta']
[0.126s] Level 1:colcon.colcon_core.package_identification:_identify(src/lawd_msgs) by extension 'colcon_meta'
[0.126s] Level 1:colcon.colcon_core.package_identification:_identify(src/lawd_msgs) by extensions ['ros']
[0.126s] Level 1:colcon.colcon_core.package_identification:_identify(src/lawd_msgs) by extension 'ros'
[0.127s] DEBUG:colcon.colcon_core.package_identification:Package 'src/lawd_msgs' with type 'ros.ament_cmake' and name 'lawd_msgs'
[0.127s] Level 1:colcon.colcon_core.package_identification:_identify(src/lawd_teleop) by extensions ['ignore', 'ignore_ament_install']
[0.127s] Level 1:colcon.colcon_core.package_identification:_identify(src/lawd_teleop) by extension 'ignore'
[0.127s] Level 1:colcon.colcon_core.package_identification:_identify(src/lawd_teleop) by extension 'ignore_ament_install'
[0.127s] Level 1:colcon.colcon_core.package_identification:_identify(src/lawd_teleop) by extensions ['colcon_pkg']
[0.127s] Level 1:colcon.colcon_core.package_identification:_identify(src/lawd_teleop) by extension 'colcon_pkg'
[0.127s] Level 1:colcon.colcon_core.package_identification:_identify(src/lawd_teleop) by extensions ['colcon_meta']
[0.127s] Level 1:colcon.colcon_core.package_identification:_identify(src/lawd_teleop) by extension 'colcon_meta'
[0.127s] Level 1:colcon.colcon_core.package_identification:_identify(src/lawd_teleop) by extensions ['ros']
[0.127s] Level 1:colcon.colcon_core.package_identification:_identify(src/lawd_teleop) by extension 'ros'
[0.127s] DEBUG:colcon.colcon_core.package_identification:Package 'src/lawd_teleop' with type 'ros.ament_cmake' and name 'lawd_teleop'
[0.127s] Level 1:colcon.colcon_core.package_discovery:discover_packages(recursive) using defaults
[0.127s] Level 1:colcon.colcon_core.package_discovery:discover_packages(ignore) discover
[0.127s] Level 1:colcon.colcon_core.package_discovery:discover_packages(ignore) using defaults
[0.127s] Level 1:colcon.colcon_core.package_discovery:discover_packages(path) discover
[0.127s] Level 1:colcon.colcon_core.package_discovery:discover_packages(path) using defaults
[0.142s] Level 1:colcon.colcon_core.package_discovery:discover_packages(prefix_path) check parameters
[0.142s] Level 1:colcon.colcon_core.package_discovery:discover_packages(prefix_path) discover
[0.146s] DEBUG:colcon.colcon_installed_package_information.package_discovery:Found 56 installed packages in /home/vedh/control_ws/install
[0.147s] DEBUG:colcon.colcon_installed_package_information.package_discovery:Found 1 installed packages in /home/vedh/workspaces/articulated_ws/install
[0.147s] DEBUG:colcon.colcon_installed_package_information.package_discovery:Found 2 installed packages in /home/vedh/workspaces/demo_lawd_ws/install
[0.148s] DEBUG:colcon.colcon_installed_package_information.package_discovery:Found 414 installed packages in /opt/ros/humble
[0.150s] Level 1:colcon.colcon_core.package_discovery:discover_packages(prefix_path) using defaults
[0.189s] Level 5:colcon.colcon_core.verb:set package 'lawd_ctrl' build argument 'cmake_args' from command line to 'None'
[0.189s] Level 5:colcon.colcon_core.verb:set package 'lawd_ctrl' build argument 'cmake_target' from command line to 'None'
[0.189s] Level 5:colcon.colcon_core.verb:set package 'lawd_ctrl' build argument 'cmake_target_skip_unavailable' from command line to 'False'
[0.189s] Level 5:colcon.colcon_core.verb:set package 'lawd_ctrl' build argument 'cmake_clean_cache' from command line to 'False'
[0.189s] Level 5:colcon.colcon_core.verb:set package 'lawd_ctrl' build argument 'cmake_clean_first' from command line to 'False'
[0.189s] Level 5:colcon.colcon_core.verb:set package 'lawd_ctrl' build argument 'cmake_force_configure' from command line to 'False'
[0.189s] Level 5:colcon.colcon_core.verb:set package 'lawd_ctrl' build argument 'ament_cmake_args' from command line to 'None'
[0.189s] Level 5:colcon.colcon_core.verb:set package 'lawd_ctrl' build argument 'catkin_cmake_args' from command line to 'None'
[0.189s] Level 5:colcon.colcon_core.verb:set package 'lawd_ctrl' build argument 'catkin_skip_building_tests' from command line to 'False'
[0.189s] DEBUG:colcon.colcon_core.verb:Building package 'lawd_ctrl' with the following arguments: {'ament_cmake_args': None, 'build_base': '/home/vedh/workspaces/lawd_ws/build/lawd_ctrl', 'catkin_cmake_args': None, 'catkin_skip_building_tests': False, 'cmake_args': None, 'cmake_clean_cache': False, 'cmake_clean_first': False, 'cmake_force_configure': False, 'cmake_target': None, 'cmake_target_skip_unavailable': False, 'install_base': '/home/vedh/workspaces/lawd_ws/install/lawd_ctrl', 'merge_install': False, 'path': '/home/vedh/workspaces/lawd_ws/src/lawd_ctrl', 'symlink_install': False, 'test_result_base': None}
[0.189s] Level 5:colcon.colcon_core.verb:set package 'lawd_description' build argument 'cmake_args' from command line to 'None'
[0.189s] Level 5:colcon.colcon_core.verb:set package 'lawd_description' build argument 'cmake_target' from command line to 'None'
[0.189s] Level 5:colcon.colcon_core.verb:set package 'lawd_description' build argument 'cmake_target_skip_unavailable' from command line to 'False'
[0.189s] Level 5:colcon.colcon_core.verb:set package 'lawd_description' build argument 'cmake_clean_cache' from command line to 'False'
[0.189s] Level 5:colcon.colcon_core.verb:set package 'lawd_description' build argument 'cmake_clean_first' from command line to 'False'
[0.189s] Level 5:colcon.colcon_core.verb:set package 'lawd_description' build argument 'cmake_force_configure' from command line to 'False'
[0.189s] Level 5:colcon.colcon_core.verb:set package 'lawd_description' build argument 'ament_cmake_args' from command line to 'None'
[0.189s] Level 5:colcon.colcon_core.verb:set package 'lawd_description' build argument 'catkin_cmake_args' from command line to 'None'
[0.189s] Level 5:colcon.colcon_core.verb:set package 'lawd_description' build argument 'catkin_skip_building_tests' from command line to 'False'
[0.189s] DEBUG:colcon.colcon_core.verb:Building package 'lawd_description' with the following arguments: {'ament_cmake_args': None, 'build_base': '/home/vedh/workspaces/lawd_ws/build/lawd_description', 'catkin_cmake_args': None, 'catkin_skip_building_tests': False, 'cmake_args': None, 'cmake_clean_cache': False, 'cmake_clean_first': False, 'cmake_force_configure': False, 'cmake_target': None, 'cmake_target_skip_unavailable': False, 'install_base': '/home/vedh/workspaces/lawd_ws/install/lawd_description', 'merge_install': False, 'path': '/home/vedh/workspaces/lawd_ws/src/lawd_description', 'symlink_install': False, 'test_result_base': None}
[0.189s] Level 5:colcon.colcon_core.verb:set package 'lawd_msgs' build argument 'cmake_args' from command line to 'None'
[0.189s] Level 5:colcon.colcon_core.verb:set package 'lawd_msgs' build argument 'cmake_target' from command line to 'None'
[0.189s] Level 5:colcon.colcon_core.verb:set package 'lawd_msgs' build argument 'cmake_target_skip_unavailable' from command line to 'False'
[0.189s] Level 5:colcon.colcon_core.verb:set package 'lawd_msgs' build argument 'cmake_clean_cache' from command line to 'False'
[0.189s] Level 5:colcon.colcon_core.verb:set package 'lawd_msgs' build argument 'cmake_clean_first' from command line to 'False'
[0.189s] Level 5:colcon.colcon_core.verb:set package 'lawd_msgs' build argument 'cmake_force_configure' from command line to 'False'
[0.190s] Level 5:colcon.colcon_core.verb:set package 'lawd_msgs' build argument 'ament_cmake_args' from command line to 'None'
[0.190s] Level 5:colcon.colcon_core.verb:set package 'lawd_msgs' build argument 'catkin_cmake_args' from command line to 'None'
[0.190s] Level 5:colcon.colcon_core.verb:set package 'lawd_msgs' build argument 'catkin_skip_building_tests' from command line to 'False'
[0.190s] DEBUG:colcon.colcon_core.verb:Building package 'lawd_msgs' with the following arguments: {'ament_cmake_args': None, 'build_base': '/home/vedh/workspaces/lawd_ws/build/lawd_msgs', 'catkin_cmake_args': None, 'catkin_skip_building_tests': False, 'cmake_args': None, 'cmake_clean_cache': False, 'cmake_clean_first': False, 'cmake_force_configure': False, 'cmake_target': None, 'cmake_target_skip_unavailable': False, 'install_base': '/home/vedh/workspaces/lawd_ws/install/lawd_msgs', 'merge_install': False, 'path': '/home/vedh/workspaces/lawd_ws/src/lawd_msgs', 'symlink_install': False, 'test_result_base': None}
[0.190s] Level 5:colcon.colcon_core.verb:set package 'lawd_teleop' build argument 'cmake_args' from command line to 'None'
[0.190s] Level 5:colcon.colcon_core.verb:set package 'lawd_teleop' build argument 'cmake_target' from command line to 'None'
[0.190s] Level 5:colcon.colcon_core.verb:set package 'lawd_teleop' build argument 'cmake_target_skip_unavailable' from command line to 'False'
[0.190s] Level 5:colcon.colcon_core.verb:set package 'lawd_teleop' build argument 'cmake_clean_cache' from command line to 'False'
[0.190s] Level 5:colcon.colcon_core.verb:set package 'lawd_teleop' build argument 'cmake_clean_first' from command line to 'False'
[0.190s] Level 5:colcon.colcon_core.verb:set package 'lawd_teleop' build argument 'cmake_force_configure' from command line to 'False'
[0.190s] Level 5:colcon.colcon_core.verb:set package 'lawd_teleop' build argument 'ament_cmake_args' from command line to 'None'
[0.190s] Level 5:colcon.colcon_core.verb:set package 'lawd_teleop' build argument 'catkin_cmake_args' from command line to 'None'
[0.190s] Level 5:colcon.colcon_core.verb:set package 'lawd_teleop' build argument 'catkin_skip_building_tests' from command line to 'False'
[0.190s] DEBUG:colcon.colcon_core.verb:Building package 'lawd_teleop' with the following arguments: {'ament_cmake_args': None, 'build_base': '/home/vedh/workspaces/lawd_ws/build/lawd_teleop', 'catkin_cmake_args': None, 'catkin_skip_building_tests': False, 'cmake_args': None, 'cmake_clean_cache': False, 'cmake_clean_first': False, 'cmake_force_configure': False, 'cmake_target': None, 'cmake_target_skip_unavailable': False, 'install_base': '/home/vedh/workspaces/lawd_ws/install/lawd_teleop', 'merge_install': False, 'path': '/home/vedh/workspaces/lawd_ws/src/lawd_teleop', 'symlink_install': False, 'test_result_base': None}
[0.190s] INFO:colcon.colcon_core.executor:Executing jobs using 'parallel' executor
[0.191s] DEBUG:colcon.colcon_parallel_executor.executor.parallel:run_until_complete
[0.191s] INFO:colcon.colcon_ros.task.ament_cmake.build:Building ROS package in '/home/vedh/workspaces/lawd_ws/src/lawd_ctrl' with build type 'ament_cmake'
[0.191s] INFO:colcon.colcon_cmake.task.cmake.build:Building CMake package in '/home/vedh/workspaces/lawd_ws/src/lawd_ctrl'
[0.193s] INFO:colcon.colcon_core.plugin_system:Skipping extension 'colcon_core.shell.bat': Not used on non-Windows systems
[0.193s] INFO:colcon.colcon_core.shell:Skip shell extension 'powershell' for command environment: Not usable outside of PowerShell
[0.193s] DEBUG:colcon.colcon_core.shell:Skip shell extension 'dsv' for command environment
[0.199s] INFO:colcon.colcon_ros.task.ament_cmake.build:Building ROS package in '/home/vedh/workspaces/lawd_ws/src/lawd_description' with build type 'ament_cmake'
[0.199s] INFO:colcon.colcon_cmake.task.cmake.build:Building CMake package in '/home/vedh/workspaces/lawd_ws/src/lawd_description'
[0.199s] INFO:colcon.colcon_core.shell:Skip shell extension 'powershell' for command environment: Not usable outside of PowerShell
[0.199s] DEBUG:colcon.colcon_core.shell:Skip shell extension 'dsv' for command environment
[0.206s] INFO:colcon.colcon_ros.task.ament_cmake.build:Building ROS package in '/home/vedh/workspaces/lawd_ws/src/lawd_msgs' with build type 'ament_cmake'
[0.206s] INFO:colcon.colcon_cmake.task.cmake.build:Building CMake package in '/home/vedh/workspaces/lawd_ws/src/lawd_msgs'
[0.206s] INFO:colcon.colcon_core.shell:Skip shell extension 'powershell' for command environment: Not usable outside of PowerShell
[0.206s] DEBUG:colcon.colcon_core.shell:Skip shell extension 'dsv' for command environment
[0.213s] INFO:colcon.colcon_ros.task.ament_cmake.build:Building ROS package in '/home/vedh/workspaces/lawd_ws/src/lawd_teleop' with build type 'ament_cmake'
[0.213s] INFO:colcon.colcon_cmake.task.cmake.build:Building CMake package in '/home/vedh/workspaces/lawd_ws/src/lawd_teleop'
[0.213s] INFO:colcon.colcon_core.shell:Skip shell extension 'powershell' for command environment: Not usable outside of PowerShell
[0.214s] DEBUG:colcon.colcon_core.shell:Skip shell extension 'dsv' for command environment
[0.234s] DEBUG:colcon.colcon_core.event_handler.log_command:Invoking command in '/home/vedh/workspaces/lawd_ws/build/lawd_ctrl': CMAKE_PREFIX_PATH=${CMAKE_PREFIX_PATH}:/home/vedh/control_ws/install/rqt_joint_trajectory_controller:/home/vedh/control_ws/install/rqt_controller_manager:/home/vedh/control_ws/install/ros2controlcli:/home/vedh/control_ws/install/ros2_controllers_test_nodes:/home/vedh/workspaces/demo_lawd_ws/install/demo_lawd_description:/opt/ros/humble /usr/bin/cmake --build /home/vedh/workspaces/lawd_ws/build/lawd_ctrl -- -j16 -l16
[0.237s] DEBUG:colcon.colcon_core.event_handler.log_command:Invoking command in '/home/vedh/workspaces/lawd_ws/build/lawd_description': CMAKE_PREFIX_PATH=${CMAKE_PREFIX_PATH}:/home/vedh/control_ws/install/rqt_joint_trajectory_controller:/home/vedh/control_ws/install/rqt_controller_manager:/home/vedh/control_ws/install/ros2controlcli:/home/vedh/control_ws/install/ros2_controllers_test_nodes:/home/vedh/workspaces/demo_lawd_ws/install/demo_lawd_description:/opt/ros/humble /usr/bin/cmake --build /home/vedh/workspaces/lawd_ws/build/lawd_description -- -j16 -l16
[0.241s] DEBUG:colcon.colcon_core.event_handler.log_command:Invoking command in '/home/vedh/workspaces/lawd_ws/build/lawd_msgs': CMAKE_PREFIX_PATH=${CMAKE_PREFIX_PATH}:/home/vedh/control_ws/install/rqt_joint_trajectory_controller:/home/vedh/control_ws/install/rqt_controller_manager:/home/vedh/control_ws/install/ros2controlcli:/home/vedh/control_ws/install/ros2_controllers_test_nodes:/home/vedh/workspaces/demo_lawd_ws/install/demo_lawd_description:/opt/ros/humble /usr/bin/cmake --build /home/vedh/workspaces/lawd_ws/build/lawd_msgs -- -j16 -l16
[0.248s] DEBUG:colcon.colcon_core.event_handler.log_command:Invoking command in '/home/vedh/workspaces/lawd_ws/build/lawd_teleop': CMAKE_PREFIX_PATH=${CMAKE_PREFIX_PATH}:/home/vedh/control_ws/install/rqt_joint_trajectory_controller:/home/vedh/control_ws/install/rqt_controller_manager:/home/vedh/control_ws/install/ros2controlcli:/home/vedh/control_ws/install/ros2_controllers_test_nodes:/home/vedh/workspaces/demo_lawd_ws/install/demo_lawd_description:/opt/ros/humble /usr/bin/cmake --build /home/vedh/workspaces/lawd_ws/build/lawd_teleop -- -j16 -l16
[0.339s] DEBUG:colcon.colcon_core.event_handler.log_command:Invoked command in '/home/vedh/workspaces/lawd_ws/build/lawd_ctrl' returned '0': CMAKE_PREFIX_PATH=${CMAKE_PREFIX_PATH}:/home/vedh/control_ws/install/rqt_joint_trajectory_controller:/home/vedh/control_ws/install/rqt_controller_manager:/home/vedh/control_ws/install/ros2controlcli:/home/vedh/control_ws/install/ros2_controllers_test_nodes:/home/vedh/workspaces/demo_lawd_ws/install/demo_lawd_description:/opt/ros/humble /usr/bin/cmake --build /home/vedh/workspaces/lawd_ws/build/lawd_ctrl -- -j16 -l16
[0.342s] DEBUG:colcon.colcon_core.event_handler.log_command:Invoked command in '/home/vedh/workspaces/lawd_ws/build/lawd_description' returned '0': CMAKE_PREFIX_PATH=${CMAKE_PREFIX_PATH}:/home/vedh/control_ws/install/rqt_joint_trajectory_controller:/home/vedh/control_ws/install/rqt_controller_manager:/home/vedh/control_ws/install/ros2controlcli:/home/vedh/control_ws/install/ros2_controllers_test_nodes:/home/vedh/workspaces/demo_lawd_ws/install/demo_lawd_description:/opt/ros/humble /usr/bin/cmake --build /home/vedh/workspaces/lawd_ws/build/lawd_description -- -j16 -l16
[0.343s] DEBUG:colcon.colcon_core.event_handler.log_command:Invoked command in '/home/vedh/workspaces/lawd_ws/build/lawd_teleop' returned '0': CMAKE_PREFIX_PATH=${CMAKE_PREFIX_PATH}:/home/vedh/control_ws/install/rqt_joint_trajectory_controller:/home/vedh/control_ws/install/rqt_controller_manager:/home/vedh/control_ws/install/ros2controlcli:/home/vedh/control_ws/install/ros2_controllers_test_nodes:/home/vedh/workspaces/demo_lawd_ws/install/demo_lawd_description:/opt/ros/humble /usr/bin/cmake --build /home/vedh/workspaces/lawd_ws/build/lawd_teleop -- -j16 -l16
[0.420s] DEBUG:colcon.colcon_core.event_handler.log_command:Invoking command in '/home/vedh/workspaces/lawd_ws/build/lawd_ctrl': CMAKE_PREFIX_PATH=${CMAKE_PREFIX_PATH}:/home/vedh/control_ws/install/rqt_joint_trajectory_controller:/home/vedh/control_ws/install/rqt_controller_manager:/home/vedh/control_ws/install/ros2controlcli:/home/vedh/control_ws/install/ros2_controllers_test_nodes:/home/vedh/workspaces/demo_lawd_ws/install/demo_lawd_description:/opt/ros/humble /usr/bin/cmake --install /home/vedh/workspaces/lawd_ws/build/lawd_ctrl
[0.428s] DEBUG:colcon.colcon_core.event_handler.log_command:Invoking command in '/home/vedh/workspaces/lawd_ws/build/lawd_teleop': CMAKE_PREFIX_PATH=${CMAKE_PREFIX_PATH}:/home/vedh/control_ws/install/rqt_joint_trajectory_controller:/home/vedh/control_ws/install/rqt_controller_manager:/home/vedh/control_ws/install/ros2controlcli:/home/vedh/control_ws/install/ros2_controllers_test_nodes:/home/vedh/workspaces/demo_lawd_ws/install/demo_lawd_description:/opt/ros/humble /usr/bin/cmake --install /home/vedh/workspaces/lawd_ws/build/lawd_teleop
[0.429s] DEBUG:colcon.colcon_core.event_handler.log_command:Invoking command in '/home/vedh/workspaces/lawd_ws/build/lawd_description': CMAKE_PREFIX_PATH=${CMAKE_PREFIX_PATH}:/home/vedh/control_ws/install/rqt_joint_trajectory_controller:/home/vedh/control_ws/install/rqt_controller_manager:/home/vedh/control_ws/install/ros2controlcli:/home/vedh/control_ws/install/ros2_controllers_test_nodes:/home/vedh/workspaces/demo_lawd_ws/install/demo_lawd_description:/opt/ros/humble /usr/bin/cmake --install /home/vedh/workspaces/lawd_ws/build/lawd_description
[0.437s] Level 1:colcon.colcon_core.environment:create_environment_scripts_only(lawd_ctrl)
[0.438s] DEBUG:colcon.colcon_core.event_handler.log_command:Invoked command in '/home/vedh/workspaces/lawd_ws/build/lawd_ctrl' returned '0': CMAKE_PREFIX_PATH=${CMAKE_PREFIX_PATH}:/home/vedh/control_ws/install/rqt_joint_trajectory_controller:/home/vedh/control_ws/install/rqt_controller_manager:/home/vedh/control_ws/install/ros2controlcli:/home/vedh/control_ws/install/ros2_controllers_test_nodes:/home/vedh/workspaces/demo_lawd_ws/install/demo_lawd_description:/opt/ros/humble /usr/bin/cmake --install /home/vedh/workspaces/lawd_ws/build/lawd_ctrl
[0.440s] Level 1:colcon.colcon_core.environment:checking '/home/vedh/workspaces/lawd_ws/install/lawd_ctrl' for CMake module files
[0.446s] Level 1:colcon.colcon_core.environment:checking '/home/vedh/workspaces/lawd_ws/install/lawd_ctrl' for CMake config files
[0.448s] Level 1:colcon.colcon_core.shell:create_environment_hook('lawd_ctrl', 'cmake_prefix_path')
[0.448s] INFO:colcon.colcon_core.shell:Creating environment hook '/home/vedh/workspaces/lawd_ws/install/lawd_ctrl/share/lawd_ctrl/hook/cmake_prefix_path.ps1'
[0.449s] INFO:colcon.colcon_core.shell:Creating environment descriptor '/home/vedh/workspaces/lawd_ws/install/lawd_ctrl/share/lawd_ctrl/hook/cmake_prefix_path.dsv'
[0.449s] INFO:colcon.colcon_core.shell:Creating environment hook '/home/vedh/workspaces/lawd_ws/install/lawd_ctrl/share/lawd_ctrl/hook/cmake_prefix_path.sh'
[0.450s] Level 1:colcon.colcon_core.environment:checking '/home/vedh/workspaces/lawd_ws/install/lawd_ctrl/bin'
[0.450s] Level 1:colcon.colcon_core.environment:checking '/home/vedh/workspaces/lawd_ws/install/lawd_ctrl/lib/pkgconfig/lawd_ctrl.pc'
[0.451s] Level 1:colcon.colcon_core.environment:checking '/home/vedh/workspaces/lawd_ws/install/lawd_ctrl/lib/python3.10/site-packages'
[0.451s] Level 1:colcon.colcon_core.environment:checking '/home/vedh/workspaces/lawd_ws/install/lawd_ctrl/bin'
[0.451s] INFO:colcon.colcon_core.shell:Creating package script '/home/vedh/workspaces/lawd_ws/install/lawd_ctrl/share/lawd_ctrl/package.ps1'
[0.452s] INFO:colcon.colcon_core.shell:Creating package descriptor '/home/vedh/workspaces/lawd_ws/install/lawd_ctrl/share/lawd_ctrl/package.dsv'
[0.452s] INFO:colcon.colcon_core.shell:Creating package script '/home/vedh/workspaces/lawd_ws/install/lawd_ctrl/share/lawd_ctrl/package.sh'
[0.453s] INFO:colcon.colcon_core.shell:Creating package script '/home/vedh/workspaces/lawd_ws/install/lawd_ctrl/share/lawd_ctrl/package.bash'
[0.454s] INFO:colcon.colcon_core.shell:Creating package script '/home/vedh/workspaces/lawd_ws/install/lawd_ctrl/share/lawd_ctrl/package.zsh'
[0.454s] Level 1:colcon.colcon_core.environment:create_file_with_runtime_dependencies(/home/vedh/workspaces/lawd_ws/install/lawd_ctrl/share/colcon-core/packages/lawd_ctrl)
[0.456s] Level 1:colcon.colcon_core.environment:create_environment_scripts_only(lawd_teleop)
[0.456s] Level 1:colcon.colcon_core.environment:checking '/home/vedh/workspaces/lawd_ws/install/lawd_teleop' for CMake module files
[0.457s] DEBUG:colcon.colcon_core.event_handler.log_command:Invoked command in '/home/vedh/workspaces/lawd_ws/build/lawd_teleop' returned '0': CMAKE_PREFIX_PATH=${CMAKE_PREFIX_PATH}:/home/vedh/control_ws/install/rqt_joint_trajectory_controller:/home/vedh/control_ws/install/rqt_controller_manager:/home/vedh/control_ws/install/ros2controlcli:/home/vedh/control_ws/install/ros2_controllers_test_nodes:/home/vedh/workspaces/demo_lawd_ws/install/demo_lawd_description:/opt/ros/humble /usr/bin/cmake --install /home/vedh/workspaces/lawd_ws/build/lawd_teleop
[0.457s] Level 1:colcon.colcon_core.environment:checking '/home/vedh/workspaces/lawd_ws/install/lawd_teleop' for CMake config files
[0.458s] Level 1:colcon.colcon_core.shell:create_environment_hook('lawd_teleop', 'cmake_prefix_path')
[0.459s] INFO:colcon.colcon_core.shell:Creating environment hook '/home/vedh/workspaces/lawd_ws/install/lawd_teleop/share/lawd_teleop/hook/cmake_prefix_path.ps1'
[0.459s] INFO:colcon.colcon_core.shell:Creating environment descriptor '/home/vedh/workspaces/lawd_ws/install/lawd_teleop/share/lawd_teleop/hook/cmake_prefix_path.dsv'
[0.460s] INFO:colcon.colcon_core.shell:Creating environment hook '/home/vedh/workspaces/lawd_ws/install/lawd_teleop/share/lawd_teleop/hook/cmake_prefix_path.sh'
[0.460s] Level 1:colcon.colcon_core.environment:checking '/home/vedh/workspaces/lawd_ws/install/lawd_teleop/bin'
[0.460s] Level 1:colcon.colcon_core.environment:checking '/home/vedh/workspaces/lawd_ws/install/lawd_teleop/lib/pkgconfig/lawd_teleop.pc'
[0.460s] Level 1:colcon.colcon_core.environment:checking '/home/vedh/workspaces/lawd_ws/install/lawd_teleop/lib/python3.10/site-packages'
[0.460s] Level 1:colcon.colcon_core.environment:checking '/home/vedh/workspaces/lawd_ws/install/lawd_teleop/bin'
[0.461s] INFO:colcon.colcon_core.shell:Creating package script '/home/vedh/workspaces/lawd_ws/install/lawd_teleop/share/lawd_teleop/package.ps1'
[0.462s] INFO:colcon.colcon_core.shell:Creating package descriptor '/home/vedh/workspaces/lawd_ws/install/lawd_teleop/share/lawd_teleop/package.dsv'
[0.462s] INFO:colcon.colcon_core.shell:Creating package script '/home/vedh/workspaces/lawd_ws/install/lawd_teleop/share/lawd_teleop/package.sh'
[0.463s] INFO:colcon.colcon_core.shell:Creating package script '/home/vedh/workspaces/lawd_ws/install/lawd_teleop/share/lawd_teleop/package.bash'
[0.463s] INFO:colcon.colcon_core.shell:Creating package script '/home/vedh/workspaces/lawd_ws/install/lawd_teleop/share/lawd_teleop/package.zsh'
[0.463s] Level 1:colcon.colcon_core.environment:create_file_with_runtime_dependencies(/home/vedh/workspaces/lawd_ws/install/lawd_teleop/share/colcon-core/packages/lawd_teleop)
[0.464s] Level 1:colcon.colcon_core.environment:create_environment_scripts_only(lawd_description)
[0.465s] Level 1:colcon.colcon_core.environment:checking '/home/vedh/workspaces/lawd_ws/install/lawd_description' for CMake module files
[0.465s] DEBUG:colcon.colcon_core.event_handler.log_command:Invoked command in '/home/vedh/workspaces/lawd_ws/build/lawd_description' returned '0': CMAKE_PREFIX_PATH=${CMAKE_PREFIX_PATH}:/home/vedh/control_ws/install/rqt_joint_trajectory_controller:/home/vedh/control_ws/install/rqt_controller_manager:/home/vedh/control_ws/install/ros2controlcli:/home/vedh/control_ws/install/ros2_controllers_test_nodes:/home/vedh/workspaces/demo_lawd_ws/install/demo_lawd_description:/opt/ros/humble /usr/bin/cmake --install /home/vedh/workspaces/lawd_ws/build/lawd_description
[0.466s] Level 1:colcon.colcon_core.environment:checking '/home/vedh/workspaces/lawd_ws/install/lawd_description' for CMake config files
[0.466s] Level 1:colcon.colcon_core.shell:create_environment_hook('lawd_description', 'cmake_prefix_path')
[0.467s] INFO:colcon.colcon_core.shell:Creating environment hook '/home/vedh/workspaces/lawd_ws/install/lawd_description/share/lawd_description/hook/cmake_prefix_path.ps1'
[0.467s] INFO:colcon.colcon_core.shell:Creating environment descriptor '/home/vedh/workspaces/lawd_ws/install/lawd_description/share/lawd_description/hook/cmake_prefix_path.dsv'
[0.467s] INFO:colcon.colcon_core.shell:Creating environment hook '/home/vedh/workspaces/lawd_ws/install/lawd_description/share/lawd_description/hook/cmake_prefix_path.sh'
[0.468s] Level 1:colcon.colcon_core.environment:checking '/home/vedh/workspaces/lawd_ws/install/lawd_description/bin'
[0.468s] Level 1:colcon.colcon_core.environment:checking '/home/vedh/workspaces/lawd_ws/install/lawd_description/lib/pkgconfig/lawd_description.pc'
[0.468s] Level 1:colcon.colcon_core.environment:checking '/home/vedh/workspaces/lawd_ws/install/lawd_description/lib/python3.10/site-packages'
[0.468s] Level 1:colcon.colcon_core.environment:checking '/home/vedh/workspaces/lawd_ws/install/lawd_description/bin'
[0.469s] INFO:colcon.colcon_core.shell:Creating package script '/home/vedh/workspaces/lawd_ws/install/lawd_description/share/lawd_description/package.ps1'
[0.469s] INFO:colcon.colcon_core.shell:Creating package descriptor '/home/vedh/workspaces/lawd_ws/install/lawd_description/share/lawd_description/package.dsv'
[0.469s] INFO:colcon.colcon_core.shell:Creating package script '/home/vedh/workspaces/lawd_ws/install/lawd_description/share/lawd_description/package.sh'
[0.470s] INFO:colcon.colcon_core.shell:Creating package script '/home/vedh/workspaces/lawd_ws/install/lawd_description/share/lawd_description/package.bash'
[0.470s] INFO:colcon.colcon_core.shell:Creating package script '/home/vedh/workspaces/lawd_ws/install/lawd_description/share/lawd_description/package.zsh'
[0.470s] Level 1:colcon.colcon_core.environment:create_file_with_runtime_dependencies(/home/vedh/workspaces/lawd_ws/install/lawd_description/share/colcon-core/packages/lawd_description)
[0.512s] Level 1:colcon.colcon_core.environment:create_environment_scripts_only(lawd_ctrl)
[0.513s] Level 1:colcon.colcon_core.environment:checking '/home/vedh/workspaces/lawd_ws/install/lawd_ctrl' for CMake module files
[0.513s] Level 1:colcon.colcon_core.environment:checking '/home/vedh/workspaces/lawd_ws/install/lawd_ctrl' for CMake config files
[0.513s] Level 1:colcon.colcon_core.shell:create_environment_hook('lawd_ctrl', 'cmake_prefix_path')
[0.514s] INFO:colcon.colcon_core.shell:Creating environment hook '/home/vedh/workspaces/lawd_ws/install/lawd_ctrl/share/lawd_ctrl/hook/cmake_prefix_path.ps1'
[0.514s] INFO:colcon.colcon_core.shell:Creating environment descriptor '/home/vedh/workspaces/lawd_ws/install/lawd_ctrl/share/lawd_ctrl/hook/cmake_prefix_path.dsv'
[0.514s] INFO:colcon.colcon_core.shell:Creating environment hook '/home/vedh/workspaces/lawd_ws/install/lawd_ctrl/share/lawd_ctrl/hook/cmake_prefix_path.sh'
[0.515s] Level 1:colcon.colcon_core.environment:checking '/home/vedh/workspaces/lawd_ws/install/lawd_ctrl/bin'
[0.515s] Level 1:colcon.colcon_core.environment:checking '/home/vedh/workspaces/lawd_ws/install/lawd_ctrl/lib/pkgconfig/lawd_ctrl.pc'
[0.515s] Level 1:colcon.colcon_core.environment:checking '/home/vedh/workspaces/lawd_ws/install/lawd_ctrl/lib/python3.10/site-packages'
[0.516s] Level 1:colcon.colcon_core.environment:checking '/home/vedh/workspaces/lawd_ws/install/lawd_ctrl/bin'
[0.516s] INFO:colcon.colcon_core.shell:Creating package script '/home/vedh/workspaces/lawd_ws/install/lawd_ctrl/share/lawd_ctrl/package.ps1'
[0.517s] INFO:colcon.colcon_core.shell:Creating package descriptor '/home/vedh/workspaces/lawd_ws/install/lawd_ctrl/share/lawd_ctrl/package.dsv'
[0.519s] INFO:colcon.colcon_core.shell:Creating package script '/home/vedh/workspaces/lawd_ws/install/lawd_ctrl/share/lawd_ctrl/package.sh'
[0.519s] INFO:colcon.colcon_core.shell:Creating package script '/home/vedh/workspaces/lawd_ws/install/lawd_ctrl/share/lawd_ctrl/package.bash'
[0.520s] INFO:colcon.colcon_core.shell:Creating package script '/home/vedh/workspaces/lawd_ws/install/lawd_ctrl/share/lawd_ctrl/package.zsh'
[0.520s] Level 1:colcon.colcon_core.environment:create_file_with_runtime_dependencies(/home/vedh/workspaces/lawd_ws/install/lawd_ctrl/share/colcon-core/packages/lawd_ctrl)
[0.522s] Level 1:colcon.colcon_core.environment:create_environment_scripts_only(lawd_teleop)
[0.522s] Level 1:colcon.colcon_core.environment:checking '/home/vedh/workspaces/lawd_ws/install/lawd_teleop' for CMake module files
[0.523s] Level 1:colcon.colcon_core.environment:checking '/home/vedh/workspaces/lawd_ws/install/lawd_teleop' for CMake config files
[0.523s] Level 1:colcon.colcon_core.shell:create_environment_hook('lawd_teleop', 'cmake_prefix_path')
[0.523s] INFO:colcon.colcon_core.shell:Creating environment hook '/home/vedh/workspaces/lawd_ws/install/lawd_teleop/share/lawd_teleop/hook/cmake_prefix_path.ps1'
[0.524s] INFO:colcon.colcon_core.shell:Creating environment descriptor '/home/vedh/workspaces/lawd_ws/install/lawd_teleop/share/lawd_teleop/hook/cmake_prefix_path.dsv'
[0.524s] INFO:colcon.colcon_core.shell:Creating environment hook '/home/vedh/workspaces/lawd_ws/install/lawd_teleop/share/lawd_teleop/hook/cmake_prefix_path.sh'
[0.524s] Level 1:colcon.colcon_core.environment:checking '/home/vedh/workspaces/lawd_ws/install/lawd_teleop/bin'
[0.524s] Level 1:colcon.colcon_core.environment:checking '/home/vedh/workspaces/lawd_ws/install/lawd_teleop/lib/pkgconfig/lawd_teleop.pc'
[0.525s] Level 1:colcon.colcon_core.environment:checking '/home/vedh/workspaces/lawd_ws/install/lawd_teleop/lib/python3.10/site-packages'
[0.525s] Level 1:colcon.colcon_core.environment:checking '/home/vedh/workspaces/lawd_ws/install/lawd_teleop/bin'
[0.525s] INFO:colcon.colcon_core.shell:Creating package script '/home/vedh/workspaces/lawd_ws/install/lawd_teleop/share/lawd_teleop/package.ps1'
[0.526s] INFO:colcon.colcon_core.shell:Creating package descriptor '/home/vedh/workspaces/lawd_ws/install/lawd_teleop/share/lawd_teleop/package.dsv'
[0.526s] INFO:colcon.colcon_core.shell:Creating package script '/home/vedh/workspaces/lawd_ws/install/lawd_teleop/share/lawd_teleop/package.sh'
[0.527s] INFO:colcon.colcon_core.shell:Creating package script '/home/vedh/workspaces/lawd_ws/install/lawd_teleop/share/lawd_teleop/package.bash'
[0.527s] INFO:colcon.colcon_core.shell:Creating package script '/home/vedh/workspaces/lawd_ws/install/lawd_teleop/share/lawd_teleop/package.zsh'
[0.527s] Level 1:colcon.colcon_core.environment:create_file_with_runtime_dependencies(/home/vedh/workspaces/lawd_ws/install/lawd_teleop/share/colcon-core/packages/lawd_teleop)
[0.528s] Level 1:colcon.colcon_core.environment:create_environment_scripts_only(lawd_description)
[0.528s] Level 1:colcon.colcon_core.environment:checking '/home/vedh/workspaces/lawd_ws/install/lawd_description' for CMake module files
[0.530s] Level 1:colcon.colcon_core.environment:checking '/home/vedh/workspaces/lawd_ws/install/lawd_description' for CMake config files
[0.530s] Level 1:colcon.colcon_core.shell:create_environment_hook('lawd_description', 'cmake_prefix_path')
[0.531s] INFO:colcon.colcon_core.shell:Creating environment hook '/home/vedh/workspaces/lawd_ws/install/lawd_description/share/lawd_description/hook/cmake_prefix_path.ps1'
[0.531s] INFO:colcon.colcon_core.shell:Creating environment descriptor '/home/vedh/workspaces/lawd_ws/install/lawd_description/share/lawd_description/hook/cmake_prefix_path.dsv'
[0.531s] INFO:colcon.colcon_core.shell:Creating environment hook '/home/vedh/workspaces/lawd_ws/install/lawd_description/share/lawd_description/hook/cmake_prefix_path.sh'
[0.532s] Level 1:colcon.colcon_core.environment:checking '/home/vedh/workspaces/lawd_ws/install/lawd_description/bin'
[0.532s] Level 1:colcon.colcon_core.environment:checking '/home/vedh/workspaces/lawd_ws/install/lawd_description/lib/pkgconfig/lawd_description.pc'
[0.532s] Level 1:colcon.colcon_core.environment:checking '/home/vedh/workspaces/lawd_ws/install/lawd_description/lib/python3.10/site-packages'
[0.532s] Level 1:colcon.colcon_core.environment:checking '/home/vedh/workspaces/lawd_ws/install/lawd_description/bin'
[0.533s] INFO:colcon.colcon_core.shell:Creating package script '/home/vedh/workspaces/lawd_ws/install/lawd_description/share/lawd_description/package.ps1'
[0.533s] INFO:colcon.colcon_core.shell:Creating package descriptor '/home/vedh/workspaces/lawd_ws/install/lawd_description/share/lawd_description/package.dsv'
[0.534s] INFO:colcon.colcon_core.shell:Creating package script '/home/vedh/workspaces/lawd_ws/install/lawd_description/share/lawd_description/package.sh'
[0.534s] INFO:colcon.colcon_core.shell:Creating package script '/home/vedh/workspaces/lawd_ws/install/lawd_description/share/lawd_description/package.bash'
[0.534s] INFO:colcon.colcon_core.shell:Creating package script '/home/vedh/workspaces/lawd_ws/install/lawd_description/share/lawd_description/package.zsh'
[0.535s] Level 1:colcon.colcon_core.environment:create_file_with_runtime_dependencies(/home/vedh/workspaces/lawd_ws/install/lawd_description/share/colcon-core/packages/lawd_description)
[0.736s] DEBUG:colcon.colcon_core.event_handler.log_command:Invoked command in '/home/vedh/workspaces/lawd_ws/build/lawd_msgs' returned '0': CMAKE_PREFIX_PATH=${CMAKE_PREFIX_PATH}:/home/vedh/control_ws/install/rqt_joint_trajectory_controller:/home/vedh/control_ws/install/rqt_controller_manager:/home/vedh/control_ws/install/ros2controlcli:/home/vedh/control_ws/install/ros2_controllers_test_nodes:/home/vedh/workspaces/demo_lawd_ws/install/demo_lawd_description:/opt/ros/humble /usr/bin/cmake --build /home/vedh/workspaces/lawd_ws/build/lawd_msgs -- -j16 -l16
[1.211s] DEBUG:colcon.colcon_core.event_handler.log_command:Invoking command in '/home/vedh/workspaces/lawd_ws/build/lawd_msgs': CMAKE_PREFIX_PATH=${CMAKE_PREFIX_PATH}:/home/vedh/control_ws/install/rqt_joint_trajectory_controller:/home/vedh/control_ws/install/rqt_controller_manager:/home/vedh/control_ws/install/ros2controlcli:/home/vedh/control_ws/install/ros2_controllers_test_nodes:/home/vedh/workspaces/demo_lawd_ws/install/demo_lawd_description:/opt/ros/humble /usr/bin/cmake --install /home/vedh/workspaces/lawd_ws/build/lawd_msgs
[1.287s] Level 1:colcon.colcon_core.environment:create_environment_scripts_only(lawd_msgs)
[1.288s] DEBUG:colcon.colcon_core.event_handler.log_command:Invoked command in '/home/vedh/workspaces/lawd_ws/build/lawd_msgs' returned '0': CMAKE_PREFIX_PATH=${CMAKE_PREFIX_PATH}:/home/vedh/control_ws/install/rqt_joint_trajectory_controller:/home/vedh/control_ws/install/rqt_controller_manager:/home/vedh/control_ws/install/ros2controlcli:/home/vedh/control_ws/install/ros2_controllers_test_nodes:/home/vedh/workspaces/demo_lawd_ws/install/demo_lawd_description:/opt/ros/humble /usr/bin/cmake --install /home/vedh/workspaces/lawd_ws/build/lawd_msgs
[1.288s] Level 1:colcon.colcon_core.environment:checking '/home/vedh/workspaces/lawd_ws/install/lawd_msgs' for CMake module files
[1.289s] Level 1:colcon.colcon_core.environment:checking '/home/vedh/workspaces/lawd_ws/install/lawd_msgs' for CMake config files
[1.290s] Level 1:colcon.colcon_core.shell:create_environment_hook('lawd_msgs', 'cmake_prefix_path')
[1.290s] INFO:colcon.colcon_core.shell:Creating environment hook '/home/vedh/workspaces/lawd_ws/install/lawd_msgs/share/lawd_msgs/hook/cmake_prefix_path.ps1'
[1.290s] INFO:colcon.colcon_core.shell:Creating environment descriptor '/home/vedh/workspaces/lawd_ws/install/lawd_msgs/share/lawd_msgs/hook/cmake_prefix_path.dsv'
[1.290s] INFO:colcon.colcon_core.shell:Creating environment hook '/home/vedh/workspaces/lawd_ws/install/lawd_msgs/share/lawd_msgs/hook/cmake_prefix_path.sh'
[1.291s] Level 1:colcon.colcon_core.environment:checking '/home/vedh/workspaces/lawd_ws/install/lawd_msgs/lib'
[1.291s] Level 1:colcon.colcon_core.shell:create_environment_hook('lawd_msgs', 'ld_library_path_lib')
[1.291s] INFO:colcon.colcon_core.shell:Creating environment hook '/home/vedh/workspaces/lawd_ws/install/lawd_msgs/share/lawd_msgs/hook/ld_library_path_lib.ps1'
[1.291s] INFO:colcon.colcon_core.shell:Creating environment descriptor '/home/vedh/workspaces/lawd_ws/install/lawd_msgs/share/lawd_msgs/hook/ld_library_path_lib.dsv'
[1.292s] INFO:colcon.colcon_core.shell:Creating environment hook '/home/vedh/workspaces/lawd_ws/install/lawd_msgs/share/lawd_msgs/hook/ld_library_path_lib.sh'
[1.292s] Level 1:colcon.colcon_core.environment:checking '/home/vedh/workspaces/lawd_ws/install/lawd_msgs/bin'
[1.292s] Level 1:colcon.colcon_core.environment:checking '/home/vedh/workspaces/lawd_ws/install/lawd_msgs/lib/pkgconfig/lawd_msgs.pc'
[1.292s] Level 1:colcon.colcon_core.environment:checking '/home/vedh/workspaces/lawd_ws/install/lawd_msgs/lib/python3.10/site-packages'
[1.292s] Level 1:colcon.colcon_core.environment:checking '/home/vedh/workspaces/lawd_ws/install/lawd_msgs/bin'
[1.292s] INFO:colcon.colcon_core.shell:Creating package script '/home/vedh/workspaces/lawd_ws/install/lawd_msgs/share/lawd_msgs/package.ps1'
[1.293s] INFO:colcon.colcon_core.shell:Creating package descriptor '/home/vedh/workspaces/lawd_ws/install/lawd_msgs/share/lawd_msgs/package.dsv'
[1.293s] INFO:colcon.colcon_core.shell:Creating package script '/home/vedh/workspaces/lawd_ws/install/lawd_msgs/share/lawd_msgs/package.sh'
[1.293s] INFO:colcon.colcon_core.shell:Creating package script '/home/vedh/workspaces/lawd_ws/install/lawd_msgs/share/lawd_msgs/package.bash'
[1.294s] INFO:colcon.colcon_core.shell:Creating package script '/home/vedh/workspaces/lawd_ws/install/lawd_msgs/share/lawd_msgs/package.zsh'
[1.294s] Level 1:colcon.colcon_core.environment:create_file_with_runtime_dependencies(/home/vedh/workspaces/lawd_ws/install/lawd_msgs/share/colcon-core/packages/lawd_msgs)
[1.766s] Level 1:colcon.colcon_core.environment:create_environment_scripts_only(lawd_msgs)
[1.767s] Level 1:colcon.colcon_core.environment:checking '/home/vedh/workspaces/lawd_ws/install/lawd_msgs' for CMake module files
[1.772s] Level 1:colcon.colcon_core.environment:checking '/home/vedh/workspaces/lawd_ws/install/lawd_msgs' for CMake config files
[1.773s] Level 1:colcon.colcon_core.shell:create_environment_hook('lawd_msgs', 'cmake_prefix_path')
[1.773s] INFO:colcon.colcon_core.shell:Creating environment hook '/home/vedh/workspaces/lawd_ws/install/lawd_msgs/share/lawd_msgs/hook/cmake_prefix_path.ps1'
[1.774s] INFO:colcon.colcon_core.shell:Creating environment descriptor '/home/vedh/workspaces/lawd_ws/install/lawd_msgs/share/lawd_msgs/hook/cmake_prefix_path.dsv'
[1.774s] INFO:colcon.colcon_core.shell:Creating environment hook '/home/vedh/workspaces/lawd_ws/install/lawd_msgs/share/lawd_msgs/hook/cmake_prefix_path.sh'
[1.775s] Level 1:colcon.colcon_core.environment:checking '/home/vedh/workspaces/lawd_ws/install/lawd_msgs/lib'
[1.775s] Level 1:colcon.colcon_core.shell:create_environment_hook('lawd_msgs', 'ld_library_path_lib')
[1.776s] INFO:colcon.colcon_core.shell:Creating environment hook '/home/vedh/workspaces/lawd_ws/install/lawd_msgs/share/lawd_msgs/hook/ld_library_path_lib.ps1'
[1.776s] INFO:colcon.colcon_core.shell:Creating environment descriptor '/home/vedh/workspaces/lawd_ws/install/lawd_msgs/share/lawd_msgs/hook/ld_library_path_lib.dsv'
[1.777s] INFO:colcon.colcon_core.shell:Creating environment hook '/home/vedh/workspaces/lawd_ws/install/lawd_msgs/share/lawd_msgs/hook/ld_library_path_lib.sh'
[1.777s] Level 1:colcon.colcon_core.environment:checking '/home/vedh/workspaces/lawd_ws/install/lawd_msgs/bin'
[1.777s] Level 1:colcon.colcon_core.environment:checking '/home/vedh/workspaces/lawd_ws/install/lawd_msgs/lib/pkgconfig/lawd_msgs.pc'
[1.778s] Level 1:colcon.colcon_core.environment:checking '/home/vedh/workspaces/lawd_ws/install/lawd_msgs/lib/python3.10/site-packages'
[1.778s] Level 1:colcon.colcon_core.environment:checking '/home/vedh/workspaces/lawd_ws/install/lawd_msgs/bin'
[1.779s] INFO:colcon.colcon_core.shell:Creating package script '/home/vedh/workspaces/lawd_ws/install/lawd_msgs/share/lawd_msgs/package.ps1'
[1.780s] INFO:colcon.colcon_core.shell:Creating package descriptor '/home/vedh/workspaces/lawd_ws/install/lawd_msgs/share/lawd_msgs/package.dsv'
[1.780s] INFO:colcon.colcon_core.shell:Creating package script '/home/vedh/workspaces/lawd_ws/install/lawd_msgs/share/lawd_msgs/package.sh'
[1.781s] INFO:colcon.colcon_core.shell:Creating package script '/home/vedh/workspaces/lawd_ws/install/lawd_msgs/share/lawd_msgs/package.bash'
[1.782s] INFO:colcon.colcon_core.shell:Creating package script '/home/vedh/workspaces/lawd_ws/install/lawd_msgs/share/lawd_msgs/package.zsh'
[1.782s] Level 1:colcon.colcon_core.environment:create_file_with_runtime_dependencies(/home/vedh/workspaces/lawd_ws/install/lawd_msgs/share/colcon-core/packages/lawd_msgs)
[1.782s] DEBUG:colcon.colcon_parallel_executor.executor.parallel:closing loop
[1.783s] DEBUG:colcon.colcon_parallel_executor.executor.parallel:loop closed
[1.783s] DEBUG:colcon.colcon_parallel_executor.executor.parallel:run_until_complete finished with '0'
[1.784s] DEBUG:colcon.colcon_core.event_reactor:joining thread
[1.791s] INFO:colcon.colcon_core.plugin_system:Skipping extension 'colcon_notification.desktop_notification.terminal_notifier': Not used on non-Darwin systems
[1.791s] INFO:colcon.colcon_core.plugin_system:Skipping extension 'colcon_notification.desktop_notification.win32': Not used on non-Windows systems
[1.791s] INFO:colcon.colcon_notification.desktop_notification:Sending desktop notification using 'notify2'
[1.805s] DEBUG:colcon.colcon_core.event_reactor:joined thread
[1.806s] INFO:colcon.colcon_core.shell:Creating prefix script '/home/vedh/workspaces/lawd_ws/install/local_setup.ps1'
[1.807s] INFO:colcon.colcon_core.shell:Creating prefix util module '/home/vedh/workspaces/lawd_ws/install/_local_setup_util_ps1.py'
[1.809s] INFO:colcon.colcon_core.shell:Creating prefix chain script '/home/vedh/workspaces/lawd_ws/install/setup.ps1'
[1.813s] INFO:colcon.colcon_core.shell:Creating prefix script '/home/vedh/workspaces/lawd_ws/install/local_setup.sh'
[1.813s] INFO:colcon.colcon_core.shell:Creating prefix util module '/home/vedh/workspaces/lawd_ws/install/_local_setup_util_sh.py'
[1.814s] INFO:colcon.colcon_core.shell:Creating prefix chain script '/home/vedh/workspaces/lawd_ws/install/setup.sh'
[1.817s] INFO:colcon.colcon_core.shell:Creating prefix script '/home/vedh/workspaces/lawd_ws/install/local_setup.bash'
[1.818s] INFO:colcon.colcon_core.shell:Creating prefix chain script '/home/vedh/workspaces/lawd_ws/install/setup.bash'
[1.821s] INFO:colcon.colcon_core.shell:Creating prefix script '/home/vedh/workspaces/lawd_ws/install/local_setup.zsh'
[1.821s] INFO:colcon.colcon_core.shell:Creating prefix chain script '/home/vedh/workspaces/lawd_ws/install/setup.zsh'
