[0.018s] Invoking command in '/home/vedh/workspaces/lawd_ws/build/lawd_teleop': CMAKE_PREFIX_PATH=${CMAKE_PREFIX_PATH}:/home/vedh/control_ws/install/rqt_joint_trajectory_controller:/home/vedh/control_ws/install/rqt_controller_manager:/home/vedh/control_ws/install/ros2controlcli:/home/vedh/control_ws/install/ros2_controllers_test_nodes:/home/vedh/workspaces/demo_lawd_ws/install/demo_lawd_description:/opt/ros/humble /usr/bin/cmake /home/vedh/workspaces/lawd_ws/src/lawd_teleop -DCMAKE_INSTALL_PREFIX=/home/vedh/workspaces/lawd_ws/install/lawd_teleop
[0.065s] -- The C compiler identification is GNU 11.4.0
[0.103s] -- The CXX compiler identification is GNU 11.4.0
[0.109s] -- Detecting C compiler ABI info
[0.171s] -- Detecting C compiler ABI info - done
[0.175s] -- Check for working C compiler: /usr/bin/cc - skipped
[0.175s] -- Detecting C compile features
[0.176s] -- Detecting C compile features - done
[0.177s] -- Detecting CXX compiler ABI info
[0.250s] -- Detecting CXX compiler ABI info - done
[0.255s] -- Check for working CXX compiler: /usr/bin/c++ - skipped
[0.255s] -- Detecting CXX compile features
[0.256s] -- Detecting CXX compile features - done
[0.260s] -- Found ament_cmake: 1.3.8 (/opt/ros/humble/share/ament_cmake/cmake)
[0.516s] -- Found Python3: /usr/bin/python3 (found version "3.10.12") found components: Interpreter 
[0.614s] -- Found rclcpp: 16.0.8 (/opt/ros/humble/share/rclcpp/cmake)
[0.671s] -- Found rosidl_generator_c: 3.1.5 (/opt/ros/humble/share/rosidl_generator_c/cmake)
[0.680s] -- Found rosidl_adapter: 3.1.5 (/opt/ros/humble/share/rosidl_adapter/cmake)
[0.690s] -- Found rosidl_generator_cpp: 3.1.5 (/opt/ros/humble/share/rosidl_generator_cpp/cmake)
[0.706s] -- Using all available rosidl_typesupport_c: rosidl_typesupport_fastrtps_c;rosidl_typesupport_introspection_c
[0.727s] -- Using all available rosidl_typesupport_cpp: rosidl_typesupport_fastrtps_cpp;rosidl_typesupport_introspection_cpp
[0.798s] -- Found rmw_implementation_cmake: 6.1.1 (/opt/ros/humble/share/rmw_implementation_cmake/cmake)
[0.803s] -- Found rmw_fastrtps_cpp: 6.2.6 (/opt/ros/humble/share/rmw_fastrtps_cpp/cmake)
[0.910s] -- Found OpenSSL: /usr/lib/x86_64-linux-gnu/libcrypto.so (found version "3.0.2")  
[0.938s] -- Found FastRTPS: /opt/ros/humble/include  
[0.979s] -- Using RMW implementation 'rmw_fastrtps_cpp' as default
[0.993s] -- Looking for pthread.h
[1.058s] -- Looking for pthread.h - found
[1.059s] -- Performing Test CMAKE_HAVE_LIBC_PTHREAD
[1.126s] -- Performing Test CMAKE_HAVE_LIBC_PTHREAD - Success
[1.128s] -- Found Threads: TRUE  
[1.252s] -- Found rclpy: 3.3.12 (/opt/ros/humble/share/rclpy/cmake)
[1.256s] -- Found ament_lint_auto: 0.12.10 (/opt/ros/humble/share/ament_lint_auto/cmake)
[1.326s] -- Added test 'lint_cmake' to check CMake code style
[1.327s] -- Added test 'xmllint' to check XML markup files
[1.329s] -- Configuring done
[1.331s] -- Generating done
[1.332s] -- Build files have been written to: /home/vedh/workspaces/lawd_ws/build/lawd_teleop
[1.341s] Invoked command in '/home/vedh/workspaces/lawd_ws/build/lawd_teleop' returned '0': CMAKE_PREFIX_PATH=${CMAKE_PREFIX_PATH}:/home/vedh/control_ws/install/rqt_joint_trajectory_controller:/home/vedh/control_ws/install/rqt_controller_manager:/home/vedh/control_ws/install/ros2controlcli:/home/vedh/control_ws/install/ros2_controllers_test_nodes:/home/vedh/workspaces/demo_lawd_ws/install/demo_lawd_description:/opt/ros/humble /usr/bin/cmake /home/vedh/workspaces/lawd_ws/src/lawd_teleop -DCMAKE_INSTALL_PREFIX=/home/vedh/workspaces/lawd_ws/install/lawd_teleop
[1.342s] Invoking command in '/home/vedh/workspaces/lawd_ws/build/lawd_teleop': CMAKE_PREFIX_PATH=${CMAKE_PREFIX_PATH}:/home/vedh/control_ws/install/rqt_joint_trajectory_controller:/home/vedh/control_ws/install/rqt_controller_manager:/home/vedh/control_ws/install/ros2controlcli:/home/vedh/control_ws/install/ros2_controllers_test_nodes:/home/vedh/workspaces/demo_lawd_ws/install/demo_lawd_description:/opt/ros/humble /usr/bin/cmake --build /home/vedh/workspaces/lawd_ws/build/lawd_teleop -- -j16 -l16
[1.380s] Invoked command in '/home/vedh/workspaces/lawd_ws/build/lawd_teleop' returned '0': CMAKE_PREFIX_PATH=${CMAKE_PREFIX_PATH}:/home/vedh/control_ws/install/rqt_joint_trajectory_controller:/home/vedh/control_ws/install/rqt_controller_manager:/home/vedh/control_ws/install/ros2controlcli:/home/vedh/control_ws/install/ros2_controllers_test_nodes:/home/vedh/workspaces/demo_lawd_ws/install/demo_lawd_description:/opt/ros/humble /usr/bin/cmake --build /home/vedh/workspaces/lawd_ws/build/lawd_teleop -- -j16 -l16
[1.422s] Invoking command in '/home/vedh/workspaces/lawd_ws/build/lawd_teleop': CMAKE_PREFIX_PATH=${CMAKE_PREFIX_PATH}:/home/vedh/control_ws/install/rqt_joint_trajectory_controller:/home/vedh/control_ws/install/rqt_controller_manager:/home/vedh/control_ws/install/ros2controlcli:/home/vedh/control_ws/install/ros2_controllers_test_nodes:/home/vedh/workspaces/demo_lawd_ws/install/demo_lawd_description:/opt/ros/humble /usr/bin/cmake --install /home/vedh/workspaces/lawd_ws/build/lawd_teleop
[1.430s] -- Install configuration: ""
[1.430s] -- Installing: /home/vedh/workspaces/lawd_ws/install/lawd_teleop/share/ament_index/resource_index/package_run_dependencies/lawd_teleop
[1.430s] -- Installing: /home/vedh/workspaces/lawd_ws/install/lawd_teleop/share/ament_index/resource_index/parent_prefix_path/lawd_teleop
[1.430s] -- Installing: /home/vedh/workspaces/lawd_ws/install/lawd_teleop/share/lawd_teleop/environment/ament_prefix_path.sh
[1.430s] -- Installing: /home/vedh/workspaces/lawd_ws/install/lawd_teleop/share/lawd_teleop/environment/ament_prefix_path.dsv
[1.430s] -- Installing: /home/vedh/workspaces/lawd_ws/install/lawd_teleop/share/lawd_teleop/environment/path.sh
[1.430s] -- Installing: /home/vedh/workspaces/lawd_ws/install/lawd_teleop/share/lawd_teleop/environment/path.dsv
[1.431s] -- Installing: /home/vedh/workspaces/lawd_ws/install/lawd_teleop/share/lawd_teleop/local_setup.bash
[1.431s] -- Installing: /home/vedh/workspaces/lawd_ws/install/lawd_teleop/share/lawd_teleop/local_setup.sh
[1.431s] -- Installing: /home/vedh/workspaces/lawd_ws/install/lawd_teleop/share/lawd_teleop/local_setup.zsh
[1.431s] -- Installing: /home/vedh/workspaces/lawd_ws/install/lawd_teleop/share/lawd_teleop/local_setup.dsv
[1.431s] -- Installing: /home/vedh/workspaces/lawd_ws/install/lawd_teleop/share/lawd_teleop/package.dsv
[1.431s] -- Installing: /home/vedh/workspaces/lawd_ws/install/lawd_teleop/share/ament_index/resource_index/packages/lawd_teleop
[1.431s] -- Installing: /home/vedh/workspaces/lawd_ws/install/lawd_teleop/share/lawd_teleop/cmake/lawd_teleopConfig.cmake
[1.431s] -- Installing: /home/vedh/workspaces/lawd_ws/install/lawd_teleop/share/lawd_teleop/cmake/lawd_teleopConfig-version.cmake
[1.431s] -- Installing: /home/vedh/workspaces/lawd_ws/install/lawd_teleop/share/lawd_teleop/package.xml
[1.433s] Invoked command in '/home/vedh/workspaces/lawd_ws/build/lawd_teleop' returned '0': CMAKE_PREFIX_PATH=${CMAKE_PREFIX_PATH}:/home/vedh/control_ws/install/rqt_joint_trajectory_controller:/home/vedh/control_ws/install/rqt_controller_manager:/home/vedh/control_ws/install/ros2controlcli:/home/vedh/control_ws/install/ros2_controllers_test_nodes:/home/vedh/workspaces/demo_lawd_ws/install/demo_lawd_description:/opt/ros/humble /usr/bin/cmake --install /home/vedh/workspaces/lawd_ws/build/lawd_teleop
