[0.052s] Invoking command in '/home/vedh/workspaces/lawd_ws/build/gazebo_plugins': CMAKE_PREFIX_PATH=${CMAKE_PREFIX_PATH}:/home/vedh/control_ws/install/rqt_joint_trajectory_controller:/home/vedh/control_ws/install/rqt_controller_manager:/home/vedh/control_ws/install/ros2controlcli:/home/vedh/control_ws/install/ros2_controllers_test_nodes:/home/vedh/workspaces/demo_lawd_ws/install/demo_lawd_description:/opt/ros/humble /usr/bin/cmake /home/vedh/workspaces/lawd_ws/src/gazebo_plugins -DCMAKE_INSTALL_PREFIX=/home/vedh/workspaces/lawd_ws/install/gazebo_plugins
[0.177s] -- Found DART: /usr/include (Required is at least version "6.6") found components: dart 
[0.177s] -- Found Protobuf: /usr/lib/x86_64-linux-gnu/libprotobuf.so (found version "3.12.4") 
[0.178s] [33mCMake Warning (dev) at /usr/share/cmake-3.22/Modules/FindPackageHandleStandardArgs.cmake:438 (message):
[0.178s]   The package name passed to `find_package_handle_standard_args` (PkgConfig)
[0.178s]   does not match the name of the calling package (gazebo).  This can lead to
[0.178s]   problems in calling code that expects `find_package` result variables
[0.178s]   (e.g., `_FOUND`) to follow a certain pattern.
[0.178s] Call Stack (most recent call first):
[0.178s]   /usr/share/cmake-3.22/Modules/FindPkgConfig.cmake:99 (find_package_handle_standard_args)
[0.178s]   /usr/lib/x86_64-linux-gnu/cmake/gazebo/gazebo-config.cmake:72 (include)
[0.178s]   CMakeLists.txt:4 (find_package)
[0.178s] This warning is for project developers.  Use -Wno-dev to suppress it.
[0.178s] [0m
[0.179s] -- Looking for ignition-math6 -- found version 6.15.1
[0.184s] -- Searching for dependencies of ignition-math6
[0.184s] -- Looking for OGRE...
[0.195s] -- Found Ogre Ghadamon (1.9.0)
[0.195s] -- Found OGRE: optimized;/usr/lib/x86_64-linux-gnu/libOgreMain.so;debug;/usr/lib/x86_64-linux-gnu/libOgreMain.so
[0.210s] -- Looking for OGRE_Paging...
[0.210s] -- Found OGRE_Paging: optimized;/usr/lib/x86_64-linux-gnu/libOgrePaging.so;debug;/usr/lib/x86_64-linux-gnu/libOgrePaging.so
[0.210s] -- Looking for OGRE_Terrain...
[0.210s] -- Found OGRE_Terrain: optimized;/usr/lib/x86_64-linux-gnu/libOgreTerrain.so;debug;/usr/lib/x86_64-linux-gnu/libOgreTerrain.so
[0.210s] -- Looking for OGRE_Property...
[0.210s] -- Found OGRE_Property: optimized;/usr/lib/x86_64-linux-gnu/libOgreProperty.so;debug;/usr/lib/x86_64-linux-gnu/libOgreProperty.so
[0.210s] -- Looking for OGRE_RTShaderSystem...
[0.211s] -- Found OGRE_RTShaderSystem: optimized;/usr/lib/x86_64-linux-gnu/libOgreRTShaderSystem.so;debug;/usr/lib/x86_64-linux-gnu/libOgreRTShaderSystem.so
[0.211s] -- Looking for OGRE_Volume...
[0.211s] -- Found OGRE_Volume: optimized;/usr/lib/x86_64-linux-gnu/libOgreVolume.so;debug;/usr/lib/x86_64-linux-gnu/libOgreVolume.so
[0.211s] -- Looking for OGRE_Overlay...
[0.211s] -- Found OGRE_Overlay: optimized;/usr/lib/x86_64-linux-gnu/libOgreOverlay.so;debug;/usr/lib/x86_64-linux-gnu/libOgreOverlay.so
[0.638s] -- Looking for ignition-math6 -- found version 6.15.1
[0.638s] -- Looking for ignition-transport8 -- found version 8.2.1
[0.638s] -- Searching for dependencies of ignition-transport8
[0.695s] -- Found Protobuf: /usr/lib/x86_64-linux-gnu/libprotobuf.so (found suitable version "3.12.4", minimum required is "3") 
[0.722s] -- Config-file not installed for ZeroMQ -- checking for pkg-config
[0.753s] -- Checking for module 'libzmq >= 4'
[0.833s] --   Found libzmq , version 4.3.4
[0.977s] -- Checking for module 'uuid'
[1.014s] --   Found uuid, version 2.37.2
[1.092s] -- Looking for ignition-msgs5 -- found version 5.8.1
[1.092s] -- Searching for dependencies of ignition-msgs5
[1.129s] -- Looking for ignition-math6 -- found version 6.15.1
[1.139s] -- Checking for module 'tinyxml2'
[1.176s] --   Found tinyxml2, version 9.0.0
[1.256s] -- Looking for ignition-msgs5 -- found version 5.8.1
[1.257s] -- Looking for ignition-common3 -- found version 3.14.0
[1.257s] -- Searching for dependencies of ignition-common3
[1.257s] -- Looking for dlfcn.h - found
[1.257s] -- Looking for libdl - found
[1.276s] -- Searching for <ignition-common3> component [graphics]
[1.277s] -- Looking for ignition-common3-graphics -- found version 3.14.0
[1.278s] -- Searching for dependencies of ignition-common3-graphics
[1.279s] -- Looking for ignition-math6 -- found version 6.15.1
[1.280s] -- Looking for ignition-fuel_tools4 -- found version 4.4.0
[1.281s] -- Searching for dependencies of ignition-fuel_tools4
[1.366s] -- Checking for module 'jsoncpp'
[1.400s] --   Found jsoncpp, version 1.9.5
[1.495s] -- Checking for module 'libzip'
[1.530s] --   Found libzip, version 1.7.3
[1.611s] -- Looking for ignition-common3 -- found version 3.14.0
[1.612s] -- Looking for ignition-math6 -- found version 6.15.1
[1.613s] -- Looking for ignition-msgs5 -- found version 5.8.1
[1.615s] -- Found ament_cmake: 1.3.8 (/opt/ros/humble/share/ament_cmake/cmake)
[1.836s] -- Found rclcpp: 16.0.8 (/opt/ros/humble/share/rclcpp/cmake)
[1.883s] -- Found rosidl_generator_c: 3.1.5 (/opt/ros/humble/share/rosidl_generator_c/cmake)
[1.889s] -- Found rosidl_adapter: 3.1.5 (/opt/ros/humble/share/rosidl_adapter/cmake)
[1.901s] -- Found rosidl_generator_cpp: 3.1.5 (/opt/ros/humble/share/rosidl_generator_cpp/cmake)
[1.931s] -- Using all available rosidl_typesupport_c: rosidl_typesupport_fastrtps_c;rosidl_typesupport_introspection_c
[1.971s] -- Using all available rosidl_typesupport_cpp: rosidl_typesupport_fastrtps_cpp;rosidl_typesupport_introspection_cpp
[2.078s] -- Found rmw_implementation_cmake: 6.1.1 (/opt/ros/humble/share/rmw_implementation_cmake/cmake)
[2.083s] -- Found rmw_fastrtps_cpp: 6.2.6 (/opt/ros/humble/share/rmw_fastrtps_cpp/cmake)
[2.224s] -- Using RMW implementation 'rmw_fastrtps_cpp' as default
[2.343s] -- Found gazebo_ros: 3.7.0 (/opt/ros/humble/share/gazebo_ros/cmake)
[2.347s] -- Gazebo version: 11.10
[2.351s] -- Configuring incomplete, errors occurred!
[2.351s] See also "/home/vedh/workspaces/lawd_ws/build/gazebo_plugins/CMakeFiles/CMakeOutput.log".
[2.351s] [31mCMake Error at /opt/ros/humble/share/ament_cmake_target_dependencies/cmake/ament_target_dependencies.cmake:42 (message):
[2.351s]   ament_target_dependencies() the first argument must be a valid target name
[2.351s] Call Stack (most recent call first):
[2.351s]   CMakeLists.txt:32 (ament_target_dependencies)
[2.351s] 
[2.351s] [0m
[2.361s] Invoked command in '/home/vedh/workspaces/lawd_ws/build/gazebo_plugins' returned '1': CMAKE_PREFIX_PATH=${CMAKE_PREFIX_PATH}:/home/vedh/control_ws/install/rqt_joint_trajectory_controller:/home/vedh/control_ws/install/rqt_controller_manager:/home/vedh/control_ws/install/ros2controlcli:/home/vedh/control_ws/install/ros2_controllers_test_nodes:/home/vedh/workspaces/demo_lawd_ws/install/demo_lawd_description:/opt/ros/humble /usr/bin/cmake /home/vedh/workspaces/lawd_ws/src/gazebo_plugins -DCMAKE_INSTALL_PREFIX=/home/vedh/workspaces/lawd_ws/install/gazebo_plugins
