[0.064s] DEBUG:colcon:Command line arguments: ['/usr/bin/colcon', 'build']
[0.064s] DEBUG:colcon:Parsed command line arguments: Namespace(log_base=None, log_level=None, verb_name='build', build_base='build', install_base='install', merge_install=False, symlink_install=False, test_result_base=None, continue_on_error=False, executor='parallel', parallel_workers=16, event_handlers=None, ignore_user_meta=False, metas=['./colcon.meta'], base_paths=['.'], packages_ignore=None, packages_ignore_regex=None, paths=None, packages_up_to=None, packages_up_to_regex=None, packages_above=None, packages_above_and_dependencies=None, packages_above_depth=None, packages_select_by_dep=None, packages_skip_by_dep=None, packages_skip_up_to=None, packages_select_build_failed=False, packages_skip_build_finished=False, packages_select_test_failures=False, packages_skip_test_passed=False, packages_select=None, packages_skip=None, packages_select_regex=None, packages_skip_regex=None, packages_start=None, packages_end=None, allow_overriding=[], cmake_args=None, cmake_target=None, cmake_target_skip_unavailable=False, cmake_clean_cache=False, cmake_clean_first=False, cmake_force_configure=False, ament_cmake_args=None, catkin_cmake_args=None, catkin_skip_building_tests=False, verb_parser=<colcon_defaults.argument_parser.defaults.DefaultArgumentsDecorator object at 0x729966942b30>, verb_extension=<colcon_core.verb.build.BuildVerb object at 0x7299669425c0>, main=<bound method BuildVerb.main of <colcon_core.verb.build.BuildVerb object at 0x7299669425c0>>)
[0.087s] Level 1:colcon.colcon_core.package_discovery:discover_packages(colcon_meta) check parameters
[0.087s] Level 1:colcon.colcon_core.package_discovery:discover_packages(recursive) check parameters
[0.087s] Level 1:colcon.colcon_core.package_discovery:discover_packages(ignore) check parameters
[0.087s] Level 1:colcon.colcon_core.package_discovery:discover_packages(path) check parameters
[0.087s] Level 1:colcon.colcon_core.package_discovery:discover_packages(colcon_meta) discover
[0.088s] Level 1:colcon.colcon_core.package_discovery:discover_packages(recursive) discover
[0.088s] INFO:colcon.colcon_core.package_discovery:Crawling recursively for packages in '/home/vedh/workspaces/lawd_ws'
[0.088s] Level 1:colcon.colcon_core.package_identification:_identify(.) by extensions ['ignore', 'ignore_ament_install']
[0.088s] Level 1:colcon.colcon_core.package_identification:_identify(.) by extension 'ignore'
[0.088s] Level 1:colcon.colcon_core.package_identification:_identify(.) by extension 'ignore_ament_install'
[0.088s] Level 1:colcon.colcon_core.package_identification:_identify(.) by extensions ['colcon_pkg']
[0.088s] Level 1:colcon.colcon_core.package_identification:_identify(.) by extension 'colcon_pkg'
[0.088s] Level 1:colcon.colcon_core.package_identification:_identify(.) by extensions ['colcon_meta']
[0.088s] Level 1:colcon.colcon_core.package_identification:_identify(.) by extension 'colcon_meta'
[0.088s] Level 1:colcon.colcon_core.package_identification:_identify(.) by extensions ['ros']
[0.088s] Level 1:colcon.colcon_core.package_identification:_identify(.) by extension 'ros'
[0.097s] Level 1:colcon.colcon_core.package_identification:_identify(.) by extensions ['cmake', 'python']
[0.097s] Level 1:colcon.colcon_core.package_identification:_identify(.) by extension 'cmake'
[0.097s] Level 1:colcon.colcon_core.package_identification:_identify(.) by extension 'python'
[0.097s] Level 1:colcon.colcon_core.package_identification:_identify(.) by extensions ['python_setup_py']
[0.097s] Level 1:colcon.colcon_core.package_identification:_identify(.) by extension 'python_setup_py'
[0.097s] Level 1:colcon.colcon_core.package_identification:_identify(build) by extensions ['ignore', 'ignore_ament_install']
[0.097s] Level 1:colcon.colcon_core.package_identification:_identify(build) by extension 'ignore'
[0.097s] Level 1:colcon.colcon_core.package_identification:_identify(build) ignored
[0.097s] Level 1:colcon.colcon_core.package_identification:_identify(install) by extensions ['ignore', 'ignore_ament_install']
[0.097s] Level 1:colcon.colcon_core.package_identification:_identify(install) by extension 'ignore'
[0.097s] Level 1:colcon.colcon_core.package_identification:_identify(install) ignored
[0.097s] Level 1:colcon.colcon_core.package_identification:_identify(log) by extensions ['ignore', 'ignore_ament_install']
[0.097s] Level 1:colcon.colcon_core.package_identification:_identify(log) by extension 'ignore'
[0.097s] Level 1:colcon.colcon_core.package_identification:_identify(log) ignored
[0.098s] Level 1:colcon.colcon_core.package_identification:_identify(src) by extensions ['ignore', 'ignore_ament_install']
[0.098s] Level 1:colcon.colcon_core.package_identification:_identify(src) by extension 'ignore'
[0.098s] Level 1:colcon.colcon_core.package_identification:_identify(src) by extension 'ignore_ament_install'
[0.098s] Level 1:colcon.colcon_core.package_identification:_identify(src) by extensions ['colcon_pkg']
[0.098s] Level 1:colcon.colcon_core.package_identification:_identify(src) by extension 'colcon_pkg'
[0.098s] Level 1:colcon.colcon_core.package_identification:_identify(src) by extensions ['colcon_meta']
[0.098s] Level 1:colcon.colcon_core.package_identification:_identify(src) by extension 'colcon_meta'
[0.098s] Level 1:colcon.colcon_core.package_identification:_identify(src) by extensions ['ros']
[0.098s] Level 1:colcon.colcon_core.package_identification:_identify(src) by extension 'ros'
[0.098s] Level 1:colcon.colcon_core.package_identification:_identify(src) by extensions ['cmake', 'python']
[0.098s] Level 1:colcon.colcon_core.package_identification:_identify(src) by extension 'cmake'
[0.098s] Level 1:colcon.colcon_core.package_identification:_identify(src) by extension 'python'
[0.098s] Level 1:colcon.colcon_core.package_identification:_identify(src) by extensions ['python_setup_py']
[0.098s] Level 1:colcon.colcon_core.package_identification:_identify(src) by extension 'python_setup_py'
[0.098s] Level 1:colcon.colcon_core.package_identification:_identify(src/lawd_ctrl) by extensions ['ignore', 'ignore_ament_install']
[0.098s] Level 1:colcon.colcon_core.package_identification:_identify(src/lawd_ctrl) by extension 'ignore'
[0.098s] Level 1:colcon.colcon_core.package_identification:_identify(src/lawd_ctrl) by extension 'ignore_ament_install'
[0.098s] Level 1:colcon.colcon_core.package_identification:_identify(src/lawd_ctrl) by extensions ['colcon_pkg']
[0.098s] Level 1:colcon.colcon_core.package_identification:_identify(src/lawd_ctrl) by extension 'colcon_pkg'
[0.098s] Level 1:colcon.colcon_core.package_identification:_identify(src/lawd_ctrl) by extensions ['colcon_meta']
[0.098s] Level 1:colcon.colcon_core.package_identification:_identify(src/lawd_ctrl) by extension 'colcon_meta'
[0.098s] Level 1:colcon.colcon_core.package_identification:_identify(src/lawd_ctrl) by extensions ['ros']
[0.098s] Level 1:colcon.colcon_core.package_identification:_identify(src/lawd_ctrl) by extension 'ros'
[0.100s] DEBUG:colcon.colcon_core.package_identification:Package 'src/lawd_ctrl' with type 'ros.ament_cmake' and name 'lawd_ctrl'
[0.100s] Level 1:colcon.colcon_core.package_identification:_identify(src/lawd_description) by extensions ['ignore', 'ignore_ament_install']
[0.100s] Level 1:colcon.colcon_core.package_identification:_identify(src/lawd_description) by extension 'ignore'
[0.100s] Level 1:colcon.colcon_core.package_identification:_identify(src/lawd_description) by extension 'ignore_ament_install'
[0.100s] Level 1:colcon.colcon_core.package_identification:_identify(src/lawd_description) by extensions ['colcon_pkg']
[0.100s] Level 1:colcon.colcon_core.package_identification:_identify(src/lawd_description) by extension 'colcon_pkg'
[0.100s] Level 1:colcon.colcon_core.package_identification:_identify(src/lawd_description) by extensions ['colcon_meta']
[0.100s] Level 1:colcon.colcon_core.package_identification:_identify(src/lawd_description) by extension 'colcon_meta'
[0.100s] Level 1:colcon.colcon_core.package_identification:_identify(src/lawd_description) by extensions ['ros']
[0.100s] Level 1:colcon.colcon_core.package_identification:_identify(src/lawd_description) by extension 'ros'
[0.100s] DEBUG:colcon.colcon_core.package_identification:Package 'src/lawd_description' with type 'ros.ament_cmake' and name 'lawd_description'
[0.100s] Level 1:colcon.colcon_core.package_identification:_identify(src/lawd_msgs) by extensions ['ignore', 'ignore_ament_install']
[0.100s] Level 1:colcon.colcon_core.package_identification:_identify(src/lawd_msgs) by extension 'ignore'
[0.101s] Level 1:colcon.colcon_core.package_identification:_identify(src/lawd_msgs) by extension 'ignore_ament_install'
[0.101s] Level 1:colcon.colcon_core.package_identification:_identify(src/lawd_msgs) by extensions ['colcon_pkg']
[0.101s] Level 1:colcon.colcon_core.package_identification:_identify(src/lawd_msgs) by extension 'colcon_pkg'
[0.101s] Level 1:colcon.colcon_core.package_identification:_identify(src/lawd_msgs) by extensions ['colcon_meta']
[0.101s] Level 1:colcon.colcon_core.package_identification:_identify(src/lawd_msgs) by extension 'colcon_meta'
[0.101s] Level 1:colcon.colcon_core.package_identification:_identify(src/lawd_msgs) by extensions ['ros']
[0.101s] Level 1:colcon.colcon_core.package_identification:_identify(src/lawd_msgs) by extension 'ros'
[0.101s] DEBUG:colcon.colcon_core.package_identification:Package 'src/lawd_msgs' with type 'ros.ament_cmake' and name 'lawd_msgs'
[0.101s] Level 1:colcon.colcon_core.package_identification:_identify(src/lawd_teleop) by extensions ['ignore', 'ignore_ament_install']
[0.101s] Level 1:colcon.colcon_core.package_identification:_identify(src/lawd_teleop) by extension 'ignore'
[0.101s] Level 1:colcon.colcon_core.package_identification:_identify(src/lawd_teleop) by extension 'ignore_ament_install'
[0.101s] Level 1:colcon.colcon_core.package_identification:_identify(src/lawd_teleop) by extensions ['colcon_pkg']
[0.101s] Level 1:colcon.colcon_core.package_identification:_identify(src/lawd_teleop) by extension 'colcon_pkg'
[0.101s] Level 1:colcon.colcon_core.package_identification:_identify(src/lawd_teleop) by extensions ['colcon_meta']
[0.101s] Level 1:colcon.colcon_core.package_identification:_identify(src/lawd_teleop) by extension 'colcon_meta'
[0.101s] Level 1:colcon.colcon_core.package_identification:_identify(src/lawd_teleop) by extensions ['ros']
[0.101s] Level 1:colcon.colcon_core.package_identification:_identify(src/lawd_teleop) by extension 'ros'
[0.102s] DEBUG:colcon.colcon_core.package_identification:Package 'src/lawd_teleop' with type 'ros.ament_cmake' and name 'lawd_teleop'
[0.102s] Level 1:colcon.colcon_core.package_discovery:discover_packages(recursive) using defaults
[0.102s] Level 1:colcon.colcon_core.package_discovery:discover_packages(ignore) discover
[0.102s] Level 1:colcon.colcon_core.package_discovery:discover_packages(ignore) using defaults
[0.102s] Level 1:colcon.colcon_core.package_discovery:discover_packages(path) discover
[0.102s] Level 1:colcon.colcon_core.package_discovery:discover_packages(path) using defaults
[0.114s] Level 1:colcon.colcon_core.package_discovery:discover_packages(prefix_path) check parameters
[0.114s] Level 1:colcon.colcon_core.package_discovery:discover_packages(prefix_path) discover
[0.116s] DEBUG:colcon.colcon_installed_package_information.package_discovery:Found 4 installed packages in /home/vedh/workspaces/lawd_ws/install
[0.117s] DEBUG:colcon.colcon_installed_package_information.package_discovery:Found 56 installed packages in /home/vedh/control_ws/install
[0.118s] DEBUG:colcon.colcon_installed_package_information.package_discovery:Found 1 installed packages in /home/vedh/workspaces/articulated_ws/install
[0.118s] DEBUG:colcon.colcon_installed_package_information.package_discovery:Found 2 installed packages in /home/vedh/workspaces/demo_lawd_ws/install
[0.119s] DEBUG:colcon.colcon_installed_package_information.package_discovery:Found 414 installed packages in /opt/ros/humble
[0.121s] Level 1:colcon.colcon_core.package_discovery:discover_packages(prefix_path) using defaults
[0.153s] Level 5:colcon.colcon_core.verb:set package 'lawd_ctrl' build argument 'cmake_args' from command line to 'None'
[0.153s] Level 5:colcon.colcon_core.verb:set package 'lawd_ctrl' build argument 'cmake_target' from command line to 'None'
[0.153s] Level 5:colcon.colcon_core.verb:set package 'lawd_ctrl' build argument 'cmake_target_skip_unavailable' from command line to 'False'
[0.153s] Level 5:colcon.colcon_core.verb:set package 'lawd_ctrl' build argument 'cmake_clean_cache' from command line to 'False'
[0.153s] Level 5:colcon.colcon_core.verb:set package 'lawd_ctrl' build argument 'cmake_clean_first' from command line to 'False'
[0.153s] Level 5:colcon.colcon_core.verb:set package 'lawd_ctrl' build argument 'cmake_force_configure' from command line to 'False'
[0.153s] Level 5:colcon.colcon_core.verb:set package 'lawd_ctrl' build argument 'ament_cmake_args' from command line to 'None'
[0.153s] Level 5:colcon.colcon_core.verb:set package 'lawd_ctrl' build argument 'catkin_cmake_args' from command line to 'None'
[0.153s] Level 5:colcon.colcon_core.verb:set package 'lawd_ctrl' build argument 'catkin_skip_building_tests' from command line to 'False'
[0.153s] DEBUG:colcon.colcon_core.verb:Building package 'lawd_ctrl' with the following arguments: {'ament_cmake_args': None, 'build_base': '/home/vedh/workspaces/lawd_ws/build/lawd_ctrl', 'catkin_cmake_args': None, 'catkin_skip_building_tests': False, 'cmake_args': None, 'cmake_clean_cache': False, 'cmake_clean_first': False, 'cmake_force_configure': False, 'cmake_target': None, 'cmake_target_skip_unavailable': False, 'install_base': '/home/vedh/workspaces/lawd_ws/install/lawd_ctrl', 'merge_install': False, 'path': '/home/vedh/workspaces/lawd_ws/src/lawd_ctrl', 'symlink_install': False, 'test_result_base': None}
[0.153s] Level 5:colcon.colcon_core.verb:set package 'lawd_description' build argument 'cmake_args' from command line to 'None'
[0.153s] Level 5:colcon.colcon_core.verb:set package 'lawd_description' build argument 'cmake_target' from command line to 'None'
[0.153s] Level 5:colcon.colcon_core.verb:set package 'lawd_description' build argument 'cmake_target_skip_unavailable' from command line to 'False'
[0.153s] Level 5:colcon.colcon_core.verb:set package 'lawd_description' build argument 'cmake_clean_cache' from command line to 'False'
[0.153s] Level 5:colcon.colcon_core.verb:set package 'lawd_description' build argument 'cmake_clean_first' from command line to 'False'
[0.153s] Level 5:colcon.colcon_core.verb:set package 'lawd_description' build argument 'cmake_force_configure' from command line to 'False'
[0.153s] Level 5:colcon.colcon_core.verb:set package 'lawd_description' build argument 'ament_cmake_args' from command line to 'None'
[0.153s] Level 5:colcon.colcon_core.verb:set package 'lawd_description' build argument 'catkin_cmake_args' from command line to 'None'
[0.153s] Level 5:colcon.colcon_core.verb:set package 'lawd_description' build argument 'catkin_skip_building_tests' from command line to 'False'
[0.153s] DEBUG:colcon.colcon_core.verb:Building package 'lawd_description' with the following arguments: {'ament_cmake_args': None, 'build_base': '/home/vedh/workspaces/lawd_ws/build/lawd_description', 'catkin_cmake_args': None, 'catkin_skip_building_tests': False, 'cmake_args': None, 'cmake_clean_cache': False, 'cmake_clean_first': False, 'cmake_force_configure': False, 'cmake_target': None, 'cmake_target_skip_unavailable': False, 'install_base': '/home/vedh/workspaces/lawd_ws/install/lawd_description', 'merge_install': False, 'path': '/home/vedh/workspaces/lawd_ws/src/lawd_description', 'symlink_install': False, 'test_result_base': None}
[0.154s] Level 5:colcon.colcon_core.verb:set package 'lawd_msgs' build argument 'cmake_args' from command line to 'None'
[0.154s] Level 5:colcon.colcon_core.verb:set package 'lawd_msgs' build argument 'cmake_target' from command line to 'None'
[0.154s] Level 5:colcon.colcon_core.verb:set package 'lawd_msgs' build argument 'cmake_target_skip_unavailable' from command line to 'False'
[0.154s] Level 5:colcon.colcon_core.verb:set package 'lawd_msgs' build argument 'cmake_clean_cache' from command line to 'False'
[0.154s] Level 5:colcon.colcon_core.verb:set package 'lawd_msgs' build argument 'cmake_clean_first' from command line to 'False'
[0.154s] Level 5:colcon.colcon_core.verb:set package 'lawd_msgs' build argument 'cmake_force_configure' from command line to 'False'
[0.154s] Level 5:colcon.colcon_core.verb:set package 'lawd_msgs' build argument 'ament_cmake_args' from command line to 'None'
[0.154s] Level 5:colcon.colcon_core.verb:set package 'lawd_msgs' build argument 'catkin_cmake_args' from command line to 'None'
[0.154s] Level 5:colcon.colcon_core.verb:set package 'lawd_msgs' build argument 'catkin_skip_building_tests' from command line to 'False'
[0.154s] DEBUG:colcon.colcon_core.verb:Building package 'lawd_msgs' with the following arguments: {'ament_cmake_args': None, 'build_base': '/home/vedh/workspaces/lawd_ws/build/lawd_msgs', 'catkin_cmake_args': None, 'catkin_skip_building_tests': False, 'cmake_args': None, 'cmake_clean_cache': False, 'cmake_clean_first': False, 'cmake_force_configure': False, 'cmake_target': None, 'cmake_target_skip_unavailable': False, 'install_base': '/home/vedh/workspaces/lawd_ws/install/lawd_msgs', 'merge_install': False, 'path': '/home/vedh/workspaces/lawd_ws/src/lawd_msgs', 'symlink_install': False, 'test_result_base': None}
[0.154s] Level 5:colcon.colcon_core.verb:set package 'lawd_teleop' build argument 'cmake_args' from command line to 'None'
[0.154s] Level 5:colcon.colcon_core.verb:set package 'lawd_teleop' build argument 'cmake_target' from command line to 'None'
[0.154s] Level 5:colcon.colcon_core.verb:set package 'lawd_teleop' build argument 'cmake_target_skip_unavailable' from command line to 'False'
[0.154s] Level 5:colcon.colcon_core.verb:set package 'lawd_teleop' build argument 'cmake_clean_cache' from command line to 'False'
[0.154s] Level 5:colcon.colcon_core.verb:set package 'lawd_teleop' build argument 'cmake_clean_first' from command line to 'False'
[0.154s] Level 5:colcon.colcon_core.verb:set package 'lawd_teleop' build argument 'cmake_force_configure' from command line to 'False'
[0.154s] Level 5:colcon.colcon_core.verb:set package 'lawd_teleop' build argument 'ament_cmake_args' from command line to 'None'
[0.154s] Level 5:colcon.colcon_core.verb:set package 'lawd_teleop' build argument 'catkin_cmake_args' from command line to 'None'
[0.154s] Level 5:colcon.colcon_core.verb:set package 'lawd_teleop' build argument 'catkin_skip_building_tests' from command line to 'False'
[0.154s] DEBUG:colcon.colcon_core.verb:Building package 'lawd_teleop' with the following arguments: {'ament_cmake_args': None, 'build_base': '/home/vedh/workspaces/lawd_ws/build/lawd_teleop', 'catkin_cmake_args': None, 'catkin_skip_building_tests': False, 'cmake_args': None, 'cmake_clean_cache': False, 'cmake_clean_first': False, 'cmake_force_configure': False, 'cmake_target': None, 'cmake_target_skip_unavailable': False, 'install_base': '/home/vedh/workspaces/lawd_ws/install/lawd_teleop', 'merge_install': False, 'path': '/home/vedh/workspaces/lawd_ws/src/lawd_teleop', 'symlink_install': False, 'test_result_base': None}
[0.154s] INFO:colcon.colcon_core.executor:Executing jobs using 'parallel' executor
[0.155s] DEBUG:colcon.colcon_parallel_executor.executor.parallel:run_until_complete
[0.155s] INFO:colcon.colcon_ros.task.ament_cmake.build:Building ROS package in '/home/vedh/workspaces/lawd_ws/src/lawd_ctrl' with build type 'ament_cmake'
[0.155s] INFO:colcon.colcon_cmake.task.cmake.build:Building CMake package in '/home/vedh/workspaces/lawd_ws/src/lawd_ctrl'
[0.156s] INFO:colcon.colcon_core.plugin_system:Skipping extension 'colcon_core.shell.bat': Not used on non-Windows systems
[0.156s] INFO:colcon.colcon_core.shell:Skip shell extension 'powershell' for command environment: Not usable outside of PowerShell
[0.156s] DEBUG:colcon.colcon_core.shell:Skip shell extension 'dsv' for command environment
[0.161s] INFO:colcon.colcon_ros.task.ament_cmake.build:Building ROS package in '/home/vedh/workspaces/lawd_ws/src/lawd_description' with build type 'ament_cmake'
[0.161s] INFO:colcon.colcon_cmake.task.cmake.build:Building CMake package in '/home/vedh/workspaces/lawd_ws/src/lawd_description'
[0.161s] INFO:colcon.colcon_core.shell:Skip shell extension 'powershell' for command environment: Not usable outside of PowerShell
[0.161s] DEBUG:colcon.colcon_core.shell:Skip shell extension 'dsv' for command environment
[0.165s] INFO:colcon.colcon_ros.task.ament_cmake.build:Building ROS package in '/home/vedh/workspaces/lawd_ws/src/lawd_msgs' with build type 'ament_cmake'
[0.165s] INFO:colcon.colcon_cmake.task.cmake.build:Building CMake package in '/home/vedh/workspaces/lawd_ws/src/lawd_msgs'
[0.165s] INFO:colcon.colcon_core.shell:Skip shell extension 'powershell' for command environment: Not usable outside of PowerShell
[0.165s] DEBUG:colcon.colcon_core.shell:Skip shell extension 'dsv' for command environment
[0.170s] INFO:colcon.colcon_ros.task.ament_cmake.build:Building ROS package in '/home/vedh/workspaces/lawd_ws/src/lawd_teleop' with build type 'ament_cmake'
[0.170s] INFO:colcon.colcon_cmake.task.cmake.build:Building CMake package in '/home/vedh/workspaces/lawd_ws/src/lawd_teleop'
[0.170s] INFO:colcon.colcon_core.shell:Skip shell extension 'powershell' for command environment: Not usable outside of PowerShell
[0.170s] DEBUG:colcon.colcon_core.shell:Skip shell extension 'dsv' for command environment
[0.182s] DEBUG:colcon.colcon_core.event_handler.log_command:Invoking command in '/home/vedh/workspaces/lawd_ws/build/lawd_ctrl': CMAKE_PREFIX_PATH=${CMAKE_PREFIX_PATH}:/home/vedh/control_ws/install/rqt_joint_trajectory_controller:/home/vedh/control_ws/install/rqt_controller_manager:/home/vedh/control_ws/install/ros2controlcli:/home/vedh/control_ws/install/ros2_controllers_test_nodes:/home/vedh/workspaces/demo_lawd_ws/install/demo_lawd_description:/opt/ros/humble /usr/bin/cmake --build /home/vedh/workspaces/lawd_ws/build/lawd_ctrl -- -j16 -l16
[0.185s] DEBUG:colcon.colcon_core.event_handler.log_command:Invoking command in '/home/vedh/workspaces/lawd_ws/build/lawd_description': CMAKE_PREFIX_PATH=${CMAKE_PREFIX_PATH}:/home/vedh/control_ws/install/rqt_joint_trajectory_controller:/home/vedh/control_ws/install/rqt_controller_manager:/home/vedh/control_ws/install/ros2controlcli:/home/vedh/control_ws/install/ros2_controllers_test_nodes:/home/vedh/workspaces/demo_lawd_ws/install/demo_lawd_description:/opt/ros/humble /usr/bin/cmake --build /home/vedh/workspaces/lawd_ws/build/lawd_description -- -j16 -l16
[0.188s] DEBUG:colcon.colcon_core.event_handler.log_command:Invoking command in '/home/vedh/workspaces/lawd_ws/build/lawd_msgs': CMAKE_PREFIX_PATH=${CMAKE_PREFIX_PATH}:/home/vedh/control_ws/install/rqt_joint_trajectory_controller:/home/vedh/control_ws/install/rqt_controller_manager:/home/vedh/control_ws/install/ros2controlcli:/home/vedh/control_ws/install/ros2_controllers_test_nodes:/home/vedh/workspaces/demo_lawd_ws/install/demo_lawd_description:/opt/ros/humble /usr/bin/cmake --build /home/vedh/workspaces/lawd_ws/build/lawd_msgs -- -j16 -l16
[0.191s] DEBUG:colcon.colcon_core.event_handler.log_command:Invoking command in '/home/vedh/workspaces/lawd_ws/build/lawd_teleop': CMAKE_PREFIX_PATH=${CMAKE_PREFIX_PATH}:/home/vedh/control_ws/install/rqt_joint_trajectory_controller:/home/vedh/control_ws/install/rqt_controller_manager:/home/vedh/control_ws/install/ros2controlcli:/home/vedh/control_ws/install/ros2_controllers_test_nodes:/home/vedh/workspaces/demo_lawd_ws/install/demo_lawd_description:/opt/ros/humble /usr/bin/cmake --build /home/vedh/workspaces/lawd_ws/build/lawd_teleop -- -j16 -l16
[0.222s] DEBUG:colcon.colcon_core.event_handler.log_command:Invoked command in '/home/vedh/workspaces/lawd_ws/build/lawd_ctrl' returned '0': CMAKE_PREFIX_PATH=${CMAKE_PREFIX_PATH}:/home/vedh/control_ws/install/rqt_joint_trajectory_controller:/home/vedh/control_ws/install/rqt_controller_manager:/home/vedh/control_ws/install/ros2controlcli:/home/vedh/control_ws/install/ros2_controllers_test_nodes:/home/vedh/workspaces/demo_lawd_ws/install/demo_lawd_description:/opt/ros/humble /usr/bin/cmake --build /home/vedh/workspaces/lawd_ws/build/lawd_ctrl -- -j16 -l16
[0.224s] DEBUG:colcon.colcon_core.event_handler.log_command:Invoked command in '/home/vedh/workspaces/lawd_ws/build/lawd_description' returned '0': CMAKE_PREFIX_PATH=${CMAKE_PREFIX_PATH}:/home/vedh/control_ws/install/rqt_joint_trajectory_controller:/home/vedh/control_ws/install/rqt_controller_manager:/home/vedh/control_ws/install/ros2controlcli:/home/vedh/control_ws/install/ros2_controllers_test_nodes:/home/vedh/workspaces/demo_lawd_ws/install/demo_lawd_description:/opt/ros/humble /usr/bin/cmake --build /home/vedh/workspaces/lawd_ws/build/lawd_description -- -j16 -l16
[0.228s] DEBUG:colcon.colcon_core.event_handler.log_command:Invoked command in '/home/vedh/workspaces/lawd_ws/build/lawd_teleop' returned '0': CMAKE_PREFIX_PATH=${CMAKE_PREFIX_PATH}:/home/vedh/control_ws/install/rqt_joint_trajectory_controller:/home/vedh/control_ws/install/rqt_controller_manager:/home/vedh/control_ws/install/ros2controlcli:/home/vedh/control_ws/install/ros2_controllers_test_nodes:/home/vedh/workspaces/demo_lawd_ws/install/demo_lawd_description:/opt/ros/humble /usr/bin/cmake --build /home/vedh/workspaces/lawd_ws/build/lawd_teleop -- -j16 -l16
[0.270s] DEBUG:colcon.colcon_core.event_handler.log_command:Invoking command in '/home/vedh/workspaces/lawd_ws/build/lawd_teleop': CMAKE_PREFIX_PATH=${CMAKE_PREFIX_PATH}:/home/vedh/control_ws/install/rqt_joint_trajectory_controller:/home/vedh/control_ws/install/rqt_controller_manager:/home/vedh/control_ws/install/ros2controlcli:/home/vedh/control_ws/install/ros2_controllers_test_nodes:/home/vedh/workspaces/demo_lawd_ws/install/demo_lawd_description:/opt/ros/humble /usr/bin/cmake --install /home/vedh/workspaces/lawd_ws/build/lawd_teleop
[0.274s] DEBUG:colcon.colcon_core.event_handler.log_command:Invoking command in '/home/vedh/workspaces/lawd_ws/build/lawd_description': CMAKE_PREFIX_PATH=${CMAKE_PREFIX_PATH}:/home/vedh/control_ws/install/rqt_joint_trajectory_controller:/home/vedh/control_ws/install/rqt_controller_manager:/home/vedh/control_ws/install/ros2controlcli:/home/vedh/control_ws/install/ros2_controllers_test_nodes:/home/vedh/workspaces/demo_lawd_ws/install/demo_lawd_description:/opt/ros/humble /usr/bin/cmake --install /home/vedh/workspaces/lawd_ws/build/lawd_description
[0.275s] DEBUG:colcon.colcon_core.event_handler.log_command:Invoking command in '/home/vedh/workspaces/lawd_ws/build/lawd_ctrl': CMAKE_PREFIX_PATH=${CMAKE_PREFIX_PATH}:/home/vedh/control_ws/install/rqt_joint_trajectory_controller:/home/vedh/control_ws/install/rqt_controller_manager:/home/vedh/control_ws/install/ros2controlcli:/home/vedh/control_ws/install/ros2_controllers_test_nodes:/home/vedh/workspaces/demo_lawd_ws/install/demo_lawd_description:/opt/ros/humble /usr/bin/cmake --install /home/vedh/workspaces/lawd_ws/build/lawd_ctrl
[0.282s] Level 1:colcon.colcon_core.environment:create_environment_scripts_only(lawd_teleop)
[0.282s] DEBUG:colcon.colcon_core.event_handler.log_command:Invoked command in '/home/vedh/workspaces/lawd_ws/build/lawd_teleop' returned '0': CMAKE_PREFIX_PATH=${CMAKE_PREFIX_PATH}:/home/vedh/control_ws/install/rqt_joint_trajectory_controller:/home/vedh/control_ws/install/rqt_controller_manager:/home/vedh/control_ws/install/ros2controlcli:/home/vedh/control_ws/install/ros2_controllers_test_nodes:/home/vedh/workspaces/demo_lawd_ws/install/demo_lawd_description:/opt/ros/humble /usr/bin/cmake --install /home/vedh/workspaces/lawd_ws/build/lawd_teleop
[0.289s] Level 1:colcon.colcon_core.environment:checking '/home/vedh/workspaces/lawd_ws/install/lawd_teleop' for CMake module files
[0.290s] Level 1:colcon.colcon_core.environment:checking '/home/vedh/workspaces/lawd_ws/install/lawd_teleop' for CMake config files
[0.290s] Level 1:colcon.colcon_core.shell:create_environment_hook('lawd_teleop', 'cmake_prefix_path')
[0.290s] INFO:colcon.colcon_core.shell:Creating environment hook '/home/vedh/workspaces/lawd_ws/install/lawd_teleop/share/lawd_teleop/hook/cmake_prefix_path.ps1'
[0.291s] INFO:colcon.colcon_core.shell:Creating environment descriptor '/home/vedh/workspaces/lawd_ws/install/lawd_teleop/share/lawd_teleop/hook/cmake_prefix_path.dsv'
[0.291s] INFO:colcon.colcon_core.shell:Creating environment hook '/home/vedh/workspaces/lawd_ws/install/lawd_teleop/share/lawd_teleop/hook/cmake_prefix_path.sh'
[0.292s] Level 1:colcon.colcon_core.environment:checking '/home/vedh/workspaces/lawd_ws/install/lawd_teleop/bin'
[0.292s] Level 1:colcon.colcon_core.environment:checking '/home/vedh/workspaces/lawd_ws/install/lawd_teleop/lib/pkgconfig/lawd_teleop.pc'
[0.292s] Level 1:colcon.colcon_core.environment:checking '/home/vedh/workspaces/lawd_ws/install/lawd_teleop/lib/python3.10/site-packages'
[0.292s] Level 1:colcon.colcon_core.environment:checking '/home/vedh/workspaces/lawd_ws/install/lawd_teleop/bin'
[0.292s] INFO:colcon.colcon_core.shell:Creating package script '/home/vedh/workspaces/lawd_ws/install/lawd_teleop/share/lawd_teleop/package.ps1'
[0.293s] INFO:colcon.colcon_core.shell:Creating package descriptor '/home/vedh/workspaces/lawd_ws/install/lawd_teleop/share/lawd_teleop/package.dsv'
[0.293s] INFO:colcon.colcon_core.shell:Creating package script '/home/vedh/workspaces/lawd_ws/install/lawd_teleop/share/lawd_teleop/package.sh'
[0.293s] INFO:colcon.colcon_core.shell:Creating package script '/home/vedh/workspaces/lawd_ws/install/lawd_teleop/share/lawd_teleop/package.bash'
[0.294s] INFO:colcon.colcon_core.shell:Creating package script '/home/vedh/workspaces/lawd_ws/install/lawd_teleop/share/lawd_teleop/package.zsh'
[0.294s] Level 1:colcon.colcon_core.environment:create_file_with_runtime_dependencies(/home/vedh/workspaces/lawd_ws/install/lawd_teleop/share/colcon-core/packages/lawd_teleop)
[0.295s] Level 1:colcon.colcon_core.environment:create_environment_scripts_only(lawd_ctrl)
[0.296s] Level 1:colcon.colcon_core.environment:checking '/home/vedh/workspaces/lawd_ws/install/lawd_ctrl' for CMake module files
[0.296s] DEBUG:colcon.colcon_core.event_handler.log_command:Invoked command in '/home/vedh/workspaces/lawd_ws/build/lawd_ctrl' returned '0': CMAKE_PREFIX_PATH=${CMAKE_PREFIX_PATH}:/home/vedh/control_ws/install/rqt_joint_trajectory_controller:/home/vedh/control_ws/install/rqt_controller_manager:/home/vedh/control_ws/install/ros2controlcli:/home/vedh/control_ws/install/ros2_controllers_test_nodes:/home/vedh/workspaces/demo_lawd_ws/install/demo_lawd_description:/opt/ros/humble /usr/bin/cmake --install /home/vedh/workspaces/lawd_ws/build/lawd_ctrl
[0.296s] Level 1:colcon.colcon_core.environment:checking '/home/vedh/workspaces/lawd_ws/install/lawd_ctrl' for CMake config files
[0.296s] Level 1:colcon.colcon_core.shell:create_environment_hook('lawd_ctrl', 'cmake_prefix_path')
[0.297s] INFO:colcon.colcon_core.shell:Creating environment hook '/home/vedh/workspaces/lawd_ws/install/lawd_ctrl/share/lawd_ctrl/hook/cmake_prefix_path.ps1'
[0.297s] INFO:colcon.colcon_core.shell:Creating environment descriptor '/home/vedh/workspaces/lawd_ws/install/lawd_ctrl/share/lawd_ctrl/hook/cmake_prefix_path.dsv'
[0.297s] INFO:colcon.colcon_core.shell:Creating environment hook '/home/vedh/workspaces/lawd_ws/install/lawd_ctrl/share/lawd_ctrl/hook/cmake_prefix_path.sh'
[0.297s] Level 1:colcon.colcon_core.environment:checking '/home/vedh/workspaces/lawd_ws/install/lawd_ctrl/bin'
[0.297s] Level 1:colcon.colcon_core.environment:checking '/home/vedh/workspaces/lawd_ws/install/lawd_ctrl/lib/pkgconfig/lawd_ctrl.pc'
[0.297s] Level 1:colcon.colcon_core.environment:checking '/home/vedh/workspaces/lawd_ws/install/lawd_ctrl/lib/python3.10/site-packages'
[0.298s] Level 1:colcon.colcon_core.environment:checking '/home/vedh/workspaces/lawd_ws/install/lawd_ctrl/bin'
[0.298s] INFO:colcon.colcon_core.shell:Creating package script '/home/vedh/workspaces/lawd_ws/install/lawd_ctrl/share/lawd_ctrl/package.ps1'
[0.298s] INFO:colcon.colcon_core.shell:Creating package descriptor '/home/vedh/workspaces/lawd_ws/install/lawd_ctrl/share/lawd_ctrl/package.dsv'
[0.298s] INFO:colcon.colcon_core.shell:Creating package script '/home/vedh/workspaces/lawd_ws/install/lawd_ctrl/share/lawd_ctrl/package.sh'
[0.298s] INFO:colcon.colcon_core.shell:Creating package script '/home/vedh/workspaces/lawd_ws/install/lawd_ctrl/share/lawd_ctrl/package.bash'
[0.298s] INFO:colcon.colcon_core.shell:Creating package script '/home/vedh/workspaces/lawd_ws/install/lawd_ctrl/share/lawd_ctrl/package.zsh'
[0.299s] Level 1:colcon.colcon_core.environment:create_file_with_runtime_dependencies(/home/vedh/workspaces/lawd_ws/install/lawd_ctrl/share/colcon-core/packages/lawd_ctrl)
[0.301s] Level 1:colcon.colcon_core.environment:create_environment_scripts_only(lawd_description)
[0.301s] Level 1:colcon.colcon_core.environment:checking '/home/vedh/workspaces/lawd_ws/install/lawd_description' for CMake module files
[0.301s] DEBUG:colcon.colcon_core.event_handler.log_command:Invoked command in '/home/vedh/workspaces/lawd_ws/build/lawd_description' returned '0': CMAKE_PREFIX_PATH=${CMAKE_PREFIX_PATH}:/home/vedh/control_ws/install/rqt_joint_trajectory_controller:/home/vedh/control_ws/install/rqt_controller_manager:/home/vedh/control_ws/install/ros2controlcli:/home/vedh/control_ws/install/ros2_controllers_test_nodes:/home/vedh/workspaces/demo_lawd_ws/install/demo_lawd_description:/opt/ros/humble /usr/bin/cmake --install /home/vedh/workspaces/lawd_ws/build/lawd_description
[0.301s] Level 1:colcon.colcon_core.environment:checking '/home/vedh/workspaces/lawd_ws/install/lawd_description' for CMake config files
[0.302s] Level 1:colcon.colcon_core.shell:create_environment_hook('lawd_description', 'cmake_prefix_path')
[0.302s] INFO:colcon.colcon_core.shell:Creating environment hook '/home/vedh/workspaces/lawd_ws/install/lawd_description/share/lawd_description/hook/cmake_prefix_path.ps1'
[0.302s] INFO:colcon.colcon_core.shell:Creating environment descriptor '/home/vedh/workspaces/lawd_ws/install/lawd_description/share/lawd_description/hook/cmake_prefix_path.dsv'
[0.302s] INFO:colcon.colcon_core.shell:Creating environment hook '/home/vedh/workspaces/lawd_ws/install/lawd_description/share/lawd_description/hook/cmake_prefix_path.sh'
[0.303s] Level 1:colcon.colcon_core.environment:checking '/home/vedh/workspaces/lawd_ws/install/lawd_description/bin'
[0.303s] Level 1:colcon.colcon_core.environment:checking '/home/vedh/workspaces/lawd_ws/install/lawd_description/lib/pkgconfig/lawd_description.pc'
[0.303s] Level 1:colcon.colcon_core.environment:checking '/home/vedh/workspaces/lawd_ws/install/lawd_description/lib/python3.10/site-packages'
[0.303s] Level 1:colcon.colcon_core.environment:checking '/home/vedh/workspaces/lawd_ws/install/lawd_description/bin'
[0.303s] INFO:colcon.colcon_core.shell:Creating package script '/home/vedh/workspaces/lawd_ws/install/lawd_description/share/lawd_description/package.ps1'
[0.303s] INFO:colcon.colcon_core.shell:Creating package descriptor '/home/vedh/workspaces/lawd_ws/install/lawd_description/share/lawd_description/package.dsv'
[0.304s] INFO:colcon.colcon_core.shell:Creating package script '/home/vedh/workspaces/lawd_ws/install/lawd_description/share/lawd_description/package.sh'
[0.304s] INFO:colcon.colcon_core.shell:Creating package script '/home/vedh/workspaces/lawd_ws/install/lawd_description/share/lawd_description/package.bash'
[0.304s] INFO:colcon.colcon_core.shell:Creating package script '/home/vedh/workspaces/lawd_ws/install/lawd_description/share/lawd_description/package.zsh'
[0.304s] Level 1:colcon.colcon_core.environment:create_file_with_runtime_dependencies(/home/vedh/workspaces/lawd_ws/install/lawd_description/share/colcon-core/packages/lawd_description)
[0.329s] Level 1:colcon.colcon_core.environment:create_environment_scripts_only(lawd_teleop)
[0.329s] Level 1:colcon.colcon_core.environment:checking '/home/vedh/workspaces/lawd_ws/install/lawd_teleop' for CMake module files
[0.329s] Level 1:colcon.colcon_core.environment:checking '/home/vedh/workspaces/lawd_ws/install/lawd_teleop' for CMake config files
[0.330s] Level 1:colcon.colcon_core.shell:create_environment_hook('lawd_teleop', 'cmake_prefix_path')
[0.330s] INFO:colcon.colcon_core.shell:Creating environment hook '/home/vedh/workspaces/lawd_ws/install/lawd_teleop/share/lawd_teleop/hook/cmake_prefix_path.ps1'
[0.330s] INFO:colcon.colcon_core.shell:Creating environment descriptor '/home/vedh/workspaces/lawd_ws/install/lawd_teleop/share/lawd_teleop/hook/cmake_prefix_path.dsv'
[0.330s] INFO:colcon.colcon_core.shell:Creating environment hook '/home/vedh/workspaces/lawd_ws/install/lawd_teleop/share/lawd_teleop/hook/cmake_prefix_path.sh'
[0.331s] Level 1:colcon.colcon_core.environment:checking '/home/vedh/workspaces/lawd_ws/install/lawd_teleop/bin'
[0.331s] Level 1:colcon.colcon_core.environment:checking '/home/vedh/workspaces/lawd_ws/install/lawd_teleop/lib/pkgconfig/lawd_teleop.pc'
[0.331s] Level 1:colcon.colcon_core.environment:checking '/home/vedh/workspaces/lawd_ws/install/lawd_teleop/lib/python3.10/site-packages'
[0.331s] Level 1:colcon.colcon_core.environment:checking '/home/vedh/workspaces/lawd_ws/install/lawd_teleop/bin'
[0.331s] INFO:colcon.colcon_core.shell:Creating package script '/home/vedh/workspaces/lawd_ws/install/lawd_teleop/share/lawd_teleop/package.ps1'
[0.331s] INFO:colcon.colcon_core.shell:Creating package descriptor '/home/vedh/workspaces/lawd_ws/install/lawd_teleop/share/lawd_teleop/package.dsv'
[0.332s] INFO:colcon.colcon_core.shell:Creating package script '/home/vedh/workspaces/lawd_ws/install/lawd_teleop/share/lawd_teleop/package.sh'
[0.332s] INFO:colcon.colcon_core.shell:Creating package script '/home/vedh/workspaces/lawd_ws/install/lawd_teleop/share/lawd_teleop/package.bash'
[0.332s] INFO:colcon.colcon_core.shell:Creating package script '/home/vedh/workspaces/lawd_ws/install/lawd_teleop/share/lawd_teleop/package.zsh'
[0.332s] Level 1:colcon.colcon_core.environment:create_file_with_runtime_dependencies(/home/vedh/workspaces/lawd_ws/install/lawd_teleop/share/colcon-core/packages/lawd_teleop)
[0.334s] Level 1:colcon.colcon_core.environment:create_environment_scripts_only(lawd_ctrl)
[0.334s] Level 1:colcon.colcon_core.environment:checking '/home/vedh/workspaces/lawd_ws/install/lawd_ctrl' for CMake module files
[0.334s] Level 1:colcon.colcon_core.environment:checking '/home/vedh/workspaces/lawd_ws/install/lawd_ctrl' for CMake config files
[0.334s] Level 1:colcon.colcon_core.shell:create_environment_hook('lawd_ctrl', 'cmake_prefix_path')
[0.334s] INFO:colcon.colcon_core.shell:Creating environment hook '/home/vedh/workspaces/lawd_ws/install/lawd_ctrl/share/lawd_ctrl/hook/cmake_prefix_path.ps1'
[0.335s] INFO:colcon.colcon_core.shell:Creating environment descriptor '/home/vedh/workspaces/lawd_ws/install/lawd_ctrl/share/lawd_ctrl/hook/cmake_prefix_path.dsv'
[0.335s] INFO:colcon.colcon_core.shell:Creating environment hook '/home/vedh/workspaces/lawd_ws/install/lawd_ctrl/share/lawd_ctrl/hook/cmake_prefix_path.sh'
[0.335s] Level 1:colcon.colcon_core.environment:checking '/home/vedh/workspaces/lawd_ws/install/lawd_ctrl/bin'
[0.335s] Level 1:colcon.colcon_core.environment:checking '/home/vedh/workspaces/lawd_ws/install/lawd_ctrl/lib/pkgconfig/lawd_ctrl.pc'
[0.335s] Level 1:colcon.colcon_core.environment:checking '/home/vedh/workspaces/lawd_ws/install/lawd_ctrl/lib/python3.10/site-packages'
[0.335s] Level 1:colcon.colcon_core.environment:checking '/home/vedh/workspaces/lawd_ws/install/lawd_ctrl/bin'
[0.335s] INFO:colcon.colcon_core.shell:Creating package script '/home/vedh/workspaces/lawd_ws/install/lawd_ctrl/share/lawd_ctrl/package.ps1'
[0.336s] INFO:colcon.colcon_core.shell:Creating package descriptor '/home/vedh/workspaces/lawd_ws/install/lawd_ctrl/share/lawd_ctrl/package.dsv'
[0.336s] INFO:colcon.colcon_core.shell:Creating package script '/home/vedh/workspaces/lawd_ws/install/lawd_ctrl/share/lawd_ctrl/package.sh'
[0.336s] INFO:colcon.colcon_core.shell:Creating package script '/home/vedh/workspaces/lawd_ws/install/lawd_ctrl/share/lawd_ctrl/package.bash'
[0.336s] INFO:colcon.colcon_core.shell:Creating package script '/home/vedh/workspaces/lawd_ws/install/lawd_ctrl/share/lawd_ctrl/package.zsh'
[0.336s] Level 1:colcon.colcon_core.environment:create_file_with_runtime_dependencies(/home/vedh/workspaces/lawd_ws/install/lawd_ctrl/share/colcon-core/packages/lawd_ctrl)
[0.338s] Level 1:colcon.colcon_core.environment:create_environment_scripts_only(lawd_description)
[0.339s] Level 1:colcon.colcon_core.environment:checking '/home/vedh/workspaces/lawd_ws/install/lawd_description' for CMake module files
[0.339s] Level 1:colcon.colcon_core.environment:checking '/home/vedh/workspaces/lawd_ws/install/lawd_description' for CMake config files
[0.339s] Level 1:colcon.colcon_core.shell:create_environment_hook('lawd_description', 'cmake_prefix_path')
[0.339s] INFO:colcon.colcon_core.shell:Creating environment hook '/home/vedh/workspaces/lawd_ws/install/lawd_description/share/lawd_description/hook/cmake_prefix_path.ps1'
[0.340s] INFO:colcon.colcon_core.shell:Creating environment descriptor '/home/vedh/workspaces/lawd_ws/install/lawd_description/share/lawd_description/hook/cmake_prefix_path.dsv'
[0.340s] INFO:colcon.colcon_core.shell:Creating environment hook '/home/vedh/workspaces/lawd_ws/install/lawd_description/share/lawd_description/hook/cmake_prefix_path.sh'
[0.340s] Level 1:colcon.colcon_core.environment:checking '/home/vedh/workspaces/lawd_ws/install/lawd_description/bin'
[0.340s] Level 1:colcon.colcon_core.environment:checking '/home/vedh/workspaces/lawd_ws/install/lawd_description/lib/pkgconfig/lawd_description.pc'
[0.340s] Level 1:colcon.colcon_core.environment:checking '/home/vedh/workspaces/lawd_ws/install/lawd_description/lib/python3.10/site-packages'
[0.340s] Level 1:colcon.colcon_core.environment:checking '/home/vedh/workspaces/lawd_ws/install/lawd_description/bin'
[0.340s] INFO:colcon.colcon_core.shell:Creating package script '/home/vedh/workspaces/lawd_ws/install/lawd_description/share/lawd_description/package.ps1'
[0.341s] INFO:colcon.colcon_core.shell:Creating package descriptor '/home/vedh/workspaces/lawd_ws/install/lawd_description/share/lawd_description/package.dsv'
[0.341s] INFO:colcon.colcon_core.shell:Creating package script '/home/vedh/workspaces/lawd_ws/install/lawd_description/share/lawd_description/package.sh'
[0.341s] INFO:colcon.colcon_core.shell:Creating package script '/home/vedh/workspaces/lawd_ws/install/lawd_description/share/lawd_description/package.bash'
[0.341s] INFO:colcon.colcon_core.shell:Creating package script '/home/vedh/workspaces/lawd_ws/install/lawd_description/share/lawd_description/package.zsh'
[0.342s] Level 1:colcon.colcon_core.environment:create_file_with_runtime_dependencies(/home/vedh/workspaces/lawd_ws/install/lawd_description/share/colcon-core/packages/lawd_description)
[0.478s] DEBUG:colcon.colcon_core.event_handler.log_command:Invoked command in '/home/vedh/workspaces/lawd_ws/build/lawd_msgs' returned '0': CMAKE_PREFIX_PATH=${CMAKE_PREFIX_PATH}:/home/vedh/control_ws/install/rqt_joint_trajectory_controller:/home/vedh/control_ws/install/rqt_controller_manager:/home/vedh/control_ws/install/ros2controlcli:/home/vedh/control_ws/install/ros2_controllers_test_nodes:/home/vedh/workspaces/demo_lawd_ws/install/demo_lawd_description:/opt/ros/humble /usr/bin/cmake --build /home/vedh/workspaces/lawd_ws/build/lawd_msgs -- -j16 -l16
[0.961s] DEBUG:colcon.colcon_core.event_handler.log_command:Invoking command in '/home/vedh/workspaces/lawd_ws/build/lawd_msgs': CMAKE_PREFIX_PATH=${CMAKE_PREFIX_PATH}:/home/vedh/control_ws/install/rqt_joint_trajectory_controller:/home/vedh/control_ws/install/rqt_controller_manager:/home/vedh/control_ws/install/ros2controlcli:/home/vedh/control_ws/install/ros2_controllers_test_nodes:/home/vedh/workspaces/demo_lawd_ws/install/demo_lawd_description:/opt/ros/humble /usr/bin/cmake --install /home/vedh/workspaces/lawd_ws/build/lawd_msgs
[1.011s] Level 1:colcon.colcon_core.environment:create_environment_scripts_only(lawd_msgs)
[1.011s] DEBUG:colcon.colcon_core.event_handler.log_command:Invoked command in '/home/vedh/workspaces/lawd_ws/build/lawd_msgs' returned '0': CMAKE_PREFIX_PATH=${CMAKE_PREFIX_PATH}:/home/vedh/control_ws/install/rqt_joint_trajectory_controller:/home/vedh/control_ws/install/rqt_controller_manager:/home/vedh/control_ws/install/ros2controlcli:/home/vedh/control_ws/install/ros2_controllers_test_nodes:/home/vedh/workspaces/demo_lawd_ws/install/demo_lawd_description:/opt/ros/humble /usr/bin/cmake --install /home/vedh/workspaces/lawd_ws/build/lawd_msgs
[1.011s] Level 1:colcon.colcon_core.environment:checking '/home/vedh/workspaces/lawd_ws/install/lawd_msgs' for CMake module files
[1.012s] Level 1:colcon.colcon_core.environment:checking '/home/vedh/workspaces/lawd_ws/install/lawd_msgs' for CMake config files
[1.012s] Level 1:colcon.colcon_core.shell:create_environment_hook('lawd_msgs', 'cmake_prefix_path')
[1.012s] INFO:colcon.colcon_core.shell:Creating environment hook '/home/vedh/workspaces/lawd_ws/install/lawd_msgs/share/lawd_msgs/hook/cmake_prefix_path.ps1'
[1.013s] INFO:colcon.colcon_core.shell:Creating environment descriptor '/home/vedh/workspaces/lawd_ws/install/lawd_msgs/share/lawd_msgs/hook/cmake_prefix_path.dsv'
[1.013s] INFO:colcon.colcon_core.shell:Creating environment hook '/home/vedh/workspaces/lawd_ws/install/lawd_msgs/share/lawd_msgs/hook/cmake_prefix_path.sh'
[1.013s] Level 1:colcon.colcon_core.environment:checking '/home/vedh/workspaces/lawd_ws/install/lawd_msgs/lib'
[1.013s] Level 1:colcon.colcon_core.shell:create_environment_hook('lawd_msgs', 'ld_library_path_lib')
[1.013s] INFO:colcon.colcon_core.shell:Creating environment hook '/home/vedh/workspaces/lawd_ws/install/lawd_msgs/share/lawd_msgs/hook/ld_library_path_lib.ps1'
[1.013s] INFO:colcon.colcon_core.shell:Creating environment descriptor '/home/vedh/workspaces/lawd_ws/install/lawd_msgs/share/lawd_msgs/hook/ld_library_path_lib.dsv'
[1.014s] INFO:colcon.colcon_core.shell:Creating environment hook '/home/vedh/workspaces/lawd_ws/install/lawd_msgs/share/lawd_msgs/hook/ld_library_path_lib.sh'
[1.014s] Level 1:colcon.colcon_core.environment:checking '/home/vedh/workspaces/lawd_ws/install/lawd_msgs/bin'
[1.014s] Level 1:colcon.colcon_core.environment:checking '/home/vedh/workspaces/lawd_ws/install/lawd_msgs/lib/pkgconfig/lawd_msgs.pc'
[1.014s] Level 1:colcon.colcon_core.environment:checking '/home/vedh/workspaces/lawd_ws/install/lawd_msgs/lib/python3.10/site-packages'
[1.014s] Level 1:colcon.colcon_core.environment:checking '/home/vedh/workspaces/lawd_ws/install/lawd_msgs/bin'
[1.014s] INFO:colcon.colcon_core.shell:Creating package script '/home/vedh/workspaces/lawd_ws/install/lawd_msgs/share/lawd_msgs/package.ps1'
[1.014s] INFO:colcon.colcon_core.shell:Creating package descriptor '/home/vedh/workspaces/lawd_ws/install/lawd_msgs/share/lawd_msgs/package.dsv'
[1.015s] INFO:colcon.colcon_core.shell:Creating package script '/home/vedh/workspaces/lawd_ws/install/lawd_msgs/share/lawd_msgs/package.sh'
[1.015s] INFO:colcon.colcon_core.shell:Creating package script '/home/vedh/workspaces/lawd_ws/install/lawd_msgs/share/lawd_msgs/package.bash'
[1.015s] INFO:colcon.colcon_core.shell:Creating package script '/home/vedh/workspaces/lawd_ws/install/lawd_msgs/share/lawd_msgs/package.zsh'
[1.015s] Level 1:colcon.colcon_core.environment:create_file_with_runtime_dependencies(/home/vedh/workspaces/lawd_ws/install/lawd_msgs/share/colcon-core/packages/lawd_msgs)
[1.370s] Level 1:colcon.colcon_core.environment:create_environment_scripts_only(lawd_msgs)
[1.370s] Level 1:colcon.colcon_core.environment:checking '/home/vedh/workspaces/lawd_ws/install/lawd_msgs' for CMake module files
[1.371s] Level 1:colcon.colcon_core.environment:checking '/home/vedh/workspaces/lawd_ws/install/lawd_msgs' for CMake config files
[1.371s] Level 1:colcon.colcon_core.shell:create_environment_hook('lawd_msgs', 'cmake_prefix_path')
[1.371s] INFO:colcon.colcon_core.shell:Creating environment hook '/home/vedh/workspaces/lawd_ws/install/lawd_msgs/share/lawd_msgs/hook/cmake_prefix_path.ps1'
[1.372s] INFO:colcon.colcon_core.shell:Creating environment descriptor '/home/vedh/workspaces/lawd_ws/install/lawd_msgs/share/lawd_msgs/hook/cmake_prefix_path.dsv'
[1.372s] INFO:colcon.colcon_core.shell:Creating environment hook '/home/vedh/workspaces/lawd_ws/install/lawd_msgs/share/lawd_msgs/hook/cmake_prefix_path.sh'
[1.373s] Level 1:colcon.colcon_core.environment:checking '/home/vedh/workspaces/lawd_ws/install/lawd_msgs/lib'
[1.373s] Level 1:colcon.colcon_core.shell:create_environment_hook('lawd_msgs', 'ld_library_path_lib')
[1.373s] INFO:colcon.colcon_core.shell:Creating environment hook '/home/vedh/workspaces/lawd_ws/install/lawd_msgs/share/lawd_msgs/hook/ld_library_path_lib.ps1'
[1.373s] INFO:colcon.colcon_core.shell:Creating environment descriptor '/home/vedh/workspaces/lawd_ws/install/lawd_msgs/share/lawd_msgs/hook/ld_library_path_lib.dsv'
[1.374s] INFO:colcon.colcon_core.shell:Creating environment hook '/home/vedh/workspaces/lawd_ws/install/lawd_msgs/share/lawd_msgs/hook/ld_library_path_lib.sh'
[1.374s] Level 1:colcon.colcon_core.environment:checking '/home/vedh/workspaces/lawd_ws/install/lawd_msgs/bin'
[1.374s] Level 1:colcon.colcon_core.environment:checking '/home/vedh/workspaces/lawd_ws/install/lawd_msgs/lib/pkgconfig/lawd_msgs.pc'
[1.374s] Level 1:colcon.colcon_core.environment:checking '/home/vedh/workspaces/lawd_ws/install/lawd_msgs/lib/python3.10/site-packages'
[1.374s] Level 1:colcon.colcon_core.environment:checking '/home/vedh/workspaces/lawd_ws/install/lawd_msgs/bin'
[1.375s] INFO:colcon.colcon_core.shell:Creating package script '/home/vedh/workspaces/lawd_ws/install/lawd_msgs/share/lawd_msgs/package.ps1'
[1.375s] INFO:colcon.colcon_core.shell:Creating package descriptor '/home/vedh/workspaces/lawd_ws/install/lawd_msgs/share/lawd_msgs/package.dsv'
[1.376s] INFO:colcon.colcon_core.shell:Creating package script '/home/vedh/workspaces/lawd_ws/install/lawd_msgs/share/lawd_msgs/package.sh'
[1.376s] INFO:colcon.colcon_core.shell:Creating package script '/home/vedh/workspaces/lawd_ws/install/lawd_msgs/share/lawd_msgs/package.bash'
[1.376s] INFO:colcon.colcon_core.shell:Creating package script '/home/vedh/workspaces/lawd_ws/install/lawd_msgs/share/lawd_msgs/package.zsh'
[1.377s] Level 1:colcon.colcon_core.environment:create_file_with_runtime_dependencies(/home/vedh/workspaces/lawd_ws/install/lawd_msgs/share/colcon-core/packages/lawd_msgs)
[1.377s] DEBUG:colcon.colcon_parallel_executor.executor.parallel:closing loop
[1.378s] DEBUG:colcon.colcon_parallel_executor.executor.parallel:loop closed
[1.378s] DEBUG:colcon.colcon_parallel_executor.executor.parallel:run_until_complete finished with '0'
[1.378s] DEBUG:colcon.colcon_core.event_reactor:joining thread
[1.384s] INFO:colcon.colcon_core.plugin_system:Skipping extension 'colcon_notification.desktop_notification.terminal_notifier': Not used on non-Darwin systems
[1.384s] INFO:colcon.colcon_core.plugin_system:Skipping extension 'colcon_notification.desktop_notification.win32': Not used on non-Windows systems
[1.384s] INFO:colcon.colcon_notification.desktop_notification:Sending desktop notification using 'notify2'
[1.396s] DEBUG:colcon.colcon_core.event_reactor:joined thread
[1.396s] INFO:colcon.colcon_core.shell:Creating prefix script '/home/vedh/workspaces/lawd_ws/install/local_setup.ps1'
[1.398s] INFO:colcon.colcon_core.shell:Creating prefix util module '/home/vedh/workspaces/lawd_ws/install/_local_setup_util_ps1.py'
[1.399s] INFO:colcon.colcon_core.shell:Creating prefix chain script '/home/vedh/workspaces/lawd_ws/install/setup.ps1'
[1.401s] INFO:colcon.colcon_core.shell:Creating prefix script '/home/vedh/workspaces/lawd_ws/install/local_setup.sh'
[1.402s] INFO:colcon.colcon_core.shell:Creating prefix util module '/home/vedh/workspaces/lawd_ws/install/_local_setup_util_sh.py'
[1.402s] INFO:colcon.colcon_core.shell:Creating prefix chain script '/home/vedh/workspaces/lawd_ws/install/setup.sh'
[1.404s] INFO:colcon.colcon_core.shell:Creating prefix script '/home/vedh/workspaces/lawd_ws/install/local_setup.bash'
[1.405s] INFO:colcon.colcon_core.shell:Creating prefix chain script '/home/vedh/workspaces/lawd_ws/install/setup.bash'
[1.407s] INFO:colcon.colcon_core.shell:Creating prefix script '/home/vedh/workspaces/lawd_ws/install/local_setup.zsh'
[1.407s] INFO:colcon.colcon_core.shell:Creating prefix chain script '/home/vedh/workspaces/lawd_ws/install/setup.zsh'
