[0.027s] Invoking command in '/home/vedh/workspaces/lawd_ws/build/lawd_ctrl': CMAKE_PREFIX_PATH=${CMAKE_PREFIX_PATH}:/home/vedh/control_ws/install/rqt_joint_trajectory_controller:/home/vedh/control_ws/install/rqt_controller_manager:/home/vedh/control_ws/install/ros2controlcli:/home/vedh/control_ws/install/ros2_controllers_test_nodes:/home/vedh/workspaces/demo_lawd_ws/install/demo_lawd_description:/opt/ros/humble /usr/bin/cmake /home/vedh/workspaces/lawd_ws/src/lawd_ctrl -DCMAKE_INSTALL_PREFIX=/home/vedh/workspaces/lawd_ws/install/lawd_ctrl
[0.075s] -- The C compiler identification is GNU 11.4.0
[0.116s] -- The CXX compiler identification is GNU 11.4.0
[0.122s] -- Detecting C compiler ABI info
[0.185s] -- Detecting C compiler ABI info - done
[0.190s] -- Check for working C compiler: /usr/bin/cc - skipped
[0.190s] -- Detecting C compile features
[0.190s] -- Detecting C compile features - done
[0.192s] -- Detecting CXX compiler ABI info
[0.264s] -- Detecting CXX compiler ABI info - done
[0.268s] -- Check for working CXX compiler: /usr/bin/c++ - skipped
[0.268s] -- Detecting CXX compile features
[0.268s] -- Detecting CXX compile features - done
[0.273s] -- Found ament_cmake: 1.3.8 (/opt/ros/humble/share/ament_cmake/cmake)
[0.531s] -- Found Python3: /usr/bin/python3 (found version "3.10.12") found components: Interpreter 
[0.629s] -- Found rclcpp: 16.0.8 (/opt/ros/humble/share/rclcpp/cmake)
[0.686s] -- Found rosidl_generator_c: 3.1.5 (/opt/ros/humble/share/rosidl_generator_c/cmake)
[0.694s] -- Found rosidl_adapter: 3.1.5 (/opt/ros/humble/share/rosidl_adapter/cmake)
[0.705s] -- Found rosidl_generator_cpp: 3.1.5 (/opt/ros/humble/share/rosidl_generator_cpp/cmake)
[0.720s] -- Using all available rosidl_typesupport_c: rosidl_typesupport_fastrtps_c;rosidl_typesupport_introspection_c
[0.741s] -- Using all available rosidl_typesupport_cpp: rosidl_typesupport_fastrtps_cpp;rosidl_typesupport_introspection_cpp
[0.812s] -- Found rmw_implementation_cmake: 6.1.1 (/opt/ros/humble/share/rmw_implementation_cmake/cmake)
[0.818s] -- Found rmw_fastrtps_cpp: 6.2.6 (/opt/ros/humble/share/rmw_fastrtps_cpp/cmake)
[0.924s] -- Found OpenSSL: /usr/lib/x86_64-linux-gnu/libcrypto.so (found version "3.0.2")  
[0.953s] -- Found FastRTPS: /opt/ros/humble/include  
[0.994s] -- Using RMW implementation 'rmw_fastrtps_cpp' as default
[1.008s] -- Looking for pthread.h
[1.073s] -- Looking for pthread.h - found
[1.073s] -- Performing Test CMAKE_HAVE_LIBC_PTHREAD
[1.141s] -- Performing Test CMAKE_HAVE_LIBC_PTHREAD - Success
[1.142s] -- Found Threads: TRUE  
[1.265s] -- Found rclpy: 3.3.12 (/opt/ros/humble/share/rclpy/cmake)
[1.269s] -- Found ament_lint_auto: 0.12.10 (/opt/ros/humble/share/ament_lint_auto/cmake)
[1.340s] -- Added test 'lint_cmake' to check CMake code style
[1.341s] -- Added test 'xmllint' to check XML markup files
[1.343s] -- Configuring done
[1.345s] -- Generating done
[1.346s] -- Build files have been written to: /home/vedh/workspaces/lawd_ws/build/lawd_ctrl
[1.353s] Invoked command in '/home/vedh/workspaces/lawd_ws/build/lawd_ctrl' returned '0': CMAKE_PREFIX_PATH=${CMAKE_PREFIX_PATH}:/home/vedh/control_ws/install/rqt_joint_trajectory_controller:/home/vedh/control_ws/install/rqt_controller_manager:/home/vedh/control_ws/install/ros2controlcli:/home/vedh/control_ws/install/ros2_controllers_test_nodes:/home/vedh/workspaces/demo_lawd_ws/install/demo_lawd_description:/opt/ros/humble /usr/bin/cmake /home/vedh/workspaces/lawd_ws/src/lawd_ctrl -DCMAKE_INSTALL_PREFIX=/home/vedh/workspaces/lawd_ws/install/lawd_ctrl
[1.354s] Invoking command in '/home/vedh/workspaces/lawd_ws/build/lawd_ctrl': CMAKE_PREFIX_PATH=${CMAKE_PREFIX_PATH}:/home/vedh/control_ws/install/rqt_joint_trajectory_controller:/home/vedh/control_ws/install/rqt_controller_manager:/home/vedh/control_ws/install/ros2controlcli:/home/vedh/control_ws/install/ros2_controllers_test_nodes:/home/vedh/workspaces/demo_lawd_ws/install/demo_lawd_description:/opt/ros/humble /usr/bin/cmake --build /home/vedh/workspaces/lawd_ws/build/lawd_ctrl -- -j16 -l16
[1.394s] Invoked command in '/home/vedh/workspaces/lawd_ws/build/lawd_ctrl' returned '0': CMAKE_PREFIX_PATH=${CMAKE_PREFIX_PATH}:/home/vedh/control_ws/install/rqt_joint_trajectory_controller:/home/vedh/control_ws/install/rqt_controller_manager:/home/vedh/control_ws/install/ros2controlcli:/home/vedh/control_ws/install/ros2_controllers_test_nodes:/home/vedh/workspaces/demo_lawd_ws/install/demo_lawd_description:/opt/ros/humble /usr/bin/cmake --build /home/vedh/workspaces/lawd_ws/build/lawd_ctrl -- -j16 -l16
[1.438s] Invoking command in '/home/vedh/workspaces/lawd_ws/build/lawd_ctrl': CMAKE_PREFIX_PATH=${CMAKE_PREFIX_PATH}:/home/vedh/control_ws/install/rqt_joint_trajectory_controller:/home/vedh/control_ws/install/rqt_controller_manager:/home/vedh/control_ws/install/ros2controlcli:/home/vedh/control_ws/install/ros2_controllers_test_nodes:/home/vedh/workspaces/demo_lawd_ws/install/demo_lawd_description:/opt/ros/humble /usr/bin/cmake --install /home/vedh/workspaces/lawd_ws/build/lawd_ctrl
[1.446s] -- Install configuration: ""
[1.446s] -- Installing: /home/vedh/workspaces/lawd_ws/install/lawd_ctrl/share/ament_index/resource_index/package_run_dependencies/lawd_ctrl
[1.446s] -- Installing: /home/vedh/workspaces/lawd_ws/install/lawd_ctrl/share/ament_index/resource_index/parent_prefix_path/lawd_ctrl
[1.446s] -- Installing: /home/vedh/workspaces/lawd_ws/install/lawd_ctrl/share/lawd_ctrl/environment/ament_prefix_path.sh
[1.446s] -- Installing: /home/vedh/workspaces/lawd_ws/install/lawd_ctrl/share/lawd_ctrl/environment/ament_prefix_path.dsv
[1.447s] -- Installing: /home/vedh/workspaces/lawd_ws/install/lawd_ctrl/share/lawd_ctrl/environment/path.sh
[1.447s] -- Installing: /home/vedh/workspaces/lawd_ws/install/lawd_ctrl/share/lawd_ctrl/environment/path.dsv
[1.447s] -- Installing: /home/vedh/workspaces/lawd_ws/install/lawd_ctrl/share/lawd_ctrl/local_setup.bash
[1.447s] -- Installing: /home/vedh/workspaces/lawd_ws/install/lawd_ctrl/share/lawd_ctrl/local_setup.sh
[1.447s] -- Installing: /home/vedh/workspaces/lawd_ws/install/lawd_ctrl/share/lawd_ctrl/local_setup.zsh
[1.447s] -- Installing: /home/vedh/workspaces/lawd_ws/install/lawd_ctrl/share/lawd_ctrl/local_setup.dsv
[1.447s] -- Installing: /home/vedh/workspaces/lawd_ws/install/lawd_ctrl/share/lawd_ctrl/package.dsv
[1.447s] -- Installing: /home/vedh/workspaces/lawd_ws/install/lawd_ctrl/share/ament_index/resource_index/packages/lawd_ctrl
[1.447s] -- Installing: /home/vedh/workspaces/lawd_ws/install/lawd_ctrl/share/lawd_ctrl/cmake/lawd_ctrlConfig.cmake
[1.447s] -- Installing: /home/vedh/workspaces/lawd_ws/install/lawd_ctrl/share/lawd_ctrl/cmake/lawd_ctrlConfig-version.cmake
[1.448s] -- Installing: /home/vedh/workspaces/lawd_ws/install/lawd_ctrl/share/lawd_ctrl/package.xml
[1.454s] Invoked command in '/home/vedh/workspaces/lawd_ws/build/lawd_ctrl' returned '0': CMAKE_PREFIX_PATH=${CMAKE_PREFIX_PATH}:/home/vedh/control_ws/install/rqt_joint_trajectory_controller:/home/vedh/control_ws/install/rqt_controller_manager:/home/vedh/control_ws/install/ros2controlcli:/home/vedh/control_ws/install/ros2_controllers_test_nodes:/home/vedh/workspaces/demo_lawd_ws/install/demo_lawd_description:/opt/ros/humble /usr/bin/cmake --install /home/vedh/workspaces/lawd_ws/build/lawd_ctrl
