[0.063s] Invoking command in '/home/vedh/workspaces/lawd_ws/build/gazebo_plugins': CMAKE_PREFIX_PATH=${CMAKE_PREFIX_PATH}:/home/vedh/workspaces/agvrobot_ws/src/install/agvrobot_description:/home/vedh/workspaces/agvrobot_ws/install/agvrobot_description:/home/vedh/control_ws/install/rqt_joint_trajectory_controller:/home/vedh/control_ws/install/rqt_controller_manager:/home/vedh/control_ws/install/ros2controlcli:/home/vedh/control_ws/install/ros2_controllers_test_nodes:/home/vedh/workspaces/demo_lawd_ws/install/demo_lawd_description:/opt/ros/humble /usr/bin/cmake /home/vedh/workspaces/lawd_ws/src/gazebo_plugins -DCMAKE_INSTALL_PREFIX=/home/vedh/workspaces/lawd_ws/install/gazebo_plugins
[0.096s] [33mCMake Warning (dev) at /usr/share/cmake-3.22/Modules/FindPackageHandleStandardArgs.cmake:438 (message):
[0.096s]   The package name passed to `find_package_handle_standard_args` (PkgConfig)
[0.096s]   does not match the name of the calling package (gazebo).  This can lead to
[0.096s]   problems in calling code that expects `find_package` result variables
[0.096s]   (e.g., `_FOUND`) to follow a certain pattern.
[0.096s] Call Stack (most recent call first):
[0.096s]   /usr/share/cmake-3.22/Modules/FindPkgConfig.cmake:99 (find_package_handle_standard_args)
[0.096s]   /usr/lib/x86_64-linux-gnu/cmake/gazebo/gazebo-config.cmake:72 (include)
[0.096s]   CMakeLists.txt:4 (find_package)
[0.096s] This warning is for project developers.  Use -Wno-dev to suppress it.
[0.097s] [0m
[0.143s] -- Found DART: /usr/include (Required is at least version "6.6") found components: dart 
[0.207s] -- Found Protobuf: /usr/lib/x86_64-linux-gnu/libprotobuf.so (found version "3.12.4") 
[0.210s] -- Looking for ignition-math6 -- found version 6.15.1
[0.219s] -- Searching for dependencies of ignition-math6
[0.221s] -- Looking for OGRE...
[0.234s] -- Found Ogre Ghadamon (1.9.0)
[0.234s] -- Found OGRE: optimized;/usr/lib/x86_64-linux-gnu/libOgreMain.so;debug;/usr/lib/x86_64-linux-gnu/libOgreMain.so
[0.255s] -- Looking for OGRE_Paging...
[0.255s] -- Found OGRE_Paging: optimized;/usr/lib/x86_64-linux-gnu/libOgrePaging.so;debug;/usr/lib/x86_64-linux-gnu/libOgrePaging.so
[0.255s] -- Looking for OGRE_Terrain...
[0.255s] -- Found OGRE_Terrain: optimized;/usr/lib/x86_64-linux-gnu/libOgreTerrain.so;debug;/usr/lib/x86_64-linux-gnu/libOgreTerrain.so
[0.256s] -- Looking for OGRE_Property...
[0.256s] -- Found OGRE_Property: optimized;/usr/lib/x86_64-linux-gnu/libOgreProperty.so;debug;/usr/lib/x86_64-linux-gnu/libOgreProperty.so
[0.256s] -- Looking for OGRE_RTShaderSystem...
[0.256s] -- Found OGRE_RTShaderSystem: optimized;/usr/lib/x86_64-linux-gnu/libOgreRTShaderSystem.so;debug;/usr/lib/x86_64-linux-gnu/libOgreRTShaderSystem.so
[0.256s] -- Looking for OGRE_Volume...
[0.257s] -- Found OGRE_Volume: optimized;/usr/lib/x86_64-linux-gnu/libOgreVolume.so;debug;/usr/lib/x86_64-linux-gnu/libOgreVolume.so
[0.257s] -- Looking for OGRE_Overlay...
[0.257s] -- Found OGRE_Overlay: optimized;/usr/lib/x86_64-linux-gnu/libOgreOverlay.so;debug;/usr/lib/x86_64-linux-gnu/libOgreOverlay.so
[0.716s] -- Looking for ignition-math6 -- found version 6.15.1
[0.717s] -- Looking for ignition-transport8 -- found version 8.2.1
[0.718s] -- Searching for dependencies of ignition-transport8
[0.755s] -- Found Protobuf: /usr/lib/x86_64-linux-gnu/libprotobuf.so (found suitable version "3.12.4", minimum required is "3") 
[0.777s] -- Config-file not installed for ZeroMQ -- checking for pkg-config
[0.785s] -- Checking for module 'libzmq >= 4'
[0.823s] --   Found libzmq , version 4.3.4
[0.916s] -- Checking for module 'uuid'
[0.952s] --   Found uuid, version 2.37.2
[1.035s] -- Looking for ignition-msgs5 -- found version 5.8.1
[1.035s] -- Searching for dependencies of ignition-msgs5
[1.065s] -- Looking for ignition-math6 -- found version 6.15.1
[1.074s] -- Checking for module 'tinyxml2'
[1.104s] --   Found tinyxml2, version 9.0.0
[1.170s] -- Looking for ignition-msgs5 -- found version 5.8.1
[1.171s] -- Looking for ignition-common3 -- found version 3.14.0
[1.172s] -- Searching for dependencies of ignition-common3
[1.172s] -- Looking for dlfcn.h - found
[1.172s] -- Looking for libdl - found
[1.188s] -- Searching for <ignition-common3> component [graphics]
[1.188s] -- Looking for ignition-common3-graphics -- found version 3.14.0
[1.188s] -- Searching for dependencies of ignition-common3-graphics
[1.189s] -- Looking for ignition-math6 -- found version 6.15.1
[1.191s] -- Looking for ignition-fuel_tools4 -- found version 4.4.0
[1.191s] -- Searching for dependencies of ignition-fuel_tools4
[1.250s] -- Checking for module 'jsoncpp'
[1.277s] --   Found jsoncpp, version 1.9.5
[1.352s] -- Checking for module 'libzip'
[1.380s] --   Found libzip, version 1.7.3
[1.448s] -- Looking for ignition-common3 -- found version 3.14.0
[1.448s] -- Looking for ignition-math6 -- found version 6.15.1
[1.448s] -- Looking for ignition-msgs5 -- found version 5.8.1
[1.451s] -- Found ament_cmake: 1.3.9 (/opt/ros/humble/share/ament_cmake/cmake)
[1.595s] -- Found rclcpp: 16.0.9 (/opt/ros/humble/share/rclcpp/cmake)
[1.628s] -- Found rosidl_generator_c: 3.1.5 (/opt/ros/humble/share/rosidl_generator_c/cmake)
[1.632s] -- Found rosidl_adapter: 3.1.5 (/opt/ros/humble/share/rosidl_adapter/cmake)
[1.641s] -- Found rosidl_generator_cpp: 3.1.5 (/opt/ros/humble/share/rosidl_generator_cpp/cmake)
[1.660s] -- Using all available rosidl_typesupport_c: rosidl_typesupport_fastrtps_c;rosidl_typesupport_introspection_c
[1.681s] -- Using all available rosidl_typesupport_cpp: rosidl_typesupport_fastrtps_cpp;rosidl_typesupport_introspection_cpp
[1.758s] -- Found rmw_implementation_cmake: 6.1.2 (/opt/ros/humble/share/rmw_implementation_cmake/cmake)
[1.762s] -- Found rmw_fastrtps_cpp: 6.2.6 (/opt/ros/humble/share/rmw_fastrtps_cpp/cmake)
[1.917s] -- Using RMW implementation 'rmw_fastrtps_cpp' as default
[2.073s] -- Found gazebo_ros: 3.7.0 (/opt/ros/humble/share/gazebo_ros/cmake)
[2.077s] -- Gazebo version: 11.10
[2.083s] [31mCMake Error at /opt/ros/humble/share/ament_cmake_target_dependencies/cmake/ament_target_dependencies.cmake:42 (message):
[2.083s]   ament_target_dependencies() the first argument must be a valid target name
[2.083s] Call Stack (most recent call first):
[2.083s]   CMakeLists.txt:32 (ament_target_dependencies)
[2.083s] 
[2.084s] [0m
[2.085s] -- Configuring incomplete, errors occurred!
[2.085s] See also "/home/vedh/workspaces/lawd_ws/build/gazebo_plugins/CMakeFiles/CMakeOutput.log".
[2.094s] Invoked command in '/home/vedh/workspaces/lawd_ws/build/gazebo_plugins' returned '1': CMAKE_PREFIX_PATH=${CMAKE_PREFIX_PATH}:/home/vedh/workspaces/agvrobot_ws/src/install/agvrobot_description:/home/vedh/workspaces/agvrobot_ws/install/agvrobot_description:/home/vedh/control_ws/install/rqt_joint_trajectory_controller:/home/vedh/control_ws/install/rqt_controller_manager:/home/vedh/control_ws/install/ros2controlcli:/home/vedh/control_ws/install/ros2_controllers_test_nodes:/home/vedh/workspaces/demo_lawd_ws/install/demo_lawd_description:/opt/ros/humble /usr/bin/cmake /home/vedh/workspaces/lawd_ws/src/gazebo_plugins -DCMAKE_INSTALL_PREFIX=/home/vedh/workspaces/lawd_ws/install/gazebo_plugins
