[0.053s] Invoking command in '/home/vedh/workspaces/lawd_ws/build/gazebo_plugins': CMAKE_PREFIX_PATH=${CMAKE_PREFIX_PATH}:/home/vedh/control_ws/install/rqt_joint_trajectory_controller:/home/vedh/control_ws/install/rqt_controller_manager:/home/vedh/control_ws/install/ros2controlcli:/home/vedh/control_ws/install/ros2_controllers_test_nodes:/home/vedh/workspaces/demo_lawd_ws/install/demo_lawd_description:/opt/ros/humble /usr/bin/cmake /home/vedh/workspaces/lawd_ws/src/gazebo_plugins -DCMAKE_INSTALL_PREFIX=/home/vedh/workspaces/lawd_ws/install/gazebo_plugins
[0.115s] [33mCMake Warning (dev) at /usr/share/cmake-3.22/Modules/FindPackageHandleStandardArgs.cmake:438 (message):
[0.115s]   The package name passed to `find_package_handle_standard_args` (PkgConfig)
[0.115s]   does not match the name of the calling package (gazebo).  This can lead to
[0.115s]   problems in calling code that expects `find_package` result variables
[0.115s]   (e.g., `_FOUND`) to follow a certain pattern.
[0.115s] Call Stack (most recent call first):
[0.116s]   /usr/share/cmake-3.22/Modules/FindPkgConfig.cmake:99 (find_package_handle_standard_args)
[0.116s]   /usr/lib/x86_64-linux-gnu/cmake/gazebo/gazebo-config.cmake:72 (include)
[0.116s]   CMakeLists.txt:4 (find_package)
[0.116s] This warning is for project developers.  Use -Wno-dev to suppress it.
[0.116s] [0m
[0.124s] -- Found DART: /usr/include (Required is at least version "6.6") found components: dart 
[0.177s] -- Found Protobuf: /usr/lib/x86_64-linux-gnu/libprotobuf.so (found version "3.12.4") 
[0.178s] -- Looking for ignition-math6 -- found version 6.15.1
[0.228s] -- Searching for dependencies of ignition-math6
[0.228s] -- Looking for OGRE...
[0.228s] -- Found Ogre Ghadamon (1.9.0)
[0.228s] -- Found OGRE: optimized;/usr/lib/x86_64-linux-gnu/libOgreMain.so;debug;/usr/lib/x86_64-linux-gnu/libOgreMain.so
[0.228s] -- Looking for OGRE_Paging...
[0.228s] -- Found OGRE_Paging: optimized;/usr/lib/x86_64-linux-gnu/libOgrePaging.so;debug;/usr/lib/x86_64-linux-gnu/libOgrePaging.so
[0.229s] -- Looking for OGRE_Terrain...
[0.229s] -- Found OGRE_Terrain: optimized;/usr/lib/x86_64-linux-gnu/libOgreTerrain.so;debug;/usr/lib/x86_64-linux-gnu/libOgreTerrain.so
[0.229s] -- Looking for OGRE_Property...
[0.229s] -- Found OGRE_Property: optimized;/usr/lib/x86_64-linux-gnu/libOgreProperty.so;debug;/usr/lib/x86_64-linux-gnu/libOgreProperty.so
[0.229s] -- Looking for OGRE_RTShaderSystem...
[0.229s] -- Found OGRE_RTShaderSystem: optimized;/usr/lib/x86_64-linux-gnu/libOgreRTShaderSystem.so;debug;/usr/lib/x86_64-linux-gnu/libOgreRTShaderSystem.so
[0.229s] -- Looking for OGRE_Volume...
[0.229s] -- Found OGRE_Volume: optimized;/usr/lib/x86_64-linux-gnu/libOgreVolume.so;debug;/usr/lib/x86_64-linux-gnu/libOgreVolume.so
[0.229s] -- Looking for OGRE_Overlay...
[0.229s] -- Found OGRE_Overlay: optimized;/usr/lib/x86_64-linux-gnu/libOgreOverlay.so;debug;/usr/lib/x86_64-linux-gnu/libOgreOverlay.so
[0.610s] -- Looking for ignition-math6 -- found version 6.15.1
[0.611s] -- Looking for ignition-transport8 -- found version 8.2.1
[0.612s] -- Searching for dependencies of ignition-transport8
[0.674s] -- Found Protobuf: /usr/lib/x86_64-linux-gnu/libprotobuf.so (found suitable version "3.12.4", minimum required is "3") 
[0.705s] -- Config-file not installed for ZeroMQ -- checking for pkg-config
[0.734s] -- Checking for module 'libzmq >= 4'
[0.795s] --   Found libzmq , version 4.3.4
[0.889s] -- Checking for module 'uuid'
[0.926s] --   Found uuid, version 2.37.2
[1.008s] -- Looking for ignition-msgs5 -- found version 5.8.1
[1.009s] -- Searching for dependencies of ignition-msgs5
[1.050s] -- Looking for ignition-math6 -- found version 6.15.1
[1.060s] -- Checking for module 'tinyxml2'
[1.098s] --   Found tinyxml2, version 9.0.0
[1.175s] -- Looking for ignition-msgs5 -- found version 5.8.1
[1.176s] -- Looking for ignition-common3 -- found version 3.14.0
[1.177s] -- Searching for dependencies of ignition-common3
[1.177s] -- Looking for dlfcn.h - found
[1.178s] -- Looking for libdl - found
[1.199s] -- Searching for <ignition-common3> component [graphics]
[1.200s] -- Looking for ignition-common3-graphics -- found version 3.14.0
[1.201s] -- Searching for dependencies of ignition-common3-graphics
[1.202s] -- Looking for ignition-math6 -- found version 6.15.1
[1.203s] -- Looking for ignition-fuel_tools4 -- found version 4.4.0
[1.204s] -- Searching for dependencies of ignition-fuel_tools4
[1.285s] -- Checking for module 'jsoncpp'
[1.321s] --   Found jsoncpp, version 1.9.5
[1.409s] -- Checking for module 'libzip'
[1.443s] --   Found libzip, version 1.7.3
[1.519s] -- Looking for ignition-common3 -- found version 3.14.0
[1.520s] -- Looking for ignition-math6 -- found version 6.15.1
[1.521s] -- Looking for ignition-msgs5 -- found version 5.8.1
[1.523s] -- Found ament_cmake: 1.3.8 (/opt/ros/humble/share/ament_cmake/cmake)
[1.742s] -- Found rclcpp: 16.0.8 (/opt/ros/humble/share/rclcpp/cmake)
[1.787s] -- Found rosidl_generator_c: 3.1.5 (/opt/ros/humble/share/rosidl_generator_c/cmake)
[1.795s] -- Found rosidl_adapter: 3.1.5 (/opt/ros/humble/share/rosidl_adapter/cmake)
[1.817s] -- Found rosidl_generator_cpp: 3.1.5 (/opt/ros/humble/share/rosidl_generator_cpp/cmake)
[1.860s] -- Using all available rosidl_typesupport_c: rosidl_typesupport_fastrtps_c;rosidl_typesupport_introspection_c
[1.890s] -- Using all available rosidl_typesupport_cpp: rosidl_typesupport_fastrtps_cpp;rosidl_typesupport_introspection_cpp
[1.972s] -- Found rmw_implementation_cmake: 6.1.1 (/opt/ros/humble/share/rmw_implementation_cmake/cmake)
[1.974s] -- Found rmw_fastrtps_cpp: 6.2.6 (/opt/ros/humble/share/rmw_fastrtps_cpp/cmake)
[2.109s] -- Using RMW implementation 'rmw_fastrtps_cpp' as default
[2.226s] -- Found gazebo_ros: 3.7.0 (/opt/ros/humble/share/gazebo_ros/cmake)
[2.229s] -- Gazebo version: 11.10
[2.233s] [31mCMake Error at /opt/ros/humble/share/ament_cmake_target_dependencies/cmake/ament_target_dependencies.cmake:42 (message):
[2.233s]   ament_target_dependencies() the first argument must be a valid target name
[2.233s] Call Stack (most recent call first):
[2.233s]   CMakeLists.txt:32 (ament_target_dependencies)
[2.233s] 
[2.233s] [0m
[2.233s] -- Configuring incomplete, errors occurred!
[2.233s] See also "/home/vedh/workspaces/lawd_ws/build/gazebo_plugins/CMakeFiles/CMakeOutput.log".
[2.241s] Invoked command in '/home/vedh/workspaces/lawd_ws/build/gazebo_plugins' returned '1': CMAKE_PREFIX_PATH=${CMAKE_PREFIX_PATH}:/home/vedh/control_ws/install/rqt_joint_trajectory_controller:/home/vedh/control_ws/install/rqt_controller_manager:/home/vedh/control_ws/install/ros2controlcli:/home/vedh/control_ws/install/ros2_controllers_test_nodes:/home/vedh/workspaces/demo_lawd_ws/install/demo_lawd_description:/opt/ros/humble /usr/bin/cmake /home/vedh/workspaces/lawd_ws/src/gazebo_plugins -DCMAKE_INSTALL_PREFIX=/home/vedh/workspaces/lawd_ws/install/gazebo_plugins
