[0.142s] Invoking command in '/home/vedh/workspaces/lawd_ws/build/lawd_teleop': CMAKE_PREFIX_PATH=${CMAKE_PREFIX_PATH}:/home/vedh/control_ws/install/rqt_joint_trajectory_controller:/home/vedh/control_ws/install/rqt_controller_manager:/home/vedh/control_ws/install/ros2controlcli:/home/vedh/control_ws/install/ros2_controllers_test_nodes:/home/vedh/workspaces/demo_lawd_ws/install/demo_lawd_description:/opt/ros/humble /usr/bin/cmake --build /home/vedh/workspaces/lawd_ws/build/lawd_teleop -- -j16 -l16
[0.383s] Invoked command in '/home/vedh/workspaces/lawd_ws/build/lawd_teleop' returned '0': CMAKE_PREFIX_PATH=${CMAKE_PREFIX_PATH}:/home/vedh/control_ws/install/rqt_joint_trajectory_controller:/home/vedh/control_ws/install/rqt_controller_manager:/home/vedh/control_ws/install/ros2controlcli:/home/vedh/control_ws/install/ros2_controllers_test_nodes:/home/vedh/workspaces/demo_lawd_ws/install/demo_lawd_description:/opt/ros/humble /usr/bin/cmake --build /home/vedh/workspaces/lawd_ws/build/lawd_teleop -- -j16 -l16
[0.546s] Invoking command in '/home/vedh/workspaces/lawd_ws/build/lawd_teleop': CMAKE_PREFIX_PATH=${CMAKE_PREFIX_PATH}:/home/vedh/control_ws/install/rqt_joint_trajectory_controller:/home/vedh/control_ws/install/rqt_controller_manager:/home/vedh/control_ws/install/ros2controlcli:/home/vedh/control_ws/install/ros2_controllers_test_nodes:/home/vedh/workspaces/demo_lawd_ws/install/demo_lawd_description:/opt/ros/humble /usr/bin/cmake --install /home/vedh/workspaces/lawd_ws/build/lawd_teleop
[0.580s] -- Install configuration: ""
[0.581s] -- Up-to-date: /home/vedh/workspaces/lawd_ws/install/lawd_teleop/share/ament_index/resource_index/package_run_dependencies/lawd_teleop
[0.581s] -- Up-to-date: /home/vedh/workspaces/lawd_ws/install/lawd_teleop/share/ament_index/resource_index/parent_prefix_path/lawd_teleop
[0.581s] -- Up-to-date: /home/vedh/workspaces/lawd_ws/install/lawd_teleop/share/lawd_teleop/environment/ament_prefix_path.sh
[0.581s] -- Up-to-date: /home/vedh/workspaces/lawd_ws/install/lawd_teleop/share/lawd_teleop/environment/ament_prefix_path.dsv
[0.581s] -- Up-to-date: /home/vedh/workspaces/lawd_ws/install/lawd_teleop/share/lawd_teleop/environment/path.sh
[0.581s] -- Up-to-date: /home/vedh/workspaces/lawd_ws/install/lawd_teleop/share/lawd_teleop/environment/path.dsv
[0.581s] -- Up-to-date: /home/vedh/workspaces/lawd_ws/install/lawd_teleop/share/lawd_teleop/local_setup.bash
[0.582s] -- Up-to-date: /home/vedh/workspaces/lawd_ws/install/lawd_teleop/share/lawd_teleop/local_setup.sh
[0.582s] -- Up-to-date: /home/vedh/workspaces/lawd_ws/install/lawd_teleop/share/lawd_teleop/local_setup.zsh
[0.582s] -- Up-to-date: /home/vedh/workspaces/lawd_ws/install/lawd_teleop/share/lawd_teleop/local_setup.dsv
[0.582s] -- Installing: /home/vedh/workspaces/lawd_ws/install/lawd_teleop/share/lawd_teleop/package.dsv
[0.583s] -- Up-to-date: /home/vedh/workspaces/lawd_ws/install/lawd_teleop/share/ament_index/resource_index/packages/lawd_teleop
[0.583s] -- Up-to-date: /home/vedh/workspaces/lawd_ws/install/lawd_teleop/share/lawd_teleop/cmake/lawd_teleopConfig.cmake
[0.583s] -- Up-to-date: /home/vedh/workspaces/lawd_ws/install/lawd_teleop/share/lawd_teleop/cmake/lawd_teleopConfig-version.cmake
[0.583s] -- Up-to-date: /home/vedh/workspaces/lawd_ws/install/lawd_teleop/share/lawd_teleop/package.xml
[0.587s] Invoked command in '/home/vedh/workspaces/lawd_ws/build/lawd_teleop' returned '0': CMAKE_PREFIX_PATH=${CMAKE_PREFIX_PATH}:/home/vedh/control_ws/install/rqt_joint_trajectory_controller:/home/vedh/control_ws/install/rqt_controller_manager:/home/vedh/control_ws/install/ros2controlcli:/home/vedh/control_ws/install/ros2_controllers_test_nodes:/home/vedh/workspaces/demo_lawd_ws/install/demo_lawd_description:/opt/ros/humble /usr/bin/cmake --install /home/vedh/workspaces/lawd_ws/build/lawd_teleop
