-- The C compiler identification is GNU 11.4.0
-- The CXX compiler identification is GNU 11.4.0
-- Detecting C compiler ABI info
-- Detecting C compiler ABI info - done
-- Check for working C compiler: /usr/bin/cc - skipped
-- Detecting C compile features
-- Detecting C compile features - done
-- Detecting CXX compiler ABI info
-- Detecting CXX compiler ABI info - done
-- Check for working CXX compiler: /usr/bin/c++ - skipped
-- Detecting CXX compile features
-- Detecting CXX compile features - done
-- Found ament_cmake: 1.3.8 (/opt/ros/humble/share/ament_cmake/cmake)
-- Found Python3: /usr/bin/python3 (found version "3.10.12") found components: Interpreter 
-- Found rclcpp: 16.0.8 (/opt/ros/humble/share/rclcpp/cmake)
-- Found rosidl_generator_c: 3.1.5 (/opt/ros/humble/share/rosidl_generator_c/cmake)
-- Found rosidl_adapter: 3.1.5 (/opt/ros/humble/share/rosidl_adapter/cmake)
-- Found rosidl_generator_cpp: 3.1.5 (/opt/ros/humble/share/rosidl_generator_cpp/cmake)
-- Using all available rosidl_typesupport_c: rosidl_typesupport_fastrtps_c;rosidl_typesupport_introspection_c
-- Using all available rosidl_typesupport_cpp: rosidl_typesupport_fastrtps_cpp;rosidl_typesupport_introspection_cpp
-- Found rmw_implementation_cmake: 6.1.1 (/opt/ros/humble/share/rmw_implementation_cmake/cmake)
-- Found rmw_fastrtps_cpp: 6.2.6 (/opt/ros/humble/share/rmw_fastrtps_cpp/cmake)
-- Found OpenSSL: /usr/lib/x86_64-linux-gnu/libcrypto.so (found version "3.0.2")  
-- Found FastRTPS: /opt/ros/humble/include  
-- Using RMW implementation 'rmw_fastrtps_cpp' as default
-- Looking for pthread.h
-- Looking for pthread.h - found
-- Performing Test CMAKE_HAVE_LIBC_PTHREAD
-- Performing Test CMAKE_HAVE_LIBC_PTHREAD - Success
-- Found Threads: TRUE  
-- Found rclpy: 3.3.12 (/opt/ros/humble/share/rclpy/cmake)
-- Found rosidl_default_generators: 1.2.0 (/opt/ros/humble/share/rosidl_default_generators/cmake)
-- Found geometry_msgs: 4.2.3 (/opt/ros/humble/share/geometry_msgs/cmake)
-- Found ament_cmake_ros: 0.10.0 (/opt/ros/humble/share/ament_cmake_ros/cmake)
-- Using all available rosidl_typesupport_c: rosidl_typesupport_fastrtps_c;rosidl_typesupport_introspection_c
-- Using all available rosidl_typesupport_cpp: rosidl_typesupport_fastrtps_cpp;rosidl_typesupport_introspection_cpp
-- Found PythonInterp: /usr/bin/python3 (found suitable version "3.10.12", minimum required is "3.6") 
-- Found python_cmake_module: 0.10.0 (/opt/ros/humble/share/python_cmake_module/cmake)
-- Found PythonLibs: /usr/lib/x86_64-linux-gnu/libpython3.10.so (found suitable version "3.10.12", minimum required is "3.5") 
-- Using PYTHON_EXECUTABLE: /usr/bin/python3
-- Using PYTHON_INCLUDE_DIRS: /usr/include/python3.10
-- Using PYTHON_LIBRARIES: /usr/lib/x86_64-linux-gnu/libpython3.10.so
-- Found PythonExtra: .so  
-- Configuring done
-- Generating done
-- Build files have been written to: /home/vedh/workspaces/lawd_ws/build/lawd_msgs
[  2%] [34m[1mGenerating C code for ROS interfaces[0m
[  4%] [34m[1mGenerating C++ code for ROS interfaces[0m
[  4%] Built target ament_cmake_python_copy_lawd_msgs
running egg_info
creating lawd_msgs.egg-info
writing lawd_msgs.egg-info/PKG-INFO
writing dependency_links to lawd_msgs.egg-info/dependency_links.txt
writing top-level names to lawd_msgs.egg-info/top_level.txt
writing manifest file 'lawd_msgs.egg-info/SOURCES.txt'
reading manifest file 'lawd_msgs.egg-info/SOURCES.txt'
writing manifest file 'lawd_msgs.egg-info/SOURCES.txt'
[  4%] Built target ament_cmake_python_build_lawd_msgs_egg
[  4%] Built target hyperdog_msgs__cpp
[  6%] [34m[1mGenerating C++ introspection for ROS interfaces[0m
[ 10%] [34m[1mGenerating C++ type support for eProsima Fast-RTPS[0m
[ 10%] [34m[1mGenerating C++ type support dispatch for ROS interfaces[0m
[ 14%] [32mBuilding C object CMakeFiles/hyperdog_msgs__rosidl_generator_c.dir/rosidl_generator_c/lawd_msgs/msg/detail/geometry__functions.c.o[0m
[ 14%] [32mBuilding C object CMakeFiles/hyperdog_msgs__rosidl_generator_c.dir/rosidl_generator_c/lawd_msgs/msg/detail/joy_ctrl_cmds__functions.c.o[0m
[ 17%] [32mBuilding C object CMakeFiles/hyperdog_msgs__rosidl_generator_c.dir/rosidl_generator_c/lawd_msgs/msg/detail/limits__functions.c.o[0m
[ 19%] [32m[1mLinking C shared library libhyperdog_msgs__rosidl_generator_c.so[0m
[ 19%] Built target hyperdog_msgs__rosidl_generator_c
[ 25%] [34m[1mGenerating C type support for eProsima Fast-RTPS[0m
[ 25%] [34m[1mGenerating C introspection for ROS interfaces[0m
[ 25%] [34m[1mGenerating C type support dispatch for ROS interfaces[0m
[ 27%] [32mBuilding CXX object CMakeFiles/hyperdog_msgs__rosidl_typesupport_cpp.dir/rosidl_typesupport_cpp/lawd_msgs/msg/joy_ctrl_cmds__type_support.cpp.o[0m
[ 29%] [32mBuilding CXX object CMakeFiles/hyperdog_msgs__rosidl_typesupport_cpp.dir/rosidl_typesupport_cpp/lawd_msgs/msg/limits__type_support.cpp.o[0m
[ 31%] [32mBuilding CXX object CMakeFiles/hyperdog_msgs__rosidl_typesupport_cpp.dir/rosidl_typesupport_cpp/lawd_msgs/msg/geometry__type_support.cpp.o[0m
[ 36%] [32mBuilding CXX object CMakeFiles/hyperdog_msgs__rosidl_typesupport_introspection_cpp.dir/rosidl_typesupport_introspection_cpp/lawd_msgs/msg/detail/limits__type_support.cpp.o[0m
[ 36%] [32mBuilding CXX object CMakeFiles/hyperdog_msgs__rosidl_typesupport_introspection_cpp.dir/rosidl_typesupport_introspection_cpp/lawd_msgs/msg/detail/joy_ctrl_cmds__type_support.cpp.o[0m
[ 38%] [32mBuilding CXX object CMakeFiles/hyperdog_msgs__rosidl_typesupport_introspection_cpp.dir/rosidl_typesupport_introspection_cpp/lawd_msgs/msg/detail/geometry__type_support.cpp.o[0m
[ 44%] [32mBuilding CXX object CMakeFiles/hyperdog_msgs__rosidl_typesupport_fastrtps_cpp.dir/rosidl_typesupport_fastrtps_cpp/lawd_msgs/msg/detail/dds_fastrtps/joy_ctrl_cmds__type_support.cpp.o[0m
[ 44%] [32mBuilding CXX object CMakeFiles/hyperdog_msgs__rosidl_typesupport_fastrtps_cpp.dir/rosidl_typesupport_fastrtps_cpp/lawd_msgs/msg/detail/dds_fastrtps/limits__type_support.cpp.o[0m
[ 44%] [32mBuilding CXX object CMakeFiles/hyperdog_msgs__rosidl_typesupport_fastrtps_cpp.dir/rosidl_typesupport_fastrtps_cpp/lawd_msgs/msg/detail/dds_fastrtps/geometry__type_support.cpp.o[0m
[ 51%] [32mBuilding CXX object CMakeFiles/hyperdog_msgs__rosidl_typesupport_c.dir/rosidl_typesupport_c/lawd_msgs/msg/geometry__type_support.cpp.o[0m
[ 51%] [32mBuilding CXX object CMakeFiles/hyperdog_msgs__rosidl_typesupport_c.dir/rosidl_typesupport_c/lawd_msgs/msg/limits__type_support.cpp.o[0m
[ 51%] [32mBuilding CXX object CMakeFiles/hyperdog_msgs__rosidl_typesupport_c.dir/rosidl_typesupport_c/lawd_msgs/msg/joy_ctrl_cmds__type_support.cpp.o[0m
[ 53%] [32m[1mLinking CXX shared library libhyperdog_msgs__rosidl_typesupport_c.so[0m
[ 57%] [32mBuilding C object CMakeFiles/hyperdog_msgs__rosidl_typesupport_introspection_c.dir/rosidl_typesupport_introspection_c/lawd_msgs/msg/detail/geometry__type_support.c.o[0m
[ 57%] [32mBuilding C object CMakeFiles/hyperdog_msgs__rosidl_typesupport_introspection_c.dir/rosidl_typesupport_introspection_c/lawd_msgs/msg/detail/limits__type_support.c.o[0m
[ 59%] [32mBuilding C object CMakeFiles/hyperdog_msgs__rosidl_typesupport_introspection_c.dir/rosidl_typesupport_introspection_c/lawd_msgs/msg/detail/joy_ctrl_cmds__type_support.c.o[0m
[ 61%] [32mBuilding CXX object CMakeFiles/hyperdog_msgs__rosidl_typesupport_fastrtps_c.dir/rosidl_typesupport_fastrtps_c/lawd_msgs/msg/detail/geometry__type_support_c.cpp.o[0m
[ 61%] Built target hyperdog_msgs__rosidl_typesupport_c
[ 63%] [32mBuilding CXX object CMakeFiles/hyperdog_msgs__rosidl_typesupport_fastrtps_c.dir/rosidl_typesupport_fastrtps_c/lawd_msgs/msg/detail/joy_ctrl_cmds__type_support_c.cpp.o[0m
[ 65%] [32mBuilding CXX object CMakeFiles/hyperdog_msgs__rosidl_typesupport_fastrtps_c.dir/rosidl_typesupport_fastrtps_c/lawd_msgs/msg/detail/limits__type_support_c.cpp.o[0m
[ 68%] [32m[1mLinking C shared library libhyperdog_msgs__rosidl_typesupport_introspection_c.so[0m
[ 70%] [32m[1mLinking CXX shared library libhyperdog_msgs__rosidl_typesupport_cpp.so[0m
[ 70%] Built target hyperdog_msgs__rosidl_typesupport_introspection_c
[ 70%] Built target hyperdog_msgs__rosidl_typesupport_cpp
[ 72%] [32m[1mLinking CXX shared library libhyperdog_msgs__rosidl_typesupport_introspection_cpp.so[0m
[ 74%] [32m[1mLinking CXX shared library libhyperdog_msgs__rosidl_typesupport_fastrtps_cpp.so[0m
[ 74%] Built target hyperdog_msgs__rosidl_typesupport_introspection_cpp
[ 74%] Built target hyperdog_msgs__rosidl_typesupport_fastrtps_cpp
[ 76%] [32m[1mLinking CXX shared library libhyperdog_msgs__rosidl_typesupport_fastrtps_c.so[0m
[ 76%] Built target hyperdog_msgs__rosidl_typesupport_fastrtps_c
[ 76%] Built target hyperdog_msgs
[ 78%] [34m[1mGenerating Python code for ROS interfaces[0m
[ 78%] Built target hyperdog_msgs__py
[ 80%] [32mBuilding C object CMakeFiles/hyperdog_msgs__rosidl_generator_py.dir/rosidl_generator_py/lawd_msgs/msg/_joy_ctrl_cmds_s.c.o[0m
[ 85%] [32mBuilding C object CMakeFiles/hyperdog_msgs__rosidl_generator_py.dir/rosidl_generator_py/lawd_msgs/msg/_limits_s.c.o[0m
[ 85%] [32mBuilding C object CMakeFiles/hyperdog_msgs__rosidl_generator_py.dir/rosidl_generator_py/lawd_msgs/msg/_geometry_s.c.o[0m
[ 87%] [32m[1mLinking C shared library rosidl_generator_py/lawd_msgs/libhyperdog_msgs__rosidl_generator_py.so[0m
[ 87%] Built target hyperdog_msgs__rosidl_generator_py
[ 93%] [32mBuilding C object CMakeFiles/lawd_msgs__rosidl_typesupport_introspection_c__pyext.dir/rosidl_generator_py/lawd_msgs/_lawd_msgs_s.ep.rosidl_typesupport_introspection_c.c.o[0m
[ 93%] [32mBuilding C object CMakeFiles/lawd_msgs__rosidl_typesupport_c__pyext.dir/rosidl_generator_py/lawd_msgs/_lawd_msgs_s.ep.rosidl_typesupport_c.c.o[0m
[ 93%] [32mBuilding C object CMakeFiles/lawd_msgs__rosidl_typesupport_fastrtps_c__pyext.dir/rosidl_generator_py/lawd_msgs/_lawd_msgs_s.ep.rosidl_typesupport_fastrtps_c.c.o[0m
[100%] [32m[1mLinking C shared library rosidl_generator_py/lawd_msgs/lawd_msgs_s__rosidl_typesupport_fastrtps_c.cpython-310-x86_64-linux-gnu.so[0m
[100%] [32m[1mLinking C shared library rosidl_generator_py/lawd_msgs/lawd_msgs_s__rosidl_typesupport_introspection_c.cpython-310-x86_64-linux-gnu.so[0m
[100%] [32m[1mLinking C shared library rosidl_generator_py/lawd_msgs/lawd_msgs_s__rosidl_typesupport_c.cpython-310-x86_64-linux-gnu.so[0m
[100%] Built target lawd_msgs__rosidl_typesupport_c__pyext
[100%] Built target lawd_msgs__rosidl_typesupport_introspection_c__pyext
[100%] Built target lawd_msgs__rosidl_typesupport_fastrtps_c__pyext
-- Install configuration: ""
-- Installing: /home/vedh/workspaces/lawd_ws/install/lawd_msgs/share/ament_index/resource_index/rosidl_interfaces/lawd_msgs
-- Installing: /home/vedh/workspaces/lawd_ws/install/lawd_msgs/include/lawd_msgs/lawd_msgs
-- Installing: /home/vedh/workspaces/lawd_ws/install/lawd_msgs/include/lawd_msgs/lawd_msgs/msg
-- Installing: /home/vedh/workspaces/lawd_ws/install/lawd_msgs/include/lawd_msgs/lawd_msgs/msg/limits.h
-- Installing: /home/vedh/workspaces/lawd_ws/install/lawd_msgs/include/lawd_msgs/lawd_msgs/msg/geometry.h
-- Installing: /home/vedh/workspaces/lawd_ws/install/lawd_msgs/include/lawd_msgs/lawd_msgs/msg/rosidl_generator_c__visibility_control.h
-- Installing: /home/vedh/workspaces/lawd_ws/install/lawd_msgs/include/lawd_msgs/lawd_msgs/msg/joy_ctrl_cmds.h
-- Installing: /home/vedh/workspaces/lawd_ws/install/lawd_msgs/include/lawd_msgs/lawd_msgs/msg/detail
-- Installing: /home/vedh/workspaces/lawd_ws/install/lawd_msgs/include/lawd_msgs/lawd_msgs/msg/detail/limits__functions.h
-- Installing: /home/vedh/workspaces/lawd_ws/install/lawd_msgs/include/lawd_msgs/lawd_msgs/msg/detail/joy_ctrl_cmds__functions.h
-- Installing: /home/vedh/workspaces/lawd_ws/install/lawd_msgs/include/lawd_msgs/lawd_msgs/msg/detail/geometry__struct.h
-- Installing: /home/vedh/workspaces/lawd_ws/install/lawd_msgs/include/lawd_msgs/lawd_msgs/msg/detail/limits__functions.c
-- Installing: /home/vedh/workspaces/lawd_ws/install/lawd_msgs/include/lawd_msgs/lawd_msgs/msg/detail/geometry__functions.c
-- Installing: /home/vedh/workspaces/lawd_ws/install/lawd_msgs/include/lawd_msgs/lawd_msgs/msg/detail/joy_ctrl_cmds__struct.h
-- Installing: /home/vedh/workspaces/lawd_ws/install/lawd_msgs/include/lawd_msgs/lawd_msgs/msg/detail/joy_ctrl_cmds__type_support.h
-- Installing: /home/vedh/workspaces/lawd_ws/install/lawd_msgs/include/lawd_msgs/lawd_msgs/msg/detail/limits__struct.h
-- Installing: /home/vedh/workspaces/lawd_ws/install/lawd_msgs/include/lawd_msgs/lawd_msgs/msg/detail/geometry__functions.h
-- Installing: /home/vedh/workspaces/lawd_ws/install/lawd_msgs/include/lawd_msgs/lawd_msgs/msg/detail/joy_ctrl_cmds__functions.c
-- Installing: /home/vedh/workspaces/lawd_ws/install/lawd_msgs/include/lawd_msgs/lawd_msgs/msg/detail/limits__type_support.h
-- Installing: /home/vedh/workspaces/lawd_ws/install/lawd_msgs/include/lawd_msgs/lawd_msgs/msg/detail/geometry__type_support.h
-- Installing: /home/vedh/workspaces/lawd_ws/install/lawd_msgs/share/lawd_msgs/environment/library_path.sh
-- Installing: /home/vedh/workspaces/lawd_ws/install/lawd_msgs/share/lawd_msgs/environment/library_path.dsv
-- Installing: /home/vedh/workspaces/lawd_ws/install/lawd_msgs/lib/libhyperdog_msgs__rosidl_generator_c.so
-- Set runtime path of "/home/vedh/workspaces/lawd_ws/install/lawd_msgs/lib/libhyperdog_msgs__rosidl_generator_c.so" to ""
-- Up-to-date: /home/vedh/workspaces/lawd_ws/install/lawd_msgs/include/lawd_msgs/lawd_msgs
-- Up-to-date: /home/vedh/workspaces/lawd_ws/install/lawd_msgs/include/lawd_msgs/lawd_msgs/msg
-- Installing: /home/vedh/workspaces/lawd_ws/install/lawd_msgs/include/lawd_msgs/lawd_msgs/msg/rosidl_typesupport_fastrtps_c__visibility_control.h
-- Up-to-date: /home/vedh/workspaces/lawd_ws/install/lawd_msgs/include/lawd_msgs/lawd_msgs/msg/detail
-- Installing: /home/vedh/workspaces/lawd_ws/install/lawd_msgs/include/lawd_msgs/lawd_msgs/msg/detail/limits__rosidl_typesupport_fastrtps_c.h
-- Installing: /home/vedh/workspaces/lawd_ws/install/lawd_msgs/include/lawd_msgs/lawd_msgs/msg/detail/geometry__rosidl_typesupport_fastrtps_c.h
-- Installing: /home/vedh/workspaces/lawd_ws/install/lawd_msgs/include/lawd_msgs/lawd_msgs/msg/detail/joy_ctrl_cmds__rosidl_typesupport_fastrtps_c.h
-- Installing: /home/vedh/workspaces/lawd_ws/install/lawd_msgs/lib/libhyperdog_msgs__rosidl_typesupport_fastrtps_c.so
-- Set runtime path of "/home/vedh/workspaces/lawd_ws/install/lawd_msgs/lib/libhyperdog_msgs__rosidl_typesupport_fastrtps_c.so" to ""
-- Up-to-date: /home/vedh/workspaces/lawd_ws/install/lawd_msgs/include/lawd_msgs/lawd_msgs
-- Up-to-date: /home/vedh/workspaces/lawd_ws/install/lawd_msgs/include/lawd_msgs/lawd_msgs/msg
-- Up-to-date: /home/vedh/workspaces/lawd_ws/install/lawd_msgs/include/lawd_msgs/lawd_msgs/msg/detail
-- Installing: /home/vedh/workspaces/lawd_ws/install/lawd_msgs/include/lawd_msgs/lawd_msgs/msg/detail/limits__struct.hpp
-- Installing: /home/vedh/workspaces/lawd_ws/install/lawd_msgs/include/lawd_msgs/lawd_msgs/msg/detail/joy_ctrl_cmds__struct.hpp
-- Installing: /home/vedh/workspaces/lawd_ws/install/lawd_msgs/include/lawd_msgs/lawd_msgs/msg/detail/geometry__traits.hpp
-- Installing: /home/vedh/workspaces/lawd_ws/install/lawd_msgs/include/lawd_msgs/lawd_msgs/msg/detail/limits__traits.hpp
-- Installing: /home/vedh/workspaces/lawd_ws/install/lawd_msgs/include/lawd_msgs/lawd_msgs/msg/detail/joy_ctrl_cmds__builder.hpp
-- Installing: /home/vedh/workspaces/lawd_ws/install/lawd_msgs/include/lawd_msgs/lawd_msgs/msg/detail/geometry__builder.hpp
-- Installing: /home/vedh/workspaces/lawd_ws/install/lawd_msgs/include/lawd_msgs/lawd_msgs/msg/detail/geometry__struct.hpp
-- Installing: /home/vedh/workspaces/lawd_ws/install/lawd_msgs/include/lawd_msgs/lawd_msgs/msg/detail/limits__builder.hpp
-- Installing: /home/vedh/workspaces/lawd_ws/install/lawd_msgs/include/lawd_msgs/lawd_msgs/msg/detail/joy_ctrl_cmds__traits.hpp
-- Installing: /home/vedh/workspaces/lawd_ws/install/lawd_msgs/include/lawd_msgs/lawd_msgs/msg/limits.hpp
-- Installing: /home/vedh/workspaces/lawd_ws/install/lawd_msgs/include/lawd_msgs/lawd_msgs/msg/joy_ctrl_cmds.hpp
-- Installing: /home/vedh/workspaces/lawd_ws/install/lawd_msgs/include/lawd_msgs/lawd_msgs/msg/geometry.hpp
-- Up-to-date: /home/vedh/workspaces/lawd_ws/install/lawd_msgs/include/lawd_msgs/lawd_msgs
-- Up-to-date: /home/vedh/workspaces/lawd_ws/install/lawd_msgs/include/lawd_msgs/lawd_msgs/msg
-- Up-to-date: /home/vedh/workspaces/lawd_ws/install/lawd_msgs/include/lawd_msgs/lawd_msgs/msg/detail
-- Installing: /home/vedh/workspaces/lawd_ws/install/lawd_msgs/include/lawd_msgs/lawd_msgs/msg/detail/dds_fastrtps
-- Installing: /home/vedh/workspaces/lawd_ws/install/lawd_msgs/include/lawd_msgs/lawd_msgs/msg/detail/joy_ctrl_cmds__rosidl_typesupport_fastrtps_cpp.hpp
-- Installing: /home/vedh/workspaces/lawd_ws/install/lawd_msgs/include/lawd_msgs/lawd_msgs/msg/detail/limits__rosidl_typesupport_fastrtps_cpp.hpp
-- Installing: /home/vedh/workspaces/lawd_ws/install/lawd_msgs/include/lawd_msgs/lawd_msgs/msg/detail/geometry__rosidl_typesupport_fastrtps_cpp.hpp
-- Installing: /home/vedh/workspaces/lawd_ws/install/lawd_msgs/include/lawd_msgs/lawd_msgs/msg/rosidl_typesupport_fastrtps_cpp__visibility_control.h
-- Installing: /home/vedh/workspaces/lawd_ws/install/lawd_msgs/lib/libhyperdog_msgs__rosidl_typesupport_fastrtps_cpp.so
-- Set runtime path of "/home/vedh/workspaces/lawd_ws/install/lawd_msgs/lib/libhyperdog_msgs__rosidl_typesupport_fastrtps_cpp.so" to ""
-- Up-to-date: /home/vedh/workspaces/lawd_ws/install/lawd_msgs/include/lawd_msgs/lawd_msgs
-- Up-to-date: /home/vedh/workspaces/lawd_ws/install/lawd_msgs/include/lawd_msgs/lawd_msgs/msg
-- Up-to-date: /home/vedh/workspaces/lawd_ws/install/lawd_msgs/include/lawd_msgs/lawd_msgs/msg/detail
-- Installing: /home/vedh/workspaces/lawd_ws/install/lawd_msgs/include/lawd_msgs/lawd_msgs/msg/detail/geometry__rosidl_typesupport_introspection_c.h
-- Installing: /home/vedh/workspaces/lawd_ws/install/lawd_msgs/include/lawd_msgs/lawd_msgs/msg/detail/limits__type_support.c
-- Installing: /home/vedh/workspaces/lawd_ws/install/lawd_msgs/include/lawd_msgs/lawd_msgs/msg/detail/limits__rosidl_typesupport_introspection_c.h
-- Installing: /home/vedh/workspaces/lawd_ws/install/lawd_msgs/include/lawd_msgs/lawd_msgs/msg/detail/joy_ctrl_cmds__rosidl_typesupport_introspection_c.h
-- Installing: /home/vedh/workspaces/lawd_ws/install/lawd_msgs/include/lawd_msgs/lawd_msgs/msg/detail/geometry__type_support.c
-- Installing: /home/vedh/workspaces/lawd_ws/install/lawd_msgs/include/lawd_msgs/lawd_msgs/msg/detail/joy_ctrl_cmds__type_support.c
-- Installing: /home/vedh/workspaces/lawd_ws/install/lawd_msgs/include/lawd_msgs/lawd_msgs/msg/rosidl_typesupport_introspection_c__visibility_control.h
-- Installing: /home/vedh/workspaces/lawd_ws/install/lawd_msgs/lib/libhyperdog_msgs__rosidl_typesupport_introspection_c.so
-- Set runtime path of "/home/vedh/workspaces/lawd_ws/install/lawd_msgs/lib/libhyperdog_msgs__rosidl_typesupport_introspection_c.so" to ""
-- Installing: /home/vedh/workspaces/lawd_ws/install/lawd_msgs/lib/libhyperdog_msgs__rosidl_typesupport_c.so
-- Set runtime path of "/home/vedh/workspaces/lawd_ws/install/lawd_msgs/lib/libhyperdog_msgs__rosidl_typesupport_c.so" to ""
-- Up-to-date: /home/vedh/workspaces/lawd_ws/install/lawd_msgs/include/lawd_msgs/lawd_msgs
-- Up-to-date: /home/vedh/workspaces/lawd_ws/install/lawd_msgs/include/lawd_msgs/lawd_msgs/msg
-- Up-to-date: /home/vedh/workspaces/lawd_ws/install/lawd_msgs/include/lawd_msgs/lawd_msgs/msg/detail
-- Installing: /home/vedh/workspaces/lawd_ws/install/lawd_msgs/include/lawd_msgs/lawd_msgs/msg/detail/geometry__type_support.cpp
-- Installing: /home/vedh/workspaces/lawd_ws/install/lawd_msgs/include/lawd_msgs/lawd_msgs/msg/detail/joy_ctrl_cmds__rosidl_typesupport_introspection_cpp.hpp
-- Installing: /home/vedh/workspaces/lawd_ws/install/lawd_msgs/include/lawd_msgs/lawd_msgs/msg/detail/joy_ctrl_cmds__type_support.cpp
-- Installing: /home/vedh/workspaces/lawd_ws/install/lawd_msgs/include/lawd_msgs/lawd_msgs/msg/detail/limits__type_support.cpp
-- Installing: /home/vedh/workspaces/lawd_ws/install/lawd_msgs/include/lawd_msgs/lawd_msgs/msg/detail/limits__rosidl_typesupport_introspection_cpp.hpp
-- Installing: /home/vedh/workspaces/lawd_ws/install/lawd_msgs/include/lawd_msgs/lawd_msgs/msg/detail/geometry__rosidl_typesupport_introspection_cpp.hpp
-- Installing: /home/vedh/workspaces/lawd_ws/install/lawd_msgs/lib/libhyperdog_msgs__rosidl_typesupport_introspection_cpp.so
-- Set runtime path of "/home/vedh/workspaces/lawd_ws/install/lawd_msgs/lib/libhyperdog_msgs__rosidl_typesupport_introspection_cpp.so" to ""
-- Installing: /home/vedh/workspaces/lawd_ws/install/lawd_msgs/lib/libhyperdog_msgs__rosidl_typesupport_cpp.so
-- Set runtime path of "/home/vedh/workspaces/lawd_ws/install/lawd_msgs/lib/libhyperdog_msgs__rosidl_typesupport_cpp.so" to ""
-- Installing: /home/vedh/workspaces/lawd_ws/install/lawd_msgs/share/lawd_msgs/environment/pythonpath.sh
-- Installing: /home/vedh/workspaces/lawd_ws/install/lawd_msgs/share/lawd_msgs/environment/pythonpath.dsv
-- Installing: /home/vedh/workspaces/lawd_ws/install/lawd_msgs/local/lib/python3.10/dist-packages/lawd_msgs-0.0.0-py3.10.egg-info
-- Installing: /home/vedh/workspaces/lawd_ws/install/lawd_msgs/local/lib/python3.10/dist-packages/lawd_msgs-0.0.0-py3.10.egg-info/top_level.txt
-- Installing: /home/vedh/workspaces/lawd_ws/install/lawd_msgs/local/lib/python3.10/dist-packages/lawd_msgs-0.0.0-py3.10.egg-info/SOURCES.txt
-- Installing: /home/vedh/workspaces/lawd_ws/install/lawd_msgs/local/lib/python3.10/dist-packages/lawd_msgs-0.0.0-py3.10.egg-info/dependency_links.txt
-- Installing: /home/vedh/workspaces/lawd_ws/install/lawd_msgs/local/lib/python3.10/dist-packages/lawd_msgs-0.0.0-py3.10.egg-info/PKG-INFO
-- Installing: /home/vedh/workspaces/lawd_ws/install/lawd_msgs/local/lib/python3.10/dist-packages/lawd_msgs
-- Installing: /home/vedh/workspaces/lawd_ws/install/lawd_msgs/local/lib/python3.10/dist-packages/lawd_msgs/lawd_msgs_s__rosidl_typesupport_c.cpython-310-x86_64-linux-gnu.so
-- Installing: /home/vedh/workspaces/lawd_ws/install/lawd_msgs/local/lib/python3.10/dist-packages/lawd_msgs/__init__.py
-- Installing: /home/vedh/workspaces/lawd_ws/install/lawd_msgs/local/lib/python3.10/dist-packages/lawd_msgs/_lawd_msgs_s.ep.rosidl_typesupport_fastrtps_c.c
-- Installing: /home/vedh/workspaces/lawd_ws/install/lawd_msgs/local/lib/python3.10/dist-packages/lawd_msgs/_lawd_msgs_s.ep.rosidl_typesupport_c.c
-- Installing: /home/vedh/workspaces/lawd_ws/install/lawd_msgs/local/lib/python3.10/dist-packages/lawd_msgs/lawd_msgs_s__rosidl_typesupport_introspection_c.cpython-310-x86_64-linux-gnu.so
-- Installing: /home/vedh/workspaces/lawd_ws/install/lawd_msgs/local/lib/python3.10/dist-packages/lawd_msgs/lawd_msgs_s__rosidl_typesupport_fastrtps_c.cpython-310-x86_64-linux-gnu.so
-- Installing: /home/vedh/workspaces/lawd_ws/install/lawd_msgs/local/lib/python3.10/dist-packages/lawd_msgs/_lawd_msgs_s.ep.rosidl_typesupport_introspection_c.c
-- Installing: /home/vedh/workspaces/lawd_ws/install/lawd_msgs/local/lib/python3.10/dist-packages/lawd_msgs/libhyperdog_msgs__rosidl_generator_py.so
-- Installing: /home/vedh/workspaces/lawd_ws/install/lawd_msgs/local/lib/python3.10/dist-packages/lawd_msgs/msg
-- Installing: /home/vedh/workspaces/lawd_ws/install/lawd_msgs/local/lib/python3.10/dist-packages/lawd_msgs/msg/__init__.py
-- Installing: /home/vedh/workspaces/lawd_ws/install/lawd_msgs/local/lib/python3.10/dist-packages/lawd_msgs/msg/_limits.py
-- Installing: /home/vedh/workspaces/lawd_ws/install/lawd_msgs/local/lib/python3.10/dist-packages/lawd_msgs/msg/_geometry.py
-- Installing: /home/vedh/workspaces/lawd_ws/install/lawd_msgs/local/lib/python3.10/dist-packages/lawd_msgs/msg/_joy_ctrl_cmds_s.c
-- Installing: /home/vedh/workspaces/lawd_ws/install/lawd_msgs/local/lib/python3.10/dist-packages/lawd_msgs/msg/_geometry_s.c
-- Installing: /home/vedh/workspaces/lawd_ws/install/lawd_msgs/local/lib/python3.10/dist-packages/lawd_msgs/msg/_joy_ctrl_cmds.py
-- Installing: /home/vedh/workspaces/lawd_ws/install/lawd_msgs/local/lib/python3.10/dist-packages/lawd_msgs/msg/_limits_s.c
Listing '/home/vedh/workspaces/lawd_ws/install/lawd_msgs/local/lib/python3.10/dist-packages/lawd_msgs'...
Compiling '/home/vedh/workspaces/lawd_ws/install/lawd_msgs/local/lib/python3.10/dist-packages/lawd_msgs/__init__.py'...
Listing '/home/vedh/workspaces/lawd_ws/install/lawd_msgs/local/lib/python3.10/dist-packages/lawd_msgs/msg'...
Compiling '/home/vedh/workspaces/lawd_ws/install/lawd_msgs/local/lib/python3.10/dist-packages/lawd_msgs/msg/__init__.py'...
Compiling '/home/vedh/workspaces/lawd_ws/install/lawd_msgs/local/lib/python3.10/dist-packages/lawd_msgs/msg/_geometry.py'...
Compiling '/home/vedh/workspaces/lawd_ws/install/lawd_msgs/local/lib/python3.10/dist-packages/lawd_msgs/msg/_joy_ctrl_cmds.py'...
Compiling '/home/vedh/workspaces/lawd_ws/install/lawd_msgs/local/lib/python3.10/dist-packages/lawd_msgs/msg/_limits.py'...
-- Installing: /home/vedh/workspaces/lawd_ws/install/lawd_msgs/local/lib/python3.10/dist-packages/lawd_msgs/lawd_msgs_s__rosidl_typesupport_fastrtps_c.cpython-310-x86_64-linux-gnu.so
-- Set runtime path of "/home/vedh/workspaces/lawd_ws/install/lawd_msgs/local/lib/python3.10/dist-packages/lawd_msgs/lawd_msgs_s__rosidl_typesupport_fastrtps_c.cpython-310-x86_64-linux-gnu.so" to ""
-- Installing: /home/vedh/workspaces/lawd_ws/install/lawd_msgs/local/lib/python3.10/dist-packages/lawd_msgs/lawd_msgs_s__rosidl_typesupport_introspection_c.cpython-310-x86_64-linux-gnu.so
-- Set runtime path of "/home/vedh/workspaces/lawd_ws/install/lawd_msgs/local/lib/python3.10/dist-packages/lawd_msgs/lawd_msgs_s__rosidl_typesupport_introspection_c.cpython-310-x86_64-linux-gnu.so" to ""
-- Installing: /home/vedh/workspaces/lawd_ws/install/lawd_msgs/local/lib/python3.10/dist-packages/lawd_msgs/lawd_msgs_s__rosidl_typesupport_c.cpython-310-x86_64-linux-gnu.so
-- Set runtime path of "/home/vedh/workspaces/lawd_ws/install/lawd_msgs/local/lib/python3.10/dist-packages/lawd_msgs/lawd_msgs_s__rosidl_typesupport_c.cpython-310-x86_64-linux-gnu.so" to ""
-- Installing: /home/vedh/workspaces/lawd_ws/install/lawd_msgs/lib/libhyperdog_msgs__rosidl_generator_py.so
-- Set runtime path of "/home/vedh/workspaces/lawd_ws/install/lawd_msgs/lib/libhyperdog_msgs__rosidl_generator_py.so" to ""
-- Installing: /home/vedh/workspaces/lawd_ws/install/lawd_msgs/share/lawd_msgs/msg/JoyCtrlCmds.idl
-- Installing: /home/vedh/workspaces/lawd_ws/install/lawd_msgs/share/lawd_msgs/msg/Limits.idl
-- Installing: /home/vedh/workspaces/lawd_ws/install/lawd_msgs/share/lawd_msgs/msg/Geometry.idl
-- Installing: /home/vedh/workspaces/lawd_ws/install/lawd_msgs/share/lawd_msgs/msg/JoyCtrlCmds.msg
-- Installing: /home/vedh/workspaces/lawd_ws/install/lawd_msgs/share/lawd_msgs/msg/Limits.msg
-- Installing: /home/vedh/workspaces/lawd_ws/install/lawd_msgs/share/lawd_msgs/msg/Geometry.msg
-- Installing: /home/vedh/workspaces/lawd_ws/install/lawd_msgs/share/ament_index/resource_index/package_run_dependencies/lawd_msgs
-- Installing: /home/vedh/workspaces/lawd_ws/install/lawd_msgs/share/ament_index/resource_index/parent_prefix_path/lawd_msgs
-- Installing: /home/vedh/workspaces/lawd_ws/install/lawd_msgs/share/lawd_msgs/environment/ament_prefix_path.sh
-- Installing: /home/vedh/workspaces/lawd_ws/install/lawd_msgs/share/lawd_msgs/environment/ament_prefix_path.dsv
-- Installing: /home/vedh/workspaces/lawd_ws/install/lawd_msgs/share/lawd_msgs/environment/path.sh
-- Installing: /home/vedh/workspaces/lawd_ws/install/lawd_msgs/share/lawd_msgs/environment/path.dsv
-- Installing: /home/vedh/workspaces/lawd_ws/install/lawd_msgs/share/lawd_msgs/local_setup.bash
-- Installing: /home/vedh/workspaces/lawd_ws/install/lawd_msgs/share/lawd_msgs/local_setup.sh
-- Installing: /home/vedh/workspaces/lawd_ws/install/lawd_msgs/share/lawd_msgs/local_setup.zsh
-- Installing: /home/vedh/workspaces/lawd_ws/install/lawd_msgs/share/lawd_msgs/local_setup.dsv
-- Installing: /home/vedh/workspaces/lawd_ws/install/lawd_msgs/share/lawd_msgs/package.dsv
-- Installing: /home/vedh/workspaces/lawd_ws/install/lawd_msgs/share/ament_index/resource_index/packages/lawd_msgs
-- Installing: /home/vedh/workspaces/lawd_ws/install/lawd_msgs/share/lawd_msgs/cmake/export_hyperdog_msgs__rosidl_generator_cExport.cmake
-- Installing: /home/vedh/workspaces/lawd_ws/install/lawd_msgs/share/lawd_msgs/cmake/export_hyperdog_msgs__rosidl_generator_cExport-noconfig.cmake
-- Installing: /home/vedh/workspaces/lawd_ws/install/lawd_msgs/share/lawd_msgs/cmake/export_hyperdog_msgs__rosidl_typesupport_fastrtps_cExport.cmake
-- Installing: /home/vedh/workspaces/lawd_ws/install/lawd_msgs/share/lawd_msgs/cmake/export_hyperdog_msgs__rosidl_typesupport_fastrtps_cExport-noconfig.cmake
-- Installing: /home/vedh/workspaces/lawd_ws/install/lawd_msgs/share/lawd_msgs/cmake/export_hyperdog_msgs__rosidl_generator_cppExport.cmake
-- Installing: /home/vedh/workspaces/lawd_ws/install/lawd_msgs/share/lawd_msgs/cmake/export_hyperdog_msgs__rosidl_typesupport_fastrtps_cppExport.cmake
-- Installing: /home/vedh/workspaces/lawd_ws/install/lawd_msgs/share/lawd_msgs/cmake/export_hyperdog_msgs__rosidl_typesupport_fastrtps_cppExport-noconfig.cmake
-- Installing: /home/vedh/workspaces/lawd_ws/install/lawd_msgs/share/lawd_msgs/cmake/hyperdog_msgs__rosidl_typesupport_introspection_cExport.cmake
-- Installing: /home/vedh/workspaces/lawd_ws/install/lawd_msgs/share/lawd_msgs/cmake/hyperdog_msgs__rosidl_typesupport_introspection_cExport-noconfig.cmake
-- Installing: /home/vedh/workspaces/lawd_ws/install/lawd_msgs/share/lawd_msgs/cmake/hyperdog_msgs__rosidl_typesupport_cExport.cmake
-- Installing: /home/vedh/workspaces/lawd_ws/install/lawd_msgs/share/lawd_msgs/cmake/hyperdog_msgs__rosidl_typesupport_cExport-noconfig.cmake
-- Installing: /home/vedh/workspaces/lawd_ws/install/lawd_msgs/share/lawd_msgs/cmake/hyperdog_msgs__rosidl_typesupport_introspection_cppExport.cmake
-- Installing: /home/vedh/workspaces/lawd_ws/install/lawd_msgs/share/lawd_msgs/cmake/hyperdog_msgs__rosidl_typesupport_introspection_cppExport-noconfig.cmake
-- Installing: /home/vedh/workspaces/lawd_ws/install/lawd_msgs/share/lawd_msgs/cmake/hyperdog_msgs__rosidl_typesupport_cppExport.cmake
-- Installing: /home/vedh/workspaces/lawd_ws/install/lawd_msgs/share/lawd_msgs/cmake/hyperdog_msgs__rosidl_typesupport_cppExport-noconfig.cmake
-- Installing: /home/vedh/workspaces/lawd_ws/install/lawd_msgs/share/lawd_msgs/cmake/export_hyperdog_msgs__rosidl_generator_pyExport.cmake
-- Installing: /home/vedh/workspaces/lawd_ws/install/lawd_msgs/share/lawd_msgs/cmake/export_hyperdog_msgs__rosidl_generator_pyExport-noconfig.cmake
-- Installing: /home/vedh/workspaces/lawd_ws/install/lawd_msgs/share/lawd_msgs/cmake/rosidl_cmake-extras.cmake
-- Installing: /home/vedh/workspaces/lawd_ws/install/lawd_msgs/share/lawd_msgs/cmake/ament_cmake_export_dependencies-extras.cmake
-- Installing: /home/vedh/workspaces/lawd_ws/install/lawd_msgs/share/lawd_msgs/cmake/ament_cmake_export_include_directories-extras.cmake
-- Installing: /home/vedh/workspaces/lawd_ws/install/lawd_msgs/share/lawd_msgs/cmake/ament_cmake_export_libraries-extras.cmake
-- Installing: /home/vedh/workspaces/lawd_ws/install/lawd_msgs/share/lawd_msgs/cmake/ament_cmake_export_targets-extras.cmake
-- Installing: /home/vedh/workspaces/lawd_ws/install/lawd_msgs/share/lawd_msgs/cmake/rosidl_cmake_export_typesupport_targets-extras.cmake
-- Installing: /home/vedh/workspaces/lawd_ws/install/lawd_msgs/share/lawd_msgs/cmake/rosidl_cmake_export_typesupport_libraries-extras.cmake
-- Installing: /home/vedh/workspaces/lawd_ws/install/lawd_msgs/share/lawd_msgs/cmake/lawd_msgsConfig.cmake
-- Installing: /home/vedh/workspaces/lawd_ws/install/lawd_msgs/share/lawd_msgs/cmake/lawd_msgsConfig-version.cmake
-- Installing: /home/vedh/workspaces/lawd_ws/install/lawd_msgs/share/lawd_msgs/package.xml
