[0.037s] Invoking command in '/home/vedh/workspaces/lawd_ws/build/lawd_msgs': CMAKE_PREFIX_PATH=${CMAKE_PREFIX_PATH}:/home/vedh/workspaces/agvrobot_ws/src/install/agvrobot_description:/home/vedh/workspaces/agvrobot_ws/install/agvrobot_description:/home/vedh/control_ws/install/rqt_joint_trajectory_controller:/home/vedh/control_ws/install/rqt_controller_manager:/home/vedh/control_ws/install/ros2controlcli:/home/vedh/control_ws/install/ros2_controllers_test_nodes:/home/vedh/workspaces/demo_lawd_ws/install/demo_lawd_description:/opt/ros/humble /usr/bin/cmake --build /home/vedh/workspaces/lawd_ws/build/lawd_msgs -- -j16 -l16
[0.152s] [  2%] Built target hyperdog_msgs__cpp
[0.165s] [ 12%] Built target hyperdog_msgs__rosidl_generator_c
[0.173s] [ 12%] Built target ament_cmake_python_copy_lawd_msgs
[0.228s] [ 14%] [32mBuilding CXX object CMakeFiles/hyperdog_msgs__rosidl_typesupport_introspection_cpp.dir/rosidl_typesupport_introspection_cpp/lawd_msgs/msg/detail/joy_ctrl_cmds__type_support.cpp.o[0m
[0.228s] [ 17%] [32mBuilding CXX object CMakeFiles/hyperdog_msgs__rosidl_typesupport_cpp.dir/rosidl_typesupport_cpp/lawd_msgs/msg/limits__type_support.cpp.o[0m
[0.228s] [ 19%] [32mBuilding CXX object CMakeFiles/hyperdog_msgs__rosidl_typesupport_cpp.dir/rosidl_typesupport_cpp/lawd_msgs/msg/geometry__type_support.cpp.o[0m
[0.229s] [ 25%] [32mBuilding CXX object CMakeFiles/hyperdog_msgs__rosidl_typesupport_introspection_cpp.dir/rosidl_typesupport_introspection_cpp/lawd_msgs/msg/detail/geometry__type_support.cpp.o[0m
[0.232s] [ 27%] [32mBuilding CXX object CMakeFiles/hyperdog_msgs__rosidl_typesupport_fastrtps_cpp.dir/rosidl_typesupport_fastrtps_cpp/lawd_msgs/msg/detail/dds_fastrtps/limits__type_support.cpp.o[0m
[0.233s] [ 29%] [32mBuilding CXX object CMakeFiles/hyperdog_msgs__rosidl_typesupport_fastrtps_cpp.dir/rosidl_typesupport_fastrtps_cpp/lawd_msgs/msg/detail/dds_fastrtps/geometry__type_support.cpp.o[0m
[0.233s] [ 31%] [32mBuilding CXX object CMakeFiles/hyperdog_msgs__rosidl_typesupport_fastrtps_cpp.dir/rosidl_typesupport_fastrtps_cpp/lawd_msgs/msg/detail/dds_fastrtps/joy_ctrl_cmds__type_support.cpp.o[0m
[0.233s] [ 21%] [32mBuilding CXX object CMakeFiles/hyperdog_msgs__rosidl_typesupport_introspection_cpp.dir/rosidl_typesupport_introspection_cpp/lawd_msgs/msg/detail/limits__type_support.cpp.o[0m
[0.233s] [ 23%] [32mBuilding CXX object CMakeFiles/hyperdog_msgs__rosidl_typesupport_cpp.dir/rosidl_typesupport_cpp/lawd_msgs/msg/joy_ctrl_cmds__type_support.cpp.o[0m
[0.245s] [ 42%] Built target hyperdog_msgs__rosidl_typesupport_introspection_c
[0.246s] [ 53%] Built target hyperdog_msgs__rosidl_typesupport_c
[0.251s] [ 55%] [32mBuilding CXX object CMakeFiles/hyperdog_msgs__rosidl_typesupport_fastrtps_c.dir/rosidl_typesupport_fastrtps_c/lawd_msgs/msg/detail/joy_ctrl_cmds__type_support_c.cpp.o[0m
[0.254s] [ 57%] [32mBuilding CXX object CMakeFiles/hyperdog_msgs__rosidl_typesupport_fastrtps_c.dir/rosidl_typesupport_fastrtps_c/lawd_msgs/msg/detail/limits__type_support_c.cpp.o[0m
[0.254s] [ 59%] [32mBuilding CXX object CMakeFiles/hyperdog_msgs__rosidl_typesupport_fastrtps_c.dir/rosidl_typesupport_fastrtps_c/lawd_msgs/msg/detail/geometry__type_support_c.cpp.o[0m
[0.705s] running egg_info
[0.747s] writing lawd_msgs.egg-info/PKG-INFO
[0.748s] writing dependency_links to lawd_msgs.egg-info/dependency_links.txt
[0.749s] writing top-level names to lawd_msgs.egg-info/top_level.txt
[0.834s] [ 61%] [32m[1mLinking CXX shared library libhyperdog_msgs__rosidl_typesupport_cpp.so[0m
[0.870s] reading manifest file 'lawd_msgs.egg-info/SOURCES.txt'
[0.871s] writing manifest file 'lawd_msgs.egg-info/SOURCES.txt'
[0.925s] [ 61%] Built target ament_cmake_python_build_lawd_msgs_egg
[0.931s] [ 63%] Built target hyperdog_msgs__rosidl_typesupport_cpp
[0.967s] [ 65%] [32m[1mLinking CXX shared library libhyperdog_msgs__rosidl_typesupport_fastrtps_c.so[0m
[1.018s] [ 68%] [32m[1mLinking CXX shared library libhyperdog_msgs__rosidl_typesupport_introspection_cpp.so[0m
[1.028s] [ 70%] [32m[1mLinking CXX shared library libhyperdog_msgs__rosidl_typesupport_fastrtps_cpp.so[0m
[1.068s] [ 72%] Built target hyperdog_msgs__rosidl_typesupport_fastrtps_c
[1.114s] [ 74%] Built target hyperdog_msgs__rosidl_typesupport_introspection_cpp
[1.125s] [ 76%] Built target hyperdog_msgs__rosidl_typesupport_fastrtps_cpp
[1.165s] [ 76%] Built target hyperdog_msgs
[1.206s] [ 78%] Built target hyperdog_msgs__py
[1.250s] [ 85%] [32mBuilding C object CMakeFiles/hyperdog_msgs__rosidl_generator_py.dir/rosidl_generator_py/lawd_msgs/msg/_limits_s.c.o[0m
[1.250s] [ 85%] [32mBuilding C object CMakeFiles/hyperdog_msgs__rosidl_generator_py.dir/rosidl_generator_py/lawd_msgs/msg/_joy_ctrl_cmds_s.c.o[0m
[1.250s] [ 85%] [32mBuilding C object CMakeFiles/hyperdog_msgs__rosidl_generator_py.dir/rosidl_generator_py/lawd_msgs/msg/_geometry_s.c.o[0m
[1.419s] [ 87%] [32m[1mLinking C shared library rosidl_generator_py/lawd_msgs/libhyperdog_msgs__rosidl_generator_py.so[0m
[1.471s] [ 87%] Built target hyperdog_msgs__rosidl_generator_py
[1.515s] [ 89%] [32mBuilding C object CMakeFiles/lawd_msgs__rosidl_typesupport_fastrtps_c__pyext.dir/rosidl_generator_py/lawd_msgs/_lawd_msgs_s.ep.rosidl_typesupport_fastrtps_c.c.o[0m
[1.516s] [ 91%] [32mBuilding C object CMakeFiles/lawd_msgs__rosidl_typesupport_introspection_c__pyext.dir/rosidl_generator_py/lawd_msgs/_lawd_msgs_s.ep.rosidl_typesupport_introspection_c.c.o[0m
[1.516s] [ 93%] [32mBuilding C object CMakeFiles/lawd_msgs__rosidl_typesupport_c__pyext.dir/rosidl_generator_py/lawd_msgs/_lawd_msgs_s.ep.rosidl_typesupport_c.c.o[0m
[1.641s] [ 97%] [32m[1mLinking C shared library rosidl_generator_py/lawd_msgs/lawd_msgs_s__rosidl_typesupport_fastrtps_c.cpython-310-x86_64-linux-gnu.so[0m
[1.641s] [100%] [32m[1mLinking C shared library rosidl_generator_py/lawd_msgs/lawd_msgs_s__rosidl_typesupport_introspection_c.cpython-310-x86_64-linux-gnu.so[0m
[1.641s] [100%] [32m[1mLinking C shared library rosidl_generator_py/lawd_msgs/lawd_msgs_s__rosidl_typesupport_c.cpython-310-x86_64-linux-gnu.so[0m
[1.701s] [100%] Built target lawd_msgs__rosidl_typesupport_c__pyext
[1.702s] [100%] Built target lawd_msgs__rosidl_typesupport_introspection_c__pyext
[1.703s] [100%] Built target lawd_msgs__rosidl_typesupport_fastrtps_c__pyext
[1.718s] Invoked command in '/home/vedh/workspaces/lawd_ws/build/lawd_msgs' returned '0': CMAKE_PREFIX_PATH=${CMAKE_PREFIX_PATH}:/home/vedh/workspaces/agvrobot_ws/src/install/agvrobot_description:/home/vedh/workspaces/agvrobot_ws/install/agvrobot_description:/home/vedh/control_ws/install/rqt_joint_trajectory_controller:/home/vedh/control_ws/install/rqt_controller_manager:/home/vedh/control_ws/install/ros2controlcli:/home/vedh/control_ws/install/ros2_controllers_test_nodes:/home/vedh/workspaces/demo_lawd_ws/install/demo_lawd_description:/opt/ros/humble /usr/bin/cmake --build /home/vedh/workspaces/lawd_ws/build/lawd_msgs -- -j16 -l16
[2.030s] Invoking command in '/home/vedh/workspaces/lawd_ws/build/lawd_msgs': CMAKE_PREFIX_PATH=${CMAKE_PREFIX_PATH}:/home/vedh/workspaces/agvrobot_ws/src/install/agvrobot_description:/home/vedh/workspaces/agvrobot_ws/install/agvrobot_description:/home/vedh/control_ws/install/rqt_joint_trajectory_controller:/home/vedh/control_ws/install/rqt_controller_manager:/home/vedh/control_ws/install/ros2controlcli:/home/vedh/control_ws/install/ros2_controllers_test_nodes:/home/vedh/workspaces/demo_lawd_ws/install/demo_lawd_description:/opt/ros/humble /usr/bin/cmake --install /home/vedh/workspaces/lawd_ws/build/lawd_msgs
[2.041s] -- Install configuration: ""
[2.042s] -- Up-to-date: /home/vedh/workspaces/lawd_ws/install/lawd_msgs/share/ament_index/resource_index/rosidl_interfaces/lawd_msgs
[2.042s] -- Up-to-date: /home/vedh/workspaces/lawd_ws/install/lawd_msgs/include/lawd_msgs/lawd_msgs
[2.042s] -- Up-to-date: /home/vedh/workspaces/lawd_ws/install/lawd_msgs/include/lawd_msgs/lawd_msgs/msg
[2.042s] -- Up-to-date: /home/vedh/workspaces/lawd_ws/install/lawd_msgs/include/lawd_msgs/lawd_msgs/msg/limits.h
[2.042s] -- Up-to-date: /home/vedh/workspaces/lawd_ws/install/lawd_msgs/include/lawd_msgs/lawd_msgs/msg/geometry.h
[2.042s] -- Up-to-date: /home/vedh/workspaces/lawd_ws/install/lawd_msgs/include/lawd_msgs/lawd_msgs/msg/rosidl_generator_c__visibility_control.h
[2.042s] -- Up-to-date: /home/vedh/workspaces/lawd_ws/install/lawd_msgs/include/lawd_msgs/lawd_msgs/msg/joy_ctrl_cmds.h
[2.043s] -- Up-to-date: /home/vedh/workspaces/lawd_ws/install/lawd_msgs/include/lawd_msgs/lawd_msgs/msg/detail
[2.043s] -- Up-to-date: /home/vedh/workspaces/lawd_ws/install/lawd_msgs/include/lawd_msgs/lawd_msgs/msg/detail/limits__functions.h
[2.043s] -- Up-to-date: /home/vedh/workspaces/lawd_ws/install/lawd_msgs/include/lawd_msgs/lawd_msgs/msg/detail/joy_ctrl_cmds__functions.h
[2.043s] -- Up-to-date: /home/vedh/workspaces/lawd_ws/install/lawd_msgs/include/lawd_msgs/lawd_msgs/msg/detail/geometry__struct.h
[2.043s] -- Up-to-date: /home/vedh/workspaces/lawd_ws/install/lawd_msgs/include/lawd_msgs/lawd_msgs/msg/detail/limits__functions.c
[2.043s] -- Up-to-date: /home/vedh/workspaces/lawd_ws/install/lawd_msgs/include/lawd_msgs/lawd_msgs/msg/detail/geometry__functions.c
[2.043s] -- Up-to-date: /home/vedh/workspaces/lawd_ws/install/lawd_msgs/include/lawd_msgs/lawd_msgs/msg/detail/joy_ctrl_cmds__struct.h
[2.043s] -- Up-to-date: /home/vedh/workspaces/lawd_ws/install/lawd_msgs/include/lawd_msgs/lawd_msgs/msg/detail/joy_ctrl_cmds__type_support.h
[2.043s] -- Up-to-date: /home/vedh/workspaces/lawd_ws/install/lawd_msgs/include/lawd_msgs/lawd_msgs/msg/detail/limits__struct.h
[2.043s] -- Up-to-date: /home/vedh/workspaces/lawd_ws/install/lawd_msgs/include/lawd_msgs/lawd_msgs/msg/detail/geometry__functions.h
[2.043s] -- Up-to-date: /home/vedh/workspaces/lawd_ws/install/lawd_msgs/include/lawd_msgs/lawd_msgs/msg/detail/joy_ctrl_cmds__functions.c
[2.043s] -- Up-to-date: /home/vedh/workspaces/lawd_ws/install/lawd_msgs/include/lawd_msgs/lawd_msgs/msg/detail/limits__type_support.h
[2.044s] -- Up-to-date: /home/vedh/workspaces/lawd_ws/install/lawd_msgs/include/lawd_msgs/lawd_msgs/msg/detail/geometry__type_support.h
[2.044s] -- Up-to-date: /home/vedh/workspaces/lawd_ws/install/lawd_msgs/share/lawd_msgs/environment/library_path.sh
[2.044s] -- Up-to-date: /home/vedh/workspaces/lawd_ws/install/lawd_msgs/share/lawd_msgs/environment/library_path.dsv
[2.044s] -- Up-to-date: /home/vedh/workspaces/lawd_ws/install/lawd_msgs/lib/libhyperdog_msgs__rosidl_generator_c.so
[2.044s] -- Up-to-date: /home/vedh/workspaces/lawd_ws/install/lawd_msgs/include/lawd_msgs/lawd_msgs
[2.044s] -- Up-to-date: /home/vedh/workspaces/lawd_ws/install/lawd_msgs/include/lawd_msgs/lawd_msgs/msg
[2.045s] -- Up-to-date: /home/vedh/workspaces/lawd_ws/install/lawd_msgs/include/lawd_msgs/lawd_msgs/msg/rosidl_typesupport_fastrtps_c__visibility_control.h
[2.045s] -- Up-to-date: /home/vedh/workspaces/lawd_ws/install/lawd_msgs/include/lawd_msgs/lawd_msgs/msg/detail
[2.045s] -- Up-to-date: /home/vedh/workspaces/lawd_ws/install/lawd_msgs/include/lawd_msgs/lawd_msgs/msg/detail/limits__rosidl_typesupport_fastrtps_c.h
[2.045s] -- Up-to-date: /home/vedh/workspaces/lawd_ws/install/lawd_msgs/include/lawd_msgs/lawd_msgs/msg/detail/geometry__rosidl_typesupport_fastrtps_c.h
[2.045s] -- Up-to-date: /home/vedh/workspaces/lawd_ws/install/lawd_msgs/include/lawd_msgs/lawd_msgs/msg/detail/joy_ctrl_cmds__rosidl_typesupport_fastrtps_c.h
[2.045s] -- Installing: /home/vedh/workspaces/lawd_ws/install/lawd_msgs/lib/libhyperdog_msgs__rosidl_typesupport_fastrtps_c.so
[2.045s] -- Set runtime path of "/home/vedh/workspaces/lawd_ws/install/lawd_msgs/lib/libhyperdog_msgs__rosidl_typesupport_fastrtps_c.so" to ""
[2.045s] -- Up-to-date: /home/vedh/workspaces/lawd_ws/install/lawd_msgs/include/lawd_msgs/lawd_msgs
[2.045s] -- Up-to-date: /home/vedh/workspaces/lawd_ws/install/lawd_msgs/include/lawd_msgs/lawd_msgs/msg
[2.046s] -- Up-to-date: /home/vedh/workspaces/lawd_ws/install/lawd_msgs/include/lawd_msgs/lawd_msgs/msg/detail
[2.046s] -- Up-to-date: /home/vedh/workspaces/lawd_ws/install/lawd_msgs/include/lawd_msgs/lawd_msgs/msg/detail/limits__struct.hpp
[2.046s] -- Up-to-date: /home/vedh/workspaces/lawd_ws/install/lawd_msgs/include/lawd_msgs/lawd_msgs/msg/detail/joy_ctrl_cmds__struct.hpp
[2.046s] -- Up-to-date: /home/vedh/workspaces/lawd_ws/install/lawd_msgs/include/lawd_msgs/lawd_msgs/msg/detail/geometry__traits.hpp
[2.046s] -- Up-to-date: /home/vedh/workspaces/lawd_ws/install/lawd_msgs/include/lawd_msgs/lawd_msgs/msg/detail/limits__traits.hpp
[2.046s] -- Up-to-date: /home/vedh/workspaces/lawd_ws/install/lawd_msgs/include/lawd_msgs/lawd_msgs/msg/detail/joy_ctrl_cmds__builder.hpp
[2.046s] -- Up-to-date: /home/vedh/workspaces/lawd_ws/install/lawd_msgs/include/lawd_msgs/lawd_msgs/msg/detail/geometry__builder.hpp
[2.046s] -- Up-to-date: /home/vedh/workspaces/lawd_ws/install/lawd_msgs/include/lawd_msgs/lawd_msgs/msg/detail/geometry__struct.hpp
[2.046s] -- Up-to-date: /home/vedh/workspaces/lawd_ws/install/lawd_msgs/include/lawd_msgs/lawd_msgs/msg/detail/limits__builder.hpp
[2.046s] -- Up-to-date: /home/vedh/workspaces/lawd_ws/install/lawd_msgs/include/lawd_msgs/lawd_msgs/msg/detail/joy_ctrl_cmds__traits.hpp
[2.047s] -- Up-to-date: /home/vedh/workspaces/lawd_ws/install/lawd_msgs/include/lawd_msgs/lawd_msgs/msg/limits.hpp
[2.047s] -- Up-to-date: /home/vedh/workspaces/lawd_ws/install/lawd_msgs/include/lawd_msgs/lawd_msgs/msg/joy_ctrl_cmds.hpp
[2.047s] -- Up-to-date: /home/vedh/workspaces/lawd_ws/install/lawd_msgs/include/lawd_msgs/lawd_msgs/msg/geometry.hpp
[2.047s] -- Up-to-date: /home/vedh/workspaces/lawd_ws/install/lawd_msgs/include/lawd_msgs/lawd_msgs
[2.047s] -- Up-to-date: /home/vedh/workspaces/lawd_ws/install/lawd_msgs/include/lawd_msgs/lawd_msgs/msg
[2.047s] -- Up-to-date: /home/vedh/workspaces/lawd_ws/install/lawd_msgs/include/lawd_msgs/lawd_msgs/msg/detail
[2.047s] -- Up-to-date: /home/vedh/workspaces/lawd_ws/install/lawd_msgs/include/lawd_msgs/lawd_msgs/msg/detail/dds_fastrtps
[2.047s] -- Up-to-date: /home/vedh/workspaces/lawd_ws/install/lawd_msgs/include/lawd_msgs/lawd_msgs/msg/detail/joy_ctrl_cmds__rosidl_typesupport_fastrtps_cpp.hpp
[2.047s] -- Up-to-date: /home/vedh/workspaces/lawd_ws/install/lawd_msgs/include/lawd_msgs/lawd_msgs/msg/detail/limits__rosidl_typesupport_fastrtps_cpp.hpp
[2.047s] -- Up-to-date: /home/vedh/workspaces/lawd_ws/install/lawd_msgs/include/lawd_msgs/lawd_msgs/msg/detail/geometry__rosidl_typesupport_fastrtps_cpp.hpp
[2.047s] -- Up-to-date: /home/vedh/workspaces/lawd_ws/install/lawd_msgs/include/lawd_msgs/lawd_msgs/msg/rosidl_typesupport_fastrtps_cpp__visibility_control.h
[2.047s] -- Installing: /home/vedh/workspaces/lawd_ws/install/lawd_msgs/lib/libhyperdog_msgs__rosidl_typesupport_fastrtps_cpp.so
[2.047s] -- Set runtime path of "/home/vedh/workspaces/lawd_ws/install/lawd_msgs/lib/libhyperdog_msgs__rosidl_typesupport_fastrtps_cpp.so" to ""
[2.047s] -- Up-to-date: /home/vedh/workspaces/lawd_ws/install/lawd_msgs/include/lawd_msgs/lawd_msgs
[2.047s] -- Up-to-date: /home/vedh/workspaces/lawd_ws/install/lawd_msgs/include/lawd_msgs/lawd_msgs/msg
[2.048s] -- Up-to-date: /home/vedh/workspaces/lawd_ws/install/lawd_msgs/include/lawd_msgs/lawd_msgs/msg/detail
[2.048s] -- Up-to-date: /home/vedh/workspaces/lawd_ws/install/lawd_msgs/include/lawd_msgs/lawd_msgs/msg/detail/geometry__rosidl_typesupport_introspection_c.h
[2.048s] -- Up-to-date: /home/vedh/workspaces/lawd_ws/install/lawd_msgs/include/lawd_msgs/lawd_msgs/msg/detail/limits__type_support.c
[2.048s] -- Up-to-date: /home/vedh/workspaces/lawd_ws/install/lawd_msgs/include/lawd_msgs/lawd_msgs/msg/detail/limits__rosidl_typesupport_introspection_c.h
[2.048s] -- Up-to-date: /home/vedh/workspaces/lawd_ws/install/lawd_msgs/include/lawd_msgs/lawd_msgs/msg/detail/joy_ctrl_cmds__rosidl_typesupport_introspection_c.h
[2.048s] -- Up-to-date: /home/vedh/workspaces/lawd_ws/install/lawd_msgs/include/lawd_msgs/lawd_msgs/msg/detail/geometry__type_support.c
[2.048s] -- Up-to-date: /home/vedh/workspaces/lawd_ws/install/lawd_msgs/include/lawd_msgs/lawd_msgs/msg/detail/joy_ctrl_cmds__type_support.c
[2.048s] -- Up-to-date: /home/vedh/workspaces/lawd_ws/install/lawd_msgs/include/lawd_msgs/lawd_msgs/msg/rosidl_typesupport_introspection_c__visibility_control.h
[2.048s] -- Up-to-date: /home/vedh/workspaces/lawd_ws/install/lawd_msgs/lib/libhyperdog_msgs__rosidl_typesupport_introspection_c.so
[2.048s] -- Up-to-date: /home/vedh/workspaces/lawd_ws/install/lawd_msgs/lib/libhyperdog_msgs__rosidl_typesupport_c.so
[2.048s] -- Up-to-date: /home/vedh/workspaces/lawd_ws/install/lawd_msgs/include/lawd_msgs/lawd_msgs
[2.048s] -- Up-to-date: /home/vedh/workspaces/lawd_ws/install/lawd_msgs/include/lawd_msgs/lawd_msgs/msg
[2.048s] -- Up-to-date: /home/vedh/workspaces/lawd_ws/install/lawd_msgs/include/lawd_msgs/lawd_msgs/msg/detail
[2.048s] -- Up-to-date: /home/vedh/workspaces/lawd_ws/install/lawd_msgs/include/lawd_msgs/lawd_msgs/msg/detail/geometry__type_support.cpp
[2.048s] -- Up-to-date: /home/vedh/workspaces/lawd_ws/install/lawd_msgs/include/lawd_msgs/lawd_msgs/msg/detail/joy_ctrl_cmds__rosidl_typesupport_introspection_cpp.hpp
[2.048s] -- Up-to-date: /home/vedh/workspaces/lawd_ws/install/lawd_msgs/include/lawd_msgs/lawd_msgs/msg/detail/joy_ctrl_cmds__type_support.cpp
[2.049s] -- Up-to-date: /home/vedh/workspaces/lawd_ws/install/lawd_msgs/include/lawd_msgs/lawd_msgs/msg/detail/limits__type_support.cpp
[2.049s] -- Up-to-date: /home/vedh/workspaces/lawd_ws/install/lawd_msgs/include/lawd_msgs/lawd_msgs/msg/detail/limits__rosidl_typesupport_introspection_cpp.hpp
[2.049s] -- Up-to-date: /home/vedh/workspaces/lawd_ws/install/lawd_msgs/include/lawd_msgs/lawd_msgs/msg/detail/geometry__rosidl_typesupport_introspection_cpp.hpp
[2.049s] -- Installing: /home/vedh/workspaces/lawd_ws/install/lawd_msgs/lib/libhyperdog_msgs__rosidl_typesupport_introspection_cpp.so
[2.049s] -- Set runtime path of "/home/vedh/workspaces/lawd_ws/install/lawd_msgs/lib/libhyperdog_msgs__rosidl_typesupport_introspection_cpp.so" to ""
[2.049s] -- Installing: /home/vedh/workspaces/lawd_ws/install/lawd_msgs/lib/libhyperdog_msgs__rosidl_typesupport_cpp.so
[2.049s] -- Set runtime path of "/home/vedh/workspaces/lawd_ws/install/lawd_msgs/lib/libhyperdog_msgs__rosidl_typesupport_cpp.so" to ""
[2.049s] -- Up-to-date: /home/vedh/workspaces/lawd_ws/install/lawd_msgs/share/lawd_msgs/environment/pythonpath.sh
[2.049s] -- Up-to-date: /home/vedh/workspaces/lawd_ws/install/lawd_msgs/share/lawd_msgs/environment/pythonpath.dsv
[2.049s] -- Up-to-date: /home/vedh/workspaces/lawd_ws/install/lawd_msgs/local/lib/python3.10/dist-packages/lawd_msgs-0.0.0-py3.10.egg-info
[2.049s] -- Installing: /home/vedh/workspaces/lawd_ws/install/lawd_msgs/local/lib/python3.10/dist-packages/lawd_msgs-0.0.0-py3.10.egg-info/top_level.txt
[2.049s] -- Installing: /home/vedh/workspaces/lawd_ws/install/lawd_msgs/local/lib/python3.10/dist-packages/lawd_msgs-0.0.0-py3.10.egg-info/SOURCES.txt
[2.050s] -- Installing: /home/vedh/workspaces/lawd_ws/install/lawd_msgs/local/lib/python3.10/dist-packages/lawd_msgs-0.0.0-py3.10.egg-info/dependency_links.txt
[2.050s] -- Installing: /home/vedh/workspaces/lawd_ws/install/lawd_msgs/local/lib/python3.10/dist-packages/lawd_msgs-0.0.0-py3.10.egg-info/PKG-INFO
[2.050s] -- Up-to-date: /home/vedh/workspaces/lawd_ws/install/lawd_msgs/local/lib/python3.10/dist-packages/lawd_msgs
[2.050s] -- Installing: /home/vedh/workspaces/lawd_ws/install/lawd_msgs/local/lib/python3.10/dist-packages/lawd_msgs/lawd_msgs_s__rosidl_typesupport_c.cpython-310-x86_64-linux-gnu.so
[2.050s] -- Up-to-date: /home/vedh/workspaces/lawd_ws/install/lawd_msgs/local/lib/python3.10/dist-packages/lawd_msgs/__init__.py
[2.050s] -- Up-to-date: /home/vedh/workspaces/lawd_ws/install/lawd_msgs/local/lib/python3.10/dist-packages/lawd_msgs/_lawd_msgs_s.ep.rosidl_typesupport_fastrtps_c.c
[2.050s] -- Up-to-date: /home/vedh/workspaces/lawd_ws/install/lawd_msgs/local/lib/python3.10/dist-packages/lawd_msgs/_lawd_msgs_s.ep.rosidl_typesupport_c.c
[2.050s] -- Installing: /home/vedh/workspaces/lawd_ws/install/lawd_msgs/local/lib/python3.10/dist-packages/lawd_msgs/lawd_msgs_s__rosidl_typesupport_introspection_c.cpython-310-x86_64-linux-gnu.so
[2.050s] -- Installing: /home/vedh/workspaces/lawd_ws/install/lawd_msgs/local/lib/python3.10/dist-packages/lawd_msgs/lawd_msgs_s__rosidl_typesupport_fastrtps_c.cpython-310-x86_64-linux-gnu.so
[2.050s] -- Up-to-date: /home/vedh/workspaces/lawd_ws/install/lawd_msgs/local/lib/python3.10/dist-packages/lawd_msgs/_lawd_msgs_s.ep.rosidl_typesupport_introspection_c.c
[2.050s] -- Installing: /home/vedh/workspaces/lawd_ws/install/lawd_msgs/local/lib/python3.10/dist-packages/lawd_msgs/libhyperdog_msgs__rosidl_generator_py.so
[2.050s] -- Up-to-date: /home/vedh/workspaces/lawd_ws/install/lawd_msgs/local/lib/python3.10/dist-packages/lawd_msgs/msg
[2.050s] -- Up-to-date: /home/vedh/workspaces/lawd_ws/install/lawd_msgs/local/lib/python3.10/dist-packages/lawd_msgs/msg/__init__.py
[2.050s] -- Up-to-date: /home/vedh/workspaces/lawd_ws/install/lawd_msgs/local/lib/python3.10/dist-packages/lawd_msgs/msg/_limits.py
[2.050s] -- Up-to-date: /home/vedh/workspaces/lawd_ws/install/lawd_msgs/local/lib/python3.10/dist-packages/lawd_msgs/msg/_geometry.py
[2.050s] -- Up-to-date: /home/vedh/workspaces/lawd_ws/install/lawd_msgs/local/lib/python3.10/dist-packages/lawd_msgs/msg/_joy_ctrl_cmds_s.c
[2.051s] -- Up-to-date: /home/vedh/workspaces/lawd_ws/install/lawd_msgs/local/lib/python3.10/dist-packages/lawd_msgs/msg/_geometry_s.c
[2.051s] -- Up-to-date: /home/vedh/workspaces/lawd_ws/install/lawd_msgs/local/lib/python3.10/dist-packages/lawd_msgs/msg/_joy_ctrl_cmds.py
[2.051s] -- Up-to-date: /home/vedh/workspaces/lawd_ws/install/lawd_msgs/local/lib/python3.10/dist-packages/lawd_msgs/msg/_limits_s.c
[2.085s] Listing '/home/vedh/workspaces/lawd_ws/install/lawd_msgs/local/lib/python3.10/dist-packages/lawd_msgs'...
[2.085s] Listing '/home/vedh/workspaces/lawd_ws/install/lawd_msgs/local/lib/python3.10/dist-packages/lawd_msgs/msg'...
[2.088s] -- Installing: /home/vedh/workspaces/lawd_ws/install/lawd_msgs/local/lib/python3.10/dist-packages/lawd_msgs/lawd_msgs_s__rosidl_typesupport_fastrtps_c.cpython-310-x86_64-linux-gnu.so
[2.089s] -- Set runtime path of "/home/vedh/workspaces/lawd_ws/install/lawd_msgs/local/lib/python3.10/dist-packages/lawd_msgs/lawd_msgs_s__rosidl_typesupport_fastrtps_c.cpython-310-x86_64-linux-gnu.so" to ""
[2.089s] -- Installing: /home/vedh/workspaces/lawd_ws/install/lawd_msgs/local/lib/python3.10/dist-packages/lawd_msgs/lawd_msgs_s__rosidl_typesupport_introspection_c.cpython-310-x86_64-linux-gnu.so
[2.089s] -- Set runtime path of "/home/vedh/workspaces/lawd_ws/install/lawd_msgs/local/lib/python3.10/dist-packages/lawd_msgs/lawd_msgs_s__rosidl_typesupport_introspection_c.cpython-310-x86_64-linux-gnu.so" to ""
[2.089s] -- Installing: /home/vedh/workspaces/lawd_ws/install/lawd_msgs/local/lib/python3.10/dist-packages/lawd_msgs/lawd_msgs_s__rosidl_typesupport_c.cpython-310-x86_64-linux-gnu.so
[2.089s] -- Set runtime path of "/home/vedh/workspaces/lawd_ws/install/lawd_msgs/local/lib/python3.10/dist-packages/lawd_msgs/lawd_msgs_s__rosidl_typesupport_c.cpython-310-x86_64-linux-gnu.so" to ""
[2.089s] -- Installing: /home/vedh/workspaces/lawd_ws/install/lawd_msgs/lib/libhyperdog_msgs__rosidl_generator_py.so
[2.090s] -- Set runtime path of "/home/vedh/workspaces/lawd_ws/install/lawd_msgs/lib/libhyperdog_msgs__rosidl_generator_py.so" to ""
[2.090s] -- Up-to-date: /home/vedh/workspaces/lawd_ws/install/lawd_msgs/share/lawd_msgs/msg/JoyCtrlCmds.idl
[2.090s] -- Up-to-date: /home/vedh/workspaces/lawd_ws/install/lawd_msgs/share/lawd_msgs/msg/Limits.idl
[2.090s] -- Up-to-date: /home/vedh/workspaces/lawd_ws/install/lawd_msgs/share/lawd_msgs/msg/Geometry.idl
[2.090s] -- Up-to-date: /home/vedh/workspaces/lawd_ws/install/lawd_msgs/share/lawd_msgs/msg/JoyCtrlCmds.msg
[2.090s] -- Up-to-date: /home/vedh/workspaces/lawd_ws/install/lawd_msgs/share/lawd_msgs/msg/Limits.msg
[2.090s] -- Up-to-date: /home/vedh/workspaces/lawd_ws/install/lawd_msgs/share/lawd_msgs/msg/Geometry.msg
[2.090s] -- Up-to-date: /home/vedh/workspaces/lawd_ws/install/lawd_msgs/share/ament_index/resource_index/package_run_dependencies/lawd_msgs
[2.090s] -- Up-to-date: /home/vedh/workspaces/lawd_ws/install/lawd_msgs/share/ament_index/resource_index/parent_prefix_path/lawd_msgs
[2.090s] -- Installing: /home/vedh/workspaces/lawd_ws/install/lawd_msgs/share/lawd_msgs/environment/ament_prefix_path.sh
[2.090s] -- Up-to-date: /home/vedh/workspaces/lawd_ws/install/lawd_msgs/share/lawd_msgs/environment/ament_prefix_path.dsv
[2.090s] -- Installing: /home/vedh/workspaces/lawd_ws/install/lawd_msgs/share/lawd_msgs/environment/path.sh
[2.091s] -- Up-to-date: /home/vedh/workspaces/lawd_ws/install/lawd_msgs/share/lawd_msgs/environment/path.dsv
[2.091s] -- Up-to-date: /home/vedh/workspaces/lawd_ws/install/lawd_msgs/share/lawd_msgs/local_setup.bash
[2.091s] -- Up-to-date: /home/vedh/workspaces/lawd_ws/install/lawd_msgs/share/lawd_msgs/local_setup.sh
[2.091s] -- Up-to-date: /home/vedh/workspaces/lawd_ws/install/lawd_msgs/share/lawd_msgs/local_setup.zsh
[2.091s] -- Up-to-date: /home/vedh/workspaces/lawd_ws/install/lawd_msgs/share/lawd_msgs/local_setup.dsv
[2.091s] -- Installing: /home/vedh/workspaces/lawd_ws/install/lawd_msgs/share/lawd_msgs/package.dsv
[2.091s] -- Up-to-date: /home/vedh/workspaces/lawd_ws/install/lawd_msgs/share/ament_index/resource_index/packages/lawd_msgs
[2.091s] -- Up-to-date: /home/vedh/workspaces/lawd_ws/install/lawd_msgs/share/lawd_msgs/cmake/export_hyperdog_msgs__rosidl_generator_cExport.cmake
[2.091s] -- Up-to-date: /home/vedh/workspaces/lawd_ws/install/lawd_msgs/share/lawd_msgs/cmake/export_hyperdog_msgs__rosidl_generator_cExport-noconfig.cmake
[2.092s] -- Up-to-date: /home/vedh/workspaces/lawd_ws/install/lawd_msgs/share/lawd_msgs/cmake/export_hyperdog_msgs__rosidl_typesupport_fastrtps_cExport.cmake
[2.092s] -- Up-to-date: /home/vedh/workspaces/lawd_ws/install/lawd_msgs/share/lawd_msgs/cmake/export_hyperdog_msgs__rosidl_typesupport_fastrtps_cExport-noconfig.cmake
[2.092s] -- Up-to-date: /home/vedh/workspaces/lawd_ws/install/lawd_msgs/share/lawd_msgs/cmake/export_hyperdog_msgs__rosidl_generator_cppExport.cmake
[2.092s] -- Up-to-date: /home/vedh/workspaces/lawd_ws/install/lawd_msgs/share/lawd_msgs/cmake/export_hyperdog_msgs__rosidl_typesupport_fastrtps_cppExport.cmake
[2.092s] -- Up-to-date: /home/vedh/workspaces/lawd_ws/install/lawd_msgs/share/lawd_msgs/cmake/export_hyperdog_msgs__rosidl_typesupport_fastrtps_cppExport-noconfig.cmake
[2.092s] -- Up-to-date: /home/vedh/workspaces/lawd_ws/install/lawd_msgs/share/lawd_msgs/cmake/hyperdog_msgs__rosidl_typesupport_introspection_cExport.cmake
[2.092s] -- Up-to-date: /home/vedh/workspaces/lawd_ws/install/lawd_msgs/share/lawd_msgs/cmake/hyperdog_msgs__rosidl_typesupport_introspection_cExport-noconfig.cmake
[2.093s] -- Up-to-date: /home/vedh/workspaces/lawd_ws/install/lawd_msgs/share/lawd_msgs/cmake/hyperdog_msgs__rosidl_typesupport_cExport.cmake
[2.093s] -- Up-to-date: /home/vedh/workspaces/lawd_ws/install/lawd_msgs/share/lawd_msgs/cmake/hyperdog_msgs__rosidl_typesupport_cExport-noconfig.cmake
[2.093s] -- Up-to-date: /home/vedh/workspaces/lawd_ws/install/lawd_msgs/share/lawd_msgs/cmake/hyperdog_msgs__rosidl_typesupport_introspection_cppExport.cmake
[2.093s] -- Up-to-date: /home/vedh/workspaces/lawd_ws/install/lawd_msgs/share/lawd_msgs/cmake/hyperdog_msgs__rosidl_typesupport_introspection_cppExport-noconfig.cmake
[2.093s] -- Up-to-date: /home/vedh/workspaces/lawd_ws/install/lawd_msgs/share/lawd_msgs/cmake/hyperdog_msgs__rosidl_typesupport_cppExport.cmake
[2.094s] -- Up-to-date: /home/vedh/workspaces/lawd_ws/install/lawd_msgs/share/lawd_msgs/cmake/hyperdog_msgs__rosidl_typesupport_cppExport-noconfig.cmake
[2.094s] -- Up-to-date: /home/vedh/workspaces/lawd_ws/install/lawd_msgs/share/lawd_msgs/cmake/export_hyperdog_msgs__rosidl_generator_pyExport.cmake
[2.094s] -- Up-to-date: /home/vedh/workspaces/lawd_ws/install/lawd_msgs/share/lawd_msgs/cmake/export_hyperdog_msgs__rosidl_generator_pyExport-noconfig.cmake
[2.094s] -- Up-to-date: /home/vedh/workspaces/lawd_ws/install/lawd_msgs/share/lawd_msgs/cmake/rosidl_cmake-extras.cmake
[2.094s] -- Up-to-date: /home/vedh/workspaces/lawd_ws/install/lawd_msgs/share/lawd_msgs/cmake/ament_cmake_export_dependencies-extras.cmake
[2.094s] -- Up-to-date: /home/vedh/workspaces/lawd_ws/install/lawd_msgs/share/lawd_msgs/cmake/ament_cmake_export_include_directories-extras.cmake
[2.094s] -- Up-to-date: /home/vedh/workspaces/lawd_ws/install/lawd_msgs/share/lawd_msgs/cmake/ament_cmake_export_libraries-extras.cmake
[2.094s] -- Up-to-date: /home/vedh/workspaces/lawd_ws/install/lawd_msgs/share/lawd_msgs/cmake/ament_cmake_export_targets-extras.cmake
[2.094s] -- Up-to-date: /home/vedh/workspaces/lawd_ws/install/lawd_msgs/share/lawd_msgs/cmake/rosidl_cmake_export_typesupport_targets-extras.cmake
[2.095s] -- Up-to-date: /home/vedh/workspaces/lawd_ws/install/lawd_msgs/share/lawd_msgs/cmake/rosidl_cmake_export_typesupport_libraries-extras.cmake
[2.095s] -- Up-to-date: /home/vedh/workspaces/lawd_ws/install/lawd_msgs/share/lawd_msgs/cmake/lawd_msgsConfig.cmake
[2.095s] -- Up-to-date: /home/vedh/workspaces/lawd_ws/install/lawd_msgs/share/lawd_msgs/cmake/lawd_msgsConfig-version.cmake
[2.095s] -- Up-to-date: /home/vedh/workspaces/lawd_ws/install/lawd_msgs/share/lawd_msgs/package.xml
