[0.024s] Invoking command in '/home/vedh/workspaces/lawd_ws/build/lawd_description': CMAKE_PREFIX_PATH=${CMAKE_PREFIX_PATH}:/home/vedh/control_ws/install/rqt_joint_trajectory_controller:/home/vedh/control_ws/install/rqt_controller_manager:/home/vedh/control_ws/install/ros2controlcli:/home/vedh/control_ws/install/ros2_controllers_test_nodes:/home/vedh/workspaces/demo_lawd_ws/install/demo_lawd_description:/opt/ros/humble /usr/bin/cmake --build /home/vedh/workspaces/lawd_ws/build/lawd_description -- -j16 -l16
[0.063s] Invoked command in '/home/vedh/workspaces/lawd_ws/build/lawd_description' returned '0': CMAKE_PREFIX_PATH=${CMAKE_PREFIX_PATH}:/home/vedh/control_ws/install/rqt_joint_trajectory_controller:/home/vedh/control_ws/install/rqt_controller_manager:/home/vedh/control_ws/install/ros2controlcli:/home/vedh/control_ws/install/ros2_controllers_test_nodes:/home/vedh/workspaces/demo_lawd_ws/install/demo_lawd_description:/opt/ros/humble /usr/bin/cmake --build /home/vedh/workspaces/lawd_ws/build/lawd_description -- -j16 -l16
[0.114s] Invoking command in '/home/vedh/workspaces/lawd_ws/build/lawd_description': CMAKE_PREFIX_PATH=${CMAKE_PREFIX_PATH}:/home/vedh/control_ws/install/rqt_joint_trajectory_controller:/home/vedh/control_ws/install/rqt_controller_manager:/home/vedh/control_ws/install/ros2controlcli:/home/vedh/control_ws/install/ros2_controllers_test_nodes:/home/vedh/workspaces/demo_lawd_ws/install/demo_lawd_description:/opt/ros/humble /usr/bin/cmake --install /home/vedh/workspaces/lawd_ws/build/lawd_description
[0.125s] -- Install configuration: ""
[0.125s] -- Up-to-date: /home/vedh/workspaces/lawd_ws/install/lawd_description/share/lawd_description/config
[0.125s] -- Up-to-date: /home/vedh/workspaces/lawd_ws/install/lawd_description/share/lawd_description/config/my_controllers.yaml
[0.125s] -- Up-to-date: /home/vedh/workspaces/lawd_ws/install/lawd_description/share/lawd_description/config/gazebo_params.yaml
[0.125s] -- Up-to-date: /home/vedh/workspaces/lawd_ws/install/lawd_description/share/lawd_description/config/display.rviz
[0.125s] -- Up-to-date: /home/vedh/workspaces/lawd_ws/install/lawd_description/share/lawd_description/config/gaz_ros2_ctl_use_sim.yaml
[0.125s] -- Up-to-date: /home/vedh/workspaces/lawd_ws/install/lawd_description/share/lawd_description/urdf
[0.125s] -- Up-to-date: /home/vedh/workspaces/lawd_ws/install/lawd_description/share/lawd_description/urdf/consts.xacro
[0.125s] -- Up-to-date: /home/vedh/workspaces/lawd_ws/install/lawd_description/share/lawd_description/urdf/lawd.xacro
[0.125s] -- Up-to-date: /home/vedh/workspaces/lawd_ws/install/lawd_description/share/lawd_description/urdf/lawd_ros2_control.xacro
[0.125s] -- Installing: /home/vedh/workspaces/lawd_ws/install/lawd_description/share/lawd_description/urdf/lawd_urdf_joints.xacro
[0.125s] -- Up-to-date: /home/vedh/workspaces/lawd_ws/install/lawd_description/share/lawd_description/urdf/lawd.gazebo
[0.125s] -- Up-to-date: /home/vedh/workspaces/lawd_ws/install/lawd_description/share/lawd_description/urdf/lawd_urdf_links.xacro
[0.126s] -- Up-to-date: /home/vedh/workspaces/lawd_ws/install/lawd_description/share/lawd_description/urdf/materials.xacro
[0.126s] -- Up-to-date: /home/vedh/workspaces/lawd_ws/install/lawd_description/share/lawd_description/urdf/physics.xacro
[0.126s] -- Up-to-date: /home/vedh/workspaces/lawd_ws/install/lawd_description/share/lawd_description/launch
[0.126s] -- Up-to-date: /home/vedh/workspaces/lawd_ws/install/lawd_description/share/lawd_description/launch/rsp.launch.py
[0.126s] -- Up-to-date: /home/vedh/workspaces/lawd_ws/install/lawd_description/share/lawd_description/launch/display.launch.py
[0.126s] -- Up-to-date: /home/vedh/workspaces/lawd_ws/install/lawd_description/share/lawd_description/launch/gazebo.launch.py
[0.126s] -- Up-to-date: /home/vedh/workspaces/lawd_ws/install/lawd_description/share/lawd_description/launch/launch_sim.launch.py
[0.126s] -- Up-to-date: /home/vedh/workspaces/lawd_ws/install/lawd_description/share/lawd_description/worlds
[0.126s] -- Up-to-date: /home/vedh/workspaces/lawd_ws/install/lawd_description/share/lawd_description/include
[0.126s] -- Up-to-date: /home/vedh/workspaces/lawd_ws/install/lawd_description/share/lawd_description/include/lawd_description
[0.126s] -- Up-to-date: /home/vedh/workspaces/lawd_ws/install/lawd_description/share/lawd_description/meshes
[0.126s] -- Up-to-date: /home/vedh/workspaces/lawd_ws/install/lawd_description/share/lawd_description/meshes/back_right_wing_1.stl
[0.126s] -- Up-to-date: /home/vedh/workspaces/lawd_ws/install/lawd_description/share/lawd_description/meshes/back_right_ext_1.stl
[0.126s] -- Up-to-date: /home/vedh/workspaces/lawd_ws/install/lawd_description/share/lawd_description/meshes/front_left_prop_1.stl
[0.126s] -- Up-to-date: /home/vedh/workspaces/lawd_ws/install/lawd_description/share/lawd_description/meshes/back_left_sec_1.stl
[0.126s] -- Up-to-date: /home/vedh/workspaces/lawd_ws/install/lawd_description/share/lawd_description/meshes/base_link.stl
[0.126s] -- Up-to-date: /home/vedh/workspaces/lawd_ws/install/lawd_description/share/lawd_description/meshes/front_left_first_1.stl
[0.126s] -- Up-to-date: /home/vedh/workspaces/lawd_ws/install/lawd_description/share/lawd_description/meshes/back_right_first_1.stl
[0.126s] -- Up-to-date: /home/vedh/workspaces/lawd_ws/install/lawd_description/share/lawd_description/meshes/front_left_wing_1.stl
[0.126s] -- Up-to-date: /home/vedh/workspaces/lawd_ws/install/lawd_description/share/lawd_description/meshes/front_right_prop_1.stl
[0.126s] -- Up-to-date: /home/vedh/workspaces/lawd_ws/install/lawd_description/share/lawd_description/meshes/back_left_wing_1.stl
[0.126s] -- Up-to-date: /home/vedh/workspaces/lawd_ws/install/lawd_description/share/lawd_description/meshes/front_left_sec_1.stl
[0.126s] -- Up-to-date: /home/vedh/workspaces/lawd_ws/install/lawd_description/share/lawd_description/meshes/front_right_wing_1.stl
[0.127s] -- Up-to-date: /home/vedh/workspaces/lawd_ws/install/lawd_description/share/lawd_description/meshes/back_right_sec_1.stl
[0.127s] -- Up-to-date: /home/vedh/workspaces/lawd_ws/install/lawd_description/share/lawd_description/meshes/back_left_ext_1.stl
[0.127s] -- Up-to-date: /home/vedh/workspaces/lawd_ws/install/lawd_description/share/lawd_description/meshes/front_left_ext_1.stl
[0.127s] -- Up-to-date: /home/vedh/workspaces/lawd_ws/install/lawd_description/share/lawd_description/meshes/front_right_ext_1.stl
[0.127s] -- Up-to-date: /home/vedh/workspaces/lawd_ws/install/lawd_description/share/lawd_description/meshes/back_right_prop_1.stl
[0.127s] -- Up-to-date: /home/vedh/workspaces/lawd_ws/install/lawd_description/share/lawd_description/meshes/back_left_prop_1.stl
[0.127s] -- Up-to-date: /home/vedh/workspaces/lawd_ws/install/lawd_description/share/lawd_description/meshes/front_right_sec_1.stl
[0.127s] -- Up-to-date: /home/vedh/workspaces/lawd_ws/install/lawd_description/share/lawd_description/meshes/back_left_first_1.stl
[0.127s] -- Up-to-date: /home/vedh/workspaces/lawd_ws/install/lawd_description/share/lawd_description/meshes/front_right_first_1.stl
[0.127s] -- Up-to-date: /home/vedh/workspaces/lawd_ws/install/lawd_description/share/lawd_description/src
[0.127s] -- Up-to-date: /home/vedh/workspaces/lawd_ws/install/lawd_description/share/lawd_description/src/joint_trajectory_publisher.py
[0.127s] -- Up-to-date: /home/vedh/workspaces/lawd_ws/install/lawd_description/share/ament_index/resource_index/package_run_dependencies/lawd_description
[0.127s] -- Up-to-date: /home/vedh/workspaces/lawd_ws/install/lawd_description/share/ament_index/resource_index/parent_prefix_path/lawd_description
[0.127s] -- Up-to-date: /home/vedh/workspaces/lawd_ws/install/lawd_description/share/lawd_description/environment/ament_prefix_path.sh
[0.127s] -- Up-to-date: /home/vedh/workspaces/lawd_ws/install/lawd_description/share/lawd_description/environment/ament_prefix_path.dsv
[0.127s] -- Up-to-date: /home/vedh/workspaces/lawd_ws/install/lawd_description/share/lawd_description/environment/path.sh
[0.127s] -- Up-to-date: /home/vedh/workspaces/lawd_ws/install/lawd_description/share/lawd_description/environment/path.dsv
[0.127s] -- Up-to-date: /home/vedh/workspaces/lawd_ws/install/lawd_description/share/lawd_description/local_setup.bash
[0.127s] -- Up-to-date: /home/vedh/workspaces/lawd_ws/install/lawd_description/share/lawd_description/local_setup.sh
[0.127s] -- Up-to-date: /home/vedh/workspaces/lawd_ws/install/lawd_description/share/lawd_description/local_setup.zsh
[0.127s] -- Up-to-date: /home/vedh/workspaces/lawd_ws/install/lawd_description/share/lawd_description/local_setup.dsv
[0.127s] -- Installing: /home/vedh/workspaces/lawd_ws/install/lawd_description/share/lawd_description/package.dsv
[0.127s] -- Up-to-date: /home/vedh/workspaces/lawd_ws/install/lawd_description/share/ament_index/resource_index/packages/lawd_description
[0.128s] -- Up-to-date: /home/vedh/workspaces/lawd_ws/install/lawd_description/share/lawd_description/cmake/lawd_descriptionConfig.cmake
[0.128s] -- Up-to-date: /home/vedh/workspaces/lawd_ws/install/lawd_description/share/lawd_description/cmake/lawd_descriptionConfig-version.cmake
[0.128s] -- Up-to-date: /home/vedh/workspaces/lawd_ws/install/lawd_description/share/lawd_description/package.xml
[0.145s] Invoked command in '/home/vedh/workspaces/lawd_ws/build/lawd_description' returned '0': CMAKE_PREFIX_PATH=${CMAKE_PREFIX_PATH}:/home/vedh/control_ws/install/rqt_joint_trajectory_controller:/home/vedh/control_ws/install/rqt_controller_manager:/home/vedh/control_ws/install/ros2controlcli:/home/vedh/control_ws/install/ros2_controllers_test_nodes:/home/vedh/workspaces/demo_lawd_ws/install/demo_lawd_description:/opt/ros/humble /usr/bin/cmake --install /home/vedh/workspaces/lawd_ws/build/lawd_description
