[0.050s] Invoking command in '/home/vedh/workspaces/lawd_ws/build/gazebo_plugins': CMAKE_PREFIX_PATH=${CMAKE_PREFIX_PATH}:/home/vedh/control_ws/install/rqt_joint_trajectory_controller:/home/vedh/control_ws/install/rqt_controller_manager:/home/vedh/control_ws/install/ros2controlcli:/home/vedh/control_ws/install/ros2_controllers_test_nodes:/home/vedh/workspaces/demo_lawd_ws/install/demo_lawd_description:/opt/ros/humble /usr/bin/cmake /home/vedh/workspaces/lawd_ws/src/gazebo_plugins -DCMAKE_INSTALL_PREFIX=/home/vedh/workspaces/lawd_ws/install/gazebo_plugins
[0.195s] -- The C compiler identification is GNU 11.4.0
[0.313s] -- The CXX compiler identification is GNU 11.4.0
[0.326s] -- Detecting C compiler ABI info
[0.442s] -- Detecting C compiler ABI info - done
[0.449s] -- Check for working C compiler: /usr/bin/cc - skipped
[0.449s] -- Detecting C compile features
[0.449s] -- Detecting C compile features - done
[0.453s] -- Detecting CXX compiler ABI info
[0.556s] -- Detecting CXX compiler ABI info - done
[0.562s] -- Check for working CXX compiler: /usr/bin/c++ - skipped
[0.563s] -- Detecting CXX compile features
[0.563s] -- Detecting CXX compile features - done
[0.581s] [33mCMake Warning (dev) at /usr/share/cmake-3.22/Modules/FindPackageHandleStandardArgs.cmake:438 (message):
[0.581s]   The package name passed to `find_package_handle_standard_args` (PkgConfig)
[0.581s]   does not match the name of the calling package (gazebo).  This can lead to
[0.581s]   problems in calling code that expects `find_package` result variables
[0.581s]   (e.g., `_FOUND`) to follow a certain pattern.
[0.581s] Call Stack (most recent call first):
[0.581s]   /usr/share/cmake-3.22/Modules/FindPkgConfig.cmake:99 (find_package_handle_standard_args)
[0.581s]   /usr/lib/x86_64-linux-gnu/cmake/gazebo/gazebo-config.cmake:72 (include)
[0.581s]   CMakeLists.txt:4 (find_package)
[0.581s] This warning is for project developers.  Use -Wno-dev to suppress it.
[0.581s] [0m
[0.581s] -- Found PkgConfig: /usr/bin/pkg-config (found version "0.29.2") 
[0.585s] -- Checking for module 'bullet>=2.82'
[0.609s] --   Found bullet, version 3.05
[0.834s] -- Found fcl: /usr/include (found suitable version "0.7.0", minimum required is "0.5.0") 
[0.948s] -- Found assimp: /usr/include (found version "5.2.0") 
[0.991s] -- Found DART: /usr/include (Required is at least version "6.6") found components: dart 
[1.270s] -- Found Boost: /usr/lib/x86_64-linux-gnu/cmake/Boost-1.74.0/BoostConfig.cmake (found suitable version "1.74.0", minimum required is "1.40.0") found components: thread system filesystem program_options regex iostreams date_time 
[1.297s] -- Found Protobuf: /usr/lib/x86_64-linux-gnu/libprotobuf.so (found version "3.12.4") 
[1.310s] -- Looking for ignition-math6 -- found version 6.15.1
[1.322s] -- Searching for dependencies of ignition-math6
[1.324s] -- Looking for OGRE...
[1.325s] -- OGRE_PREFIX_WATCH changed.
[1.332s] -- Checking for module 'OGRE'
[1.355s] --   Found OGRE, version 1.9.0
[1.455s] -- Found Ogre Ghadamon (1.9.0)
[1.474s] -- Found OGRE: optimized;/usr/lib/x86_64-linux-gnu/libOgreMain.so;debug;/usr/lib/x86_64-linux-gnu/libOgreMain.so
[1.481s] -- Looking for OGRE_Paging...
[1.489s] -- Found OGRE_Paging: optimized;/usr/lib/x86_64-linux-gnu/libOgrePaging.so;debug;/usr/lib/x86_64-linux-gnu/libOgrePaging.so
[1.489s] -- Looking for OGRE_Terrain...
[1.497s] -- Found OGRE_Terrain: optimized;/usr/lib/x86_64-linux-gnu/libOgreTerrain.so;debug;/usr/lib/x86_64-linux-gnu/libOgreTerrain.so
[1.497s] -- Looking for OGRE_Property...
[1.504s] -- Found OGRE_Property: optimized;/usr/lib/x86_64-linux-gnu/libOgreProperty.so;debug;/usr/lib/x86_64-linux-gnu/libOgreProperty.so
[1.505s] -- Looking for OGRE_RTShaderSystem...
[1.512s] -- Found OGRE_RTShaderSystem: optimized;/usr/lib/x86_64-linux-gnu/libOgreRTShaderSystem.so;debug;/usr/lib/x86_64-linux-gnu/libOgreRTShaderSystem.so
[1.513s] -- Looking for OGRE_Volume...
[1.520s] -- Found OGRE_Volume: optimized;/usr/lib/x86_64-linux-gnu/libOgreVolume.so;debug;/usr/lib/x86_64-linux-gnu/libOgreVolume.so
[1.520s] -- Looking for OGRE_Overlay...
[1.528s] -- Found OGRE_Overlay: optimized;/usr/lib/x86_64-linux-gnu/libOgreOverlay.so;debug;/usr/lib/x86_64-linux-gnu/libOgreOverlay.so
[1.700s] -- Looking for ignition-math6 -- found version 6.15.1
[1.706s] -- Looking for ignition-transport8 -- found version 8.2.1
[1.706s] -- Searching for dependencies of ignition-transport8
[1.726s] -- Found Protobuf: /usr/lib/x86_64-linux-gnu/libprotobuf.so (found suitable version "3.12.4", minimum required is "3") 
[1.740s] -- Config-file not installed for ZeroMQ -- checking for pkg-config
[1.746s] -- Checking for module 'libzmq >= 4'
[1.769s] --   Found libzmq , version 4.3.4
[1.850s] -- Found ZeroMQ: TRUE (Required is at least version "4") 
[1.863s] -- Checking for module 'uuid'
[1.900s] --   Found uuid, version 2.37.2
[1.997s] -- Found UUID: TRUE  
[2.015s] -- Looking for ignition-msgs5 -- found version 5.8.1
[2.016s] -- Searching for dependencies of ignition-msgs5
[2.040s] -- Looking for ignition-math6 -- found version 6.15.1
[2.047s] -- Checking for module 'tinyxml2'
[2.068s] --   Found tinyxml2, version 9.0.0
[2.172s] -- Looking for ignition-msgs5 -- found version 5.8.1
[2.184s] -- Looking for ignition-common3 -- found version 3.14.0
[2.185s] -- Searching for dependencies of ignition-common3
[2.186s] -- Looking for dlfcn.h - found
[2.187s] -- Looking for libdl - found
[2.189s] -- Found DL: TRUE  
[2.204s] -- Found tinyobjloader: /usr/lib/x86_64-linux-gnu/cmake/tinyobjloader/tinyobjloader-config.cmake (found version "2.0.0") 
[2.225s] -- Searching for <ignition-common3> component [graphics]
[2.236s] -- Looking for ignition-common3-graphics -- found version 3.14.0
[2.237s] -- Searching for dependencies of ignition-common3-graphics
[2.237s] -- Looking for ignition-math6 -- found version 6.15.1
[2.244s] -- Looking for ignition-fuel_tools4 -- found version 4.4.0
[2.244s] -- Searching for dependencies of ignition-fuel_tools4
[2.407s] -- Found CURL: /usr/lib/x86_64-linux-gnu/libcurl.so (found version "7.81.0")  
[2.424s] -- Checking for module 'jsoncpp'
[2.447s] --   Found jsoncpp, version 1.9.5
[2.537s] -- Found JSONCPP: TRUE  
[2.561s] -- Checking for module 'libzip'
[2.591s] --   Found libzip, version 1.7.3
[2.688s] -- Found ZIP: TRUE  
[2.688s] -- Looking for ignition-common3 -- found version 3.14.0
[2.689s] -- Looking for ignition-math6 -- found version 6.15.1
[2.690s] -- Looking for ignition-msgs5 -- found version 5.8.1
[2.708s] -- Found ament_cmake: 1.3.8 (/opt/ros/humble/share/ament_cmake/cmake)
[3.022s] -- Found Python3: /usr/bin/python3 (found version "3.10.12") found components: Interpreter 
[3.182s] -- Found rclcpp: 16.0.8 (/opt/ros/humble/share/rclcpp/cmake)
[3.256s] -- Found rosidl_generator_c: 3.1.5 (/opt/ros/humble/share/rosidl_generator_c/cmake)
[3.269s] -- Found rosidl_adapter: 3.1.5 (/opt/ros/humble/share/rosidl_adapter/cmake)
[3.306s] -- Found rosidl_generator_cpp: 3.1.5 (/opt/ros/humble/share/rosidl_generator_cpp/cmake)
[3.328s] -- Using all available rosidl_typesupport_c: rosidl_typesupport_fastrtps_c;rosidl_typesupport_introspection_c
[3.382s] -- Using all available rosidl_typesupport_cpp: rosidl_typesupport_fastrtps_cpp;rosidl_typesupport_introspection_cpp
[3.476s] -- Found rmw_implementation_cmake: 6.1.1 (/opt/ros/humble/share/rmw_implementation_cmake/cmake)
[3.484s] -- Found rmw_fastrtps_cpp: 6.2.6 (/opt/ros/humble/share/rmw_fastrtps_cpp/cmake)
[3.661s] -- Found OpenSSL: /usr/lib/x86_64-linux-gnu/libcrypto.so (found version "3.0.2")  
[3.691s] -- Found FastRTPS: /opt/ros/humble/include  
[3.744s] -- Using RMW implementation 'rmw_fastrtps_cpp' as default
[3.764s] -- Found Threads: TRUE  
[3.907s] -- Found gazebo_ros: 3.7.0 (/opt/ros/humble/share/gazebo_ros/cmake)
[3.915s] -- Gazebo version: 11.10
[3.916s] -- Checking for module 'tbb'
[3.937s] --   Found tbb, version 2021.5.0
[4.025s] [31mCMake Error at /opt/ros/humble/share/ament_cmake_target_dependencies/cmake/ament_target_dependencies.cmake:42 (message):
[4.026s]   ament_target_dependencies() the first argument must be a valid target name
[4.026s] Call Stack (most recent call first):
[4.026s]   CMakeLists.txt:32 (ament_target_dependencies)
[4.026s] 
[4.026s] [0m
[4.026s] -- Configuring incomplete, errors occurred!
[4.026s] See also "/home/vedh/workspaces/lawd_ws/build/gazebo_plugins/CMakeFiles/CMakeOutput.log".
[4.039s] Invoked command in '/home/vedh/workspaces/lawd_ws/build/gazebo_plugins' returned '1': CMAKE_PREFIX_PATH=${CMAKE_PREFIX_PATH}:/home/vedh/control_ws/install/rqt_joint_trajectory_controller:/home/vedh/control_ws/install/rqt_controller_manager:/home/vedh/control_ws/install/ros2controlcli:/home/vedh/control_ws/install/ros2_controllers_test_nodes:/home/vedh/workspaces/demo_lawd_ws/install/demo_lawd_description:/opt/ros/humble /usr/bin/cmake /home/vedh/workspaces/lawd_ws/src/gazebo_plugins -DCMAKE_INSTALL_PREFIX=/home/vedh/workspaces/lawd_ws/install/gazebo_plugins
