-- Install configuration: ""
-- Up-to-date: /home/vedh/workspaces/lawd_ws/install/lawd_description/share/lawd_description/config
-- Up-to-date: /home/vedh/workspaces/lawd_ws/install/lawd_description/share/lawd_description/config/my_controllers.yaml
-- Up-to-date: /home/vedh/workspaces/lawd_ws/install/lawd_description/share/lawd_description/config/gazebo_params.yaml
-- Up-to-date: /home/vedh/workspaces/lawd_ws/install/lawd_description/share/lawd_description/config/display.rviz
-- Up-to-date: /home/vedh/workspaces/lawd_ws/install/lawd_description/share/lawd_description/config/gaz_ros2_ctl_use_sim.yaml
-- Up-to-date: /home/vedh/workspaces/lawd_ws/install/lawd_description/share/lawd_description/urdf
-- Up-to-date: /home/vedh/workspaces/lawd_ws/install/lawd_description/share/lawd_description/urdf/consts.xacro
-- Up-to-date: /home/vedh/workspaces/lawd_ws/install/lawd_description/share/lawd_description/urdf/lawd.xacro
-- Up-to-date: /home/vedh/workspaces/lawd_ws/install/lawd_description/share/lawd_description/urdf/lawd_ros2_control.xacro
-- Installing: /home/vedh/workspaces/lawd_ws/install/lawd_description/share/lawd_description/urdf/lawd_urdf_joints.xacro
-- Up-to-date: /home/vedh/workspaces/lawd_ws/install/lawd_description/share/lawd_description/urdf/lawd.gazebo
-- Up-to-date: /home/vedh/workspaces/lawd_ws/install/lawd_description/share/lawd_description/urdf/lawd_urdf_links.xacro
-- Up-to-date: /home/vedh/workspaces/lawd_ws/install/lawd_description/share/lawd_description/urdf/materials.xacro
-- Up-to-date: /home/vedh/workspaces/lawd_ws/install/lawd_description/share/lawd_description/urdf/physics.xacro
-- Up-to-date: /home/vedh/workspaces/lawd_ws/install/lawd_description/share/lawd_description/launch
-- Up-to-date: /home/vedh/workspaces/lawd_ws/install/lawd_description/share/lawd_description/launch/rsp.launch.py
-- Up-to-date: /home/vedh/workspaces/lawd_ws/install/lawd_description/share/lawd_description/launch/display.launch.py
-- Up-to-date: /home/vedh/workspaces/lawd_ws/install/lawd_description/share/lawd_description/launch/gazebo.launch.py
-- Up-to-date: /home/vedh/workspaces/lawd_ws/install/lawd_description/share/lawd_description/launch/launch_sim.launch.py
-- Up-to-date: /home/vedh/workspaces/lawd_ws/install/lawd_description/share/lawd_description/worlds
-- Up-to-date: /home/vedh/workspaces/lawd_ws/install/lawd_description/share/lawd_description/include
-- Up-to-date: /home/vedh/workspaces/lawd_ws/install/lawd_description/share/lawd_description/include/lawd_description
-- Up-to-date: /home/vedh/workspaces/lawd_ws/install/lawd_description/share/lawd_description/meshes
-- Up-to-date: /home/vedh/workspaces/lawd_ws/install/lawd_description/share/lawd_description/meshes/back_right_wing_1.stl
-- Up-to-date: /home/vedh/workspaces/lawd_ws/install/lawd_description/share/lawd_description/meshes/back_right_ext_1.stl
-- Up-to-date: /home/vedh/workspaces/lawd_ws/install/lawd_description/share/lawd_description/meshes/front_left_prop_1.stl
-- Up-to-date: /home/vedh/workspaces/lawd_ws/install/lawd_description/share/lawd_description/meshes/back_left_sec_1.stl
-- Up-to-date: /home/vedh/workspaces/lawd_ws/install/lawd_description/share/lawd_description/meshes/base_link.stl
-- Up-to-date: /home/vedh/workspaces/lawd_ws/install/lawd_description/share/lawd_description/meshes/front_left_first_1.stl
-- Up-to-date: /home/vedh/workspaces/lawd_ws/install/lawd_description/share/lawd_description/meshes/back_right_first_1.stl
-- Up-to-date: /home/vedh/workspaces/lawd_ws/install/lawd_description/share/lawd_description/meshes/front_left_wing_1.stl
-- Up-to-date: /home/vedh/workspaces/lawd_ws/install/lawd_description/share/lawd_description/meshes/front_right_prop_1.stl
-- Up-to-date: /home/vedh/workspaces/lawd_ws/install/lawd_description/share/lawd_description/meshes/back_left_wing_1.stl
-- Up-to-date: /home/vedh/workspaces/lawd_ws/install/lawd_description/share/lawd_description/meshes/front_left_sec_1.stl
-- Up-to-date: /home/vedh/workspaces/lawd_ws/install/lawd_description/share/lawd_description/meshes/front_right_wing_1.stl
-- Up-to-date: /home/vedh/workspaces/lawd_ws/install/lawd_description/share/lawd_description/meshes/back_right_sec_1.stl
-- Up-to-date: /home/vedh/workspaces/lawd_ws/install/lawd_description/share/lawd_description/meshes/back_left_ext_1.stl
-- Up-to-date: /home/vedh/workspaces/lawd_ws/install/lawd_description/share/lawd_description/meshes/front_left_ext_1.stl
-- Up-to-date: /home/vedh/workspaces/lawd_ws/install/lawd_description/share/lawd_description/meshes/front_right_ext_1.stl
-- Up-to-date: /home/vedh/workspaces/lawd_ws/install/lawd_description/share/lawd_description/meshes/back_right_prop_1.stl
-- Up-to-date: /home/vedh/workspaces/lawd_ws/install/lawd_description/share/lawd_description/meshes/back_left_prop_1.stl
-- Up-to-date: /home/vedh/workspaces/lawd_ws/install/lawd_description/share/lawd_description/meshes/front_right_sec_1.stl
-- Up-to-date: /home/vedh/workspaces/lawd_ws/install/lawd_description/share/lawd_description/meshes/back_left_first_1.stl
-- Up-to-date: /home/vedh/workspaces/lawd_ws/install/lawd_description/share/lawd_description/meshes/front_right_first_1.stl
-- Up-to-date: /home/vedh/workspaces/lawd_ws/install/lawd_description/share/lawd_description/src
-- Up-to-date: /home/vedh/workspaces/lawd_ws/install/lawd_description/share/lawd_description/src/joint_trajectory_publisher.py
-- Up-to-date: /home/vedh/workspaces/lawd_ws/install/lawd_description/share/ament_index/resource_index/package_run_dependencies/lawd_description
-- Up-to-date: /home/vedh/workspaces/lawd_ws/install/lawd_description/share/ament_index/resource_index/parent_prefix_path/lawd_description
-- Up-to-date: /home/vedh/workspaces/lawd_ws/install/lawd_description/share/lawd_description/environment/ament_prefix_path.sh
-- Up-to-date: /home/vedh/workspaces/lawd_ws/install/lawd_description/share/lawd_description/environment/ament_prefix_path.dsv
-- Up-to-date: /home/vedh/workspaces/lawd_ws/install/lawd_description/share/lawd_description/environment/path.sh
-- Up-to-date: /home/vedh/workspaces/lawd_ws/install/lawd_description/share/lawd_description/environment/path.dsv
-- Up-to-date: /home/vedh/workspaces/lawd_ws/install/lawd_description/share/lawd_description/local_setup.bash
-- Up-to-date: /home/vedh/workspaces/lawd_ws/install/lawd_description/share/lawd_description/local_setup.sh
-- Up-to-date: /home/vedh/workspaces/lawd_ws/install/lawd_description/share/lawd_description/local_setup.zsh
-- Up-to-date: /home/vedh/workspaces/lawd_ws/install/lawd_description/share/lawd_description/local_setup.dsv
-- Installing: /home/vedh/workspaces/lawd_ws/install/lawd_description/share/lawd_description/package.dsv
-- Up-to-date: /home/vedh/workspaces/lawd_ws/install/lawd_description/share/ament_index/resource_index/packages/lawd_description
-- Up-to-date: /home/vedh/workspaces/lawd_ws/install/lawd_description/share/lawd_description/cmake/lawd_descriptionConfig.cmake
-- Up-to-date: /home/vedh/workspaces/lawd_ws/install/lawd_description/share/lawd_description/cmake/lawd_descriptionConfig-version.cmake
-- Up-to-date: /home/vedh/workspaces/lawd_ws/install/lawd_description/share/lawd_description/package.xml
