[  2%] Built target hyperdog_msgs__cpp
[ 12%] Built target hyperdog_msgs__rosidl_generator_c
[ 12%] Built target ament_cmake_python_copy_lawd_msgs
[ 23%] Built target hyperdog_msgs__rosidl_typesupport_introspection_cpp
[ 34%] Built target hyperdog_msgs__rosidl_typesupport_introspection_c
[ 44%] Built target hyperdog_msgs__rosidl_typesupport_fastrtps_c
[ 55%] Built target hyperdog_msgs__rosidl_typesupport_cpp
[ 65%] Built target hyperdog_msgs__rosidl_typesupport_fastrtps_cpp
[ 76%] Built target hyperdog_msgs__rosidl_typesupport_c
[ 76%] Built target hyperdog_msgs
[ 78%] Built target hyperdog_msgs__py
[ 87%] Built target hyperdog_msgs__rosidl_generator_py
[ 91%] Built target lawd_msgs__rosidl_typesupport_introspection_c__pyext
[ 95%] Built target lawd_msgs__rosidl_typesupport_fastrtps_c__pyext
[100%] Built target lawd_msgs__rosidl_typesupport_c__pyext
running egg_info
writing lawd_msgs.egg-info/PKG-INFO
writing dependency_links to lawd_msgs.egg-info/dependency_links.txt
writing top-level names to lawd_msgs.egg-info/top_level.txt
reading manifest file 'lawd_msgs.egg-info/SOURCES.txt'
writing manifest file 'lawd_msgs.egg-info/SOURCES.txt'
[100%] Built target ament_cmake_python_build_lawd_msgs_egg
-- Install configuration: ""
-- Up-to-date: /home/vedh/workspaces/lawd_ws/install/lawd_msgs/share/ament_index/resource_index/rosidl_interfaces/lawd_msgs
-- Up-to-date: /home/vedh/workspaces/lawd_ws/install/lawd_msgs/include/lawd_msgs/lawd_msgs
-- Up-to-date: /home/vedh/workspaces/lawd_ws/install/lawd_msgs/include/lawd_msgs/lawd_msgs/msg
-- Up-to-date: /home/vedh/workspaces/lawd_ws/install/lawd_msgs/include/lawd_msgs/lawd_msgs/msg/limits.h
-- Up-to-date: /home/vedh/workspaces/lawd_ws/install/lawd_msgs/include/lawd_msgs/lawd_msgs/msg/geometry.h
-- Up-to-date: /home/vedh/workspaces/lawd_ws/install/lawd_msgs/include/lawd_msgs/lawd_msgs/msg/rosidl_generator_c__visibility_control.h
-- Up-to-date: /home/vedh/workspaces/lawd_ws/install/lawd_msgs/include/lawd_msgs/lawd_msgs/msg/joy_ctrl_cmds.h
-- Up-to-date: /home/vedh/workspaces/lawd_ws/install/lawd_msgs/include/lawd_msgs/lawd_msgs/msg/detail
-- Up-to-date: /home/vedh/workspaces/lawd_ws/install/lawd_msgs/include/lawd_msgs/lawd_msgs/msg/detail/limits__functions.h
-- Up-to-date: /home/vedh/workspaces/lawd_ws/install/lawd_msgs/include/lawd_msgs/lawd_msgs/msg/detail/joy_ctrl_cmds__functions.h
-- Up-to-date: /home/vedh/workspaces/lawd_ws/install/lawd_msgs/include/lawd_msgs/lawd_msgs/msg/detail/geometry__struct.h
-- Up-to-date: /home/vedh/workspaces/lawd_ws/install/lawd_msgs/include/lawd_msgs/lawd_msgs/msg/detail/limits__functions.c
-- Up-to-date: /home/vedh/workspaces/lawd_ws/install/lawd_msgs/include/lawd_msgs/lawd_msgs/msg/detail/geometry__functions.c
-- Up-to-date: /home/vedh/workspaces/lawd_ws/install/lawd_msgs/include/lawd_msgs/lawd_msgs/msg/detail/joy_ctrl_cmds__struct.h
-- Up-to-date: /home/vedh/workspaces/lawd_ws/install/lawd_msgs/include/lawd_msgs/lawd_msgs/msg/detail/joy_ctrl_cmds__type_support.h
-- Up-to-date: /home/vedh/workspaces/lawd_ws/install/lawd_msgs/include/lawd_msgs/lawd_msgs/msg/detail/limits__struct.h
-- Up-to-date: /home/vedh/workspaces/lawd_ws/install/lawd_msgs/include/lawd_msgs/lawd_msgs/msg/detail/geometry__functions.h
-- Up-to-date: /home/vedh/workspaces/lawd_ws/install/lawd_msgs/include/lawd_msgs/lawd_msgs/msg/detail/joy_ctrl_cmds__functions.c
-- Up-to-date: /home/vedh/workspaces/lawd_ws/install/lawd_msgs/include/lawd_msgs/lawd_msgs/msg/detail/limits__type_support.h
-- Up-to-date: /home/vedh/workspaces/lawd_ws/install/lawd_msgs/include/lawd_msgs/lawd_msgs/msg/detail/geometry__type_support.h
-- Up-to-date: /home/vedh/workspaces/lawd_ws/install/lawd_msgs/share/lawd_msgs/environment/library_path.sh
-- Up-to-date: /home/vedh/workspaces/lawd_ws/install/lawd_msgs/share/lawd_msgs/environment/library_path.dsv
-- Up-to-date: /home/vedh/workspaces/lawd_ws/install/lawd_msgs/lib/libhyperdog_msgs__rosidl_generator_c.so
-- Up-to-date: /home/vedh/workspaces/lawd_ws/install/lawd_msgs/include/lawd_msgs/lawd_msgs
-- Up-to-date: /home/vedh/workspaces/lawd_ws/install/lawd_msgs/include/lawd_msgs/lawd_msgs/msg
-- Up-to-date: /home/vedh/workspaces/lawd_ws/install/lawd_msgs/include/lawd_msgs/lawd_msgs/msg/rosidl_typesupport_fastrtps_c__visibility_control.h
-- Up-to-date: /home/vedh/workspaces/lawd_ws/install/lawd_msgs/include/lawd_msgs/lawd_msgs/msg/detail
-- Up-to-date: /home/vedh/workspaces/lawd_ws/install/lawd_msgs/include/lawd_msgs/lawd_msgs/msg/detail/limits__rosidl_typesupport_fastrtps_c.h
-- Up-to-date: /home/vedh/workspaces/lawd_ws/install/lawd_msgs/include/lawd_msgs/lawd_msgs/msg/detail/geometry__rosidl_typesupport_fastrtps_c.h
-- Up-to-date: /home/vedh/workspaces/lawd_ws/install/lawd_msgs/include/lawd_msgs/lawd_msgs/msg/detail/joy_ctrl_cmds__rosidl_typesupport_fastrtps_c.h
-- Up-to-date: /home/vedh/workspaces/lawd_ws/install/lawd_msgs/lib/libhyperdog_msgs__rosidl_typesupport_fastrtps_c.so
-- Up-to-date: /home/vedh/workspaces/lawd_ws/install/lawd_msgs/include/lawd_msgs/lawd_msgs
-- Up-to-date: /home/vedh/workspaces/lawd_ws/install/lawd_msgs/include/lawd_msgs/lawd_msgs/msg
-- Up-to-date: /home/vedh/workspaces/lawd_ws/install/lawd_msgs/include/lawd_msgs/lawd_msgs/msg/detail
-- Up-to-date: /home/vedh/workspaces/lawd_ws/install/lawd_msgs/include/lawd_msgs/lawd_msgs/msg/detail/limits__struct.hpp
-- Up-to-date: /home/vedh/workspaces/lawd_ws/install/lawd_msgs/include/lawd_msgs/lawd_msgs/msg/detail/joy_ctrl_cmds__struct.hpp
-- Up-to-date: /home/vedh/workspaces/lawd_ws/install/lawd_msgs/include/lawd_msgs/lawd_msgs/msg/detail/geometry__traits.hpp
-- Up-to-date: /home/vedh/workspaces/lawd_ws/install/lawd_msgs/include/lawd_msgs/lawd_msgs/msg/detail/limits__traits.hpp
-- Up-to-date: /home/vedh/workspaces/lawd_ws/install/lawd_msgs/include/lawd_msgs/lawd_msgs/msg/detail/joy_ctrl_cmds__builder.hpp
-- Up-to-date: /home/vedh/workspaces/lawd_ws/install/lawd_msgs/include/lawd_msgs/lawd_msgs/msg/detail/geometry__builder.hpp
-- Up-to-date: /home/vedh/workspaces/lawd_ws/install/lawd_msgs/include/lawd_msgs/lawd_msgs/msg/detail/geometry__struct.hpp
-- Up-to-date: /home/vedh/workspaces/lawd_ws/install/lawd_msgs/include/lawd_msgs/lawd_msgs/msg/detail/limits__builder.hpp
-- Up-to-date: /home/vedh/workspaces/lawd_ws/install/lawd_msgs/include/lawd_msgs/lawd_msgs/msg/detail/joy_ctrl_cmds__traits.hpp
-- Up-to-date: /home/vedh/workspaces/lawd_ws/install/lawd_msgs/include/lawd_msgs/lawd_msgs/msg/limits.hpp
-- Up-to-date: /home/vedh/workspaces/lawd_ws/install/lawd_msgs/include/lawd_msgs/lawd_msgs/msg/joy_ctrl_cmds.hpp
-- Up-to-date: /home/vedh/workspaces/lawd_ws/install/lawd_msgs/include/lawd_msgs/lawd_msgs/msg/geometry.hpp
-- Up-to-date: /home/vedh/workspaces/lawd_ws/install/lawd_msgs/include/lawd_msgs/lawd_msgs
-- Up-to-date: /home/vedh/workspaces/lawd_ws/install/lawd_msgs/include/lawd_msgs/lawd_msgs/msg
-- Up-to-date: /home/vedh/workspaces/lawd_ws/install/lawd_msgs/include/lawd_msgs/lawd_msgs/msg/detail
-- Up-to-date: /home/vedh/workspaces/lawd_ws/install/lawd_msgs/include/lawd_msgs/lawd_msgs/msg/detail/dds_fastrtps
-- Up-to-date: /home/vedh/workspaces/lawd_ws/install/lawd_msgs/include/lawd_msgs/lawd_msgs/msg/detail/joy_ctrl_cmds__rosidl_typesupport_fastrtps_cpp.hpp
-- Up-to-date: /home/vedh/workspaces/lawd_ws/install/lawd_msgs/include/lawd_msgs/lawd_msgs/msg/detail/limits__rosidl_typesupport_fastrtps_cpp.hpp
-- Up-to-date: /home/vedh/workspaces/lawd_ws/install/lawd_msgs/include/lawd_msgs/lawd_msgs/msg/detail/geometry__rosidl_typesupport_fastrtps_cpp.hpp
-- Up-to-date: /home/vedh/workspaces/lawd_ws/install/lawd_msgs/include/lawd_msgs/lawd_msgs/msg/rosidl_typesupport_fastrtps_cpp__visibility_control.h
-- Up-to-date: /home/vedh/workspaces/lawd_ws/install/lawd_msgs/lib/libhyperdog_msgs__rosidl_typesupport_fastrtps_cpp.so
-- Up-to-date: /home/vedh/workspaces/lawd_ws/install/lawd_msgs/include/lawd_msgs/lawd_msgs
-- Up-to-date: /home/vedh/workspaces/lawd_ws/install/lawd_msgs/include/lawd_msgs/lawd_msgs/msg
-- Up-to-date: /home/vedh/workspaces/lawd_ws/install/lawd_msgs/include/lawd_msgs/lawd_msgs/msg/detail
-- Up-to-date: /home/vedh/workspaces/lawd_ws/install/lawd_msgs/include/lawd_msgs/lawd_msgs/msg/detail/geometry__rosidl_typesupport_introspection_c.h
-- Up-to-date: /home/vedh/workspaces/lawd_ws/install/lawd_msgs/include/lawd_msgs/lawd_msgs/msg/detail/limits__type_support.c
-- Up-to-date: /home/vedh/workspaces/lawd_ws/install/lawd_msgs/include/lawd_msgs/lawd_msgs/msg/detail/limits__rosidl_typesupport_introspection_c.h
-- Up-to-date: /home/vedh/workspaces/lawd_ws/install/lawd_msgs/include/lawd_msgs/lawd_msgs/msg/detail/joy_ctrl_cmds__rosidl_typesupport_introspection_c.h
-- Up-to-date: /home/vedh/workspaces/lawd_ws/install/lawd_msgs/include/lawd_msgs/lawd_msgs/msg/detail/geometry__type_support.c
-- Up-to-date: /home/vedh/workspaces/lawd_ws/install/lawd_msgs/include/lawd_msgs/lawd_msgs/msg/detail/joy_ctrl_cmds__type_support.c
-- Up-to-date: /home/vedh/workspaces/lawd_ws/install/lawd_msgs/include/lawd_msgs/lawd_msgs/msg/rosidl_typesupport_introspection_c__visibility_control.h
-- Up-to-date: /home/vedh/workspaces/lawd_ws/install/lawd_msgs/lib/libhyperdog_msgs__rosidl_typesupport_introspection_c.so
-- Up-to-date: /home/vedh/workspaces/lawd_ws/install/lawd_msgs/lib/libhyperdog_msgs__rosidl_typesupport_c.so
-- Up-to-date: /home/vedh/workspaces/lawd_ws/install/lawd_msgs/include/lawd_msgs/lawd_msgs
-- Up-to-date: /home/vedh/workspaces/lawd_ws/install/lawd_msgs/include/lawd_msgs/lawd_msgs/msg
-- Up-to-date: /home/vedh/workspaces/lawd_ws/install/lawd_msgs/include/lawd_msgs/lawd_msgs/msg/detail
-- Up-to-date: /home/vedh/workspaces/lawd_ws/install/lawd_msgs/include/lawd_msgs/lawd_msgs/msg/detail/geometry__type_support.cpp
-- Up-to-date: /home/vedh/workspaces/lawd_ws/install/lawd_msgs/include/lawd_msgs/lawd_msgs/msg/detail/joy_ctrl_cmds__rosidl_typesupport_introspection_cpp.hpp
-- Up-to-date: /home/vedh/workspaces/lawd_ws/install/lawd_msgs/include/lawd_msgs/lawd_msgs/msg/detail/joy_ctrl_cmds__type_support.cpp
-- Up-to-date: /home/vedh/workspaces/lawd_ws/install/lawd_msgs/include/lawd_msgs/lawd_msgs/msg/detail/limits__type_support.cpp
-- Up-to-date: /home/vedh/workspaces/lawd_ws/install/lawd_msgs/include/lawd_msgs/lawd_msgs/msg/detail/limits__rosidl_typesupport_introspection_cpp.hpp
-- Up-to-date: /home/vedh/workspaces/lawd_ws/install/lawd_msgs/include/lawd_msgs/lawd_msgs/msg/detail/geometry__rosidl_typesupport_introspection_cpp.hpp
-- Up-to-date: /home/vedh/workspaces/lawd_ws/install/lawd_msgs/lib/libhyperdog_msgs__rosidl_typesupport_introspection_cpp.so
-- Up-to-date: /home/vedh/workspaces/lawd_ws/install/lawd_msgs/lib/libhyperdog_msgs__rosidl_typesupport_cpp.so
-- Up-to-date: /home/vedh/workspaces/lawd_ws/install/lawd_msgs/share/lawd_msgs/environment/pythonpath.sh
-- Up-to-date: /home/vedh/workspaces/lawd_ws/install/lawd_msgs/share/lawd_msgs/environment/pythonpath.dsv
-- Up-to-date: /home/vedh/workspaces/lawd_ws/install/lawd_msgs/local/lib/python3.10/dist-packages/lawd_msgs-0.0.0-py3.10.egg-info
-- Installing: /home/vedh/workspaces/lawd_ws/install/lawd_msgs/local/lib/python3.10/dist-packages/lawd_msgs-0.0.0-py3.10.egg-info/top_level.txt
-- Installing: /home/vedh/workspaces/lawd_ws/install/lawd_msgs/local/lib/python3.10/dist-packages/lawd_msgs-0.0.0-py3.10.egg-info/SOURCES.txt
-- Installing: /home/vedh/workspaces/lawd_ws/install/lawd_msgs/local/lib/python3.10/dist-packages/lawd_msgs-0.0.0-py3.10.egg-info/dependency_links.txt
-- Installing: /home/vedh/workspaces/lawd_ws/install/lawd_msgs/local/lib/python3.10/dist-packages/lawd_msgs-0.0.0-py3.10.egg-info/PKG-INFO
-- Up-to-date: /home/vedh/workspaces/lawd_ws/install/lawd_msgs/local/lib/python3.10/dist-packages/lawd_msgs
-- Up-to-date: /home/vedh/workspaces/lawd_ws/install/lawd_msgs/local/lib/python3.10/dist-packages/lawd_msgs/lawd_msgs_s__rosidl_typesupport_c.cpython-310-x86_64-linux-gnu.so
-- Up-to-date: /home/vedh/workspaces/lawd_ws/install/lawd_msgs/local/lib/python3.10/dist-packages/lawd_msgs/__init__.py
-- Up-to-date: /home/vedh/workspaces/lawd_ws/install/lawd_msgs/local/lib/python3.10/dist-packages/lawd_msgs/_lawd_msgs_s.ep.rosidl_typesupport_fastrtps_c.c
-- Up-to-date: /home/vedh/workspaces/lawd_ws/install/lawd_msgs/local/lib/python3.10/dist-packages/lawd_msgs/_lawd_msgs_s.ep.rosidl_typesupport_c.c
-- Up-to-date: /home/vedh/workspaces/lawd_ws/install/lawd_msgs/local/lib/python3.10/dist-packages/lawd_msgs/lawd_msgs_s__rosidl_typesupport_introspection_c.cpython-310-x86_64-linux-gnu.so
-- Up-to-date: /home/vedh/workspaces/lawd_ws/install/lawd_msgs/local/lib/python3.10/dist-packages/lawd_msgs/lawd_msgs_s__rosidl_typesupport_fastrtps_c.cpython-310-x86_64-linux-gnu.so
-- Up-to-date: /home/vedh/workspaces/lawd_ws/install/lawd_msgs/local/lib/python3.10/dist-packages/lawd_msgs/_lawd_msgs_s.ep.rosidl_typesupport_introspection_c.c
-- Up-to-date: /home/vedh/workspaces/lawd_ws/install/lawd_msgs/local/lib/python3.10/dist-packages/lawd_msgs/libhyperdog_msgs__rosidl_generator_py.so
-- Up-to-date: /home/vedh/workspaces/lawd_ws/install/lawd_msgs/local/lib/python3.10/dist-packages/lawd_msgs/msg
-- Up-to-date: /home/vedh/workspaces/lawd_ws/install/lawd_msgs/local/lib/python3.10/dist-packages/lawd_msgs/msg/__init__.py
-- Up-to-date: /home/vedh/workspaces/lawd_ws/install/lawd_msgs/local/lib/python3.10/dist-packages/lawd_msgs/msg/_limits.py
-- Up-to-date: /home/vedh/workspaces/lawd_ws/install/lawd_msgs/local/lib/python3.10/dist-packages/lawd_msgs/msg/_geometry.py
-- Up-to-date: /home/vedh/workspaces/lawd_ws/install/lawd_msgs/local/lib/python3.10/dist-packages/lawd_msgs/msg/_joy_ctrl_cmds_s.c
-- Up-to-date: /home/vedh/workspaces/lawd_ws/install/lawd_msgs/local/lib/python3.10/dist-packages/lawd_msgs/msg/_geometry_s.c
-- Up-to-date: /home/vedh/workspaces/lawd_ws/install/lawd_msgs/local/lib/python3.10/dist-packages/lawd_msgs/msg/_joy_ctrl_cmds.py
-- Up-to-date: /home/vedh/workspaces/lawd_ws/install/lawd_msgs/local/lib/python3.10/dist-packages/lawd_msgs/msg/_limits_s.c
Listing '/home/vedh/workspaces/lawd_ws/install/lawd_msgs/local/lib/python3.10/dist-packages/lawd_msgs'...
Listing '/home/vedh/workspaces/lawd_ws/install/lawd_msgs/local/lib/python3.10/dist-packages/lawd_msgs/msg'...
-- Up-to-date: /home/vedh/workspaces/lawd_ws/install/lawd_msgs/local/lib/python3.10/dist-packages/lawd_msgs/lawd_msgs_s__rosidl_typesupport_fastrtps_c.cpython-310-x86_64-linux-gnu.so
-- Up-to-date: /home/vedh/workspaces/lawd_ws/install/lawd_msgs/local/lib/python3.10/dist-packages/lawd_msgs/lawd_msgs_s__rosidl_typesupport_introspection_c.cpython-310-x86_64-linux-gnu.so
-- Up-to-date: /home/vedh/workspaces/lawd_ws/install/lawd_msgs/local/lib/python3.10/dist-packages/lawd_msgs/lawd_msgs_s__rosidl_typesupport_c.cpython-310-x86_64-linux-gnu.so
-- Up-to-date: /home/vedh/workspaces/lawd_ws/install/lawd_msgs/lib/libhyperdog_msgs__rosidl_generator_py.so
-- Up-to-date: /home/vedh/workspaces/lawd_ws/install/lawd_msgs/share/lawd_msgs/msg/JoyCtrlCmds.idl
-- Up-to-date: /home/vedh/workspaces/lawd_ws/install/lawd_msgs/share/lawd_msgs/msg/Limits.idl
-- Up-to-date: /home/vedh/workspaces/lawd_ws/install/lawd_msgs/share/lawd_msgs/msg/Geometry.idl
-- Up-to-date: /home/vedh/workspaces/lawd_ws/install/lawd_msgs/share/lawd_msgs/msg/JoyCtrlCmds.msg
-- Up-to-date: /home/vedh/workspaces/lawd_ws/install/lawd_msgs/share/lawd_msgs/msg/Limits.msg
-- Up-to-date: /home/vedh/workspaces/lawd_ws/install/lawd_msgs/share/lawd_msgs/msg/Geometry.msg
-- Up-to-date: /home/vedh/workspaces/lawd_ws/install/lawd_msgs/share/ament_index/resource_index/package_run_dependencies/lawd_msgs
-- Up-to-date: /home/vedh/workspaces/lawd_ws/install/lawd_msgs/share/ament_index/resource_index/parent_prefix_path/lawd_msgs
-- Up-to-date: /home/vedh/workspaces/lawd_ws/install/lawd_msgs/share/lawd_msgs/environment/ament_prefix_path.sh
-- Up-to-date: /home/vedh/workspaces/lawd_ws/install/lawd_msgs/share/lawd_msgs/environment/ament_prefix_path.dsv
-- Up-to-date: /home/vedh/workspaces/lawd_ws/install/lawd_msgs/share/lawd_msgs/environment/path.sh
-- Up-to-date: /home/vedh/workspaces/lawd_ws/install/lawd_msgs/share/lawd_msgs/environment/path.dsv
-- Up-to-date: /home/vedh/workspaces/lawd_ws/install/lawd_msgs/share/lawd_msgs/local_setup.bash
-- Up-to-date: /home/vedh/workspaces/lawd_ws/install/lawd_msgs/share/lawd_msgs/local_setup.sh
-- Up-to-date: /home/vedh/workspaces/lawd_ws/install/lawd_msgs/share/lawd_msgs/local_setup.zsh
-- Up-to-date: /home/vedh/workspaces/lawd_ws/install/lawd_msgs/share/lawd_msgs/local_setup.dsv
-- Installing: /home/vedh/workspaces/lawd_ws/install/lawd_msgs/share/lawd_msgs/package.dsv
-- Up-to-date: /home/vedh/workspaces/lawd_ws/install/lawd_msgs/share/ament_index/resource_index/packages/lawd_msgs
-- Up-to-date: /home/vedh/workspaces/lawd_ws/install/lawd_msgs/share/lawd_msgs/cmake/export_hyperdog_msgs__rosidl_generator_cExport.cmake
-- Up-to-date: /home/vedh/workspaces/lawd_ws/install/lawd_msgs/share/lawd_msgs/cmake/export_hyperdog_msgs__rosidl_generator_cExport-noconfig.cmake
-- Up-to-date: /home/vedh/workspaces/lawd_ws/install/lawd_msgs/share/lawd_msgs/cmake/export_hyperdog_msgs__rosidl_typesupport_fastrtps_cExport.cmake
-- Up-to-date: /home/vedh/workspaces/lawd_ws/install/lawd_msgs/share/lawd_msgs/cmake/export_hyperdog_msgs__rosidl_typesupport_fastrtps_cExport-noconfig.cmake
-- Up-to-date: /home/vedh/workspaces/lawd_ws/install/lawd_msgs/share/lawd_msgs/cmake/export_hyperdog_msgs__rosidl_generator_cppExport.cmake
-- Up-to-date: /home/vedh/workspaces/lawd_ws/install/lawd_msgs/share/lawd_msgs/cmake/export_hyperdog_msgs__rosidl_typesupport_fastrtps_cppExport.cmake
-- Up-to-date: /home/vedh/workspaces/lawd_ws/install/lawd_msgs/share/lawd_msgs/cmake/export_hyperdog_msgs__rosidl_typesupport_fastrtps_cppExport-noconfig.cmake
-- Up-to-date: /home/vedh/workspaces/lawd_ws/install/lawd_msgs/share/lawd_msgs/cmake/hyperdog_msgs__rosidl_typesupport_introspection_cExport.cmake
-- Up-to-date: /home/vedh/workspaces/lawd_ws/install/lawd_msgs/share/lawd_msgs/cmake/hyperdog_msgs__rosidl_typesupport_introspection_cExport-noconfig.cmake
-- Up-to-date: /home/vedh/workspaces/lawd_ws/install/lawd_msgs/share/lawd_msgs/cmake/hyperdog_msgs__rosidl_typesupport_cExport.cmake
-- Up-to-date: /home/vedh/workspaces/lawd_ws/install/lawd_msgs/share/lawd_msgs/cmake/hyperdog_msgs__rosidl_typesupport_cExport-noconfig.cmake
-- Up-to-date: /home/vedh/workspaces/lawd_ws/install/lawd_msgs/share/lawd_msgs/cmake/hyperdog_msgs__rosidl_typesupport_introspection_cppExport.cmake
-- Up-to-date: /home/vedh/workspaces/lawd_ws/install/lawd_msgs/share/lawd_msgs/cmake/hyperdog_msgs__rosidl_typesupport_introspection_cppExport-noconfig.cmake
-- Up-to-date: /home/vedh/workspaces/lawd_ws/install/lawd_msgs/share/lawd_msgs/cmake/hyperdog_msgs__rosidl_typesupport_cppExport.cmake
-- Up-to-date: /home/vedh/workspaces/lawd_ws/install/lawd_msgs/share/lawd_msgs/cmake/hyperdog_msgs__rosidl_typesupport_cppExport-noconfig.cmake
-- Up-to-date: /home/vedh/workspaces/lawd_ws/install/lawd_msgs/share/lawd_msgs/cmake/export_hyperdog_msgs__rosidl_generator_pyExport.cmake
-- Up-to-date: /home/vedh/workspaces/lawd_ws/install/lawd_msgs/share/lawd_msgs/cmake/export_hyperdog_msgs__rosidl_generator_pyExport-noconfig.cmake
-- Up-to-date: /home/vedh/workspaces/lawd_ws/install/lawd_msgs/share/lawd_msgs/cmake/rosidl_cmake-extras.cmake
-- Up-to-date: /home/vedh/workspaces/lawd_ws/install/lawd_msgs/share/lawd_msgs/cmake/ament_cmake_export_dependencies-extras.cmake
-- Up-to-date: /home/vedh/workspaces/lawd_ws/install/lawd_msgs/share/lawd_msgs/cmake/ament_cmake_export_include_directories-extras.cmake
-- Up-to-date: /home/vedh/workspaces/lawd_ws/install/lawd_msgs/share/lawd_msgs/cmake/ament_cmake_export_libraries-extras.cmake
-- Up-to-date: /home/vedh/workspaces/lawd_ws/install/lawd_msgs/share/lawd_msgs/cmake/ament_cmake_export_targets-extras.cmake
-- Up-to-date: /home/vedh/workspaces/lawd_ws/install/lawd_msgs/share/lawd_msgs/cmake/rosidl_cmake_export_typesupport_targets-extras.cmake
-- Up-to-date: /home/vedh/workspaces/lawd_ws/install/lawd_msgs/share/lawd_msgs/cmake/rosidl_cmake_export_typesupport_libraries-extras.cmake
-- Up-to-date: /home/vedh/workspaces/lawd_ws/install/lawd_msgs/share/lawd_msgs/cmake/lawd_msgsConfig.cmake
-- Up-to-date: /home/vedh/workspaces/lawd_ws/install/lawd_msgs/share/lawd_msgs/cmake/lawd_msgsConfig-version.cmake
-- Up-to-date: /home/vedh/workspaces/lawd_ws/install/lawd_msgs/share/lawd_msgs/package.xml
